#
# A fatal error has been detected by the Java Runtime Environment:
#
#  SIGSEGV (0xb) at pc=0x0000000000000021, pid=8818, tid=8819
#
# JRE version: OpenJDK Runtime Environment (16.0.2+7) (build 16.0.2+7-67)
# Java VM: OpenJDK 64-Bit Server VM (16.0.2+7-67, mixed mode, sharing, tiered, compressed oops, compressed class ptrs, serial gc, linux-amd64)
# Problematic frame:
# C  0x0000000000000021
#
# No core dump will be written. Core dumps have been disabled. To enable core dumping, try "ulimit -c unlimited" before starting Java again
#
# If you would like to submit a bug report, please visit:
#   https://bugreport.java.com/bugreport/crash.jsp
# The crash happened outside the Java Virtual Machine in native code.
# See problematic frame for where to report the bug.
#

---------------  S U M M A R Y ------------

Command Line: -Djava.library.path=src/main/resources -Dfile.encoding=UTF-8 -Duser.country=AU -Duser.language=en -Duser.variant as2.app.Ivr

Host: Intel(R) Core(TM) i7-8665U CPU @ 1.90GHz, 1 cores, 3G, CentOS Linux release 7.9.2009 (Core)
Time: Tue Oct 12 08:00:27 2021 AEDT elapsed time: 300.177824 seconds (0d 0h 5m 0s)

---------------  T H R E A D  ---------------

Current thread (0x00007fad180226e0):  JavaThread "main" [_thread_in_native, id=8819, stack(0x00007fad20372000,0x00007fad20473000)]

Stack: [0x00007fad20372000,0x00007fad20473000],  sp=0x00007fad20471758,  free space=1021k
Native frames: (J=compiled Java code, A=aot compiled Java code, j=interpreted, Vv=VM code, C=native code)
C  0x0000000000000021

Java frames: (J=compiled Java code, j=interpreted, Vv=VM code)
j  org.pjsip.pjsua2.pjsua2JNI.Endpoint_libDestroy___SWIG_1(JLorg/pjsip/pjsua2/Endpoint;)V+0
j  org.pjsip.pjsua2.Endpoint.libDestroy_()V+5
j  org.pjsip.pjsua2.Endpoint.libDestroy()V+7
j  as2.app.Ivr.main([Ljava/lang/String;)V+197
v  ~StubRoutines::call_stub

siginfo: si_signo: 11 (SIGSEGV), si_code: 1 (SEGV_MAPERR), si_addr: 0x0000000000000021

Register to memory mapping:

RAX=0x00007facf8001490 points into unknown readable memory: 0x3866636166377830 | 30 78 37 66 61 63 66 38
RBX=0x0 is NULL
RCX=0x00007facf8190160 points into unknown readable memory: 0x0000000000000000 | 00 00 00 00 00 00 00 00
RDX=0x00007facf835a600 points into unknown readable memory: 0x00007facf818fdc0 | c0 fd 18 f8 ac 7f 00 00
RSP=0x00007fad20471758 is pointing into the stack for thread: 0x00007fad180226e0
RBP=0x00007fad18133030 points into unknown readable memory: 0x00007fad1c4f1a70 | 70 1a 4f 1c ad 7f 00 00
RSI=0x0 is NULL
RDI=0x00007facf818fdc0 points into unknown readable memory: 0x00007facf8001490 | 90 14 00 f8 ac 7f 00 00
R8 =0x0000000000000001 is an unknown value
R9 =0x0000000000000002 is an unknown value
R10=0x00007fad20471310 is pointing into the stack for thread: 0x00007fad180226e0
R11=0x00007fad015b8d50: _ZN2pj5MediaD1Ev+0x0000000000000000 in /usr/local/lib/libpjsua2.so.2 at 0x00007fad0155f000
R12=0x0 is NULL
R13=0x00007fad1d47b8c8 is pointing into metadata
R14=0x00007fad204718d8 is pointing into the stack for thread: 0x00007fad180226e0
R15=0x00007fad180226e0 is a thread


Registers:
RAX=0x00007facf8001490, RBX=0x0000000000000000, RCX=0x00007facf8190160, RDX=0x00007facf835a600
RSP=0x00007fad20471758, RBP=0x00007fad18133030, RSI=0x0000000000000000, RDI=0x00007facf818fdc0
R8 =0x0000000000000001, R9 =0x0000000000000002, R10=0x00007fad20471310, R11=0x00007fad015b8d50
R12=0x0000000000000000, R13=0x00007fad1d47b8c8, R14=0x00007fad204718d8, R15=0x00007fad180226e0
RIP=0x0000000000000021, EFLAGS=0x0000000000010206, CSGSFS=0x0000000000000033, ERR=0x0000000000000014
  TRAPNO=0x000000000000000e

Top of Stack: (sp=0x00007fad20471758)
0x00007fad20471758:   00007fad01595086 3feffe66a73f719b
0x00007fad20471768:   0000000000000000 3f943b8ec16c0423
0x00007fad20471778:   0000000000000000 00007fad204717d0
0x00007fad20471788:   00007fad1f1bcdb7 0000000000000000 

Instructions: (pc=0x0000000000000021)
0xffffffffffffff21:   


Stack slot to memory mapping:
stack at sp + 0 slots: 0x00007fad01595086: _ZN2pj8Endpoint10libDestroyEj+0x0000000000000056 in /usr/local/lib/libpjsua2.so.2 at 0x00007fad0155f000
stack at sp + 1 slots: 0x3feffe66a73f719b is an unknown value
stack at sp + 2 slots: 0x0 is NULL
stack at sp + 3 slots: 0x3f943b8ec16c0423 is an unknown value
stack at sp + 4 slots: 0x0 is NULL
stack at sp + 5 slots: 0x00007fad204717d0 is pointing into the stack for thread: 0x00007fad180226e0
stack at sp + 6 slots: 0x00007fad1f1bcdb7: <offset 0x0000000000b99db7> in /root/jdk-16.0.2/lib/server/libjvm.so at 0x00007fad1e623000
stack at sp + 7 slots: 0x0 is NULL


---------------  P R O C E S S  ---------------

Threads class SMR info:
_java_thread_list=0x00007facf83597c0, length=13, elements={
0x00007fad180226e0, 0x00007fad18064560, 0x00007fad18065c30, 0x00007fad1806b790,
0x00007fad1806cdb0, 0x00007fad1806e3c0, 0x00007fad1806ffb0, 0x00007fad18071700,
0x00007fad180729a0, 0x00007fad180aee50, 0x00007fad180b3240, 0x00007facf817f190,
0x00007facf8252540
}

Java Threads: ( => current thread )
=>0x00007fad180226e0 JavaThread "main" [_thread_in_native, id=8819, stack(0x00007fad20372000,0x00007fad20473000)]
  0x00007fad18064560 JavaThread "Reference Handler" daemon [_thread_blocked, id=8824, stack(0x00007fad1ceff000,0x00007fad1d000000)]
  0x00007fad18065c30 JavaThread "Finalizer" daemon [_thread_blocked, id=8825, stack(0x00007fad1cdfe000,0x00007fad1ceff000)]
  0x00007fad1806b790 JavaThread "Signal Dispatcher" daemon [_thread_blocked, id=8826, stack(0x00007fad1ccfd000,0x00007fad1cdfe000)]
  0x00007fad1806cdb0 JavaThread "Service Thread" daemon [_thread_blocked, id=8827, stack(0x00007fad1cbfc000,0x00007fad1ccfd000)]
  0x00007fad1806e3c0 JavaThread "Monitor Deflation Thread" daemon [_thread_blocked, id=8828, stack(0x00007fad1cafb000,0x00007fad1cbfc000)]
  0x00007fad1806ffb0 JavaThread "C2 CompilerThread0" daemon [_thread_blocked, id=8829, stack(0x00007fad1c9fa000,0x00007fad1cafb000)]
  0x00007fad18071700 JavaThread "C1 CompilerThread0" daemon [_thread_blocked, id=8830, stack(0x00007fad1c8f9000,0x00007fad1c9fa000)]
  0x00007fad180729a0 JavaThread "Sweeper thread" daemon [_thread_blocked, id=8831, stack(0x00007fad1c7f8000,0x00007fad1c8f9000)]
  0x00007fad180aee50 JavaThread "Notification Thread" daemon [_thread_blocked, id=8832, stack(0x00007fad1c6f7000,0x00007fad1c7f8000)]
  0x00007fad180b3240 JavaThread "Common-Cleaner" daemon [_thread_blocked, id=8834, stack(0x00007fad1c4f4000,0x00007fad1c5f5000)]
  0x00007facf817f190 JavaThread "HttpClient-1-SelectorManager" daemon [_thread_in_native, id=8892, stack(0x00007facdd207000,0x00007facdd308000)]
  0x00007facf8252540 JavaThread "HttpClient-2-SelectorManager" daemon [_thread_in_native, id=9460, stack(0x00007facdd106000,0x00007facdd207000)]

Other Threads:
  0x00007fad180607a0 VMThread "VM Thread" [stack: 0x00007fad1d83c000,0x00007fad1d93c000] [id=8823]
  0x00007fad180b0a20 WatcherThread [stack: 0x00007fad1c5f7000,0x00007fad1c6f7000] [id=8833]

Threads with active compile tasks:

VM state: not at safepoint (normal execution)

VM Mutex/Monitor currently owned by a thread: None

Heap address: 0x00000000c4c00000, size: 948 MB, Compressed Oops mode: 32-bit

CDS archive(s) mapped at: [0x0000000800000000-0x0000000800bc1000-0x0000000800bc1000), size 12324864, SharedBaseAddress: 0x0000000800000000, ArchiveRelocationMode: 0.
Compressed class space mapped at: 0x0000000800c00000-0x0000000840c00000, reserved size: 1073741824
Narrow klass base: 0x0000000800000000, Narrow klass shift: 3, Narrow klass range: 0x100000000

GC Precious Log:
 CPUs: 1 total, 1 available
 Memory: 3789M
 Large Page Support: Disabled
 NUMA Support: Disabled
 Compressed Oops: Enabled (32-bit)
 Heap Min Capacity: 8M
 Heap Initial Capacity: 60M
 Heap Max Capacity: 948M
 Pre-touch: Disabled

Heap:
 def new generation   total 18496K, used 176K [0x00000000c4c00000, 0x00000000c6010000, 0x00000000d8800000)
  eden space 16448K,   1% used [0x00000000c4c00000, 0x00000000c4c2c1a0, 0x00000000c5c10000)
  from space 2048K,   0% used [0x00000000c5c10000, 0x00000000c5c10000, 0x00000000c5e10000)
  to   space 2048K,   0% used [0x00000000c5e10000, 0x00000000c5e10000, 0x00000000c6010000)
 tenured generation   total 40960K, used 4221K [0x00000000d8800000, 0x00000000db000000, 0x0000000100000000)
   the space 40960K,  10% used [0x00000000d8800000, 0x00000000d8c1f4b8, 0x00000000d8c1f600, 0x00000000db000000)
 Metaspace       used 11691K, committed 11904K, reserved 1064960K
  class space    used 1190K, committed 1280K, reserved 1048576K

Card table byte_map: [0x00007fad1db55000,0x00007fad1dd30000] _byte_map_base: 0x00007fad1d52f000

Polling page: 0x00007fad20492000

Metaspace:

Usage:
  Non-class:     10.26 MB used.
      Class:      1.16 MB used.
       Both:     11.42 MB used.

Virtual space:
  Non-class space:       16.00 MB reserved,      10.38 MB ( 65%) committed,  2 nodes.
      Class space:        1.00 GB reserved,       1.25 MB ( <1%) committed,  1 nodes.
              Both:        1.02 GB reserved,      11.62 MB (  1%) committed. 

Chunk freelists:
   Non-Class:  1.44 MB
       Class:  2.69 MB
        Both:  4.13 MB

MaxMetaspaceSize: 17179869184.00 GB
CompressedClassSpaceSize: 1.00 GB
 - commit_granule_bytes: 65536.
 - commit_granule_words: 8192.
 - virtual_space_node_default_size: 1048576.
 - enlarge_chunks_in_place: 1.
 - new_chunks_are_fully_committed: 0.
 - uncommit_free_chunks: 1.
 - use_allocation_guard: 0.
 - handle_deallocations: 1.


Internal statistics:

num_allocs_failed_limit: 0.
num_arena_births: 144.
num_arena_deaths: 0.
num_vsnodes_births: 3.
num_vsnodes_deaths: 0.
num_space_committed: 186.
num_space_uncommitted: 0.
num_chunks_returned_to_freelist: 0.
num_chunks_taken_from_freelist: 393.
num_chunk_merges: 0.
num_chunk_splits: 281.
num_chunks_enlarged: 214.
num_purges: 0.

CodeHeap 'non-profiled nmethods': size=120036Kb used=366Kb max_used=366Kb free=119669Kb
 bounds [0x00007fad092a8000, 0x00007fad09518000, 0x00007fad107e1000]
CodeHeap 'profiled nmethods': size=120032Kb used=1732Kb max_used=1732Kb free=118299Kb
 bounds [0x00007fad01d70000, 0x00007fad01fe0000, 0x00007fad092a8000]
CodeHeap 'non-nmethods': size=5692Kb used=1207Kb max_used=1224Kb free=4484Kb
 bounds [0x00007fad017e1000, 0x00007fad01a51000, 0x00007fad01d70000]
 total_blobs=1615 nmethods=1097 adapters=435
 compilation: enabled
              stopped_count=0, restarted_count=0
 full_count=0

Compilation events (20 events):
Event: 237.048 Thread 0x00007fad18071700 1092       3       sun.nio.ch.SelectorImpl::ensureOpen (16 bytes)
Event: 237.048 Thread 0x00007fad18071700 nmethod 1092 0x00007fad01f19b10 code [0x00007fad01f19cc0, 0x00007fad01f19f40]
Event: 250.383 Thread 0x00007fad18071700 1093   !   3       sun.nio.ch.SelectorImpl::processDeregisterQueue (145 bytes)
Event: 250.384 Thread 0x00007fad18071700 nmethod 1093 0x00007fad01f1a010 code [0x00007fad01f1a2c0, 0x00007fad01f1b4a0]
Event: 255.083 Thread 0x00007fad18071700 1094       3       java.lang.Math::min (12 bytes)
Event: 255.083 Thread 0x00007fad18071700 nmethod 1094 0x00007fad01f1bb90 code [0x00007fad01f1bd20, 0x00007fad01f1be50]
Event: 261.110 Thread 0x00007fad18071700 1095       3       java.util.AbstractMap::isEmpty (13 bytes)
Event: 261.111 Thread 0x00007fad18071700 nmethod 1095 0x00007fad01f1bf10 code [0x00007fad01f1c0c0, 0x00007fad01f1c2e0]
Event: 261.111 Thread 0x00007fad18071700 1096       1       jdk.internal.net.http.ConnectionPool$ExpiryList::purgeMaybeRequired (5 bytes)
Event: 261.111 Thread 0x00007fad18071700 nmethod 1096 0x00007fad09303610 code [0x00007fad093037a0, 0x00007fad09303870]
Event: 262.417 Thread 0x00007fad18071700 1097       3       java.nio.channels.spi.AbstractInterruptibleChannel::blockedOn (10 bytes)
Event: 262.417 Thread 0x00007fad18071700 nmethod 1097 0x00007fad01f1c390 code [0x00007fad01f1c540, 0x00007fad01f1c780]
Event: 262.417 Thread 0x00007fad18071700 1098       3       java.lang.System$2::blockedOn (5 bytes)
Event: 262.417 Thread 0x00007fad18071700 nmethod 1098 0x00007fad01f1c890 code [0x00007fad01f1ca40, 0x00007fad01f1cb80]
Event: 265.420 Thread 0x00007fad18071700 1099       3       jdk.internal.net.http.HttpClientImpl::facade (11 bytes)
Event: 265.421 Thread 0x00007fad18071700 nmethod 1099 0x00007fad01f1cc10 code [0x00007fad01f1cdc0, 0x00007fad01f1d070]
Event: 268.423 Thread 0x00007fad18071700 1100       3       jdk.internal.net.http.HttpClientImpl::isReferenced (24 bytes)
Event: 268.424 Thread 0x00007fad18071700 nmethod 1100 0x00007fad01f1d190 code [0x00007fad01f1d360, 0x00007fad01f1d790]
Event: 268.424 Thread 0x00007fad18071700 1101   !   3       jdk.internal.net.http.HttpClientImpl::purgeTimeoutsAndReturnNextDeadline (326 bytes)
Event: 268.425 Thread 0x00007fad18071700 nmethod 1101 0x00007fad01f1d910 code [0x00007fad01f1dd40, 0x00007fad01f20420]

GC Heap History (6 events):
Event: 15.278 GC heap before
{Heap before GC invocations=0 (full 0):
 def new generation   total 18432K, used 16384K [0x00000000c4c00000, 0x00000000c6000000, 0x00000000d8800000)
  eden space 16384K, 100% used [0x00000000c4c00000, 0x00000000c5c00000, 0x00000000c5c00000)
  from space 2048K,   0% used [0x00000000c5c00000, 0x00000000c5c00000, 0x00000000c5e00000)
  to   space 2048K,   0% used [0x00000000c5e00000, 0x00000000c5e00000, 0x00000000c6000000)
 tenured generation   total 40960K, used 0K [0x00000000d8800000, 0x00000000db000000, 0x0000000100000000)
   the space 40960K,   0% used [0x00000000d8800000, 0x00000000d8800000, 0x00000000d8800200, 0x00000000db000000)
 Metaspace       used 6258K, committed 6464K, reserved 1056768K
  class space    used 601K, committed 704K, reserved 1048576K
}
Event: 15.287 GC heap after
{Heap after GC invocations=1 (full 0):
 def new generation   total 18432K, used 2047K [0x00000000c4c00000, 0x00000000c6000000, 0x00000000d8800000)
  eden space 16384K,   0% used [0x00000000c4c00000, 0x00000000c4c00000, 0x00000000c5c00000)
  from space 2048K,  99% used [0x00000000c5e00000, 0x00000000c5fffff8, 0x00000000c6000000)
  to   space 2048K,   0% used [0x00000000c5c00000, 0x00000000c5c00000, 0x00000000c5e00000)
 tenured generation   total 40960K, used 745K [0x00000000d8800000, 0x00000000db000000, 0x0000000100000000)
   the space 40960K,   1% used [0x00000000d8800000, 0x00000000d88ba6b8, 0x00000000d88ba800, 0x00000000db000000)
 Metaspace       used 6258K, committed 6464K, reserved 1056768K
  class space    used 601K, committed 704K, reserved 1048576K
}
Event: 16.644 GC heap before
{Heap before GC invocations=1 (full 0):
 def new generation   total 18432K, used 18431K [0x00000000c4c00000, 0x00000000c6000000, 0x00000000d8800000)
  eden space 16384K, 100% used [0x00000000c4c00000, 0x00000000c5c00000, 0x00000000c5c00000)
  from space 2048K,  99% used [0x00000000c5e00000, 0x00000000c5fffff8, 0x00000000c6000000)
  to   space 2048K,   0% used [0x00000000c5c00000, 0x00000000c5c00000, 0x00000000c5e00000)
 tenured generation   total 40960K, used 745K [0x00000000d8800000, 0x00000000db000000, 0x0000000100000000)
   the space 40960K,   1% used [0x00000000d8800000, 0x00000000d88ba6b8, 0x00000000d88ba800, 0x00000000db000000)
 Metaspace       used 10653K, committed 10944K, reserved 1064960K
  class space    used 1059K, committed 1216K, reserved 1048576K
}
Event: 16.654 GC heap after
{Heap after GC invocations=2 (full 0):
 def new generation   total 18432K, used 1263K [0x00000000c4c00000, 0x00000000c6000000, 0x00000000d8800000)
  eden space 16384K,   0% used [0x00000000c4c00000, 0x00000000c4c00000, 0x00000000c5c00000)
  from space 2048K,  61% used [0x00000000c5c00000, 0x00000000c5d3bfe8, 0x00000000c5e00000)
  to   space 2048K,   0% used [0x00000000c5e00000, 0x00000000c5e00000, 0x00000000c6000000)
 tenured generation   total 40960K, used 2774K [0x00000000d8800000, 0x00000000db000000, 0x0000000100000000)
   the space 40960K,   6% used [0x00000000d8800000, 0x00000000d8ab5bf0, 0x00000000d8ab5c00, 0x00000000db000000)
 Metaspace       used 10653K, committed 10944K, reserved 1064960K
  class space    used 1059K, committed 1216K, reserved 1048576K
}
Event: 300.157 GC heap before
{Heap before GC invocations=2 (full 0):
 def new generation   total 18432K, used 6263K [0x00000000c4c00000, 0x00000000c6000000, 0x00000000d8800000)
  eden space 16384K,  30% used [0x00000000c4c00000, 0x00000000c50e1c98, 0x00000000c5c00000)
  from space 2048K,  61% used [0x00000000c5c00000, 0x00000000c5d3bfe8, 0x00000000c5e00000)
  to   space 2048K,   0% used [0x00000000c5e00000, 0x00000000c5e00000, 0x00000000c6000000)
 tenured generation   total 40960K, used 2774K [0x00000000d8800000, 0x00000000db000000, 0x0000000100000000)
   the space 40960K,   6% used [0x00000000d8800000, 0x00000000d8ab5bf0, 0x00000000d8ab5c00, 0x00000000db000000)
 Metaspace       used 11691K, committed 11904K, reserved 1064960K
  class space    used 1190K, committed 1280K, reserved 1048576K
}
Event: 300.177 GC heap after
{Heap after GC invocations=3 (full 1):
 def new generation   total 18496K, used 0K [0x00000000c4c00000, 0x00000000c6010000, 0x00000000d8800000)
  eden space 16448K,   0% used [0x00000000c4c00000, 0x00000000c4c00000, 0x00000000c5c10000)
  from space 2048K,   0% used [0x00000000c5c10000, 0x00000000c5c10000, 0x00000000c5e10000)
  to   space 2048K,   0% used [0x00000000c5e10000, 0x00000000c5e10000, 0x00000000c6010000)
 tenured generation   total 40960K, used 4221K [0x00000000d8800000, 0x00000000db000000, 0x0000000100000000)
   the space 40960K,  10% used [0x00000000d8800000, 0x00000000d8c1f4b8, 0x00000000d8c1f600, 0x00000000db000000)
 Metaspace       used 11691K, committed 11904K, reserved 1064960K
  class space    used 1190K, committed 1280K, reserved 1048576K
}

Deoptimization events (20 events):
Event: 15.313 Thread 0x00007facf8161450 DEOPT PACKING pc=0x00007fad01d76d4e sp=0x00007facddb01720
Event: 15.313 Thread 0x00007facf8161450 DEOPT UNPACKING pc=0x00007fad0182e89b sp=0x00007facddb00bb8 mode 0
Event: 15.316 Thread 0x00007facf8161450 DEOPT PACKING pc=0x00007fad01d76d4e sp=0x00007facddb01720
Event: 15.317 Thread 0x00007facf8161450 DEOPT UNPACKING pc=0x00007fad0182e89b sp=0x00007facddb00bb8 mode 0
Event: 15.517 Thread 0x00007facf8161450 DEOPT PACKING pc=0x00007fad01d830ee sp=0x00007facddb01860
Event: 15.517 Thread 0x00007facf8161450 DEOPT UNPACKING pc=0x00007fad0182e89b sp=0x00007facddb00cf8 mode 0
Event: 15.594 Thread 0x00007facf8161450 Uncommon trap: trap_request=0xffffff45 fr.pc=0x00007fad092c3efc relative=0x000000000000005c
Event: 15.594 Thread 0x00007facf8161450 Uncommon trap: reason=unstable_if action=reinterpret pc=0x00007fad092c3efc method=java.lang.String.isLatin1()Z @ 10 c2
Event: 15.594 Thread 0x00007facf8161450 DEOPT PACKING pc=0x00007fad092c3efc sp=0x00007facddb05380
Event: 15.594 Thread 0x00007facf8161450 DEOPT UNPACKING pc=0x00007fad0182e11e sp=0x00007facddb05330 mode 2
Event: 15.594 Thread 0x00007facf8161450 Uncommon trap: trap_request=0xffffff45 fr.pc=0x00007fad092c71e8 relative=0x0000000000000048
Event: 15.594 Thread 0x00007facf8161450 Uncommon trap: reason=unstable_if action=reinterpret pc=0x00007fad092c71e8 method=java.lang.CharacterData.of(I)Ljava/lang/CharacterData; @ 4 c2
Event: 15.594 Thread 0x00007facf8161450 DEOPT PACKING pc=0x00007fad092c71e8 sp=0x00007facddb04ea0
Event: 15.594 Thread 0x00007facf8161450 DEOPT UNPACKING pc=0x00007fad0182e11e sp=0x00007facddb04e60 mode 2
Event: 16.358 Thread 0x00007facf8161450 DEOPT PACKING pc=0x00007fad01e323a8 sp=0x00007facddb009a0
Event: 16.358 Thread 0x00007facf8161450 DEOPT UNPACKING pc=0x00007fad0182e89b sp=0x00007facddaffed8 mode 0
Event: 16.670 Thread 0x00007facf8161450 Uncommon trap: trap_request=0xffffff45 fr.pc=0x00007fad092f1a28 relative=0x0000000000000288
Event: 16.670 Thread 0x00007facf8161450 Uncommon trap: reason=unstable_if action=reinterpret pc=0x00007fad092f1a28 method=java.util.concurrent.ConcurrentHashMap.get(Ljava/lang/Object;)Ljava/lang/Object; @ 152 c2
Event: 16.670 Thread 0x00007facf8161450 DEOPT PACKING pc=0x00007fad092f1a28 sp=0x00007facddb04fe0
Event: 16.671 Thread 0x00007facf8161450 DEOPT UNPACKING pc=0x00007fad0182e11e sp=0x00007facddb04f68 mode 2

Classes unloaded (0 events):
No events

Classes redefined (0 events):
No events

Internal exceptions (20 events):
Event: 14.787 Thread 0x00007facf801f070 Exception <a 'java/lang/NoSuchMethodError'{0x00000000c5141430}: 'int java.lang.invoke.DirectMethodHandle$Holder.invokeStaticInit(java.lang.Object, java.lang.Object, java.lang.Object, java.lang.Object)'> (0x00000000c5141430) 
thrown [open/src/hotspot/share/interpreter/linkResolver.cpp, line 789]
Event: 14.788 Thread 0x00007facf801f070 Exception <a 'java/lang/NoSuchMethodError'{0x00000000c514b488}: 'java.lang.Object java.lang.invoke.DirectMethodHandle$Holder.invokeInterface(java.lang.Object, java.lang.Object)'> (0x00000000c514b488) 
thrown [open/src/hotspot/share/interpreter/linkResolver.cpp, line 789]
Event: 14.789 Thread 0x00007facf801f070 Exception <a 'java/lang/IncompatibleClassChangeError'{0x00000000c514ee80}: Found class java.lang.Object, but interface was expected> (0x00000000c514ee80) 
thrown [open/src/hotspot/share/interpreter/linkResolver.cpp, line 857]
Event: 14.789 Thread 0x00007facf801f070 Exception <a 'java/lang/NoSuchMethodError'{0x00000000c5152178}: 'void java.lang.invoke.DirectMethodHandle$Holder.invokeStatic(java.lang.Object, java.lang.Object)'> (0x00000000c5152178) 
thrown [open/src/hotspot/share/interpreter/linkResolver.cpp, line 789]
Event: 14.790 Thread 0x00007facf801f070 Exception <a 'java/lang/NoSuchMethodError'{0x00000000c5155c98}: 'void java.lang.invoke.DirectMethodHandle$Holder.invokeStaticInit(java.lang.Object, java.lang.Object)'> (0x00000000c5155c98) 
thrown [open/src/hotspot/share/interpreter/linkResolver.cpp, line 789]
Event: 14.920 Thread 0x00007facf801f070 Exception <a 'java/lang/NoSuchMethodError'{0x00000000c535bfb8}: 'java.lang.Object java.lang.invoke.DirectMethodHandle$Holder.invokeStatic(java.lang.Object)'> (0x00000000c535bfb8) 
thrown [open/src/hotspot/share/interpreter/linkResolver.cpp, line 789]
Event: 15.068 Thread 0x00007facf801f070 Exception <a 'java/lang/NoSuchMethodError'{0x00000000c5700160}: 'java.lang.Object java.lang.invoke.DirectMethodHandle$Holder.invokeStaticInit(java.lang.Object)'> (0x00000000c5700160) 
thrown [open/src/hotspot/share/interpreter/linkResolver.cpp, line 789]
Event: 15.246 Thread 0x00007facf801f070 Exception <a 'java/lang/NoSuchMethodError'{0x00000000c579a328}: 'java.lang.Object java.lang.invoke.DirectMethodHandle$Holder.newInvokeSpecial(java.lang.Object, java.lang.Object, java.lang.Object, java.lang.Object, java.lang.Object)'> (0x00000000c579a328) 
thrown [open/src/hotspot/share/interpreter/linkResolver.cpp, line 789]
Event: 16.710 Thread 0x00007facf8161450 Exception <a 'java/lang/NoSuchMethodError'{0x00000000c4c74160}: 'java.lang.Object java.lang.invoke.DirectMethodHandle$Holder.invokeSpecial(java.lang.Object, java.lang.Object, java.lang.Object, java.lang.Object, int)'> (0x00000000c4c74160) 
thrown [open/src/hotspot/share/interpreter/linkResolver.cpp, line 789]
Event: 16.710 Thread 0x00007facf8161450 Exception <a 'java/lang/NoSuchMethodError'{0x00000000c4c77f20}: 'java.lang.Object java.lang.invoke.Invokers$Holder.linkToTargetMethod(java.lang.Object, java.lang.Object, int, java.lang.Object)'> (0x00000000c4c77f20) 
thrown [open/src/hotspot/share/interpreter/linkResolver.cpp, line 789]
Event: 16.795 Thread 0x00007facf8161450 Exception <a 'java/lang/NoSuchMethodError'{0x00000000c4cdbdd0}: 'void java.lang.invoke.DirectMethodHandle$Holder.invokeSpecial(java.lang.Object, java.lang.Object, java.lang.Object, java.lang.Object, java.lang.Object)'> (0x00000000c4cdbdd0) 
thrown [open/src/hotspot/share/interpreter/linkResolver.cpp, line 789]
Event: 16.855 Thread 0x00007facf817f190 Exception <a 'java/lang/NoSuchMethodError'{0x00000000c4d73368}: 'void java.lang.invoke.DirectMethodHandle$Holder.invokeStatic(java.lang.Object, java.lang.Object, int)'> (0x00000000c4d73368) 
thrown [open/src/hotspot/share/interpreter/linkResolver.cpp, line 789]
Event: 16.856 Thread 0x00007facf817f190 Exception <a 'java/net/ConnectException'{0x00000000c4d7c5f0}> (0x00000000c4d7c5f0) 
thrown [open/src/hotspot/share/prims/jni.cpp, line 579]
Event: 16.896 Thread 0x00007facf817f190 Exception <a 'java/net/ConnectException'{0x00000000c4da4590}> (0x00000000c4da4590) 
thrown [open/src/hotspot/share/prims/jni.cpp, line 579]
Event: 20.561 Thread 0x00007facf817f190 Exception <a 'java/net/ConnectException'{0x00000000c4da5088}> (0x00000000c4da5088) 
thrown [open/src/hotspot/share/prims/jni.cpp, line 579]
Event: 20.563 Thread 0x00007facf817f190 Exception <a 'java/net/ConnectException'{0x00000000c4da57e8}> (0x00000000c4da57e8) 
thrown [open/src/hotspot/share/prims/jni.cpp, line 579]
Event: 169.482 Thread 0x00007facf8252540 Exception <a 'java/net/ConnectException'{0x00000000c4fa46b0}> (0x00000000c4fa46b0) 
thrown [open/src/hotspot/share/prims/jni.cpp, line 579]
Event: 169.484 Thread 0x00007facf8252540 Exception <a 'java/net/ConnectException'{0x00000000c4fa50c0}> (0x00000000c4fa50c0) 
thrown [open/src/hotspot/share/prims/jni.cpp, line 579]
Event: 175.233 Thread 0x00007facf8252540 Exception <a 'java/net/ConnectException'{0x00000000c4fa58a0}> (0x00000000c4fa58a0) 
thrown [open/src/hotspot/share/prims/jni.cpp, line 579]
Event: 175.236 Thread 0x00007facf8252540 Exception <a 'java/net/ConnectException'{0x00000000c4fa6000}> (0x00000000c4fa6000) 
thrown [open/src/hotspot/share/prims/jni.cpp, line 579]

Events (20 events):
Event: 173.823 Protecting memory [0x00007facde30c000,0x00007facde310000] with protection modes 0
Event: 173.823 Thread 0x00007fad18176b70 Thread added: 0x00007fad18176b70
Event: 173.823 Thread 0x00007fad18176b70 Thread exited: 0x00007fad18176b70
Event: 174.366 Protecting memory [0x00007facde30c000,0x00007facde310000] with protection modes 0
Event: 174.366 Thread 0x00007fad18176b70 Thread added: 0x00007fad18176b70
Event: 174.367 Thread 0x00007fad18176b70 Thread exited: 0x00007fad18176b70
Event: 174.767 Protecting memory [0x00007facde30c000,0x00007facde310000] with protection modes 0
Event: 174.767 Thread 0x00007fad18176b70 Thread added: 0x00007fad18176b70
Event: 174.768 Thread 0x00007fad18176b70 Thread exited: 0x00007fad18176b70
Event: 175.229 Protecting memory [0x00007facde30c000,0x00007facde310000] with protection modes 0
Event: 175.229 Thread 0x00007fad18176b70 Thread added: 0x00007fad18176b70
Event: 175.237 Thread 0x00007fad18176b70 Thread exited: 0x00007fad18176b70
Event: 235.259 Thread 0x000055ea20262650 Thread exited: 0x000055ea20262650
Event: 294.167 Protecting memory [0x00007facdd30a000,0x00007facdd30e000] with protection modes 0
Event: 294.167 Thread 0x00007facf8358dd0 Thread added: 0x00007facf8358dd0
Event: 294.167 Thread 0x00007facf8358dd0 Thread exited: 0x00007facf8358dd0
Event: 295.054 Executing  VM operation: Cleanup
Event: 295.054 Executing  VM operation: Cleanup done
Event: 300.157 Executing  VM operation: GenCollectFull
Event: 300.177 Executing  VM operation: GenCollectFull done


Dynamic libraries:
c4c00000-c6010000 rw-p 00000000 00:00 0 
c6010000-d8800000 ---p 00000000 00:00 0 
d8800000-db000000 rw-p 00000000 00:00 0 
db000000-100000000 ---p 00000000 00:00 0 
800000000-800003000 rwxp 00001000 fd:00 25330829                         /root/jdk-16.0.2/lib/server/classes.jsa
800003000-800411000 rw-p 00004000 fd:00 25330829                         /root/jdk-16.0.2/lib/server/classes.jsa
800411000-800bc1000 r--p 00412000 fd:00 25330829                         /root/jdk-16.0.2/lib/server/classes.jsa
800bc1000-800c00000 ---p 00000000 00:00 0 
800c00000-800c40000 rw-p 00000000 00:00 0 
800c40000-800cb0000 rw-p 00000000 00:00 0 
800cb0000-800cc0000 ---p 00000000 00:00 0 
800cc0000-800d50000 rw-p 00000000 00:00 0 
800d50000-840c00000 ---p 00000000 00:00 0 
55ea1fd94000-55ea1fd95000 r-xp 00000000 fd:00 9328148                    /root/jdk-16.0.2/bin/java
55ea1fd96000-55ea1fd97000 r--p 00001000 fd:00 9328148                    /root/jdk-16.0.2/bin/java
55ea1fd97000-55ea1fd98000 rw-p 00002000 fd:00 9328148                    /root/jdk-16.0.2/bin/java
55ea1fdfc000-55ea2031a000 rw-p 00000000 00:00 0                          [heap]
7facd8000000-7facd8110000 rw-p 00000000 00:00 0 
7facd8110000-7facdc000000 ---p 00000000 00:00 0 
7facdc800000-7facdca90000 rw-p 00000000 00:00 0 
7facdca90000-7facdd000000 ---p 00000000 00:00 0 
7facdd005000-7facdd009000 ---p 00000000 00:00 0 
7facdd009000-7facdd106000 rw-p 00000000 00:00 0 
7facdd106000-7facdd10a000 ---p 00000000 00:00 0 
7facdd10a000-7facdd207000 rw-p 00000000 00:00 0 
7facdd207000-7facdd20b000 ---p 00000000 00:00 0 
7facdd20b000-7facdd308000 rw-p 00000000 00:00 0 
7facdd308000-7facdd309000 ---p 00000000 00:00 0 
7facdd309000-7facdd30a000 rw-p 00000000 00:00 0 
7facdd30a000-7facdd30e000 ---p 00000000 00:00 0 
7facdd30e000-7facddb09000 rw-p 00000000 00:00 0 
7facddb09000-7facddb0a000 ---p 00000000 00:00 0 
7facddb0a000-7facde30a000 rw-p 00000000 00:00 0 
7facde30a000-7facde30b000 ---p 00000000 00:00 0 
7facde30b000-7facde30c000 rw-p 00000000 00:00 0 
7facde30c000-7facde310000 ---p 00000000 00:00 0 
7facde310000-7facdeb0b000 rw-p 00000000 00:00 0 
7facdeb0b000-7facdeb1a000 r-xp 00000000 fd:00 35267                      /usr/lib64/libbz2.so.1.0.6
7facdeb1a000-7facded19000 ---p 0000f000 fd:00 35267                      /usr/lib64/libbz2.so.1.0.6
7facded19000-7facded1a000 r--p 0000e000 fd:00 35267                      /usr/lib64/libbz2.so.1.0.6
7facded1a000-7facded1b000 rw-p 0000f000 fd:00 35267                      /usr/lib64/libbz2.so.1.0.6
7facded1b000-7facded40000 r-xp 00000000 fd:00 35259                      /usr/lib64/liblzma.so.5.2.2
7facded40000-7facdef3f000 ---p 00025000 fd:00 35259                      /usr/lib64/liblzma.so.5.2.2
7facdef3f000-7facdef40000 r--p 00024000 fd:00 35259                      /usr/lib64/liblzma.so.5.2.2
7facdef40000-7facdef41000 rw-p 00025000 fd:00 35259                      /usr/lib64/liblzma.so.5.2.2
7facdef41000-7facdef58000 r-xp 00000000 fd:00 35296                      /usr/lib64/libelf-0.176.so
7facdef58000-7facdf157000 ---p 00017000 fd:00 35296                      /usr/lib64/libelf-0.176.so
7facdf157000-7facdf158000 r--p 00016000 fd:00 35296                      /usr/lib64/libelf-0.176.so
7facdf158000-7facdf159000 rw-p 00017000 fd:00 35296                      /usr/lib64/libelf-0.176.so
7facdf159000-7facdf15d000 r-xp 00000000 fd:00 35302                      /usr/lib64/libattr.so.1.1.0
7facdf15d000-7facdf35c000 ---p 00004000 fd:00 35302                      /usr/lib64/libattr.so.1.1.0
7facdf35c000-7facdf35d000 r--p 00003000 fd:00 35302                      /usr/lib64/libattr.so.1.1.0
7facdf35d000-7facdf35e000 rw-p 00004000 fd:00 35302                      /usr/lib64/libattr.so.1.1.0
7facdf35e000-7facdf3ac000 r-xp 00000000 fd:00 251082                     /usr/lib64/libdw-0.176.so
7facdf3ac000-7facdf5ac000 ---p 0004e000 fd:00 251082                     /usr/lib64/libdw-0.176.so
7facdf5ac000-7facdf5ae000 r--p 0004e000 fd:00 251082                     /usr/lib64/libdw-0.176.so
7facdf5ae000-7facdf5af000 rw-p 00050000 fd:00 251082                     /usr/lib64/libdw-0.176.so
7facdf5af000-7facdf5b3000 r-xp 00000000 fd:00 35306                      /usr/lib64/libcap.so.2.22
7facdf5b3000-7facdf7b2000 ---p 00004000 fd:00 35306                      /usr/lib64/libcap.so.2.22
7facdf7b2000-7facdf7b3000 r--p 00003000 fd:00 35306                      /usr/lib64/libcap.so.2.22
7facdf7b3000-7facdf7b4000 rw-p 00004000 fd:00 35306                      /usr/lib64/libcap.so.2.22
7facdf7b4000-7facdf7c6000 r-xp 00000000 fd:00 35167                      /usr/lib64/libnss_myhostname.so.2
7facdf7c6000-7facdf9c5000 ---p 00012000 fd:00 35167                      /usr/lib64/libnss_myhostname.so.2
7facdf9c5000-7facdf9c8000 r--p 00011000 fd:00 35167                      /usr/lib64/libnss_myhostname.so.2
7facdf9c8000-7facdf9c9000 rw-p 00014000 fd:00 35167                      /usr/lib64/libnss_myhostname.so.2
7facdf9c9000-7facdf9df000 r-xp 00000000 fd:00 17720                      /usr/lib64/libresolv-2.17.so
7facdf9df000-7facdfbdf000 ---p 00016000 fd:00 17720                      /usr/lib64/libresolv-2.17.so
7facdfbdf000-7facdfbe0000 r--p 00016000 fd:00 17720                      /usr/lib64/libresolv-2.17.so
7facdfbe0000-7facdfbe1000 rw-p 00017000 fd:00 17720                      /usr/lib64/libresolv-2.17.so
7facdfbe1000-7facdfbe3000 rw-p 00000000 00:00 0 
7facdfbe3000-7facdfbe9000 r-xp 00000000 fd:00 2215193                    /usr/lib64/libnss_dns-2.17.so
7facdfbe9000-7facdfde8000 ---p 00006000 fd:00 2215193                    /usr/lib64/libnss_dns-2.17.so
7facdfde8000-7facdfde9000 r--p 00005000 fd:00 2215193                    /usr/lib64/libnss_dns-2.17.so
7facdfde9000-7facdfdea000 rw-p 00006000 fd:00 2215193                    /usr/lib64/libnss_dns-2.17.so
7facdfdea000-7facdfdff000 r-xp 00000000 fd:00 84                         /usr/lib64/libgcc_s-4.8.5-20150702.so.1
7facdfdff000-7facdfffe000 ---p 00015000 fd:00 84                         /usr/lib64/libgcc_s-4.8.5-20150702.so.1
7facdfffe000-7facdffff000 r--p 00014000 fd:00 84                         /usr/lib64/libgcc_s-4.8.5-20150702.so.1
7facdffff000-7face0000000 rw-p 00015000 fd:00 84                         /usr/lib64/libgcc_s-4.8.5-20150702.so.1
7face0000000-7face0021000 rw-p 00000000 00:00 0 
7face0021000-7face4000000 ---p 00000000 00:00 0 
7face4000000-7face4021000 rw-p 00000000 00:00 0 
7face4021000-7face8000000 ---p 00000000 00:00 0 
7face8000000-7face8021000 rw-p 00000000 00:00 0 
7face8021000-7facec000000 ---p 00000000 00:00 0 
7facec081000-7facec179000 r-xp 00000000 fd:00 250858                     /usr/lib64/libasound.so.2.0.0
7facec179000-7facec378000 ---p 000f8000 fd:00 250858                     /usr/lib64/libasound.so.2.0.0
7facec378000-7facec37f000 r--p 000f7000 fd:00 250858                     /usr/lib64/libasound.so.2.0.0
7facec37f000-7facec381000 rw-p 000fe000 fd:00 250858                     /usr/lib64/libasound.so.2.0.0
7facec381000-7facec385000 r-xp 00000000 fd:00 35182                      /usr/lib64/libuuid.so.1.3.0
7facec385000-7facec584000 ---p 00004000 fd:00 35182                      /usr/lib64/libuuid.so.1.3.0
7facec584000-7facec585000 r--p 00003000 fd:00 35182                      /usr/lib64/libuuid.so.1.3.0
7facec585000-7facec586000 rw-p 00004000 fd:00 35182                      /usr/lib64/libuuid.so.1.3.0
7facec586000-7facec5aa000 r-xp 00000000 fd:00 757835                     /usr/local/lib/libpj.so.2
7facec5aa000-7facec7a9000 ---p 00024000 fd:00 757835                     /usr/local/lib/libpj.so.2
7facec7a9000-7facec7aa000 r--p 00023000 fd:00 757835                     /usr/local/lib/libpj.so.2
7facec7aa000-7facec7ab000 rw-p 00024000 fd:00 757835                     /usr/local/lib/libpj.so.2
7facec7ab000-7facec7ac000 rw-p 00000000 00:00 0 
7facec7ac000-7facec7d2000 r-xp 00000000 fd:00 757796                     /usr/local/lib/libwebrtc.so.2
7facec7d2000-7facec9d1000 ---p 00026000 fd:00 757796                     /usr/local/lib/libwebrtc.so.2
7facec9d1000-7facec9d2000 r--p 00025000 fd:00 757796                     /usr/local/lib/libwebrtc.so.2
7facec9d2000-7facec9d3000 rw-p 00026000 fd:00 757796                     /usr/local/lib/libwebrtc.so.2
7facec9d3000-7faceca1a000 r-xp 00000000 fd:00 757734                     /usr/local/lib/libyuv.so.2
7faceca1a000-7facecc1a000 ---p 00047000 fd:00 757734                     /usr/local/lib/libyuv.so.2
7facecc1a000-7facecc1b000 r--p 00047000 fd:00 757734                     /usr/local/lib/libyuv.so.2
7facecc1b000-7facecc1c000 rw-p 00048000 fd:00 757734                     /usr/local/lib/libyuv.so.2
7facecc1c000-7facecc25000 r-xp 00000000 fd:00 757731                     /usr/local/lib/libg7221codec.so.2
7facecc25000-7facece24000 ---p 00009000 fd:00 757731                     /usr/local/lib/libg7221codec.so.2
7facece24000-7facece25000 r--p 00008000 fd:00 757731                     /usr/local/lib/libg7221codec.so.2
7facece25000-7facece2d000 rw-p 00009000 fd:00 757731                     /usr/local/lib/libg7221codec.so.2
7facece2d000-7facece3a000 r-xp 00000000 fd:00 657351                     /usr/local/lib/libilbccodec.so.2
7facece3a000-7faced039000 ---p 0000d000 fd:00 657351                     /usr/local/lib/libilbccodec.so.2
7faced039000-7faced03a000 r--p 0000c000 fd:00 657351                     /usr/local/lib/libilbccodec.so.2
7faced03a000-7faced03c000 rw-p 0000d000 fd:00 657351                     /usr/local/lib/libilbccodec.so.2
7faced03c000-7faced064000 r-xp 00000000 fd:00 657308                     /usr/local/lib/libspeex.so.2
7faced064000-7faced264000 ---p 00028000 fd:00 657308                     /usr/local/lib/libspeex.so.2
7faced264000-7faced265000 r--p 00028000 fd:00 657308                     /usr/local/lib/libspeex.so.2
7faced265000-7faced266000 rw-p 00029000 fd:00 657308                     /usr/local/lib/libspeex.so.2
7faced266000-7faced270000 r-xp 00000000 fd:00 654105                     /usr/local/lib/libgsmcodec.so.2
7faced270000-7faced46f000 ---p 0000a000 fd:00 654105                     /usr/local/lib/libgsmcodec.so.2
7faced46f000-7faced470000 r--p 00009000 fd:00 654105                     /usr/local/lib/libgsmcodec.so.2
7faced470000-7faced471000 rw-p 0000a000 fd:00 654105                     /usr/local/lib/libgsmcodec.so.2
7faced471000-7faced47d000 r-xp 00000000 fd:00 654102                     /usr/local/lib/libresample.so.2
7faced47d000-7faced67c000 ---p 0000c000 fd:00 654102                     /usr/local/lib/libresample.so.2
7faced67c000-7faced67d000 r--p 0000b000 fd:00 654102                     /usr/local/lib/libresample.so.2
7faced67d000-7faced67e000 rw-p 0000c000 fd:00 654102                     /usr/local/lib/libresample.so.2
7faced67e000-7faced694000 r-xp 00000000 fd:00 654099                     /usr/local/lib/libsrtp.so.2
7faced694000-7faced893000 ---p 00016000 fd:00 654099                     /usr/local/lib/libsrtp.so.2
7faced893000-7faced894000 r--p 00015000 fd:00 654099                     /usr/local/lib/libsrtp.so.2
7faced894000-7faced895000 rw-p 00016000 fd:00 654099                     /usr/local/lib/libsrtp.so.2
7faced895000-7faced8bb000 r-xp 00000000 fd:00 757831                     /usr/local/lib/libpjlib-util.so.2
7faced8bb000-7facedabb000 ---p 00026000 fd:00 757831                     /usr/local/lib/libpjlib-util.so.2
7facedabb000-7facedabc000 r--p 00026000 fd:00 757831                     /usr/local/lib/libpjlib-util.so.2
7facedabc000-7facedabd000 rw-p 00027000 fd:00 757831                     /usr/local/lib/libpjlib-util.so.2
7facedabd000-7facf4000000 r--p 00000000 fd:00 25168325                   /usr/lib/locale/locale-archive
7facf4000000-7facf4021000 rw-p 00000000 00:00 0 
7facf4021000-7facf8000000 ---p 00000000 00:00 0 
7facf8000000-7facf8368000 rw-p 00000000 00:00 0 
7facf8368000-7facfc000000 ---p 00000000 00:00 0 
7facfc000000-7facfc021000 rw-p 00000000 00:00 0 
7facfc021000-7fad00000000 ---p 00000000 00:00 0 
7fad0008a000-7fad000b3000 r-xp 00000000 fd:00 757828                     /usr/local/lib/libpjnath.so.2
7fad000b3000-7fad002b2000 ---p 00029000 fd:00 757828                     /usr/local/lib/libpjnath.so.2
7fad002b2000-7fad002b3000 r--p 00028000 fd:00 757828                     /usr/local/lib/libpjnath.so.2
7fad002b3000-7fad002b4000 rw-p 00029000 fd:00 757828                     /usr/local/lib/libpjnath.so.2
7fad002b4000-7fad002ba000 r-xp 00000000 fd:00 757825                     /usr/local/lib/libpjmedia-audiodev.so.2
7fad002ba000-7fad004b9000 ---p 00006000 fd:00 757825                     /usr/local/lib/libpjmedia-audiodev.so.2
7fad004b9000-7fad004ba000 r--p 00005000 fd:00 757825                     /usr/local/lib/libpjmedia-audiodev.so.2
7fad004ba000-7fad004bb000 rw-p 00006000 fd:00 757825                     /usr/local/lib/libpjmedia-audiodev.so.2
7fad004bb000-7fad004bc000 r-xp 00000000 fd:00 757819                     /usr/local/lib/libpjmedia-videodev.so.2
7fad004bc000-7fad006bb000 ---p 00001000 fd:00 757819                     /usr/local/lib/libpjmedia-videodev.so.2
7fad006bb000-7fad006bc000 r--p 00000000 fd:00 757819                     /usr/local/lib/libpjmedia-videodev.so.2
7fad006bc000-7fad006bd000 rw-p 00001000 fd:00 757819                     /usr/local/lib/libpjmedia-videodev.so.2
7fad006bd000-7fad00717000 r-xp 00000000 fd:00 757822                     /usr/local/lib/libpjmedia.so.2
7fad00717000-7fad00916000 ---p 0005a000 fd:00 757822                     /usr/local/lib/libpjmedia.so.2
7fad00916000-7fad00917000 r--p 00059000 fd:00 757822                     /usr/local/lib/libpjmedia.so.2
7fad00917000-7fad00919000 rw-p 0005a000 fd:00 757822                     /usr/local/lib/libpjmedia.so.2
7fad00919000-7fad0091a000 rw-p 00000000 00:00 0 
7fad0091a000-7fad00926000 r-xp 00000000 fd:00 757816                     /usr/local/lib/libpjmedia-codec.so.2
7fad00926000-7fad00b25000 ---p 0000c000 fd:00 757816                     /usr/local/lib/libpjmedia-codec.so.2
7fad00b25000-7fad00b26000 r--p 0000b000 fd:00 757816                     /usr/local/lib/libpjmedia-codec.so.2
7fad00b26000-7fad00b27000 rw-p 0000c000 fd:00 757816                     /usr/local/lib/libpjmedia-codec.so.2
7fad00b27000-7fad00b6b000 r-xp 00000000 fd:00 757813                     /usr/local/lib/libpjsip.so.2
7fad00b6b000-7fad00d6a000 ---p 00044000 fd:00 757813                     /usr/local/lib/libpjsip.so.2
7fad00d6a000-7fad00d6c000 r--p 00043000 fd:00 757813                     /usr/local/lib/libpjsip.so.2
7fad00d6c000-7fad00d6e000 rw-p 00045000 fd:00 757813                     /usr/local/lib/libpjsip.so.2
7fad00d6e000-7fad00d73000 rw-p 00000000 00:00 0 
7fad00d73000-7fad00d8c000 r-xp 00000000 fd:00 757807                     /usr/local/lib/libpjsip-ua.so.2
7fad00d8c000-7fad00f8c000 ---p 00019000 fd:00 757807                     /usr/local/lib/libpjsip-ua.so.2
7fad00f8c000-7fad00f8d000 r--p 00019000 fd:00 757807                     /usr/local/lib/libpjsip-ua.so.2
7fad00f8d000-7fad00f8e000 rw-p 0001a000 fd:00 757807                     /usr/local/lib/libpjsip-ua.so.2
7fad00f8e000-7fad00fd2000 r-xp 00000000 fd:00 757804                     /usr/local/lib/libpjsua.so.2
7fad00fd2000-7fad011d1000 ---p 00044000 fd:00 757804                     /usr/local/lib/libpjsua.so.2
7fad011d1000-7fad011d2000 r--p 00043000 fd:00 757804                     /usr/local/lib/libpjsua.so.2
7fad011d2000-7fad011d4000 rw-p 00044000 fd:00 757804                     /usr/local/lib/libpjsua.so.2
7fad011d4000-7fad01257000 rw-p 00000000 00:00 0 
7fad01257000-7fad01340000 r-xp 00000000 fd:00 35208                      /usr/lib64/libstdc++.so.6.0.19
7fad01340000-7fad01540000 ---p 000e9000 fd:00 35208                      /usr/lib64/libstdc++.so.6.0.19
7fad01540000-7fad01548000 r--p 000e9000 fd:00 35208                      /usr/lib64/libstdc++.so.6.0.19
7fad01548000-7fad0154a000 rw-p 000f1000 fd:00 35208                      /usr/lib64/libstdc++.so.6.0.19
7fad0154a000-7fad0155f000 rw-p 00000000 00:00 0 
7fad0155f000-7fad015dd000 r-xp 00000000 fd:00 757801                     /usr/local/lib/libpjsua2.so.2
7fad015dd000-7fad017dd000 ---p 0007e000 fd:00 757801                     /usr/local/lib/libpjsua2.so.2
7fad017dd000-7fad017df000 r--p 0007e000 fd:00 757801                     /usr/local/lib/libpjsua2.so.2
7fad017df000-7fad017e1000 rw-p 00080000 fd:00 757801                     /usr/local/lib/libpjsua2.so.2
7fad017e1000-7fad01a51000 rwxp 00000000 00:00 0 
7fad01a51000-7fad01d70000 ---p 00000000 00:00 0 
7fad01d70000-7fad01fe0000 rwxp 00000000 00:00 0 
7fad01fe0000-7fad092a8000 ---p 00000000 00:00 0 
7fad092a8000-7fad09518000 rwxp 00000000 00:00 0 
7fad09518000-7fad107e1000 ---p 00000000 00:00 0 
7fad107e1000-7fad18000000 r--s 00000000 fd:00 461541                     /root/jdk-16.0.2/lib/modules
7fad18000000-7fad181b1000 rw-p 00000000 00:00 0 
7fad181b1000-7fad1c000000 ---p 00000000 00:00 0 
7fad1c004000-7fad1c017000 r-xp 00000000 fd:00 757810                     /usr/local/lib/libpjsip-simple.so.2
7fad1c017000-7fad1c217000 ---p 00013000 fd:00 757810                     /usr/local/lib/libpjsip-simple.so.2
7fad1c217000-7fad1c218000 r--p 00013000 fd:00 757810                     /usr/local/lib/libpjsip-simple.so.2
7fad1c218000-7fad1c219000 rw-p 00014000 fd:00 757810                     /usr/local/lib/libpjsip-simple.so.2
7fad1c219000-7fad1c2f1000 r-xp 00000000 fd:00 16797788                   /root/gradle/as2/app/src/main/resources/libpjsua2.so
7fad1c2f1000-7fad1c4f1000 ---p 000d8000 fd:00 16797788                   /root/gradle/as2/app/src/main/resources/libpjsua2.so
7fad1c4f1000-7fad1c4f2000 r--p 000d8000 fd:00 16797788                   /root/gradle/as2/app/src/main/resources/libpjsua2.so
7fad1c4f2000-7fad1c4f4000 rw-p 000d9000 fd:00 16797788                   /root/gradle/as2/app/src/main/resources/libpjsua2.so
7fad1c4f4000-7fad1c4f8000 ---p 00000000 00:00 0 
7fad1c4f8000-7fad1c5f5000 rw-p 00000000 00:00 0 
7fad1c5f5000-7fad1c5f6000 ---p 00000000 00:00 0 
7fad1c5f6000-7fad1c6f7000 rw-p 00000000 00:00 0 
7fad1c6f7000-7fad1c6fb000 ---p 00000000 00:00 0 
7fad1c6fb000-7fad1c7f8000 rw-p 00000000 00:00 0 
7fad1c7f8000-7fad1c7fc000 ---p 00000000 00:00 0 
7fad1c7fc000-7fad1c8f9000 rw-p 00000000 00:00 0 
7fad1c8f9000-7fad1c8fd000 ---p 00000000 00:00 0 
7fad1c8fd000-7fad1c9fa000 rw-p 00000000 00:00 0 
7fad1c9fa000-7fad1c9fe000 ---p 00000000 00:00 0 
7fad1c9fe000-7fad1cafb000 rw-p 00000000 00:00 0 
7fad1cafb000-7fad1caff000 ---p 00000000 00:00 0 
7fad1caff000-7fad1cbfc000 rw-p 00000000 00:00 0 
7fad1cbfc000-7fad1cc00000 ---p 00000000 00:00 0 
7fad1cc00000-7fad1ccfd000 rw-p 00000000 00:00 0 
7fad1ccfd000-7fad1cd01000 ---p 00000000 00:00 0 
7fad1cd01000-7fad1cdfe000 rw-p 00000000 00:00 0 
7fad1cdfe000-7fad1ce02000 ---p 00000000 00:00 0 
7fad1ce02000-7fad1ceff000 rw-p 00000000 00:00 0 
7fad1ceff000-7fad1cf03000 ---p 00000000 00:00 0 
7fad1cf03000-7fad1d400000 rw-p 00000000 00:00 0 
7fad1d400000-7fad1d580000 rw-p 00000000 00:00 0 
7fad1d580000-7fad1d600000 rw-p 00000000 00:00 0 
7fad1d600000-7fad1d700000 rw-p 00000000 00:00 0 
7fad1d700000-7fad1d7d0000 rw-p 00000000 00:00 0 
7fad1d7d0000-7fad1d800000 ---p 00000000 00:00 0 
7fad1d809000-7fad1d83a000 rw-p 00000000 00:00 0 
7fad1d83a000-7fad1d83b000 ---p 00000000 00:00 0 
7fad1d83b000-7fad1da2d000 rw-p 00000000 00:00 0 
7fad1da2d000-7fad1db55000 ---p 00000000 00:00 0 
7fad1db55000-7fad1db60000 rw-p 00000000 00:00 0 
7fad1db60000-7fad1dbf3000 ---p 00000000 00:00 0 
7fad1dbf3000-7fad1dc07000 rw-p 00000000 00:00 0 
7fad1dc07000-7fad1dd2f000 ---p 00000000 00:00 0 
7fad1dd2f000-7fad1dd35000 rw-p 00000000 00:00 0 
7fad1dd35000-7fad1de1b000 ---p 00000000 00:00 0 
7fad1de1b000-7fad1de20000 rw-p 00000000 00:00 0 
7fad1de20000-7fad1df06000 ---p 00000000 00:00 0 
7fad1df06000-7fad1df12000 r-xp 00000000 fd:00 2215195                    /usr/lib64/libnss_files-2.17.so
7fad1df12000-7fad1e111000 ---p 0000c000 fd:00 2215195                    /usr/lib64/libnss_files-2.17.so
7fad1e111000-7fad1e112000 r--p 0000b000 fd:00 2215195                    /usr/lib64/libnss_files-2.17.so
7fad1e112000-7fad1e113000 rw-p 0000c000 fd:00 2215195                    /usr/lib64/libnss_files-2.17.so
7fad1e113000-7fad1e119000 rw-p 00000000 00:00 0 
7fad1e119000-7fad1e120000 r-xp 00000000 fd:00 17723                      /usr/lib64/librt-2.17.so
7fad1e120000-7fad1e31f000 ---p 00007000 fd:00 17723                      /usr/lib64/librt-2.17.so
7fad1e31f000-7fad1e320000 r--p 00006000 fd:00 17723                      /usr/lib64/librt-2.17.so
7fad1e320000-7fad1e321000 rw-p 00007000 fd:00 17723                      /usr/lib64/librt-2.17.so
7fad1e321000-7fad1e422000 r-xp 00000000 fd:00 2215185                    /usr/lib64/libm-2.17.so
7fad1e422000-7fad1e621000 ---p 00101000 fd:00 2215185                    /usr/lib64/libm-2.17.so
7fad1e621000-7fad1e622000 r--p 00100000 fd:00 2215185                    /usr/lib64/libm-2.17.so
7fad1e622000-7fad1e623000 rw-p 00101000 fd:00 2215185                    /usr/lib64/libm-2.17.so
7fad1e623000-7fad1f731000 r-xp 00000000 fd:00 25330832                   /root/jdk-16.0.2/lib/server/libjvm.so
7fad1f731000-7fad1f732000 ---p 0110e000 fd:00 25330832                   /root/jdk-16.0.2/lib/server/libjvm.so
7fad1f732000-7fad1f7e3000 r--p 0110e000 fd:00 25330832                   /root/jdk-16.0.2/lib/server/libjvm.so
7fad1f7e3000-7fad1f816000 rw-p 011bf000 fd:00 25330832                   /root/jdk-16.0.2/lib/server/libjvm.so
7fad1f816000-7fad1f871000 rw-p 00000000 00:00 0 
7fad1f871000-7fad1fa35000 r-xp 00000000 fd:00 2215177                    /usr/lib64/libc-2.17.so
7fad1fa35000-7fad1fc34000 ---p 001c4000 fd:00 2215177                    /usr/lib64/libc-2.17.so
7fad1fc34000-7fad1fc38000 r--p 001c3000 fd:00 2215177                    /usr/lib64/libc-2.17.so
7fad1fc38000-7fad1fc3a000 rw-p 001c7000 fd:00 2215177                    /usr/lib64/libc-2.17.so
7fad1fc3a000-7fad1fc3f000 rw-p 00000000 00:00 0 
7fad1fc3f000-7fad1fc41000 r-xp 00000000 fd:00 2215183                    /usr/lib64/libdl-2.17.so
7fad1fc41000-7fad1fe41000 ---p 00002000 fd:00 2215183                    /usr/lib64/libdl-2.17.so
7fad1fe41000-7fad1fe42000 r--p 00002000 fd:00 2215183                    /usr/lib64/libdl-2.17.so
7fad1fe42000-7fad1fe43000 rw-p 00003000 fd:00 2215183                    /usr/lib64/libdl-2.17.so
7fad1fe43000-7fad1fe5a000 r-xp 00000000 fd:00 17718                      /usr/lib64/libpthread-2.17.so
7fad1fe5a000-7fad20059000 ---p 00017000 fd:00 17718                      /usr/lib64/libpthread-2.17.so
7fad20059000-7fad2005a000 r--p 00016000 fd:00 17718                      /usr/lib64/libpthread-2.17.so
7fad2005a000-7fad2005b000 rw-p 00017000 fd:00 17718                      /usr/lib64/libpthread-2.17.so
7fad2005b000-7fad2005f000 rw-p 00000000 00:00 0 
7fad2005f000-7fad20074000 r-xp 00000000 fd:00 35166                      /usr/lib64/libz.so.1.2.7
7fad20074000-7fad20273000 ---p 00015000 fd:00 35166                      /usr/lib64/libz.so.1.2.7
7fad20273000-7fad20274000 r--p 00014000 fd:00 35166                      /usr/lib64/libz.so.1.2.7
7fad20274000-7fad20275000 rw-p 00015000 fd:00 35166                      /usr/lib64/libz.so.1.2.7
7fad20275000-7fad20297000 r-xp 00000000 fd:00 2215170                    /usr/lib64/ld-2.17.so
7fad2029d000-7fad202a4000 r--s 00000000 fd:00 35142                      /usr/lib64/gconv/gconv-modules.cache
7fad202a4000-7fad202a6000 r-xp 00000000 fd:00 461383                     /root/jdk-16.0.2/lib/libextnet.so
7fad202a6000-7fad202a7000 r--p 00001000 fd:00 461383                     /root/jdk-16.0.2/lib/libextnet.so
7fad202a7000-7fad202a8000 rw-p 00002000 fd:00 461383                     /root/jdk-16.0.2/lib/libextnet.so
7fad202a8000-7fad202af000 r-xp 00000000 fd:00 461538                     /root/jdk-16.0.2/lib/libzip.so
7fad202af000-7fad202b0000 ---p 00007000 fd:00 461538                     /root/jdk-16.0.2/lib/libzip.so
7fad202b0000-7fad202b1000 r--p 00007000 fd:00 461538                     /root/jdk-16.0.2/lib/libzip.so
7fad202b1000-7fad202b2000 rw-p 00008000 fd:00 461538                     /root/jdk-16.0.2/lib/libzip.so
7fad202b2000-7fad202c7000 r-xp 00000000 fd:00 461434                     /root/jdk-16.0.2/lib/libnet.so
7fad202c7000-7fad202c8000 r--p 00014000 fd:00 461434                     /root/jdk-16.0.2/lib/libnet.so
7fad202c8000-7fad202c9000 rw-p 00015000 fd:00 461434                     /root/jdk-16.0.2/lib/libnet.so
7fad202c9000-7fad202dc000 r-xp 00000000 fd:00 461436                     /root/jdk-16.0.2/lib/libnio.so
7fad202dc000-7fad202dd000 r--p 00012000 fd:00 461436                     /root/jdk-16.0.2/lib/libnio.so
7fad202dd000-7fad202de000 rw-p 00013000 fd:00 461436                     /root/jdk-16.0.2/lib/libnio.so
7fad202de000-7fad20324000 rw-p 00000000 00:00 0 
7fad20324000-7fad2032b000 ---p 00000000 00:00 0 
7fad2032b000-7fad2034f000 r-xp 00000000 fd:00 461404                     /root/jdk-16.0.2/lib/libjava.so
7fad2034f000-7fad20350000 ---p 00024000 fd:00 461404                     /root/jdk-16.0.2/lib/libjava.so
7fad20350000-7fad20351000 r--p 00024000 fd:00 461404                     /root/jdk-16.0.2/lib/libjava.so
7fad20351000-7fad20352000 rw-p 00025000 fd:00 461404                     /root/jdk-16.0.2/lib/libjava.so
7fad20352000-7fad20353000 rw-p 00000000 00:00 0 
7fad20353000-7fad2036e000 r-xp 00000000 fd:00 461414                     /root/jdk-16.0.2/lib/libjimage.so
7fad2036e000-7fad2036f000 ---p 0001b000 fd:00 461414                     /root/jdk-16.0.2/lib/libjimage.so
7fad2036f000-7fad20371000 r--p 0001b000 fd:00 461414                     /root/jdk-16.0.2/lib/libjimage.so
7fad20371000-7fad20372000 rw-p 0001d000 fd:00 461414                     /root/jdk-16.0.2/lib/libjimage.so
7fad20372000-7fad20376000 ---p 00000000 00:00 0 
7fad20376000-7fad20477000 rw-p 00000000 00:00 0 
7fad20477000-7fad20486000 r-xp 00000000 fd:00 461416                     /root/jdk-16.0.2/lib/libjli.so
7fad20486000-7fad20487000 r--p 0000e000 fd:00 461416                     /root/jdk-16.0.2/lib/libjli.so
7fad20487000-7fad20488000 rw-p 0000f000 fd:00 461416                     /root/jdk-16.0.2/lib/libjli.so
7fad20488000-7fad2048a000 rw-p 00000000 00:00 0 
7fad2048a000-7fad20492000 rw-s 00000000 fd:00 18334635                   /tmp/hsperfdata_root/8818
7fad20492000-7fad20493000 ---p 00000000 00:00 0 
7fad20493000-7fad20494000 r--p 00000000 00:00 0 
7fad20494000-7fad20495000 ---p 00000000 00:00 0 
7fad20495000-7fad20496000 rw-p 00000000 00:00 0 
7fad20496000-7fad20497000 r--p 00021000 fd:00 2215170                    /usr/lib64/ld-2.17.so
7fad20497000-7fad20498000 rw-p 00022000 fd:00 2215170                    /usr/lib64/ld-2.17.so
7fad20498000-7fad20499000 rw-p 00000000 00:00 0 
7ffe1799d000-7ffe179be000 rw-p 00000000 00:00 0                          [stack]
7ffe179f2000-7ffe179f4000 r-xp 00000000 00:00 0                          [vdso]
ffffffffff600000-ffffffffff601000 r-xp 00000000 00:00 0                  [vsyscall]


VM Arguments:
jvm_args: -Djava.library.path=src/main/resources -Dfile.encoding=UTF-8 -Duser.country=AU -Duser.language=en -Duser.variant 
java_command: as2.app.Ivr
java_class_path (initial): /root/gradle/as2/app/build/classes/java/main:/root/gradle/as2/app/build/resources/main:/root/gradle/as2/utilities/build/libs/utilities.jar:/root/gradle/as2/list/build/libs/list.jar:/root/.gradle/caches/modules-2/files-2.1/org.apache.commons/commons-text/1.9/ba6ac8c2807490944a0a27f6f8e68fb5ed2e80e2/commons-text-1.9.jar:/root/.gradle/caches/modules-2/files-2.1/com.google.code.gson/gson/2.8.8/431fc3cbc0ff81abdbfde070062741089c3ba874/gson-2.8.8.jar:/root/.gradle/caches/modules-2/files-2.1/com.auth0/java-jwt/3.18.2/89c1da37cd738d9c3c7176fbf1e291ff2a8b988/java-jwt-3.18.2.jar:/root/.gradle/caches/modules-2/files-2.1/org.apache.commons/commons-lang3/3.11/68e9a6adf7cf8eb7e9d31bbc554c7c75eeaac568/commons-lang3-3.11.jar:/root/.gradle/caches/modules-2/files-2.1/com.fasterxml.jackson.core/jackson-databind/2.11.0/8f5aaf3878b0647ff3a16610af53b1a5c05d9f15/jackson-databind-2.11.0.jar:/root/.gradle/caches/modules-2/files-2.1/com.fasterxml.jackson.core/jackson-annotations/2.11.0/c626020ae55d19c690d25cb51c1532ba76e5890f/jackson-annotations-2.11.0.jar:/root/.gradle/caches/modules-2/files-2.1/com.fasterxml.jackson.core/jackson-core/2.11.0/f84302e14648f9f63c0c73951054aeb2ff0b810a/jackson-core-2.11.0.jar
Launcher Type: SUN_STANDARD

[Global flags]
     intx CICompilerCount                          = 2                                         {product} {ergonomic}
   size_t InitialHeapSize                          = 62914560                                  {product} {ergonomic}
   size_t MaxHeapSize                              = 994050048                                 {product} {ergonomic}
   size_t MaxNewSize                               = 331350016                                 {product} {ergonomic}
   size_t MinHeapDeltaBytes                        = 196608                                    {product} {ergonomic}
   size_t MinHeapSize                              = 8388608                                   {product} {ergonomic}
   size_t NewSize                                  = 20971520                                  {product} {ergonomic}
    uintx NonNMethodCodeHeapSize                   = 5826188                                {pd product} {ergonomic}
    uintx NonProfiledCodeHeapSize                  = 122916026                              {pd product} {ergonomic}
   size_t OldSize                                  = 41943040                                  {product} {ergonomic}
    uintx ProfiledCodeHeapSize                     = 122916026                              {pd product} {ergonomic}
    uintx ReservedCodeCacheSize                    = 251658240                              {pd product} {ergonomic}
     bool SegmentedCodeCache                       = true                                      {product} {ergonomic}
   size_t SoftMaxHeapSize                          = 994050048                              {manageable} {ergonomic}
     bool UseCompressedClassPointers               = true                           {product lp64_product} {ergonomic}
     bool UseCompressedOops                        = true                           {product lp64_product} {ergonomic}
     bool UseSerialGC                              = true                                      {product} {ergonomic}

Logging:
Log output configuration:
 #0: stdout all=warning uptime,level,tags
 #1: stderr all=off uptime,level,tags

Environment Variables:
JAVA_HOME=/root/jdk-16.0.2
PATH=/opt/gradle/gradle-7.2/bin:/bin:/usr/local/sbin:/usr/local/bin:/sbin:/bin:/usr/sbin:/usr/bin:/root/bin:/root/bin:/root/bin
SHELL=/bin/bash
LANG=en_AU.UTF-8

Signal Handlers:
SIGSEGV: [libjvm.so+0xdfeb90], sa_mask[0]=11100100010111111101111111111110, sa_flags=SA_RESTART|SA_SIGINFO
SIGBUS: [libjvm.so+0xdfeb90], sa_mask[0]=11100100010111111101111111111110, sa_flags=SA_RESTART|SA_SIGINFO
SIGFPE: [libjvm.so+0xdfeb90], sa_mask[0]=11100100010111111101111111111110, sa_flags=SA_RESTART|SA_SIGINFO
SIGPIPE: [libjvm.so+0xca84d0], sa_mask[0]=11100100010111111101111111111110, sa_flags=SA_RESTART|SA_SIGINFO
SIGXFSZ: [libjvm.so+0xca84d0], sa_mask[0]=11100100010111111101111111111110, sa_flags=SA_RESTART|SA_SIGINFO
SIGILL: [libjvm.so+0xdfeb90], sa_mask[0]=11100100010111111101111111111110, sa_flags=SA_RESTART|SA_SIGINFO
SIGUSR2: [libjvm.so+0xca7bc0], sa_mask[0]=00100000000000000000000000000000, sa_flags=SA_RESTART|SA_SIGINFO
SIGHUP: [libjvm.so+0xca7af0], sa_mask[0]=11100100010111111101111111111110, sa_flags=SA_RESTART|SA_SIGINFO
SIGINT: [libjvm.so+0xca7af0], sa_mask[0]=11100100010111111101111111111110, sa_flags=SA_RESTART|SA_SIGINFO
SIGTERM: [libjvm.so+0xca7af0], sa_mask[0]=11100100010111111101111111111110, sa_flags=SA_RESTART|SA_SIGINFO
SIGQUIT: [libjvm.so+0xca7af0], sa_mask[0]=11100100010111111101111111111110, sa_flags=SA_RESTART|SA_SIGINFO
SIGTRAP: [libjvm.so+0xdfeb90], sa_mask[0]=11100100010111111101111111111110, sa_flags=SA_RESTART|SA_SIGINFO


---------------  S Y S T E M  ---------------

OS:
CentOS Linux release 7.9.2009 (Core)
uname: Linux 3.10.0-1160.41.1.el7.x86_64 #1 SMP Tue Aug 31 14:52:47 UTC 2021 x86_64
OS uptime: 1 days 19:14 hours
libc: glibc 2.17 NPTL 2.17 
rlimit (soft/hard): STACK 8192k/infinity , CORE 0k/infinity , NPROC 15065/15065 , NOFILE 4096/4096 , AS infinity/infinity , CPU infinity/infinity , DATA infinity/infinity , FSIZE infinity/infinity , MEMLOCK 64k/64k
load average: 1.53 1.25 1.02

/proc/meminfo:
MemTotal:        3880392 kB
MemFree:         2289536 kB
MemAvailable:    2934548 kB
Buffers:            2132 kB
Cached:           873000 kB
SwapCached:            0 kB
Active:          1154332 kB
Inactive:         272432 kB
Active(anon):     555496 kB
Inactive(anon):    45852 kB
Active(file):     598836 kB
Inactive(file):   226580 kB
Unevictable:           0 kB
Mlocked:               0 kB
SwapTotal:       1658876 kB
SwapFree:        1658876 kB
Dirty:               184 kB
Writeback:             0 kB
AnonPages:        549624 kB
Mapped:            57620 kB
Shmem:             49692 kB
Slab:              59812 kB
SReclaimable:      44580 kB
SUnreclaim:        15232 kB
KernelStack:        3184 kB
PageTables:         5864 kB
NFS_Unstable:          0 kB
Bounce:                0 kB
WritebackTmp:          0 kB
CommitLimit:     3599072 kB
Committed_AS:    1075984 kB
VmallocTotal:   34359738367 kB
VmallocUsed:       32844 kB
VmallocChunk:   34359699624 kB
Percpu:              176 kB
HardwareCorrupted:     0 kB
AnonHugePages:    395264 kB
CmaTotal:              0 kB
CmaFree:               0 kB
HugePages_Total:       0
HugePages_Free:        0
HugePages_Rsvd:        0
HugePages_Surp:        0
Hugepagesize:       2048 kB
DirectMap4k:       57280 kB
DirectMap2M:     4136960 kB

/sys/kernel/mm/transparent_hugepage/enabled: [always] madvise never
/sys/kernel/mm/transparent_hugepage/defrag (defrag/compaction efforts parameter): [always] madvise never

Process Memory:
Virtual Size: 3212012K (peak: 3214228K)
Resident Set Size: 86860K (peak: 86860K) (anon: 62292K, file: 24568K, shmem: 0K)
Swapped out: 0K
C-Heap outstanding allocations: 6085K

/proc/sys/kernel/threads-max (system-wide limit on the number of threads): 30130
/proc/sys/vm/max_map_count (maximum number of memory map areas a process may have): 65530
/proc/sys/kernel/pid_max (system-wide limit on number of process identifiers): 32768

container (cgroup) information:
container_type: cgroupv1
cpu_cpuset_cpus: 0
cpu_memory_nodes: 0
active_processor_count: 1
cpu_quota: no quota
cpu_period: 100000
cpu_shares: no shares
memory_limit_in_bytes: unlimited
memory_and_swap_limit_in_bytes: unlimited
memory_soft_limit_in_bytes: unlimited
memory_usage_in_bytes: 1461035008
memory_max_usage_in_bytes: unlimited

KVM virtualization detected
Steal ticks since vm start: 0
Steal ticks percentage since vm start:  0.000

CPU: total 1 (initial active 1) (1 cores per cpu, 1 threads per core) family 6 model 142 stepping 12 microcode 0xffffffff, cx8, cmov, fxsr, mmx, sse, sse2, sse3, ssse3, sse4.1, sse4.2, tsc, tscinvbit, clflush, hv
CPU Model and flags from /proc/cpuinfo:
model name	: Intel(R) Core(TM) i7-8665U CPU @ 1.90GHz
flags		: fpu vme de pse tsc msr pae mce cx8 apic sep mtrr pge mca cmov pat pse36 clflush mmx fxsr sse sse2 ht syscall nx rdtscp lm constant_tsc rep_good nopl xtopology nonstop_tsc eagerfpu pni ssse3 pcid sse4_1 sse4_2 hypervisor lahf_lm invpcid_single ibrs_enhanced fsgsbase invpcid md_clear flush_l1d arch_capabilities

Online cpus: 0
Offline cpus: 
BIOS frequency limitation: <Not Available>
Frequency switch latency (ns): <Not Available>
Available cpu frequencies: <Not Available>
Current governor: <Not Available>
Core performance/turbo boost: <Not Available>

Memory: 4k page, physical 3880392k(2289536k free), swap 1658876k(1658876k free)

vm_info: OpenJDK 64-Bit Server VM (16.0.2+7-67) for linux-amd64 JRE (16.0.2+7-67), built on Jun  8 2021 22:13:23 by "mach5one" with gcc 10.2.0

END.
