#
# A fatal error has been detected by the Java Runtime Environment:
#
#  SIGSEGV (0xb) at pc=0x00007f6740001d80, pid=2409, tid=2410
#
# JRE version: OpenJDK Runtime Environment (16.0.2+7) (build 16.0.2+7-67)
# Java VM: OpenJDK 64-Bit Server VM (16.0.2+7-67, mixed mode, sharing, tiered, compressed oops, compressed class ptrs, serial gc, linux-amd64)
# Problematic frame:
# C  0x00007f6740001d80
#
# No core dump will be written. Core dumps have been disabled. To enable core dumping, try "ulimit -c unlimited" before starting Java again
#
# If you would like to submit a bug report, please visit:
#   https://bugreport.java.com/bugreport/crash.jsp
# The crash happened outside the Java Virtual Machine in native code.
# See problematic frame for where to report the bug.
#

---------------  S U M M A R Y ------------

Command Line: -Djava.library.path=src/main/resources -Dfile.encoding=UTF-8 -Duser.country=AU -Duser.language=en -Duser.variant as2.app.Caller

Host: Intel(R) Core(TM) i7-8665U CPU @ 1.90GHz, 1 cores, 3G, CentOS Linux release 7.9.2009 (Core)
Time: Thu Oct 14 11:19:54 2021 AEDT elapsed time: 11.471487 seconds (0d 0h 0m 11s)

---------------  T H R E A D  ---------------

Current thread (0x00007f6760022700):  JavaThread "main" [_thread_in_native, id=2410, stack(0x00007f6767f65000,0x00007f6768066000)]

Stack: [0x00007f6767f65000,0x00007f6768066000],  sp=0x00007f6768064728,  free space=1021k
Native frames: (J=compiled Java code, A=aot compiled Java code, j=interpreted, Vv=VM code, C=native code)
C  0x00007f6740001d80

Java frames: (J=compiled Java code, j=interpreted, Vv=VM code)
j  org.pjsip.pjsua2.pjsua2JNI.Endpoint_libDestroy___SWIG_1(JLorg/pjsip/pjsua2/Endpoint;)V+0
j  org.pjsip.pjsua2.Endpoint.libDestroy_()V+5
j  org.pjsip.pjsua2.Endpoint.libDestroy()V+7
j  as2.app.Caller.close()V+11
j  as2.app.Caller.main([Ljava/lang/String;)V+61
v  ~StubRoutines::call_stub

siginfo: si_signo: 11 (SIGSEGV), si_code: 2 (SEGV_ACCERR), si_addr: 0x00007f6740001d80

Register to memory mapping:

RAX=0x00007f6740000078 points into unknown readable memory: 0x00007f6740028810 | 10 88 02 40 67 7f 00 00
RBX=0x0 is NULL
RCX=0x00007f674001b530 points into unknown readable memory: 0x0000000000000000 | 00 00 00 00 00 00 00 00
RDX=0x00007f67400008c0 points into unknown readable memory: 0x00007f674001b540 | 40 b5 01 40 67 7f 00 00
RSP=0x00007f6768064728 is pointing into the stack for thread: 0x00007f6760022700
RBP=0x00007f67601344a0 points into unknown readable memory: 0x00007f67497dea70 | 70 ea 7d 49 67 7f 00 00
RSI=0x0 is NULL
RDI=0x00007f674001b540 points into unknown readable memory: 0x00007f6740000418 | 18 04 00 40 67 7f 00 00
R8 =0x0000000000000001 is an unknown value
R9 =0x0000000000000002 is an unknown value
R10=0x00007f67680642e0 is pointing into the stack for thread: 0x00007f6760022700
R11=0x00007f67492ddd50: _ZN2pj5MediaD1Ev+0x0000000000000000 in /usr/local/lib/libpjsua2.so.2 at 0x00007f6749284000
R12=0x0 is NULL
R13=0x00007f676507d888 is pointing into metadata
R14=0x00007f67680648a8 is pointing into the stack for thread: 0x00007f6760022700
R15=0x00007f6760022700 is a thread


Registers:
RAX=0x00007f6740000078, RBX=0x0000000000000000, RCX=0x00007f674001b530, RDX=0x00007f67400008c0
RSP=0x00007f6768064728, RBP=0x00007f67601344a0, RSI=0x0000000000000000, RDI=0x00007f674001b540
R8 =0x0000000000000001, R9 =0x0000000000000002, R10=0x00007f67680642e0, R11=0x00007f67492ddd50
R12=0x0000000000000000, R13=0x00007f676507d888, R14=0x00007f67680648a8, R15=0x00007f6760022700
RIP=0x00007f6740001d80, EFLAGS=0x0000000000010202, CSGSFS=0x0000000000000033, ERR=0x0000000000000015
  TRAPNO=0x000000000000000e

Top of Stack: (sp=0x00007f6768064728)
0x00007f6768064728:   00007f67492ba086 3febb151d7509530
0x00007f6768064738:   0000000000000000 3f4fa6a6ef75758b
0x00007f6768064748:   0000000000000000 00007f67680647a0
0x00007f6768064758:   00007f6766dafdb7 0000000000000000 

Instructions: (pc=0x00007f6740001d80)
0x00007f6740001c80:   00 00 00 00 00 00 00 00 00 00 00 00 00 00 00 00
0x00007f6740001c90:   b0 bc 01 40 67 7f 00 00 00 00 00 40 67 7f 00 00
0x00007f6740001ca0:   00 00 00 00 00 00 00 00 00 00 00 00 00 00 00 00
0x00007f6740001cb0:   00 00 00 00 00 00 00 00 00 00 00 00 00 00 00 00
0x00007f6740001cc0:   00 00 00 00 00 00 00 00 00 00 00 00 00 00 00 00
0x00007f6740001cd0:   00 00 00 00 00 00 00 00 00 00 00 00 00 00 00 00
0x00007f6740001ce0:   00 00 00 00 00 00 00 00 00 00 00 00 00 00 00 00
0x00007f6740001cf0:   00 00 00 00 00 00 00 00 65 61 64 5f 6c 6f 63 6b
0x00007f6740001d00:   00 00 00 00 00 00 00 00 00 00 00 00 00 00 00 00
0x00007f6740001d10:   00 00 00 00 00 00 00 00 00 00 00 00 00 00 00 00
0x00007f6740001d20:   00 00 00 00 00 00 00 00 00 00 00 00 00 00 00 00
0x00007f6740001d30:   00 00 00 00 00 00 00 00 00 00 00 00 00 00 00 00
0x00007f6740001d40:   d8 00 00 40 67 7f 00 00 00 00 00 40 67 7f 00 00
0x00007f6740001d50:   60 5c 06 60 67 7f 00 00 51 00 00 00 00 00 00 00
0x00007f6740001d60:   b8 00 00 40 67 7f 00 00 b8 00 00 40 67 7f 00 00
0x00007f6740001d70:   10 1e 00 40 67 7f 00 00 00 00 00 00 00 00 00 00
0x00007f6740001d80:   f0 29 07 60 67 7f 00 00 21 00 00 00 00 00 00 00
0x00007f6740001d90:   00 be 01 40 67 7f 00 00 88 00 00 40 67 7f 00 00
0x00007f6740001da0:   00 02 00 00 00 00 00 00 24 00 00 00 00 00 00 00
0x00007f6740001db0:   10 97 00 40 67 7f 00 00 90 50 02 40 67 7f 00 00
0x00007f6740001dc0:   04 00 00 00 00 00 00 00 b1 00 00 00 00 00 00 00
0x00007f6740001dd0:   18 01 00 40 67 7f 00 00 18 01 00 40 67 7f 00 00
0x00007f6740001de0:   e0 91 00 40 67 7f 00 00 f0 91 00 40 67 7f 00 00
0x00007f6740001df0:   c8 92 00 40 67 7f 00 00 d8 00 00 00 00 00 00 00
0x00007f6740001e00:   00 00 00 00 00 00 00 00 71 00 00 00 00 00 00 00
0x00007f6740001e10:   d8 00 00 40 67 7f 00 00 d8 00 00 40 67 7f 00 00
0x00007f6740001e20:   60 5c 06 60 67 7f 00 00 e0 b7 06 60 67 7f 00 00
0x00007f6740001e30:   00 ce 06 60 67 7f 00 00 10 e4 06 60 67 7f 00 00
0x00007f6740001e40:   00 00 07 60 67 7f 00 00 50 17 07 60 67 7f 00 00
0x00007f6740001e50:   f0 29 07 60 67 7f 00 00 80 ee 0a 60 67 7f 00 00
0x00007f6740001e60:   70 32 0b 60 67 7f 00 00 20 88 02 40 67 7f 00 00
0x00007f6740001e70:   b0 00 00 00 00 00 00 00 34 00 00 00 00 00 00 00 


Stack slot to memory mapping:
stack at sp + 0 slots: 0x00007f67492ba086: _ZN2pj8Endpoint10libDestroyEj+0x0000000000000056 in /usr/local/lib/libpjsua2.so.2 at 0x00007f6749284000
stack at sp + 1 slots: 0x3febb151d7509530 is an unknown value
stack at sp + 2 slots: 0x0 is NULL
stack at sp + 3 slots: 0x3f4fa6a6ef75758b is an unknown value
stack at sp + 4 slots: 0x0 is NULL
stack at sp + 5 slots: 0x00007f67680647a0 is pointing into the stack for thread: 0x00007f6760022700
stack at sp + 6 slots: 0x00007f6766dafdb7: <offset 0x0000000000b99db7> in /root/jdk-16.0.2/lib/server/libjvm.so at 0x00007f6766216000
stack at sp + 7 slots: 0x0 is NULL


---------------  P R O C E S S  ---------------

Threads class SMR info:
_java_thread_list=0x00007f6740024f60, length=11, elements={
0x00007f6760022700, 0x00007f6760064590, 0x00007f6760065c60, 0x00007f676006b7e0,
0x00007f676006ce00, 0x00007f676006e410, 0x00007f6760070000, 0x00007f6760071750,
0x00007f67600729f0, 0x00007f67600aee80, 0x00007f67600b3270
}

Java Threads: ( => current thread )
=>0x00007f6760022700 JavaThread "main" [_thread_in_native, id=2410, stack(0x00007f6767f65000,0x00007f6768066000)]
  0x00007f6760064590 JavaThread "Reference Handler" daemon [_thread_blocked, id=2412, stack(0x00007f6764aff000,0x00007f6764c00000)]
  0x00007f6760065c60 JavaThread "Finalizer" daemon [_thread_blocked, id=2413, stack(0x00007f67649fe000,0x00007f6764aff000)]
  0x00007f676006b7e0 JavaThread "Signal Dispatcher" daemon [_thread_blocked, id=2414, stack(0x00007f67648fd000,0x00007f67649fe000)]
  0x00007f676006ce00 JavaThread "Service Thread" daemon [_thread_blocked, id=2415, stack(0x00007f67647fc000,0x00007f67648fd000)]
  0x00007f676006e410 JavaThread "Monitor Deflation Thread" daemon [_thread_blocked, id=2416, stack(0x00007f67646fb000,0x00007f67647fc000)]
  0x00007f6760070000 JavaThread "C2 CompilerThread0" daemon [_thread_blocked, id=2417, stack(0x00007f67645fa000,0x00007f67646fb000)]
  0x00007f6760071750 JavaThread "C1 CompilerThread0" daemon [_thread_blocked, id=2419, stack(0x00007f67644f9000,0x00007f67645fa000)]
  0x00007f67600729f0 JavaThread "Sweeper thread" daemon [_thread_blocked, id=2420, stack(0x00007f67643f8000,0x00007f67644f9000)]
  0x00007f67600aee80 JavaThread "Notification Thread" daemon [_thread_blocked, id=2422, stack(0x00007f67642f7000,0x00007f67643f8000)]
  0x00007f67600b3270 JavaThread "Common-Cleaner" daemon [_thread_blocked, id=2424, stack(0x00007f67640f4000,0x00007f67641f5000)]

Other Threads:
  0x00007f67600607c0 VMThread "VM Thread" [stack: 0x00007f676542f000,0x00007f676552f000] [id=2411]
  0x00007f67600b0a50 WatcherThread [stack: 0x00007f67641f7000,0x00007f67642f7000] [id=2423]

Threads with active compile tasks:

VM state: not at safepoint (normal execution)

VM Mutex/Monitor currently owned by a thread: None

Heap address: 0x00000000c4c00000, size: 948 MB, Compressed Oops mode: 32-bit

CDS archive(s) mapped at: [0x0000000800000000-0x0000000800bc1000-0x0000000800bc1000), size 12324864, SharedBaseAddress: 0x0000000800000000, ArchiveRelocationMode: 0.
Compressed class space mapped at: 0x0000000800c00000-0x0000000840c00000, reserved size: 1073741824
Narrow klass base: 0x0000000800000000, Narrow klass shift: 3, Narrow klass range: 0x100000000

GC Precious Log:
 CPUs: 1 total, 1 available
 Memory: 3789M
 Large Page Support: Disabled
 NUMA Support: Disabled
 Compressed Oops: Enabled (32-bit)
 Heap Min Capacity: 8M
 Heap Initial Capacity: 60M
 Heap Max Capacity: 948M
 Pre-touch: Disabled

Heap:
 def new generation   total 18496K, used 657K [0x00000000c4c00000, 0x00000000c6010000, 0x00000000d8800000)
  eden space 16448K,   4% used [0x00000000c4c00000, 0x00000000c4ca47d0, 0x00000000c5c10000)
  from space 2048K,   0% used [0x00000000c5c10000, 0x00000000c5c10000, 0x00000000c5e10000)
  to   space 2048K,   0% used [0x00000000c5e10000, 0x00000000c5e10000, 0x00000000c6010000)
 tenured generation   total 40960K, used 651K [0x00000000d8800000, 0x00000000db000000, 0x0000000100000000)
   the space 40960K,   1% used [0x00000000d8800000, 0x00000000d88a2f80, 0x00000000d88a3000, 0x00000000db000000)
 Metaspace       used 1054K, committed 1216K, reserved 1056768K
  class space    used 34K, committed 128K, reserved 1048576K

Card table byte_map: [0x00007f6765748000,0x00007f6765923000] _byte_map_base: 0x00007f6765122000

Polling page: 0x00007f6768085000

Metaspace:

Usage:
  Non-class:   1020.55 KB used.
      Class:     34.13 KB used.
       Both:      1.03 MB used.

Virtual space:
  Non-class space:        8.00 MB reserved,       1.06 MB ( 13%) committed,  1 nodes.
      Class space:        1.00 GB reserved,     128.00 KB ( <1%) committed,  1 nodes.
              Both:        1.01 GB reserved,       1.19 MB ( <1%) committed. 

Chunk freelists:
   Non-Class:  3.29 MB
       Class:  3.71 MB
        Both:  7.00 MB

MaxMetaspaceSize: 17179869184.00 GB
CompressedClassSpaceSize: 1.00 GB
 - commit_granule_bytes: 65536.
 - commit_granule_words: 8192.
 - virtual_space_node_default_size: 1048576.
 - enlarge_chunks_in_place: 1.
 - new_chunks_are_fully_committed: 0.
 - uncommit_free_chunks: 1.
 - use_allocation_guard: 0.
 - handle_deallocations: 1.


Internal statistics:

num_allocs_failed_limit: 0.
num_arena_births: 22.
num_arena_deaths: 0.
num_vsnodes_births: 2.
num_vsnodes_deaths: 0.
num_space_committed: 19.
num_space_uncommitted: 0.
num_chunks_returned_to_freelist: 0.
num_chunks_taken_from_freelist: 52.
num_chunk_merges: 0.
num_chunk_splits: 38.
num_chunks_enlarged: 31.
num_purges: 0.

CodeHeap 'non-profiled nmethods': size=120036Kb used=63Kb max_used=63Kb free=119973Kb
 bounds [0x00007f67512a8000, 0x00007f6751518000, 0x00007f67587e1000]
CodeHeap 'profiled nmethods': size=120032Kb used=124Kb max_used=124Kb free=119907Kb
 bounds [0x00007f6749d70000, 0x00007f6749fe0000, 0x00007f67512a8000]
CodeHeap 'non-nmethods': size=5692Kb used=1108Kb max_used=1122Kb free=4583Kb
 bounds [0x00007f67497e1000, 0x00007f6749a51000, 0x00007f6749d70000]
 total_blobs=546 nmethods=154 adapters=309
 compilation: enabled
              stopped_count=0, restarted_count=0
 full_count=0

Compilation events (20 events):
Event: 0.397 Thread 0x00007f6760070000  110       4       java.util.concurrent.ConcurrentHashMap::spread (10 bytes)
Event: 0.397 Thread 0x00007f6760070000 nmethod 110 0x00007f67512b6410 code [0x00007f67512b6580, 0x00007f67512b65f8]
Event: 5.940 Thread 0x00007f6760071750  152       3       java.util.zip.ZipUtils::LG (22 bytes)
Event: 5.940 Thread 0x00007f6760071750 nmethod 152 0x00007f6749d8d790 code [0x00007f6749d8d940, 0x00007f6749d8dbb0]
Event: 5.940 Thread 0x00007f6760071750  153       3       java.lang.AbstractStringBuilder::isLatin1 (19 bytes)
Event: 5.940 Thread 0x00007f6760071750 nmethod 153 0x00007f6749d8dd10 code [0x00007f6749d8dea0, 0x00007f6749d8e010]
Event: 5.940 Thread 0x00007f6760071750  145       1       java.net.URL::getPort (5 bytes)
Event: 5.940 Thread 0x00007f6760071750 nmethod 145 0x00007f67512b6710 code [0x00007f67512b68a0, 0x00007f67512b6970]
Event: 5.940 Thread 0x00007f6760071750  146       1       java.net.URL::getAuthority (5 bytes)
Event: 5.940 Thread 0x00007f6760071750 nmethod 146 0x00007f67512b6a10 code [0x00007f67512b6ba0, 0x00007f67512b6c70]
Event: 5.940 Thread 0x00007f6760071750  147       1       java.net.URL::getPath (5 bytes)
Event: 5.940 Thread 0x00007f6760071750 nmethod 147 0x00007f67512b6d10 code [0x00007f67512b6ea0, 0x00007f67512b6f70]
Event: 5.940 Thread 0x00007f6760071750  148       1       java.net.URL::getQuery (5 bytes)
Event: 5.940 Thread 0x00007f6760071750 nmethod 148 0x00007f67512b7010 code [0x00007f67512b71a0, 0x00007f67512b7270]
Event: 5.940 Thread 0x00007f6760071750  149       1       java.net.URL::getRef (5 bytes)
Event: 5.940 Thread 0x00007f6760071750 nmethod 149 0x00007f67512b7310 code [0x00007f67512b74a0, 0x00007f67512b7570]
Event: 5.940 Thread 0x00007f6760071750  150       1       jdk.internal.loader.URLClassPath$Loader::getBaseURL (5 bytes)
Event: 5.940 Thread 0x00007f6760071750 nmethod 150 0x00007f67512b7610 code [0x00007f67512b77a0, 0x00007f67512b7870]
Event: 5.940 Thread 0x00007f6760071750  151       1       java.util.ArrayList::size (5 bytes)
Event: 5.940 Thread 0x00007f6760071750 nmethod 151 0x00007f67512b7910 code [0x00007f67512b7aa0, 0x00007f67512b7b70]

GC Heap History (2 events):
Event: 11.459 GC heap before
{Heap before GC invocations=0 (full 0):
 def new generation   total 18432K, used 5545K [0x00000000c4c00000, 0x00000000c6000000, 0x00000000d8800000)
  eden space 16384K,  33% used [0x00000000c4c00000, 0x00000000c516a588, 0x00000000c5c00000)
  from space 2048K,   0% used [0x00000000c5c00000, 0x00000000c5c00000, 0x00000000c5e00000)
  to   space 2048K,   0% used [0x00000000c5e00000, 0x00000000c5e00000, 0x00000000c6000000)
 tenured generation   total 40960K, used 0K [0x00000000d8800000, 0x00000000db000000, 0x0000000100000000)
   the space 40960K,   0% used [0x00000000d8800000, 0x00000000d8800000, 0x00000000d8800200, 0x00000000db000000)
 Metaspace       used 1048K, committed 1216K, reserved 1056768K
  class space    used 34K, committed 128K, reserved 1048576K
}
Event: 11.461 GC heap after
{Heap after GC invocations=1 (full 1):
 def new generation   total 18496K, used 0K [0x00000000c4c00000, 0x00000000c6010000, 0x00000000d8800000)
  eden space 16448K,   0% used [0x00000000c4c00000, 0x00000000c4c00000, 0x00000000c5c10000)
  from space 2048K,   0% used [0x00000000c5c10000, 0x00000000c5c10000, 0x00000000c5e10000)
  to   space 2048K,   0% used [0x00000000c5e10000, 0x00000000c5e10000, 0x00000000c6010000)
 tenured generation   total 40960K, used 651K [0x00000000d8800000, 0x00000000db000000, 0x0000000100000000)
   the space 40960K,   1% used [0x00000000d8800000, 0x00000000d88a2f80, 0x00000000d88a3000, 0x00000000db000000)
 Metaspace       used 1048K, committed 1216K, reserved 1056768K
  class space    used 34K, committed 128K, reserved 1048576K
}

Deoptimization events (0 events):
No events

Classes unloaded (0 events):
No events

Classes redefined (0 events):
No events

Internal exceptions (0 events):
No events

Events (20 events):
Event: 5.933 Protecting memory [0x00007f6724bdf000,0x00007f6724be3000] with protection modes 0
Event: 5.933 Thread 0x00007f6740015620 Thread added: 0x00007f6740015620
Event: 5.933 Thread 0x00007f6740015620 Thread exited: 0x00007f6740015620
Event: 5.934 Protecting memory [0x00007f6724bdf000,0x00007f6724be3000] with protection modes 0
Event: 5.934 Thread 0x00007f67400198f0 Thread added: 0x00007f67400198f0
Event: 5.935 Thread 0x00007f67400198f0 Thread exited: 0x00007f67400198f0
Event: 5.935 Protecting memory [0x00007f6724bdf000,0x00007f6724be3000] with protection modes 0
Event: 5.935 Thread 0x00007f674001b8f0 Thread added: 0x00007f674001b8f0
Event: 11.452 Thread 0x00007f674001b8f0 Thread exited: 0x00007f674001b8f0
Event: 11.453 Protecting memory [0x00007f6724bdf000,0x00007f6724be3000] with protection modes 0
Event: 11.453 Thread 0x00007f674001b8f0 Thread added: 0x00007f674001b8f0
Event: 11.453 Thread 0x00007f674001b8f0 Thread exited: 0x00007f674001b8f0
Event: 11.453 Protecting memory [0x00007f6724bdf000,0x00007f6724be3000] with protection modes 0
Event: 11.453 Thread 0x00007f67400256a0 Thread added: 0x00007f67400256a0
Event: 11.453 Thread 0x00007f67400256a0 Thread exited: 0x00007f67400256a0
Event: 11.454 Protecting memory [0x00007f6724bdf000,0x00007f6724be3000] with protection modes 0
Event: 11.454 Thread 0x00007f6740028820 Thread added: 0x00007f6740028820
Event: 11.454 Thread 0x00007f6740028820 Thread exited: 0x00007f6740028820
Event: 11.459 Executing  VM operation: GenCollectFull
Event: 11.461 Executing  VM operation: GenCollectFull done


Dynamic libraries:
c4c00000-c6010000 rw-p 00000000 00:00 0 
c6010000-d8800000 ---p 00000000 00:00 0 
d8800000-db000000 rw-p 00000000 00:00 0 
db000000-100000000 ---p 00000000 00:00 0 
800000000-800003000 rwxp 00001000 fd:00 25330829                         /root/jdk-16.0.2/lib/server/classes.jsa
800003000-800411000 rw-p 00004000 fd:00 25330829                         /root/jdk-16.0.2/lib/server/classes.jsa
800411000-800bc1000 r--p 00412000 fd:00 25330829                         /root/jdk-16.0.2/lib/server/classes.jsa
800bc1000-800c00000 ---p 00000000 00:00 0 
800c00000-800c10000 rw-p 00000000 00:00 0 
800c10000-800c40000 ---p 00000000 00:00 0 
800c40000-800c50000 rw-p 00000000 00:00 0 
800c50000-840c00000 ---p 00000000 00:00 0 
55e2a81f4000-55e2a81f5000 r-xp 00000000 fd:00 9328148                    /root/jdk-16.0.2/bin/java
55e2a81f6000-55e2a81f7000 r--p 00001000 fd:00 9328148                    /root/jdk-16.0.2/bin/java
55e2a81f7000-55e2a81f8000 rw-p 00002000 fd:00 9328148                    /root/jdk-16.0.2/bin/java
55e2a8cf9000-55e2a8d8b000 rw-p 00000000 00:00 0                          [heap]
7f671f7ff000-7f671f800000 ---p 00000000 00:00 0 
7f671f800000-7f6720000000 rw-p 00000000 00:00 0 
7f6720000000-7f6720067000 rw-p 00000000 00:00 0 
7f6720067000-7f6724000000 ---p 00000000 00:00 0 
7f67243dc000-7f67243dd000 ---p 00000000 00:00 0 
7f67243dd000-7f6724bdd000 rw-p 00000000 00:00 0 
7f6724bdd000-7f6724bde000 ---p 00000000 00:00 0 
7f6724bde000-7f6724bdf000 rw-p 00000000 00:00 0 
7f6724bdf000-7f6724be3000 ---p 00000000 00:00 0 
7f6724be3000-7f67253de000 rw-p 00000000 00:00 0 
7f67253de000-7f67253df000 ---p 00000000 00:00 0 
7f67253df000-7f6725bdf000 rw-p 00000000 00:00 0 
7f6725bdf000-7f6725be0000 ---p 00000000 00:00 0 
7f6725be0000-7f67263e0000 rw-p 00000000 00:00 0 
7f67263e0000-7f67263ef000 r-xp 00000000 fd:00 35267                      /usr/lib64/libbz2.so.1.0.6
7f67263ef000-7f67265ee000 ---p 0000f000 fd:00 35267                      /usr/lib64/libbz2.so.1.0.6
7f67265ee000-7f67265ef000 r--p 0000e000 fd:00 35267                      /usr/lib64/libbz2.so.1.0.6
7f67265ef000-7f67265f0000 rw-p 0000f000 fd:00 35267                      /usr/lib64/libbz2.so.1.0.6
7f67265f0000-7f6726615000 r-xp 00000000 fd:00 35259                      /usr/lib64/liblzma.so.5.2.2
7f6726615000-7f6726814000 ---p 00025000 fd:00 35259                      /usr/lib64/liblzma.so.5.2.2
7f6726814000-7f6726815000 r--p 00024000 fd:00 35259                      /usr/lib64/liblzma.so.5.2.2
7f6726815000-7f6726816000 rw-p 00025000 fd:00 35259                      /usr/lib64/liblzma.so.5.2.2
7f6726816000-7f672682d000 r-xp 00000000 fd:00 35296                      /usr/lib64/libelf-0.176.so
7f672682d000-7f6726a2c000 ---p 00017000 fd:00 35296                      /usr/lib64/libelf-0.176.so
7f6726a2c000-7f6726a2d000 r--p 00016000 fd:00 35296                      /usr/lib64/libelf-0.176.so
7f6726a2d000-7f6726a2e000 rw-p 00017000 fd:00 35296                      /usr/lib64/libelf-0.176.so
7f6726a2e000-7f6726a32000 r-xp 00000000 fd:00 35302                      /usr/lib64/libattr.so.1.1.0
7f6726a32000-7f6726c31000 ---p 00004000 fd:00 35302                      /usr/lib64/libattr.so.1.1.0
7f6726c31000-7f6726c32000 r--p 00003000 fd:00 35302                      /usr/lib64/libattr.so.1.1.0
7f6726c32000-7f6726c33000 rw-p 00004000 fd:00 35302                      /usr/lib64/libattr.so.1.1.0
7f6726c33000-7f6726c81000 r-xp 00000000 fd:00 251082                     /usr/lib64/libdw-0.176.so
7f6726c81000-7f6726e81000 ---p 0004e000 fd:00 251082                     /usr/lib64/libdw-0.176.so
7f6726e81000-7f6726e83000 r--p 0004e000 fd:00 251082                     /usr/lib64/libdw-0.176.so
7f6726e83000-7f6726e84000 rw-p 00050000 fd:00 251082                     /usr/lib64/libdw-0.176.so
7f6726e84000-7f6726e88000 r-xp 00000000 fd:00 35306                      /usr/lib64/libcap.so.2.22
7f6726e88000-7f6727087000 ---p 00004000 fd:00 35306                      /usr/lib64/libcap.so.2.22
7f6727087000-7f6727088000 r--p 00003000 fd:00 35306                      /usr/lib64/libcap.so.2.22
7f6727088000-7f6727089000 rw-p 00004000 fd:00 35306                      /usr/lib64/libcap.so.2.22
7f6727089000-7f672709b000 r-xp 00000000 fd:00 35167                      /usr/lib64/libnss_myhostname.so.2
7f672709b000-7f672729a000 ---p 00012000 fd:00 35167                      /usr/lib64/libnss_myhostname.so.2
7f672729a000-7f672729d000 r--p 00011000 fd:00 35167                      /usr/lib64/libnss_myhostname.so.2
7f672729d000-7f672729e000 rw-p 00014000 fd:00 35167                      /usr/lib64/libnss_myhostname.so.2
7f672729e000-7f67272b4000 r-xp 00000000 fd:00 17720                      /usr/lib64/libresolv-2.17.so
7f67272b4000-7f67274b4000 ---p 00016000 fd:00 17720                      /usr/lib64/libresolv-2.17.so
7f67274b4000-7f67274b5000 r--p 00016000 fd:00 17720                      /usr/lib64/libresolv-2.17.so
7f67274b5000-7f67274b6000 rw-p 00017000 fd:00 17720                      /usr/lib64/libresolv-2.17.so
7f67274b6000-7f67274b8000 rw-p 00000000 00:00 0 
7f67274b8000-7f67274be000 r-xp 00000000 fd:00 2215193                    /usr/lib64/libnss_dns-2.17.so
7f67274be000-7f67276bd000 ---p 00006000 fd:00 2215193                    /usr/lib64/libnss_dns-2.17.so
7f67276bd000-7f67276be000 r--p 00005000 fd:00 2215193                    /usr/lib64/libnss_dns-2.17.so
7f67276be000-7f67276bf000 rw-p 00006000 fd:00 2215193                    /usr/lib64/libnss_dns-2.17.so
7f67276bf000-7f67276d4000 r-xp 00000000 fd:00 84                         /usr/lib64/libgcc_s-4.8.5-20150702.so.1
7f67276d4000-7f67278d3000 ---p 00015000 fd:00 84                         /usr/lib64/libgcc_s-4.8.5-20150702.so.1
7f67278d3000-7f67278d4000 r--p 00014000 fd:00 84                         /usr/lib64/libgcc_s-4.8.5-20150702.so.1
7f67278d4000-7f67278d5000 rw-p 00015000 fd:00 84                         /usr/lib64/libgcc_s-4.8.5-20150702.so.1
7f67278d5000-7f67279cd000 r-xp 00000000 fd:00 250858                     /usr/lib64/libasound.so.2.0.0
7f67279cd000-7f6727bcc000 ---p 000f8000 fd:00 250858                     /usr/lib64/libasound.so.2.0.0
7f6727bcc000-7f6727bd3000 r--p 000f7000 fd:00 250858                     /usr/lib64/libasound.so.2.0.0
7f6727bd3000-7f6727bd5000 rw-p 000fe000 fd:00 250858                     /usr/lib64/libasound.so.2.0.0
7f6727bd5000-7f6727bd9000 r-xp 00000000 fd:00 35182                      /usr/lib64/libuuid.so.1.3.0
7f6727bd9000-7f6727dd8000 ---p 00004000 fd:00 35182                      /usr/lib64/libuuid.so.1.3.0
7f6727dd8000-7f6727dd9000 r--p 00003000 fd:00 35182                      /usr/lib64/libuuid.so.1.3.0
7f6727dd9000-7f6727dda000 rw-p 00004000 fd:00 35182                      /usr/lib64/libuuid.so.1.3.0
7f6727dda000-7f6727dfe000 r-xp 00000000 fd:00 757835                     /usr/local/lib/libpj.so.2
7f6727dfe000-7f6727ffd000 ---p 00024000 fd:00 757835                     /usr/local/lib/libpj.so.2
7f6727ffd000-7f6727ffe000 r--p 00023000 fd:00 757835                     /usr/local/lib/libpj.so.2
7f6727ffe000-7f6727fff000 rw-p 00024000 fd:00 757835                     /usr/local/lib/libpj.so.2
7f6727fff000-7f6728000000 rw-p 00000000 00:00 0 
7f6728000000-7f6728021000 rw-p 00000000 00:00 0 
7f6728021000-7f672c000000 ---p 00000000 00:00 0 
7f672c000000-7f672c021000 rw-p 00000000 00:00 0 
7f672c021000-7f6730000000 ---p 00000000 00:00 0 
7f6730000000-7f6730021000 rw-p 00000000 00:00 0 
7f6730021000-7f6734000000 ---p 00000000 00:00 0 
7f6734179000-7f673419f000 r-xp 00000000 fd:00 757796                     /usr/local/lib/libwebrtc.so.2
7f673419f000-7f673439e000 ---p 00026000 fd:00 757796                     /usr/local/lib/libwebrtc.so.2
7f673439e000-7f673439f000 r--p 00025000 fd:00 757796                     /usr/local/lib/libwebrtc.so.2
7f673439f000-7f67343a0000 rw-p 00026000 fd:00 757796                     /usr/local/lib/libwebrtc.so.2
7f67343a0000-7f67343e7000 r-xp 00000000 fd:00 757734                     /usr/local/lib/libyuv.so.2
7f67343e7000-7f67345e7000 ---p 00047000 fd:00 757734                     /usr/local/lib/libyuv.so.2
7f67345e7000-7f67345e8000 r--p 00047000 fd:00 757734                     /usr/local/lib/libyuv.so.2
7f67345e8000-7f67345e9000 rw-p 00048000 fd:00 757734                     /usr/local/lib/libyuv.so.2
7f67345e9000-7f67345f2000 r-xp 00000000 fd:00 757731                     /usr/local/lib/libg7221codec.so.2
7f67345f2000-7f67347f1000 ---p 00009000 fd:00 757731                     /usr/local/lib/libg7221codec.so.2
7f67347f1000-7f67347f2000 r--p 00008000 fd:00 757731                     /usr/local/lib/libg7221codec.so.2
7f67347f2000-7f67347fa000 rw-p 00009000 fd:00 757731                     /usr/local/lib/libg7221codec.so.2
7f67347fa000-7f6734807000 r-xp 00000000 fd:00 657351                     /usr/local/lib/libilbccodec.so.2
7f6734807000-7f6734a06000 ---p 0000d000 fd:00 657351                     /usr/local/lib/libilbccodec.so.2
7f6734a06000-7f6734a07000 r--p 0000c000 fd:00 657351                     /usr/local/lib/libilbccodec.so.2
7f6734a07000-7f6734a09000 rw-p 0000d000 fd:00 657351                     /usr/local/lib/libilbccodec.so.2
7f6734a09000-7f6734a31000 r-xp 00000000 fd:00 657308                     /usr/local/lib/libspeex.so.2
7f6734a31000-7f6734c31000 ---p 00028000 fd:00 657308                     /usr/local/lib/libspeex.so.2
7f6734c31000-7f6734c32000 r--p 00028000 fd:00 657308                     /usr/local/lib/libspeex.so.2
7f6734c32000-7f6734c33000 rw-p 00029000 fd:00 657308                     /usr/local/lib/libspeex.so.2
7f6734c33000-7f6734c3d000 r-xp 00000000 fd:00 654105                     /usr/local/lib/libgsmcodec.so.2
7f6734c3d000-7f6734e3c000 ---p 0000a000 fd:00 654105                     /usr/local/lib/libgsmcodec.so.2
7f6734e3c000-7f6734e3d000 r--p 00009000 fd:00 654105                     /usr/local/lib/libgsmcodec.so.2
7f6734e3d000-7f6734e3e000 rw-p 0000a000 fd:00 654105                     /usr/local/lib/libgsmcodec.so.2
7f6734e3e000-7f6734e4a000 r-xp 00000000 fd:00 654102                     /usr/local/lib/libresample.so.2
7f6734e4a000-7f6735049000 ---p 0000c000 fd:00 654102                     /usr/local/lib/libresample.so.2
7f6735049000-7f673504a000 r--p 0000b000 fd:00 654102                     /usr/local/lib/libresample.so.2
7f673504a000-7f673504b000 rw-p 0000c000 fd:00 654102                     /usr/local/lib/libresample.so.2
7f673504b000-7f6735061000 r-xp 00000000 fd:00 654099                     /usr/local/lib/libsrtp.so.2
7f6735061000-7f6735260000 ---p 00016000 fd:00 654099                     /usr/local/lib/libsrtp.so.2
7f6735260000-7f6735261000 r--p 00015000 fd:00 654099                     /usr/local/lib/libsrtp.so.2
7f6735261000-7f6735262000 rw-p 00016000 fd:00 654099                     /usr/local/lib/libsrtp.so.2
7f6735262000-7f6735288000 r-xp 00000000 fd:00 757831                     /usr/local/lib/libpjlib-util.so.2
7f6735288000-7f6735488000 ---p 00026000 fd:00 757831                     /usr/local/lib/libpjlib-util.so.2
7f6735488000-7f6735489000 r--p 00026000 fd:00 757831                     /usr/local/lib/libpjlib-util.so.2
7f6735489000-7f673548a000 rw-p 00027000 fd:00 757831                     /usr/local/lib/libpjlib-util.so.2
7f673548a000-7f67354b3000 r-xp 00000000 fd:00 757828                     /usr/local/lib/libpjnath.so.2
7f67354b3000-7f67356b2000 ---p 00029000 fd:00 757828                     /usr/local/lib/libpjnath.so.2
7f67356b2000-7f67356b3000 r--p 00028000 fd:00 757828                     /usr/local/lib/libpjnath.so.2
7f67356b3000-7f67356b4000 rw-p 00029000 fd:00 757828                     /usr/local/lib/libpjnath.so.2
7f67356b4000-7f67356ba000 r-xp 00000000 fd:00 757825                     /usr/local/lib/libpjmedia-audiodev.so.2
7f67356ba000-7f67358b9000 ---p 00006000 fd:00 757825                     /usr/local/lib/libpjmedia-audiodev.so.2
7f67358b9000-7f67358ba000 r--p 00005000 fd:00 757825                     /usr/local/lib/libpjmedia-audiodev.so.2
7f67358ba000-7f67358bb000 rw-p 00006000 fd:00 757825                     /usr/local/lib/libpjmedia-audiodev.so.2
7f67358bb000-7f67358bc000 r-xp 00000000 fd:00 757819                     /usr/local/lib/libpjmedia-videodev.so.2
7f67358bc000-7f6735abb000 ---p 00001000 fd:00 757819                     /usr/local/lib/libpjmedia-videodev.so.2
7f6735abb000-7f6735abc000 r--p 00000000 fd:00 757819                     /usr/local/lib/libpjmedia-videodev.so.2
7f6735abc000-7f6735abd000 rw-p 00001000 fd:00 757819                     /usr/local/lib/libpjmedia-videodev.so.2
7f6735abd000-7f673c000000 r--p 00000000 fd:00 25168325                   /usr/lib/locale/locale-archive
7f673c000000-7f673c021000 rw-p 00000000 00:00 0 
7f673c021000-7f6740000000 ---p 00000000 00:00 0 
7f6740000000-7f674002b000 rw-p 00000000 00:00 0 
7f674002b000-7f6744000000 ---p 00000000 00:00 0 
7f6744000000-7f6744021000 rw-p 00000000 00:00 0 
7f6744021000-7f6748000000 ---p 00000000 00:00 0 
7f67481cd000-7f6748227000 r-xp 00000000 fd:00 757822                     /usr/local/lib/libpjmedia.so.2
7f6748227000-7f6748426000 ---p 0005a000 fd:00 757822                     /usr/local/lib/libpjmedia.so.2
7f6748426000-7f6748427000 r--p 00059000 fd:00 757822                     /usr/local/lib/libpjmedia.so.2
7f6748427000-7f6748429000 rw-p 0005a000 fd:00 757822                     /usr/local/lib/libpjmedia.so.2
7f6748429000-7f674842a000 rw-p 00000000 00:00 0 
7f674842a000-7f6748436000 r-xp 00000000 fd:00 757816                     /usr/local/lib/libpjmedia-codec.so.2
7f6748436000-7f6748635000 ---p 0000c000 fd:00 757816                     /usr/local/lib/libpjmedia-codec.so.2
7f6748635000-7f6748636000 r--p 0000b000 fd:00 757816                     /usr/local/lib/libpjmedia-codec.so.2
7f6748636000-7f6748637000 rw-p 0000c000 fd:00 757816                     /usr/local/lib/libpjmedia-codec.so.2
7f6748637000-7f674867b000 r-xp 00000000 fd:00 757813                     /usr/local/lib/libpjsip.so.2
7f674867b000-7f674887a000 ---p 00044000 fd:00 757813                     /usr/local/lib/libpjsip.so.2
7f674887a000-7f674887c000 r--p 00043000 fd:00 757813                     /usr/local/lib/libpjsip.so.2
7f674887c000-7f674887e000 rw-p 00045000 fd:00 757813                     /usr/local/lib/libpjsip.so.2
7f674887e000-7f6748883000 rw-p 00000000 00:00 0 
7f6748883000-7f6748896000 r-xp 00000000 fd:00 757810                     /usr/local/lib/libpjsip-simple.so.2
7f6748896000-7f6748a96000 ---p 00013000 fd:00 757810                     /usr/local/lib/libpjsip-simple.so.2
7f6748a96000-7f6748a97000 r--p 00013000 fd:00 757810                     /usr/local/lib/libpjsip-simple.so.2
7f6748a97000-7f6748a98000 rw-p 00014000 fd:00 757810                     /usr/local/lib/libpjsip-simple.so.2
7f6748a98000-7f6748ab1000 r-xp 00000000 fd:00 757807                     /usr/local/lib/libpjsip-ua.so.2
7f6748ab1000-7f6748cb1000 ---p 00019000 fd:00 757807                     /usr/local/lib/libpjsip-ua.so.2
7f6748cb1000-7f6748cb2000 r--p 00019000 fd:00 757807                     /usr/local/lib/libpjsip-ua.so.2
7f6748cb2000-7f6748cb3000 rw-p 0001a000 fd:00 757807                     /usr/local/lib/libpjsip-ua.so.2
7f6748cb3000-7f6748cf7000 r-xp 00000000 fd:00 757804                     /usr/local/lib/libpjsua.so.2
7f6748cf7000-7f6748ef6000 ---p 00044000 fd:00 757804                     /usr/local/lib/libpjsua.so.2
7f6748ef6000-7f6748ef7000 r--p 00043000 fd:00 757804                     /usr/local/lib/libpjsua.so.2
7f6748ef7000-7f6748ef9000 rw-p 00044000 fd:00 757804                     /usr/local/lib/libpjsua.so.2
7f6748ef9000-7f6748f7c000 rw-p 00000000 00:00 0 
7f6748f7c000-7f6749065000 r-xp 00000000 fd:00 35208                      /usr/lib64/libstdc++.so.6.0.19
7f6749065000-7f6749265000 ---p 000e9000 fd:00 35208                      /usr/lib64/libstdc++.so.6.0.19
7f6749265000-7f674926d000 r--p 000e9000 fd:00 35208                      /usr/lib64/libstdc++.so.6.0.19
7f674926d000-7f674926f000 rw-p 000f1000 fd:00 35208                      /usr/lib64/libstdc++.so.6.0.19
7f674926f000-7f6749284000 rw-p 00000000 00:00 0 
7f6749284000-7f6749302000 r-xp 00000000 fd:00 757801                     /usr/local/lib/libpjsua2.so.2
7f6749302000-7f6749502000 ---p 0007e000 fd:00 757801                     /usr/local/lib/libpjsua2.so.2
7f6749502000-7f6749504000 r--p 0007e000 fd:00 757801                     /usr/local/lib/libpjsua2.so.2
7f6749504000-7f6749506000 rw-p 00080000 fd:00 757801                     /usr/local/lib/libpjsua2.so.2
7f6749506000-7f67495de000 r-xp 00000000 fd:00 19076069                   /root/tel-tools/gradle/as2/app/src/main/resources/libpjsua2.so
7f67495de000-7f67497de000 ---p 000d8000 fd:00 19076069                   /root/tel-tools/gradle/as2/app/src/main/resources/libpjsua2.so
7f67497de000-7f67497df000 r--p 000d8000 fd:00 19076069                   /root/tel-tools/gradle/as2/app/src/main/resources/libpjsua2.so
7f67497df000-7f67497e1000 rw-p 000d9000 fd:00 19076069                   /root/tel-tools/gradle/as2/app/src/main/resources/libpjsua2.so
7f67497e1000-7f6749a51000 rwxp 00000000 00:00 0 
7f6749a51000-7f6749d70000 ---p 00000000 00:00 0 
7f6749d70000-7f6749fe0000 rwxp 00000000 00:00 0 
7f6749fe0000-7f67512a8000 ---p 00000000 00:00 0 
7f67512a8000-7f6751518000 rwxp 00000000 00:00 0 
7f6751518000-7f67587e1000 ---p 00000000 00:00 0 
7f67587e1000-7f6760000000 r--s 00000000 fd:00 461541                     /root/jdk-16.0.2/lib/modules
7f6760000000-7f6760203000 rw-p 00000000 00:00 0 
7f6760203000-7f6764000000 ---p 00000000 00:00 0 
7f67640a3000-7f67640c3000 rw-s 00000000 00:04 19                         /SYSV0056a4d6 (deleted)
7f67640c3000-7f67640f4000 rw-p 00000000 00:00 0 
7f67640f4000-7f67640f8000 ---p 00000000 00:00 0 
7f67640f8000-7f67641f5000 rw-p 00000000 00:00 0 
7f67641f5000-7f67641f6000 ---p 00000000 00:00 0 
7f67641f6000-7f67642f7000 rw-p 00000000 00:00 0 
7f67642f7000-7f67642fb000 ---p 00000000 00:00 0 
7f67642fb000-7f67643f8000 rw-p 00000000 00:00 0 
7f67643f8000-7f67643fc000 ---p 00000000 00:00 0 
7f67643fc000-7f67644f9000 rw-p 00000000 00:00 0 
7f67644f9000-7f67644fd000 ---p 00000000 00:00 0 
7f67644fd000-7f67645fa000 rw-p 00000000 00:00 0 
7f67645fa000-7f67645fe000 ---p 00000000 00:00 0 
7f67645fe000-7f67646fb000 rw-p 00000000 00:00 0 
7f67646fb000-7f67646ff000 ---p 00000000 00:00 0 
7f67646ff000-7f67647fc000 rw-p 00000000 00:00 0 
7f67647fc000-7f6764800000 ---p 00000000 00:00 0 
7f6764800000-7f67648fd000 rw-p 00000000 00:00 0 
7f67648fd000-7f6764901000 ---p 00000000 00:00 0 
7f6764901000-7f67649fe000 rw-p 00000000 00:00 0 
7f67649fe000-7f6764a02000 ---p 00000000 00:00 0 
7f6764a02000-7f6764aff000 rw-p 00000000 00:00 0 
7f6764aff000-7f6764b03000 ---p 00000000 00:00 0 
7f6764b03000-7f6764c50000 rw-p 00000000 00:00 0 
7f6764c50000-7f6765000000 ---p 00000000 00:00 0 
7f6765000000-7f67650c0000 rw-p 00000000 00:00 0 
7f67650c0000-7f6765400000 ---p 00000000 00:00 0 
7f676540d000-7f676541d000 rw-s 00000000 00:05 13925                      /dev/snd/pcmC0D0c
7f676541d000-7f676542d000 rw-s 00000000 00:05 13924                      /dev/snd/pcmC0D0p
7f676542d000-7f676542e000 ---p 00000000 00:00 0 
7f676542e000-7f6765620000 rw-p 00000000 00:00 0 
7f6765620000-7f6765748000 ---p 00000000 00:00 0 
7f6765748000-7f6765753000 rw-p 00000000 00:00 0 
7f6765753000-7f67657e6000 ---p 00000000 00:00 0 
7f67657e6000-7f67657fa000 rw-p 00000000 00:00 0 
7f67657fa000-7f6765922000 ---p 00000000 00:00 0 
7f6765922000-7f6765928000 rw-p 00000000 00:00 0 
7f6765928000-7f6765a0e000 ---p 00000000 00:00 0 
7f6765a0e000-7f6765a13000 rw-p 00000000 00:00 0 
7f6765a13000-7f6765af9000 ---p 00000000 00:00 0 
7f6765af9000-7f6765b05000 r-xp 00000000 fd:00 2215195                    /usr/lib64/libnss_files-2.17.so
7f6765b05000-7f6765d04000 ---p 0000c000 fd:00 2215195                    /usr/lib64/libnss_files-2.17.so
7f6765d04000-7f6765d05000 r--p 0000b000 fd:00 2215195                    /usr/lib64/libnss_files-2.17.so
7f6765d05000-7f6765d06000 rw-p 0000c000 fd:00 2215195                    /usr/lib64/libnss_files-2.17.so
7f6765d06000-7f6765d0c000 rw-p 00000000 00:00 0 
7f6765d0c000-7f6765d13000 r-xp 00000000 fd:00 17723                      /usr/lib64/librt-2.17.so
7f6765d13000-7f6765f12000 ---p 00007000 fd:00 17723                      /usr/lib64/librt-2.17.so
7f6765f12000-7f6765f13000 r--p 00006000 fd:00 17723                      /usr/lib64/librt-2.17.so
7f6765f13000-7f6765f14000 rw-p 00007000 fd:00 17723                      /usr/lib64/librt-2.17.so
7f6765f14000-7f6766015000 r-xp 00000000 fd:00 2215185                    /usr/lib64/libm-2.17.so
7f6766015000-7f6766214000 ---p 00101000 fd:00 2215185                    /usr/lib64/libm-2.17.so
7f6766214000-7f6766215000 r--p 00100000 fd:00 2215185                    /usr/lib64/libm-2.17.so
7f6766215000-7f6766216000 rw-p 00101000 fd:00 2215185                    /usr/lib64/libm-2.17.so
7f6766216000-7f6767324000 r-xp 00000000 fd:00 25330832                   /root/jdk-16.0.2/lib/server/libjvm.so
7f6767324000-7f6767325000 ---p 0110e000 fd:00 25330832                   /root/jdk-16.0.2/lib/server/libjvm.so
7f6767325000-7f67673d6000 r--p 0110e000 fd:00 25330832                   /root/jdk-16.0.2/lib/server/libjvm.so
7f67673d6000-7f6767409000 rw-p 011bf000 fd:00 25330832                   /root/jdk-16.0.2/lib/server/libjvm.so
7f6767409000-7f6767464000 rw-p 00000000 00:00 0 
7f6767464000-7f6767628000 r-xp 00000000 fd:00 2215177                    /usr/lib64/libc-2.17.so
7f6767628000-7f6767827000 ---p 001c4000 fd:00 2215177                    /usr/lib64/libc-2.17.so
7f6767827000-7f676782b000 r--p 001c3000 fd:00 2215177                    /usr/lib64/libc-2.17.so
7f676782b000-7f676782d000 rw-p 001c7000 fd:00 2215177                    /usr/lib64/libc-2.17.so
7f676782d000-7f6767832000 rw-p 00000000 00:00 0 
7f6767832000-7f6767834000 r-xp 00000000 fd:00 2215183                    /usr/lib64/libdl-2.17.so
7f6767834000-7f6767a34000 ---p 00002000 fd:00 2215183                    /usr/lib64/libdl-2.17.so
7f6767a34000-7f6767a35000 r--p 00002000 fd:00 2215183                    /usr/lib64/libdl-2.17.so
7f6767a35000-7f6767a36000 rw-p 00003000 fd:00 2215183                    /usr/lib64/libdl-2.17.so
7f6767a36000-7f6767a4d000 r-xp 00000000 fd:00 17718                      /usr/lib64/libpthread-2.17.so
7f6767a4d000-7f6767c4c000 ---p 00017000 fd:00 17718                      /usr/lib64/libpthread-2.17.so
7f6767c4c000-7f6767c4d000 r--p 00016000 fd:00 17718                      /usr/lib64/libpthread-2.17.so
7f6767c4d000-7f6767c4e000 rw-p 00017000 fd:00 17718                      /usr/lib64/libpthread-2.17.so
7f6767c4e000-7f6767c52000 rw-p 00000000 00:00 0 
7f6767c52000-7f6767c67000 r-xp 00000000 fd:00 35166                      /usr/lib64/libz.so.1.2.7
7f6767c67000-7f6767e66000 ---p 00015000 fd:00 35166                      /usr/lib64/libz.so.1.2.7
7f6767e66000-7f6767e67000 r--p 00014000 fd:00 35166                      /usr/lib64/libz.so.1.2.7
7f6767e67000-7f6767e68000 rw-p 00015000 fd:00 35166                      /usr/lib64/libz.so.1.2.7
7f6767e68000-7f6767e8a000 r-xp 00000000 fd:00 2215170                    /usr/lib64/ld-2.17.so
7f6767e8e000-7f6767e95000 r--s 00000000 fd:00 35142                      /usr/lib64/gconv/gconv-modules.cache
7f6767e95000-7f6767e96000 rw-s 81000000 00:05 13925                      /dev/snd/pcmC0D0c
7f6767e96000-7f6767e97000 r--s 80000000 00:05 13925                      /dev/snd/pcmC0D0c
7f6767e97000-7f6767e98000 rw-s 00000000 00:04 20                         /SYSV0056a4d7 (deleted)
7f6767e98000-7f6767e99000 rw-s 81000000 00:05 13924                      /dev/snd/pcmC0D0p
7f6767e99000-7f6767e9a000 r--s 80000000 00:05 13924                      /dev/snd/pcmC0D0p
7f6767e9a000-7f6767e9b000 rw-s 00000000 00:04 18                         /SYSV0056a4d5 (deleted)
7f6767e9b000-7f6767ea2000 r-xp 00000000 fd:00 461538                     /root/jdk-16.0.2/lib/libzip.so
7f6767ea2000-7f6767ea3000 ---p 00007000 fd:00 461538                     /root/jdk-16.0.2/lib/libzip.so
7f6767ea3000-7f6767ea4000 r--p 00007000 fd:00 461538                     /root/jdk-16.0.2/lib/libzip.so
7f6767ea4000-7f6767ea5000 rw-p 00008000 fd:00 461538                     /root/jdk-16.0.2/lib/libzip.so
7f6767ea5000-7f6767eba000 r-xp 00000000 fd:00 461434                     /root/jdk-16.0.2/lib/libnet.so
7f6767eba000-7f6767ebb000 r--p 00014000 fd:00 461434                     /root/jdk-16.0.2/lib/libnet.so
7f6767ebb000-7f6767ebc000 rw-p 00015000 fd:00 461434                     /root/jdk-16.0.2/lib/libnet.so
7f6767ebc000-7f6767ecf000 r-xp 00000000 fd:00 461436                     /root/jdk-16.0.2/lib/libnio.so
7f6767ecf000-7f6767ed0000 r--p 00012000 fd:00 461436                     /root/jdk-16.0.2/lib/libnio.so
7f6767ed0000-7f6767ed1000 rw-p 00013000 fd:00 461436                     /root/jdk-16.0.2/lib/libnio.so
7f6767ed1000-7f6767f17000 rw-p 00000000 00:00 0 
7f6767f17000-7f6767f1e000 ---p 00000000 00:00 0 
7f6767f1e000-7f6767f42000 r-xp 00000000 fd:00 461404                     /root/jdk-16.0.2/lib/libjava.so
7f6767f42000-7f6767f43000 ---p 00024000 fd:00 461404                     /root/jdk-16.0.2/lib/libjava.so
7f6767f43000-7f6767f44000 r--p 00024000 fd:00 461404                     /root/jdk-16.0.2/lib/libjava.so
7f6767f44000-7f6767f45000 rw-p 00025000 fd:00 461404                     /root/jdk-16.0.2/lib/libjava.so
7f6767f45000-7f6767f46000 rw-p 00000000 00:00 0 
7f6767f46000-7f6767f61000 r-xp 00000000 fd:00 461414                     /root/jdk-16.0.2/lib/libjimage.so
7f6767f61000-7f6767f62000 ---p 0001b000 fd:00 461414                     /root/jdk-16.0.2/lib/libjimage.so
7f6767f62000-7f6767f64000 r--p 0001b000 fd:00 461414                     /root/jdk-16.0.2/lib/libjimage.so
7f6767f64000-7f6767f65000 rw-p 0001d000 fd:00 461414                     /root/jdk-16.0.2/lib/libjimage.so
7f6767f65000-7f6767f69000 ---p 00000000 00:00 0 
7f6767f69000-7f676806a000 rw-p 00000000 00:00 0 
7f676806a000-7f6768079000 r-xp 00000000 fd:00 461416                     /root/jdk-16.0.2/lib/libjli.so
7f6768079000-7f676807a000 r--p 0000e000 fd:00 461416                     /root/jdk-16.0.2/lib/libjli.so
7f676807a000-7f676807b000 rw-p 0000f000 fd:00 461416                     /root/jdk-16.0.2/lib/libjli.so
7f676807b000-7f676807d000 rw-p 00000000 00:00 0 
7f676807d000-7f6768085000 rw-s 00000000 fd:00 19076141                   /tmp/hsperfdata_root/2409
7f6768085000-7f6768086000 ---p 00000000 00:00 0 
7f6768086000-7f6768087000 r--p 00000000 00:00 0 
7f6768087000-7f6768088000 ---p 00000000 00:00 0 
7f6768088000-7f6768089000 rw-p 00000000 00:00 0 
7f6768089000-7f676808a000 r--p 00021000 fd:00 2215170                    /usr/lib64/ld-2.17.so
7f676808a000-7f676808b000 rw-p 00022000 fd:00 2215170                    /usr/lib64/ld-2.17.so
7f676808b000-7f676808c000 rw-p 00000000 00:00 0 
7ffdaab1f000-7ffdaab40000 rw-p 00000000 00:00 0                          [stack]
7ffdaabbd000-7ffdaabbf000 r-xp 00000000 00:00 0                          [vdso]
ffffffffff600000-ffffffffff601000 r-xp 00000000 00:00 0                  [vsyscall]


VM Arguments:
jvm_args: -Djava.library.path=src/main/resources -Dfile.encoding=UTF-8 -Duser.country=AU -Duser.language=en -Duser.variant 
java_command: as2.app.Caller
java_class_path (initial): /root/tel-tools/gradle/as2/app/build/classes/java/main:/root/tel-tools/gradle/as2/app/build/resources/main:/root/tel-tools/gradle/as2/utilities/build/libs/utilities.jar:/root/tel-tools/gradle/as2/list/build/libs/list.jar:/root/.gradle/caches/modules-2/files-2.1/org.apache.commons/commons-text/1.9/ba6ac8c2807490944a0a27f6f8e68fb5ed2e80e2/commons-text-1.9.jar:/root/.gradle/caches/modules-2/files-2.1/com.google.code.gson/gson/2.8.8/431fc3cbc0ff81abdbfde070062741089c3ba874/gson-2.8.8.jar:/root/.gradle/caches/modules-2/files-2.1/com.auth0/java-jwt/3.18.2/89c1da37cd738d9c3c7176fbf1e291ff2a8b988/java-jwt-3.18.2.jar:/root/.gradle/caches/modules-2/files-2.1/org.apache.commons/commons-lang3/3.11/68e9a6adf7cf8eb7e9d31bbc554c7c75eeaac568/commons-lang3-3.11.jar:/root/.gradle/caches/modules-2/files-2.1/com.fasterxml.jackson.core/jackson-databind/2.11.0/8f5aaf3878b0647ff3a16610af53b1a5c05d9f15/jackson-databind-2.11.0.jar:/root/.gradle/caches/modules-2/files-2.1/com.fasterxml.jackson.core/jackson-annotations/2.11.0/c626020ae55d19c690d25cb51c1532ba76e5890f/jackson-annotations-2.11.0.jar:/root/.gradle/caches/modules-2/files-2.1/com.fasterxml.jackson.core/jackson-core/2.11.0/f84302e14648f9f63c0c73951054aeb2ff0b810a/jackson-core-2.11.0.jar
Launcher Type: SUN_STANDARD

[Global flags]
     intx CICompilerCount                          = 2                                         {product} {ergonomic}
   size_t InitialHeapSize                          = 62914560                                  {product} {ergonomic}
   size_t MaxHeapSize                              = 994050048                                 {product} {ergonomic}
   size_t MaxNewSize                               = 331350016                                 {product} {ergonomic}
   size_t MinHeapDeltaBytes                        = 196608                                    {product} {ergonomic}
   size_t MinHeapSize                              = 8388608                                   {product} {ergonomic}
   size_t NewSize                                  = 20971520                                  {product} {ergonomic}
    uintx NonNMethodCodeHeapSize                   = 5826188                                {pd product} {ergonomic}
    uintx NonProfiledCodeHeapSize                  = 122916026                              {pd product} {ergonomic}
   size_t OldSize                                  = 41943040                                  {product} {ergonomic}
    uintx ProfiledCodeHeapSize                     = 122916026                              {pd product} {ergonomic}
    uintx ReservedCodeCacheSize                    = 251658240                              {pd product} {ergonomic}
     bool SegmentedCodeCache                       = true                                      {product} {ergonomic}
   size_t SoftMaxHeapSize                          = 994050048                              {manageable} {ergonomic}
     bool UseCompressedClassPointers               = true                           {product lp64_product} {ergonomic}
     bool UseCompressedOops                        = true                           {product lp64_product} {ergonomic}
     bool UseSerialGC                              = true                                      {product} {ergonomic}

Logging:
Log output configuration:
 #0: stdout all=warning uptime,level,tags
 #1: stderr all=off uptime,level,tags

Environment Variables:
JAVA_HOME=/root/jdk-16.0.2
PATH=/opt/gradle/gradle-7.2/bin:/bin:/usr/local/sbin:/usr/local/bin:/sbin:/bin:/usr/sbin:/usr/bin:/root/bin:/root/bin:/root/bin
SHELL=/bin/bash
LANG=en_AU.UTF-8

Signal Handlers:
SIGSEGV: [libjvm.so+0xdfeb90], sa_mask[0]=11100100010111111101111111111110, sa_flags=SA_RESTART|SA_SIGINFO
SIGBUS: [libjvm.so+0xdfeb90], sa_mask[0]=11100100010111111101111111111110, sa_flags=SA_RESTART|SA_SIGINFO
SIGFPE: [libjvm.so+0xdfeb90], sa_mask[0]=11100100010111111101111111111110, sa_flags=SA_RESTART|SA_SIGINFO
SIGPIPE: [libjvm.so+0xca84d0], sa_mask[0]=11100100010111111101111111111110, sa_flags=SA_RESTART|SA_SIGINFO
SIGXFSZ: [libjvm.so+0xca84d0], sa_mask[0]=11100100010111111101111111111110, sa_flags=SA_RESTART|SA_SIGINFO
SIGILL: [libjvm.so+0xdfeb90], sa_mask[0]=11100100010111111101111111111110, sa_flags=SA_RESTART|SA_SIGINFO
SIGUSR2: [libjvm.so+0xca7bc0], sa_mask[0]=00100000000000000000000000000000, sa_flags=SA_RESTART|SA_SIGINFO
SIGHUP: [libjvm.so+0xca7af0], sa_mask[0]=11100100010111111101111111111110, sa_flags=SA_RESTART|SA_SIGINFO
SIGINT: [libjvm.so+0xca7af0], sa_mask[0]=11100100010111111101111111111110, sa_flags=SA_RESTART|SA_SIGINFO
SIGTERM: [libjvm.so+0xca7af0], sa_mask[0]=11100100010111111101111111111110, sa_flags=SA_RESTART|SA_SIGINFO
SIGQUIT: [libjvm.so+0xca7af0], sa_mask[0]=11100100010111111101111111111110, sa_flags=SA_RESTART|SA_SIGINFO
SIGTRAP: [libjvm.so+0xdfeb90], sa_mask[0]=11100100010111111101111111111110, sa_flags=SA_RESTART|SA_SIGINFO


---------------  S Y S T E M  ---------------

OS:
CentOS Linux release 7.9.2009 (Core)
uname: Linux 3.10.0-1160.41.1.el7.x86_64 #1 SMP Tue Aug 31 14:52:47 UTC 2021 x86_64
OS uptime: 0 days 0:42 hours
libc: glibc 2.17 NPTL 2.17 
rlimit (soft/hard): STACK 8192k/infinity , CORE 0k/infinity , NPROC 15065/15065 , NOFILE 4096/4096 , AS infinity/infinity , CPU infinity/infinity , DATA infinity/infinity , FSIZE infinity/infinity , MEMLOCK 64k/64k
load average: 1.11 0.38 0.22

/proc/meminfo:
MemTotal:        3880392 kB
MemFree:         2799964 kB
MemAvailable:    3047392 kB
Buffers:            2132 kB
Cached:           446400 kB
SwapCached:            0 kB
Active:           642024 kB
Inactive:         306764 kB
Active(anon):     500728 kB
Inactive(anon):     8456 kB
Active(file):     141296 kB
Inactive(file):   298308 kB
Unevictable:         136 kB
Mlocked:             136 kB
SwapTotal:       1658876 kB
SwapFree:        1658876 kB
Dirty:               124 kB
Writeback:             0 kB
AnonPages:        496312 kB
Mapped:            55608 kB
Shmem:              8904 kB
Slab:              34764 kB
SReclaimable:      21036 kB
SUnreclaim:        13728 kB
KernelStack:        3200 kB
PageTables:         6224 kB
NFS_Unstable:          0 kB
Bounce:                0 kB
WritebackTmp:          0 kB
CommitLimit:     3599072 kB
Committed_AS:    1027876 kB
VmallocTotal:   34359738367 kB
VmallocUsed:       32844 kB
VmallocChunk:   34359699624 kB
Percpu:              176 kB
HardwareCorrupted:     0 kB
AnonHugePages:    317440 kB
CmaTotal:              0 kB
CmaFree:               0 kB
HugePages_Total:       0
HugePages_Free:        0
HugePages_Rsvd:        0
HugePages_Surp:        0
Hugepagesize:       2048 kB
DirectMap4k:       57280 kB
DirectMap2M:     4136960 kB

/sys/kernel/mm/transparent_hugepage/enabled: [always] madvise never
/sys/kernel/mm/transparent_hugepage/defrag (defrag/compaction efforts parameter): [always] madvise never

Process Memory:
Virtual Size: 3212736K (peak: 3212736K)
Resident Set Size: 44788K (peak: 44788K) (anon: 25180K, file: 19472K, shmem: 136K)
Swapped out: 0K
C-Heap outstanding allocations: 2743K

/proc/sys/kernel/threads-max (system-wide limit on the number of threads): 30130
/proc/sys/vm/max_map_count (maximum number of memory map areas a process may have): 65530
/proc/sys/kernel/pid_max (system-wide limit on number of process identifiers): 32768

container (cgroup) information:
container_type: cgroupv1
cpu_cpuset_cpus: 0
cpu_memory_nodes: 0
active_processor_count: 1
cpu_quota: no quota
cpu_period: 100000
cpu_shares: no shares
memory_limit_in_bytes: unlimited
memory_and_swap_limit_in_bytes: unlimited
memory_soft_limit_in_bytes: unlimited
memory_usage_in_bytes: 971735040
memory_max_usage_in_bytes: unlimited

KVM virtualization detected
Steal ticks since vm start: 0
Steal ticks percentage since vm start:  0.000

CPU: total 1 (initial active 1) (1 cores per cpu, 1 threads per core) family 6 model 142 stepping 12 microcode 0xffffffff, cx8, cmov, fxsr, mmx, sse, sse2, sse3, ssse3, sse4.1, sse4.2, tsc, tscinvbit, clflush, hv
CPU Model and flags from /proc/cpuinfo:
model name	: Intel(R) Core(TM) i7-8665U CPU @ 1.90GHz
flags		: fpu vme de pse tsc msr pae mce cx8 apic sep mtrr pge mca cmov pat pse36 clflush mmx fxsr sse sse2 ht syscall nx rdtscp lm constant_tsc rep_good nopl xtopology nonstop_tsc eagerfpu pni ssse3 pcid sse4_1 sse4_2 hypervisor lahf_lm invpcid_single ibrs_enhanced fsgsbase invpcid md_clear flush_l1d arch_capabilities

Online cpus: 0
Offline cpus: 
BIOS frequency limitation: <Not Available>
Frequency switch latency (ns): <Not Available>
Available cpu frequencies: <Not Available>
Current governor: <Not Available>
Core performance/turbo boost: <Not Available>

Memory: 4k page, physical 3880392k(2799832k free), swap 1658876k(1658876k free)

vm_info: OpenJDK 64-Bit Server VM (16.0.2+7-67) for linux-amd64 JRE (16.0.2+7-67), built on Jun  8 2021 22:13:23 by "mach5one" with gcc 10.2.0

END.
