#
# A fatal error has been detected by the Java Runtime Environment:
#
#  SIGSEGV (0xb) at pc=0x0000000000000541, pid=1030, tid=1031
#
# JRE version: OpenJDK Runtime Environment (16.0.2+7) (build 16.0.2+7-67)
# Java VM: OpenJDK 64-Bit Server VM (16.0.2+7-67, mixed mode, sharing, tiered, compressed oops, compressed class ptrs, serial gc, linux-amd64)
# Problematic frame:
# C  0x0000000000000541
#
# No core dump will be written. Core dumps have been disabled. To enable core dumping, try "ulimit -c unlimited" before starting Java again
#
# If you would like to submit a bug report, please visit:
#   https://bugreport.java.com/bugreport/crash.jsp
# The crash happened outside the Java Virtual Machine in native code.
# See problematic frame for where to report the bug.
#

---------------  S U M M A R Y ------------

Command Line: -Djava.library.path=src/main/resources -Dfile.encoding=UTF-8 -Duser.country=AU -Duser.language=en -Duser.variant as2.app.Ivr

Host: Intel(R) Core(TM) i7-8665U CPU @ 1.90GHz, 1 cores, 3G, CentOS Linux release 7.9.2009 (Core)
Time: Thu Oct  7 19:22:10 2021 AEDT elapsed time: 300.761182 seconds (0d 0h 5m 0s)

---------------  T H R E A D  ---------------

Current thread (0x00007fa6bc0226d0):  JavaThread "main" [_thread_in_native, id=1031, stack(0x00007fa6c4fb4000,0x00007fa6c50b5000)]

Stack: [0x00007fa6c4fb4000,0x00007fa6c50b5000],  sp=0x00007fa6c50b3758,  free space=1021k
Native frames: (J=compiled Java code, A=aot compiled Java code, j=interpreted, Vv=VM code, C=native code)
C  0x0000000000000541

Java frames: (J=compiled Java code, j=interpreted, Vv=VM code)
j  org.pjsip.pjsua2.pjsua2JNI.Endpoint_libDestroy___SWIG_1(JLorg/pjsip/pjsua2/Endpoint;)V+0
j  org.pjsip.pjsua2.Endpoint.libDestroy_()V+5
j  org.pjsip.pjsua2.Endpoint.libDestroy()V+7
j  as2.app.Ivr.main([Ljava/lang/String;)V+197
v  ~StubRoutines::call_stub

siginfo: si_signo: 11 (SIGSEGV), si_code: 1 (SEGV_MAPERR), si_addr: 0x0000000000000541

Register to memory mapping:

RAX=0x00007fa69c17f3f0 points into unknown readable memory: 0x0000000000000000 | 00 00 00 00 00 00 00 00
RBX=0x0 is NULL
RCX=0x00007fa69c190160 points into unknown readable memory: 0x0000000000000000 | 00 00 00 00 00 00 00 00
RDX=0x00007fa69c185f70 points into unknown readable memory: 0x00007fa69c18fdc0 | c0 fd 18 9c a6 7f 00 00
RSP=0x00007fa6c50b3758 is pointing into the stack for thread: 0x00007fa6bc0226d0
RBP=0x00007fa6bc1322d0 points into unknown readable memory: 0x00007fa6c10f1a70 | 70 1a 0f c1 a6 7f 00 00
RSI=0x0 is NULL
RDI=0x00007fa69c18fdc0 points into unknown readable memory: 0x00007fa69c17f3f0 | f0 f3 17 9c a6 7f 00 00
R8 =0x0000000000000001 is an unknown value
R9 =0x0000000000000002 is an unknown value
R10=0x00007fa6c50b3310 is pointing into the stack for thread: 0x00007fa6bc0226d0
R11=0x00007fa6c0bf0d50: _ZN2pj5MediaD1Ev+0x0000000000000000 in /usr/local/lib/libpjsua2.so.2 at 0x00007fa6c0b97000
R12=0x0 is NULL
R13=0x00007fa6c207b8c8 is pointing into metadata
R14=0x00007fa6c50b38d8 is pointing into the stack for thread: 0x00007fa6bc0226d0
R15=0x00007fa6bc0226d0 is a thread


Registers:
RAX=0x00007fa69c17f3f0, RBX=0x0000000000000000, RCX=0x00007fa69c190160, RDX=0x00007fa69c185f70
RSP=0x00007fa6c50b3758, RBP=0x00007fa6bc1322d0, RSI=0x0000000000000000, RDI=0x00007fa69c18fdc0
R8 =0x0000000000000001, R9 =0x0000000000000002, R10=0x00007fa6c50b3310, R11=0x00007fa6c0bf0d50
R12=0x0000000000000000, R13=0x00007fa6c207b8c8, R14=0x00007fa6c50b38d8, R15=0x00007fa6bc0226d0
RIP=0x0000000000000541, EFLAGS=0x0000000000010206, CSGSFS=0x0000000000000033, ERR=0x0000000000000014
  TRAPNO=0x000000000000000e

Top of Stack: (sp=0x00007fa6c50b3758)
0x00007fa6c50b3758:   00007fa6c0bcd086 3feffe66a73f719b
0x00007fa6c50b3768:   0000000000000000 3f943b8ec16c0423
0x00007fa6c50b3778:   0000000000000000 00007fa6c50b37d0
0x00007fa6c50b3788:   00007fa6c3dfedb7 0000000000000000 

Instructions: (pc=0x0000000000000541)
0x0000000000000441:   ?? ?? ?? ?? ?? ?? ?? ?? ?? ?? ?? ?? ?? ?? ?? ??
0x0000000000000451:   ?? ?? ?? ?? ?? ?? ?? ?? ?? ?? ?? ?? ?? ?? ?? ??
0x0000000000000461:   ?? ?? ?? ?? ?? ?? ?? ?? ?? ?? ?? ?? ?? ?? ?? ??
0x0000000000000471:   ?? ?? ?? ?? ?? ?? ?? ?? ?? ?? ?? ?? ?? ?? ?? ??
0x0000000000000481:   ?? ?? ?? ?? ?? ?? ?? ?? ?? ?? ?? ?? ?? ?? ?? ??
0x0000000000000491:   ?? ?? ?? ?? ?? ?? ?? ?? ?? ?? ?? ?? ?? ?? ?? ??
0x00000000000004a1:   ?? ?? ?? ?? ?? ?? ?? ?? ?? ?? ?? ?? ?? ?? ?? ??
0x00000000000004b1:   ?? ?? ?? ?? ?? ?? ?? ?? ?? ?? ?? ?? ?? ?? ?? ??
0x00000000000004c1:   ?? ?? ?? ?? ?? ?? ?? ?? ?? ?? ?? ?? ?? ?? ?? ??
0x00000000000004d1:   ?? ?? ?? ?? ?? ?? ?? ?? ?? ?? ?? ?? ?? ?? ?? ??
0x00000000000004e1:   ?? ?? ?? ?? ?? ?? ?? ?? ?? ?? ?? ?? ?? ?? ?? ??
0x00000000000004f1:   ?? ?? ?? ?? ?? ?? ?? ?? ?? ?? ?? ?? ?? ?? ?? ??
0x0000000000000501:   ?? ?? ?? ?? ?? ?? ?? ?? ?? ?? ?? ?? ?? ?? ?? ??
0x0000000000000511:   ?? ?? ?? ?? ?? ?? ?? ?? ?? ?? ?? ?? ?? ?? ?? ??
0x0000000000000521:   ?? ?? ?? ?? ?? ?? ?? ?? ?? ?? ?? ?? ?? ?? ?? ??
0x0000000000000531:   ?? ?? ?? ?? ?? ?? ?? ?? ?? ?? ?? ?? ?? ?? ?? ??
0x0000000000000541:   ?? ?? ?? ?? ?? ?? ?? ?? ?? ?? ?? ?? ?? ?? ?? ??
0x0000000000000551:   ?? ?? ?? ?? ?? ?? ?? ?? ?? ?? ?? ?? ?? ?? ?? ??
0x0000000000000561:   ?? ?? ?? ?? ?? ?? ?? ?? ?? ?? ?? ?? ?? ?? ?? ??
0x0000000000000571:   ?? ?? ?? ?? ?? ?? ?? ?? ?? ?? ?? ?? ?? ?? ?? ??
0x0000000000000581:   ?? ?? ?? ?? ?? ?? ?? ?? ?? ?? ?? ?? ?? ?? ?? ??
0x0000000000000591:   ?? ?? ?? ?? ?? ?? ?? ?? ?? ?? ?? ?? ?? ?? ?? ??
0x00000000000005a1:   ?? ?? ?? ?? ?? ?? ?? ?? ?? ?? ?? ?? ?? ?? ?? ??
0x00000000000005b1:   ?? ?? ?? ?? ?? ?? ?? ?? ?? ?? ?? ?? ?? ?? ?? ??
0x00000000000005c1:   ?? ?? ?? ?? ?? ?? ?? ?? ?? ?? ?? ?? ?? ?? ?? ??
0x00000000000005d1:   ?? ?? ?? ?? ?? ?? ?? ?? ?? ?? ?? ?? ?? ?? ?? ??
0x00000000000005e1:   ?? ?? ?? ?? ?? ?? ?? ?? ?? ?? ?? ?? ?? ?? ?? ??
0x00000000000005f1:   ?? ?? ?? ?? ?? ?? ?? ?? ?? ?? ?? ?? ?? ?? ?? ??
0x0000000000000601:   ?? ?? ?? ?? ?? ?? ?? ?? ?? ?? ?? ?? ?? ?? ?? ??
0x0000000000000611:   ?? ?? ?? ?? ?? ?? ?? ?? ?? ?? ?? ?? ?? ?? ?? ??
0x0000000000000621:   ?? ?? ?? ?? ?? ?? ?? ?? ?? ?? ?? ?? ?? ?? ?? ??
0x0000000000000631:   ?? ?? ?? ?? ?? ?? ?? ?? ?? ?? ?? ?? ?? ?? ?? ?? 


Stack slot to memory mapping:
stack at sp + 0 slots: 0x00007fa6c0bcd086: _ZN2pj8Endpoint10libDestroyEj+0x0000000000000056 in /usr/local/lib/libpjsua2.so.2 at 0x00007fa6c0b97000
stack at sp + 1 slots: 0x3feffe66a73f719b is an unknown value
stack at sp + 2 slots: 0x0 is NULL
stack at sp + 3 slots: 0x3f943b8ec16c0423 is an unknown value
stack at sp + 4 slots: 0x0 is NULL
stack at sp + 5 slots: 0x00007fa6c50b37d0 is pointing into the stack for thread: 0x00007fa6bc0226d0
stack at sp + 6 slots: 0x00007fa6c3dfedb7: <offset 0x0000000000b99db7> in /root/jdk-16.0.2/lib/server/libjvm.so at 0x00007fa6c3265000
stack at sp + 7 slots: 0x0 is NULL


---------------  P R O C E S S  ---------------

Threads class SMR info:
_java_thread_list=0x00007fa698012da0, length=12, elements={
0x00007fa6bc0226d0, 0x00007fa6bc064550, 0x00007fa6bc065c20, 0x00007fa6bc06b780,
0x00007fa6bc06cda0, 0x00007fa6bc06e3b0, 0x00007fa6bc06ffa0, 0x00007fa6bc0716f0,
0x00007fa6bc072990, 0x00007fa6bc0ae110, 0x00007fa6bc0b2580, 0x00007fa69c355630
}

Java Threads: ( => current thread )
=>0x00007fa6bc0226d0 JavaThread "main" [_thread_in_native, id=1031, stack(0x00007fa6c4fb4000,0x00007fa6c50b5000)]
  0x00007fa6bc064550 JavaThread "Reference Handler" daemon [_thread_blocked, id=1033, stack(0x00007fa6c1aff000,0x00007fa6c1c00000)]
  0x00007fa6bc065c20 JavaThread "Finalizer" daemon [_thread_blocked, id=1034, stack(0x00007fa6c19fe000,0x00007fa6c1aff000)]
  0x00007fa6bc06b780 JavaThread "Signal Dispatcher" daemon [_thread_blocked, id=1035, stack(0x00007fa6c18fd000,0x00007fa6c19fe000)]
  0x00007fa6bc06cda0 JavaThread "Service Thread" daemon [_thread_blocked, id=1036, stack(0x00007fa6c17fc000,0x00007fa6c18fd000)]
  0x00007fa6bc06e3b0 JavaThread "Monitor Deflation Thread" daemon [_thread_blocked, id=1037, stack(0x00007fa6c16fb000,0x00007fa6c17fc000)]
  0x00007fa6bc06ffa0 JavaThread "C2 CompilerThread0" daemon [_thread_blocked, id=1038, stack(0x00007fa6c15fa000,0x00007fa6c16fb000)]
  0x00007fa6bc0716f0 JavaThread "C1 CompilerThread0" daemon [_thread_blocked, id=1039, stack(0x00007fa6c14f9000,0x00007fa6c15fa000)]
  0x00007fa6bc072990 JavaThread "Sweeper thread" daemon [_thread_blocked, id=1040, stack(0x00007fa6c13f8000,0x00007fa6c14f9000)]
  0x00007fa6bc0ae110 JavaThread "Notification Thread" daemon [_thread_blocked, id=1041, stack(0x00007fa6c12f7000,0x00007fa6c13f8000)]
  0x00007fa6bc0b2580 JavaThread "Common-Cleaner" daemon [_thread_blocked, id=1043, stack(0x00007fa6c10f4000,0x00007fa6c11f5000)]
  0x00007fa69c355630 JavaThread "HttpClient-2-SelectorManager" daemon [_thread_in_native, id=1209, stack(0x00007fa6811fe000,0x00007fa6812ff000)]

Other Threads:
  0x00007fa6bc060790 VMThread "VM Thread" [stack: 0x00007fa6c247e000,0x00007fa6c257e000] [id=1032]
  0x00007fa6bc0afce0 WatcherThread [stack: 0x00007fa6c11f7000,0x00007fa6c12f7000] [id=1042]

Threads with active compile tasks:

VM state: not at safepoint (normal execution)

VM Mutex/Monitor currently owned by a thread: None

Heap address: 0x00000000c4c00000, size: 948 MB, Compressed Oops mode: 32-bit

CDS archive(s) mapped at: [0x0000000800000000-0x0000000800bc1000-0x0000000800bc1000), size 12324864, SharedBaseAddress: 0x0000000800000000, ArchiveRelocationMode: 0.
Compressed class space mapped at: 0x0000000800c00000-0x0000000840c00000, reserved size: 1073741824
Narrow klass base: 0x0000000800000000, Narrow klass shift: 3, Narrow klass range: 0x100000000

GC Precious Log:
 CPUs: 1 total, 1 available
 Memory: 3789M
 Large Page Support: Disabled
 NUMA Support: Disabled
 Compressed Oops: Enabled (32-bit)
 Heap Min Capacity: 8M
 Heap Initial Capacity: 60M
 Heap Max Capacity: 948M
 Pre-touch: Disabled

Heap:
 def new generation   total 18496K, used 283K [0x00000000c4c00000, 0x00000000c6010000, 0x00000000d8800000)
  eden space 16448K,   1% used [0x00000000c4c00000, 0x00000000c4c46d90, 0x00000000c5c10000)
  from space 2048K,   0% used [0x00000000c5c10000, 0x00000000c5c10000, 0x00000000c5e10000)
  to   space 2048K,   0% used [0x00000000c5e10000, 0x00000000c5e10000, 0x00000000c6010000)
 tenured generation   total 40960K, used 4332K [0x00000000d8800000, 0x00000000db000000, 0x0000000100000000)
   the space 40960K,  10% used [0x00000000d8800000, 0x00000000d8c3b0f0, 0x00000000d8c3b200, 0x00000000db000000)
 Metaspace       used 12081K, committed 12288K, reserved 1064960K
  class space    used 1251K, committed 1344K, reserved 1048576K

Card table byte_map: [0x00007fa6c2797000,0x00007fa6c2972000] _byte_map_base: 0x00007fa6c2171000

Polling page: 0x00007fa6c50d4000

Metaspace:

Usage:
  Non-class:     10.58 MB used.
      Class:      1.22 MB used.
       Both:     11.80 MB used.

Virtual space:
  Non-class space:       16.00 MB reserved,      10.69 MB ( 67%) committed,  2 nodes.
      Class space:        1.00 GB reserved,       1.31 MB ( <1%) committed,  1 nodes.
              Both:        1.02 GB reserved,      12.00 MB (  1%) committed. 

Chunk freelists:
   Non-Class:  1.30 MB
       Class:  2.67 MB
        Both:  3.97 MB

MaxMetaspaceSize: 17179869184.00 GB
CompressedClassSpaceSize: 1.00 GB
 - commit_granule_bytes: 65536.
 - commit_granule_words: 8192.
 - virtual_space_node_default_size: 1048576.
 - enlarge_chunks_in_place: 1.
 - new_chunks_are_fully_committed: 0.
 - uncommit_free_chunks: 1.
 - use_allocation_guard: 0.
 - handle_deallocations: 1.


Internal statistics:

num_allocs_failed_limit: 0.
num_arena_births: 150.
num_arena_deaths: 0.
num_vsnodes_births: 3.
num_vsnodes_deaths: 0.
num_space_committed: 192.
num_space_uncommitted: 0.
num_chunks_returned_to_freelist: 0.
num_chunks_taken_from_freelist: 404.
num_chunk_merges: 0.
num_chunk_splits: 291.
num_chunks_enlarged: 229.
num_purges: 0.

CodeHeap 'non-profiled nmethods': size=120036Kb used=391Kb max_used=391Kb free=119644Kb
 bounds [0x00007fa6ad2a8000, 0x00007fa6ad518000, 0x00007fa6b47e1000]
CodeHeap 'profiled nmethods': size=120032Kb used=1939Kb max_used=1939Kb free=118092Kb
 bounds [0x00007fa6a5d70000, 0x00007fa6a5fe0000, 0x00007fa6ad2a8000]
CodeHeap 'non-nmethods': size=5692Kb used=1212Kb max_used=1231Kb free=4479Kb
 bounds [0x00007fa6a57e1000, 0x00007fa6a5a51000, 0x00007fa6a5d70000]
 total_blobs=1709 nmethods=1187 adapters=439
 compilation: enabled
              stopped_count=0, restarted_count=0
 full_count=0

Compilation events (20 events):
Event: 183.432 Thread 0x00007fa6bc0716f0 1182       3       java.nio.channels.spi.AbstractSelector::isOpen (13 bytes)
Event: 183.432 Thread 0x00007fa6bc0716f0 nmethod 1182 0x00007fa6a5f4d510 code [0x00007fa6a5f4d6a0, 0x00007fa6a5f4d810]
Event: 189.461 Thread 0x00007fa6bc0716f0 1183       3       sun.nio.ch.SelectorImpl::ensureOpen (16 bytes)
Event: 189.462 Thread 0x00007fa6bc0716f0 nmethod 1183 0x00007fa6a5f4d890 code [0x00007fa6a5f4da40, 0x00007fa6a5f4dcc0]
Event: 200.442 Thread 0x00007fa6bc0716f0 1184   !   3       sun.nio.ch.SelectorImpl::processDeregisterQueue (145 bytes)
Event: 200.443 Thread 0x00007fa6bc0716f0 nmethod 1184 0x00007fa6a5f4dd90 code [0x00007fa6a5f4e040, 0x00007fa6a5f4f220]
Event: 207.485 Thread 0x00007fa6bc0716f0 1185       3       java.util.AbstractMap::isEmpty (13 bytes)
Event: 207.486 Thread 0x00007fa6bc0716f0 nmethod 1185 0x00007fa6a5f4f910 code [0x00007fa6a5f4fac0, 0x00007fa6a5f4fce0]
Event: 207.486 Thread 0x00007fa6bc0716f0 1186       1       jdk.internal.net.http.ConnectionPool$ExpiryList::purgeMaybeRequired (5 bytes)
Event: 207.487 Thread 0x00007fa6bc0716f0 nmethod 1186 0x00007fa6ad309a10 code [0x00007fa6ad309ba0, 0x00007fa6ad309c70]
Event: 212.475 Thread 0x00007fa6bc0716f0 1187       3       java.nio.channels.spi.AbstractInterruptibleChannel::blockedOn (10 bytes)
Event: 212.476 Thread 0x00007fa6bc0716f0 nmethod 1187 0x00007fa6a5f4fd90 code [0x00007fa6a5f4ff40, 0x00007fa6a5f50180]
Event: 212.476 Thread 0x00007fa6bc0716f0 1188       3       java.lang.System$2::blockedOn (5 bytes)
Event: 212.476 Thread 0x00007fa6bc0716f0 nmethod 1188 0x00007fa6a5f50290 code [0x00007fa6a5f50440, 0x00007fa6a5f50580]
Event: 216.497 Thread 0x00007fa6bc0716f0 1189       3       jdk.internal.net.http.HttpClientImpl::facade (11 bytes)
Event: 216.498 Thread 0x00007fa6bc0716f0 nmethod 1189 0x00007fa6a5f50610 code [0x00007fa6a5f507c0, 0x00007fa6a5f50a70]
Event: 218.489 Thread 0x00007fa6bc0716f0 1190       3       jdk.internal.net.http.HttpClientImpl::isReferenced (24 bytes)
Event: 218.490 Thread 0x00007fa6bc0716f0 nmethod 1190 0x00007fa6a5f50b90 code [0x00007fa6a5f50d60, 0x00007fa6a5f51190]
Event: 218.490 Thread 0x00007fa6bc0716f0 1191   !   3       jdk.internal.net.http.HttpClientImpl::purgeTimeoutsAndReturnNextDeadline (326 bytes)
Event: 218.492 Thread 0x00007fa6bc0716f0 nmethod 1191 0x00007fa6a5f51310 code [0x00007fa6a5f51740, 0x00007fa6a5f53e80]

GC Heap History (6 events):
Event: 20.147 GC heap before
{Heap before GC invocations=0 (full 0):
 def new generation   total 18432K, used 16384K [0x00000000c4c00000, 0x00000000c6000000, 0x00000000d8800000)
  eden space 16384K, 100% used [0x00000000c4c00000, 0x00000000c5c00000, 0x00000000c5c00000)
  from space 2048K,   0% used [0x00000000c5c00000, 0x00000000c5c00000, 0x00000000c5e00000)
  to   space 2048K,   0% used [0x00000000c5e00000, 0x00000000c5e00000, 0x00000000c6000000)
 tenured generation   total 40960K, used 0K [0x00000000d8800000, 0x00000000db000000, 0x0000000100000000)
   the space 40960K,   0% used [0x00000000d8800000, 0x00000000d8800000, 0x00000000d8800200, 0x00000000db000000)
 Metaspace       used 6234K, committed 6464K, reserved 1056768K
  class space    used 599K, committed 704K, reserved 1048576K
}
Event: 20.159 GC heap after
{Heap after GC invocations=1 (full 0):
 def new generation   total 18432K, used 2048K [0x00000000c4c00000, 0x00000000c6000000, 0x00000000d8800000)
  eden space 16384K,   0% used [0x00000000c4c00000, 0x00000000c4c00000, 0x00000000c5c00000)
  from space 2048K, 100% used [0x00000000c5e00000, 0x00000000c6000000, 0x00000000c6000000)
  to   space 2048K,   0% used [0x00000000c5c00000, 0x00000000c5c00000, 0x00000000c5e00000)
 tenured generation   total 40960K, used 745K [0x00000000d8800000, 0x00000000db000000, 0x0000000100000000)
   the space 40960K,   1% used [0x00000000d8800000, 0x00000000d88ba748, 0x00000000d88ba800, 0x00000000db000000)
 Metaspace       used 6234K, committed 6464K, reserved 1056768K
  class space    used 599K, committed 704K, reserved 1048576K
}
Event: 23.078 GC heap before
{Heap before GC invocations=1 (full 0):
 def new generation   total 18432K, used 18432K [0x00000000c4c00000, 0x00000000c6000000, 0x00000000d8800000)
  eden space 16384K, 100% used [0x00000000c4c00000, 0x00000000c5c00000, 0x00000000c5c00000)
  from space 2048K, 100% used [0x00000000c5e00000, 0x00000000c6000000, 0x00000000c6000000)
  to   space 2048K,   0% used [0x00000000c5c00000, 0x00000000c5c00000, 0x00000000c5e00000)
 tenured generation   total 40960K, used 745K [0x00000000d8800000, 0x00000000db000000, 0x0000000100000000)
   the space 40960K,   1% used [0x00000000d8800000, 0x00000000d88ba748, 0x00000000d88ba800, 0x00000000db000000)
 Metaspace       used 10287K, committed 10432K, reserved 1064960K
  class space    used 1023K, committed 1088K, reserved 1048576K
}
Event: 23.086 GC heap after
{Heap after GC invocations=2 (full 0):
 def new generation   total 18432K, used 1221K [0x00000000c4c00000, 0x00000000c6000000, 0x00000000d8800000)
  eden space 16384K,   0% used [0x00000000c4c00000, 0x00000000c4c00000, 0x00000000c5c00000)
  from space 2048K,  59% used [0x00000000c5c00000, 0x00000000c5d31588, 0x00000000c5e00000)
  to   space 2048K,   0% used [0x00000000c5e00000, 0x00000000c5e00000, 0x00000000c6000000)
 tenured generation   total 40960K, used 2776K [0x00000000d8800000, 0x00000000db000000, 0x0000000100000000)
   the space 40960K,   6% used [0x00000000d8800000, 0x00000000d8ab63d8, 0x00000000d8ab6400, 0x00000000db000000)
 Metaspace       used 10287K, committed 10432K, reserved 1064960K
  class space    used 1023K, committed 1088K, reserved 1048576K
}
Event: 300.632 GC heap before
{Heap before GC invocations=2 (full 0):
 def new generation   total 18432K, used 7267K [0x00000000c4c00000, 0x00000000c6000000, 0x00000000d8800000)
  eden space 16384K,  36% used [0x00000000c4c00000, 0x00000000c51e7a38, 0x00000000c5c00000)
  from space 2048K,  59% used [0x00000000c5c00000, 0x00000000c5d31588, 0x00000000c5e00000)
  to   space 2048K,   0% used [0x00000000c5e00000, 0x00000000c5e00000, 0x00000000c6000000)
 tenured generation   total 40960K, used 2776K [0x00000000d8800000, 0x00000000db000000, 0x0000000100000000)
   the space 40960K,   6% used [0x00000000d8800000, 0x00000000d8ab63d8, 0x00000000d8ab6400, 0x00000000db000000)
 Metaspace       used 12074K, committed 12288K, reserved 1064960K
  class space    used 1248K, committed 1344K, reserved 1048576K
}
Event: 300.750 GC heap after
{Heap after GC invocations=3 (full 1):
 def new generation   total 18496K, used 0K [0x00000000c4c00000, 0x00000000c6010000, 0x00000000d8800000)
  eden space 16448K,   0% used [0x00000000c4c00000, 0x00000000c4c00000, 0x00000000c5c10000)
  from space 2048K,   0% used [0x00000000c5c10000, 0x00000000c5c10000, 0x00000000c5e10000)
  to   space 2048K,   0% used [0x00000000c5e10000, 0x00000000c5e10000, 0x00000000c6010000)
 tenured generation   total 40960K, used 4332K [0x00000000d8800000, 0x00000000db000000, 0x0000000100000000)
   the space 40960K,  10% used [0x00000000d8800000, 0x00000000d8c3b0f0, 0x00000000d8c3b200, 0x00000000db000000)
 Metaspace       used 12074K, committed 12288K, reserved 1064960K
  class space    used 1248K, committed 1344K, reserved 1048576K
}

Deoptimization events (20 events):
Event: 23.066 Thread 0x00007fa69c1398c0 Uncommon trap: trap_request=0xffffffde fr.pc=0x00007fa6ad2f4544 relative=0x0000000000000aa4
Event: 23.066 Thread 0x00007fa69c1398c0 Uncommon trap: reason=class_check action=maybe_recompile pc=0x00007fa6ad2f4544 method=java.util.concurrent.ConcurrentHashMap.putVal(Ljava/lang/Object;Ljava/lang/Object;Z)Ljava/lang/Object; @ 159 c2
Event: 23.066 Thread 0x00007fa69c1398c0 DEOPT PACKING pc=0x00007fa6ad2f4544 sp=0x00007fa682556490
Event: 23.066 Thread 0x00007fa69c1398c0 DEOPT UNPACKING pc=0x00007fa6a582e11e sp=0x00007fa682556410 mode 2
Event: 23.930 Thread 0x00007fa69c17f400 Uncommon trap: trap_request=0xffffff45 fr.pc=0x00007fa6ad2d2700 relative=0x00000000000008e0
Event: 23.930 Thread 0x00007fa69c17f400 Uncommon trap: reason=unstable_if action=reinterpret pc=0x00007fa6ad2d2700 method=java.util.HashMap.putVal(ILjava/lang/Object;Ljava/lang/Object;ZZ)Ljava/lang/Object; @ 236 c2
Event: 23.930 Thread 0x00007fa69c17f400 DEOPT PACKING pc=0x00007fa6ad2d2700 sp=0x00007fa6c01945b0
Event: 23.930 Thread 0x00007fa69c17f400 DEOPT UNPACKING pc=0x00007fa6a582e11e sp=0x00007fa6c0194588 mode 2
Event: 300.751 Thread 0x00007fa69c17f400 Uncommon trap: trap_request=0xffffffde fr.pc=0x00007fa6ad2f4544 relative=0x0000000000000aa4
Event: 300.751 Thread 0x00007fa69c17f400 Uncommon trap: reason=class_check action=maybe_recompile pc=0x00007fa6ad2f4544 method=java.util.concurrent.ConcurrentHashMap.putVal(Ljava/lang/Object;Ljava/lang/Object;Z)Ljava/lang/Object; @ 159 c2
Event: 300.751 Thread 0x00007fa69c17f400 DEOPT PACKING pc=0x00007fa6ad2f4544 sp=0x00007fa6c0193b30
Event: 300.751 Thread 0x00007fa69c17f400 DEOPT UNPACKING pc=0x00007fa6a582e11e sp=0x00007fa6c0193ab0 mode 2
Event: 300.751 Thread 0x00007fa69c17f400 Uncommon trap: trap_request=0xffffffde fr.pc=0x00007fa6ad2f4544 relative=0x0000000000000aa4
Event: 300.751 Thread 0x00007fa69c17f400 Uncommon trap: reason=class_check action=maybe_recompile pc=0x00007fa6ad2f4544 method=java.util.concurrent.ConcurrentHashMap.putVal(Ljava/lang/Object;Ljava/lang/Object;Z)Ljava/lang/Object; @ 159 c2
Event: 300.751 Thread 0x00007fa69c17f400 DEOPT PACKING pc=0x00007fa6ad2f4544 sp=0x00007fa6c0193cc0
Event: 300.751 Thread 0x00007fa69c17f400 DEOPT UNPACKING pc=0x00007fa6a582e11e sp=0x00007fa6c0193c40 mode 2
Event: 300.751 Thread 0x00007fa69c17f400 Uncommon trap: trap_request=0xffffffde fr.pc=0x00007fa6ad2f4544 relative=0x0000000000000aa4
Event: 300.751 Thread 0x00007fa69c17f400 Uncommon trap: reason=class_check action=maybe_recompile pc=0x00007fa6ad2f4544 method=java.util.concurrent.ConcurrentHashMap.putVal(Ljava/lang/Object;Ljava/lang/Object;Z)Ljava/lang/Object; @ 159 c2
Event: 300.751 Thread 0x00007fa69c17f400 DEOPT PACKING pc=0x00007fa6ad2f4544 sp=0x00007fa6c0193de0
Event: 300.751 Thread 0x00007fa69c17f400 DEOPT UNPACKING pc=0x00007fa6a582e11e sp=0x00007fa6c0193d60 mode 2

Classes unloaded (0 events):
No events

Classes redefined (0 events):
No events

Internal exceptions (20 events):
Event: 18.112 Thread 0x00007fa69c01f560 Exception <a 'java/lang/NoSuchMethodError'{0x00000000c4f2b6b8}: 'int java.lang.invoke.DirectMethodHandle$Holder.invokeStaticInit(java.lang.Object, java.lang.Object, java.lang.Object)'> (0x00000000c4f2b6b8) 
thrown [open/src/hotspot/share/interpreter/linkResolver.cpp, line 789]
Event: 18.183 Thread 0x00007fa69c01f560 Exception <a 'java/lang/NoSuchMethodError'{0x00000000c4f40260}: 'int java.lang.invoke.DirectMethodHandle$Holder.invokeSpecial(java.lang.Object, java.lang.Object, java.lang.Object)'> (0x00000000c4f40260) 
thrown [open/src/hotspot/share/interpreter/linkResolver.cpp, line 789]
Event: 18.184 Thread 0x00007fa69c01f560 Exception <a 'java/lang/NoSuchMethodError'{0x00000000c4f46700}: 'int java.lang.invoke.DirectMethodHandle$Holder.invokeStaticInit(java.lang.Object, java.lang.Object)'> (0x00000000c4f46700) 
thrown [open/src/hotspot/share/interpreter/linkResolver.cpp, line 789]
Event: 18.185 Thread 0x00007fa69c01f560 Exception <a 'java/lang/NoSuchMethodError'{0x00000000c4f4c940}: 'int java.lang.invoke.DirectMethodHandle$Holder.invokeSpecialIFC(java.lang.Object, java.lang.Object, java.lang.Object)'> (0x00000000c4f4c940) 
thrown [open/src/hotspot/share/interpreter/linkResolver.cpp, line 789]
Event: 18.268 Thread 0x00007fa69c01f560 Exception <a 'java/lang/NoSuchMethodError'{0x00000000c4f869d8}: 'void java.lang.invoke.DirectMethodHandle$Holder.invokeSpecial(java.lang.Object, java.lang.Object, java.lang.Object)'> (0x00000000c4f869d8) 
thrown [open/src/hotspot/share/interpreter/linkResolver.cpp, line 789]
Event: 18.654 Thread 0x00007fa69c01f560 Exception <a 'java/lang/NoSuchMethodError'{0x00000000c513f7b0}: 'int java.lang.invoke.DirectMethodHandle$Holder.invokeStaticInit(java.lang.Object, java.lang.Object, java.lang.Object, java.lang.Object)'> (0x00000000c513f7b0) 
thrown [open/src/hotspot/share/interpreter/linkResolver.cpp, line 789]
Event: 18.681 Thread 0x00007fa69c01f560 Exception <a 'java/lang/NoSuchMethodError'{0x00000000c5149808}: 'java.lang.Object java.lang.invoke.DirectMethodHandle$Holder.invokeInterface(java.lang.Object, java.lang.Object)'> (0x00000000c5149808) 
thrown [open/src/hotspot/share/interpreter/linkResolver.cpp, line 789]
Event: 18.681 Thread 0x00007fa69c01f560 Exception <a 'java/lang/IncompatibleClassChangeError'{0x00000000c514d200}: Found class java.lang.Object, but interface was expected> (0x00000000c514d200) 
thrown [open/src/hotspot/share/interpreter/linkResolver.cpp, line 857]
Event: 18.682 Thread 0x00007fa69c01f560 Exception <a 'java/lang/NoSuchMethodError'{0x00000000c5150630}: 'void java.lang.invoke.DirectMethodHandle$Holder.invokeStatic(java.lang.Object, java.lang.Object)'> (0x00000000c5150630) 
thrown [open/src/hotspot/share/interpreter/linkResolver.cpp, line 789]
Event: 18.682 Thread 0x00007fa69c01f560 Exception <a 'java/lang/NoSuchMethodError'{0x00000000c5154150}: 'void java.lang.invoke.DirectMethodHandle$Holder.invokeStaticInit(java.lang.Object, java.lang.Object)'> (0x00000000c5154150) 
thrown [open/src/hotspot/share/interpreter/linkResolver.cpp, line 789]
Event: 19.021 Thread 0x00007fa69c01f560 Exception <a 'java/lang/NoSuchMethodError'{0x00000000c535a3b8}: 'java.lang.Object java.lang.invoke.DirectMethodHandle$Holder.invokeStatic(java.lang.Object)'> (0x00000000c535a3b8) 
thrown [open/src/hotspot/share/interpreter/linkResolver.cpp, line 789]
Event: 19.054 Thread 0x00007fa69c01f560 Implicit null exception at 0x00007fa6ad2d0475 to 0x00007fa6ad2d0a30
