#
# A fatal error has been detected by the Java Runtime Environment:
#
#  SIGSEGV (0xb) at pc=0x0000000000000021, pid=30436, tid=30437
#
# JRE version: OpenJDK Runtime Environment (16.0.2+7) (build 16.0.2+7-67)
# Java VM: OpenJDK 64-Bit Server VM (16.0.2+7-67, mixed mode, sharing, tiered, compressed oops, compressed class ptrs, serial gc, linux-amd64)
# Problematic frame:
# C  0x0000000000000021
#
# No core dump will be written. Core dumps have been disabled. To enable core dumping, try "ulimit -c unlimited" before starting Java again
#
# If you would like to submit a bug report, please visit:
#   https://bugreport.java.com/bugreport/crash.jsp
# The crash happened outside the Java Virtual Machine in native code.
# See problematic frame for where to report the bug.
#

---------------  S U M M A R Y ------------

Command Line: -Djava.library.path=src/main/resources -Dfile.encoding=UTF-8 -Duser.country=AU -Duser.language=en -Duser.variant as2.app.Ivr

Host: Intel(R) Core(TM) i7-8665U CPU @ 1.90GHz, 1 cores, 3G, CentOS Linux release 7.9.2009 (Core)
Time: Sat Oct  9 09:05:27 2021 AEDT elapsed time: 300.612682 seconds (0d 0h 5m 0s)

---------------  T H R E A D  ---------------

Current thread (0x00007f71740226d0):  JavaThread "main" [_thread_in_native, id=30437, stack(0x00007f717a0bc000,0x00007f717a1bd000)]

Stack: [0x00007f717a0bc000,0x00007f717a1bd000],  sp=0x00007f717a1bb758,  free space=1021k
Native frames: (J=compiled Java code, A=aot compiled Java code, j=interpreted, Vv=VM code, C=native code)
C  0x0000000000000021

Java frames: (J=compiled Java code, j=interpreted, Vv=VM code)
j  org.pjsip.pjsua2.pjsua2JNI.Endpoint_libDestroy___SWIG_1(JLorg/pjsip/pjsua2/Endpoint;)V+0
j  org.pjsip.pjsua2.Endpoint.libDestroy_()V+5
j  org.pjsip.pjsua2.Endpoint.libDestroy()V+7
j  as2.app.Ivr.main([Ljava/lang/String;)V+197
v  ~StubRoutines::call_stub

siginfo: si_signo: 11 (SIGSEGV), si_code: 1 (SEGV_MAPERR), si_addr: 0x0000000000000021

Register to memory mapping:

RAX=0x00007f7154351600 points into unknown readable memory: 0x0100060001000400 | 00 04 00 01 00 06 00 01
RBX=0x0 is NULL
RCX=0x00007f715418fca0 points into unknown readable memory: 0x0000000000000000 | 00 00 00 00 00 00 00 00
RDX=0x00007f7154186080 points into unknown readable memory: 0x00007f715418fcb0 | b0 fc 18 54 71 7f 00 00
RSP=0x00007f717a1bb758 is pointing into the stack for thread: 0x00007f71740226d0
RBP=0x00007f7174132b20 points into unknown readable memory: 0x00007f71493b2a70 | 70 2a 3b 49 71 7f 00 00
RSI=0x0 is NULL
RDI=0x00007f715418fcb0 points into unknown readable memory: 0x00007f7154351600 | 00 16 35 54 71 7f 00 00
R8 =0x0000000000000001 is an unknown value
R9 =0x0000000000000002 is an unknown value
R10=0x00007f717a1bb310 is pointing into the stack for thread: 0x00007f71740226d0
R11=0x00007f7148eb1d50: _ZN2pj5MediaD1Ev+0x0000000000000000 in /usr/local/lib/libpjsua2.so.2 at 0x00007f7148e58000
R12=0x0 is NULL
R13=0x00007f715c87b8c8 is pointing into metadata
R14=0x00007f717a1bb8d8 is pointing into the stack for thread: 0x00007f71740226d0
R15=0x00007f71740226d0 is a thread


Registers:
RAX=0x00007f7154351600, RBX=0x0000000000000000, RCX=0x00007f715418fca0, RDX=0x00007f7154186080
RSP=0x00007f717a1bb758, RBP=0x00007f7174132b20, RSI=0x0000000000000000, RDI=0x00007f715418fcb0
R8 =0x0000000000000001, R9 =0x0000000000000002, R10=0x00007f717a1bb310, R11=0x00007f7148eb1d50
R12=0x0000000000000000, R13=0x00007f715c87b8c8, R14=0x00007f717a1bb8d8, R15=0x00007f71740226d0
RIP=0x0000000000000021, EFLAGS=0x0000000000010202, CSGSFS=0x0000000000000033, ERR=0x0000000000000014
  TRAPNO=0x000000000000000e

Top of Stack: (sp=0x00007f717a1bb758)
0x00007f717a1bb758:   00007f7148e8e086 3feffe66a73f719b
0x00007f717a1bb768:   0000000000000000 3f943b8ec16c0423
0x00007f717a1bb778:   0000000000000000 00007f717a1bb7d0
0x00007f717a1bb788:   00007f7178f06db7 0000000000000000 

Instructions: (pc=0x0000000000000021)
0xffffffffffffff21:   


Stack slot to memory mapping:
stack at sp + 0 slots: 0x00007f7148e8e086: _ZN2pj8Endpoint10libDestroyEj+0x0000000000000056 in /usr/local/lib/libpjsua2.so.2 at 0x00007f7148e58000
stack at sp + 1 slots: 0x3feffe66a73f719b is an unknown value
stack at sp + 2 slots: 0x0 is NULL
stack at sp + 3 slots: 0x3f943b8ec16c0423 is an unknown value
stack at sp + 4 slots: 0x0 is NULL
stack at sp + 5 slots: 0x00007f717a1bb7d0 is pointing into the stack for thread: 0x00007f71740226d0
stack at sp + 6 slots: 0x00007f7178f06db7: <offset 0x0000000000b99db7> in /root/jdk-16.0.2/lib/server/libjvm.so at 0x00007f717836d000
stack at sp + 7 slots: 0x0 is NULL


---------------  P R O C E S S  ---------------

Threads class SMR info:
_java_thread_list=0x00007f71542f3290, length=12, elements={
0x00007f71740226d0, 0x00007f7174064550, 0x00007f7174065c20, 0x00007f717406b780,
0x00007f717406cda0, 0x00007f717406e3b0, 0x00007f717406ffa0, 0x00007f71740716f0,
0x00007f7174072990, 0x00007f71740ae960, 0x00007f71740b2dd0, 0x00007f715417f1b0
}

Java Threads: ( => current thread )
=>0x00007f71740226d0 JavaThread "main" [_thread_in_native, id=30437, stack(0x00007f717a0bc000,0x00007f717a1bd000)]
  0x00007f7174064550 JavaThread "Reference Handler" daemon [_thread_blocked, id=30442, stack(0x00007f715cc54000,0x00007f715cd55000)]
  0x00007f7174065c20 JavaThread "Finalizer" daemon [_thread_blocked, id=30443, stack(0x00007f715c2ff000,0x00007f715c400000)]
  0x00007f717406b780 JavaThread "Signal Dispatcher" daemon [_thread_blocked, id=30444, stack(0x00007f715c1fe000,0x00007f715c2ff000)]
  0x00007f717406cda0 JavaThread "Service Thread" daemon [_thread_blocked, id=30445, stack(0x00007f715c0fd000,0x00007f715c1fe000)]
  0x00007f717406e3b0 JavaThread "Monitor Deflation Thread" daemon [_thread_blocked, id=30446, stack(0x00007f71499bc000,0x00007f7149abd000)]
  0x00007f717406ffa0 JavaThread "C2 CompilerThread0" daemon [_thread_blocked, id=30447, stack(0x00007f71498bb000,0x00007f71499bc000)]
  0x00007f71740716f0 JavaThread "C1 CompilerThread0" daemon [_thread_blocked, id=30448, stack(0x00007f71497ba000,0x00007f71498bb000)]
  0x00007f7174072990 JavaThread "Sweeper thread" daemon [_thread_blocked, id=30449, stack(0x00007f71496b9000,0x00007f71497ba000)]
  0x00007f71740ae960 JavaThread "Notification Thread" daemon [_thread_blocked, id=30450, stack(0x00007f71495b8000,0x00007f71496b9000)]
  0x00007f71740b2dd0 JavaThread "Common-Cleaner" daemon [_thread_blocked, id=30452, stack(0x00007f71493b5000,0x00007f71494b6000)]
  0x00007f715417f1b0 JavaThread "HttpClient-1-SelectorManager" daemon [_thread_in_native, id=30503, stack(0x00007f7132efd000,0x00007f7132ffe000)]

Other Threads:
  0x00007f7174060790 VMThread "VM Thread" [stack: 0x00007f715cd57000,0x00007f715ce57000] [id=30441]
  0x00007f71740b0530 WatcherThread [stack: 0x00007f71494b8000,0x00007f71495b8000] [id=30451]

Threads with active compile tasks:

VM state: not at safepoint (normal execution)

VM Mutex/Monitor currently owned by a thread: None

Heap address: 0x00000000c4c00000, size: 948 MB, Compressed Oops mode: 32-bit

CDS archive(s) mapped at: [0x0000000800000000-0x0000000800bc1000-0x0000000800bc1000), size 12324864, SharedBaseAddress: 0x0000000800000000, ArchiveRelocationMode: 0.
Compressed class space mapped at: 0x0000000800c00000-0x0000000840c00000, reserved size: 1073741824
Narrow klass base: 0x0000000800000000, Narrow klass shift: 3, Narrow klass range: 0x100000000

GC Precious Log:
 CPUs: 1 total, 1 available
 Memory: 3789M
 Large Page Support: Disabled
 NUMA Support: Disabled
 Compressed Oops: Enabled (32-bit)
 Heap Min Capacity: 8M
 Heap Initial Capacity: 60M
 Heap Max Capacity: 948M
 Pre-touch: Disabled

Heap:
 def new generation   total 18496K, used 176K [0x00000000c4c00000, 0x00000000c6010000, 0x00000000d8800000)
  eden space 16448K,   1% used [0x00000000c4c00000, 0x00000000c4c2c1c0, 0x00000000c5c10000)
  from space 2048K,   0% used [0x00000000c5c10000, 0x00000000c5c10000, 0x00000000c5e10000)
  to   space 2048K,   0% used [0x00000000c5e10000, 0x00000000c5e10000, 0x00000000c6010000)
 tenured generation   total 40960K, used 4237K [0x00000000d8800000, 0x00000000db000000, 0x0000000100000000)
   the space 40960K,  10% used [0x00000000d8800000, 0x00000000d8c23478, 0x00000000d8c23600, 0x00000000db000000)
 Metaspace       used 11764K, committed 12032K, reserved 1064960K
  class space    used 1210K, committed 1344K, reserved 1048576K

Card table byte_map: [0x00007f715d015000,0x00007f715d1f0000] _byte_map_base: 0x00007f715c9ef000

Polling page: 0x00007f717a1dc000

Metaspace:

Usage:
  Non-class:     10.31 MB used.
      Class:      1.18 MB used.
       Both:     11.49 MB used.

Virtual space:
  Non-class space:       16.00 MB reserved,      10.44 MB ( 65%) committed,  2 nodes.
      Class space:        1.00 GB reserved,       1.31 MB ( <1%) committed,  1 nodes.
              Both:        1.02 GB reserved,      11.75 MB (  1%) committed. 

Chunk freelists:
   Non-Class:  1.41 MB
       Class:  2.67 MB
        Both:  4.08 MB

MaxMetaspaceSize: 17179869184.00 GB
CompressedClassSpaceSize: 1.00 GB
 - commit_granule_bytes: 65536.
 - commit_granule_words: 8192.
 - virtual_space_node_default_size: 1048576.
 - enlarge_chunks_in_place: 1.
 - new_chunks_are_fully_committed: 0.
 - uncommit_free_chunks: 1.
 - use_allocation_guard: 0.
 - handle_deallocations: 1.


Internal statistics:

num_allocs_failed_limit: 0.
num_arena_births: 138.
num_arena_deaths: 0.
num_vsnodes_births: 3.
num_vsnodes_deaths: 0.
num_space_committed: 188.
num_space_uncommitted: 0.
num_chunks_returned_to_freelist: 0.
num_chunks_taken_from_freelist: 394.
num_chunk_merges: 0.
num_chunk_splits: 277.
num_chunks_enlarged: 218.
num_purges: 0.

CodeHeap 'non-profiled nmethods': size=120036Kb used=366Kb max_used=366Kb free=119669Kb
 bounds [0x00007f7164e8d000, 0x00007f71650fd000, 0x00007f716c3c6000]
CodeHeap 'profiled nmethods': size=120032Kb used=1650Kb max_used=1650Kb free=118381Kb
 bounds [0x00007f715d955000, 0x00007f715dbc5000, 0x00007f7164e8d000]
CodeHeap 'non-nmethods': size=5692Kb used=1208Kb max_used=1224Kb free=4483Kb
 bounds [0x00007f715d3c6000, 0x00007f715d636000, 0x00007f715d955000]
 total_blobs=1597 nmethods=1079 adapters=435
 compilation: enabled
              stopped_count=0, restarted_count=0
 full_count=0

Compilation events (20 events):
Event: 15.532 Thread 0x00007f71740716f0 1074       3       jdk.internal.org.objectweb.asm.ByteVector::enlarge (51 bytes)
Event: 15.532 Thread 0x00007f71740716f0 nmethod 1074 0x00007f715daee310 code [0x00007f715daee4c0, 0x00007f715daee7a0]
Event: 15.532 Thread 0x00007f71740716f0 1075       3       jdk.internal.org.objectweb.asm.Label::resolve (219 bytes)
Event: 15.533 Thread 0x00007f71740716f0 nmethod 1075 0x00007f715daee890 code [0x00007f715daeea80, 0x00007f715daeefb0]
Event: 39.562 Thread 0x00007f71740716f0 1076       1       jdk.internal.net.http.common.DebugLogger::on (5 bytes)
Event: 39.562 Thread 0x00007f71740716f0 nmethod 1076 0x00007f7164ee8290 code [0x00007f7164ee8420, 0x00007f7164ee84f0]
Event: 41.509 Thread 0x00007f71740716f0 1077       3       sun.invoke.util.VerifyAccess::isTypeVisible (47 bytes)
Event: 41.509 Thread 0x00007f71740716f0 nmethod 1077 0x00007f715daef290 code [0x00007f715daef480, 0x00007f715daef890]
Event: 41.509 Thread 0x00007f71740716f0 1078       3       java.lang.invoke.LambdaForm::prepare (112 bytes)
Event: 41.510 Thread 0x00007f71740716f0 nmethod 1078 0x00007f715daefa90 code [0x00007f715daefcc0, 0x00007f715daf0490]
Event: 41.510 Thread 0x00007f71740716f0 1079       3       java.lang.invoke.MethodHandle::<init> (37 bytes)
Event: 41.510 Thread 0x00007f71740716f0 nmethod 1079 0x00007f715daf0790 code [0x00007f715daf09a0, 0x00007f715daf0e70]
Event: 41.520 Thread 0x00007f71740716f0 1080       3       jdk.internal.access.SharedSecrets::getJavaLangAccess (4 bytes)
Event: 41.520 Thread 0x00007f71740716f0 nmethod 1080 0x00007f715daf1090 code [0x00007f715daf1220, 0x00007f715daf1310]
Event: 155.718 Thread 0x00007f71740716f0 1081       3       java.util.ArrayList::clear (43 bytes)
Event: 155.719 Thread 0x00007f71740716f0 nmethod 1081 0x00007f715daf1390 code [0x00007f715daf1540, 0x00007f715daf1890]
Event: 170.769 Thread 0x00007f71740716f0 1082       1       java.lang.Thread::isInterrupted (5 bytes)
Event: 170.769 Thread 0x00007f71740716f0 nmethod 1082 0x00007f7164ee8590 code [0x00007f7164ee8720, 0x00007f7164ee87f0]
Event: 185.796 Thread 0x00007f71740716f0 1083       1       java.util.TreeMap::size (5 bytes)
Event: 185.796 Thread 0x00007f71740716f0 nmethod 1083 0x00007f7164ee8890 code [0x00007f7164ee8a20, 0x00007f7164ee8af0]

GC Heap History (6 events):
Event: 14.113 GC heap before
{Heap before GC invocations=0 (full 0):
 def new generation   total 18432K, used 16384K [0x00000000c4c00000, 0x00000000c6000000, 0x00000000d8800000)
  eden space 16384K, 100% used [0x00000000c4c00000, 0x00000000c5c00000, 0x00000000c5c00000)
  from space 2048K,   0% used [0x00000000c5c00000, 0x00000000c5c00000, 0x00000000c5e00000)
  to   space 2048K,   0% used [0x00000000c5e00000, 0x00000000c5e00000, 0x00000000c6000000)
 tenured generation   total 40960K, used 0K [0x00000000d8800000, 0x00000000db000000, 0x0000000100000000)
   the space 40960K,   0% used [0x00000000d8800000, 0x00000000d8800000, 0x00000000d8800200, 0x00000000db000000)
 Metaspace       used 6255K, committed 6464K, reserved 1056768K
  class space    used 605K, committed 704K, reserved 1048576K
}
Event: 14.120 GC heap after
{Heap after GC invocations=1 (full 0):
 def new generation   total 18432K, used 2048K [0x00000000c4c00000, 0x00000000c6000000, 0x00000000d8800000)
  eden space 16384K,   0% used [0x00000000c4c00000, 0x00000000c4c00000, 0x00000000c5c00000)
  from space 2048K, 100% used [0x00000000c5e00000, 0x00000000c6000000, 0x00000000c6000000)
  to   space 2048K,   0% used [0x00000000c5c00000, 0x00000000c5c00000, 0x00000000c5e00000)
 tenured generation   total 40960K, used 749K [0x00000000d8800000, 0x00000000db000000, 0x0000000100000000)
   the space 40960K,   1% used [0x00000000d8800000, 0x00000000d88bb738, 0x00000000d88bb800, 0x00000000db000000)
 Metaspace       used 6255K, committed 6464K, reserved 1056768K
  class space    used 605K, committed 704K, reserved 1048576K
}
Event: 15.300 GC heap before
{Heap before GC invocations=1 (full 0):
 def new generation   total 18432K, used 18432K [0x00000000c4c00000, 0x00000000c6000000, 0x00000000d8800000)
  eden space 16384K, 100% used [0x00000000c4c00000, 0x00000000c5c00000, 0x00000000c5c00000)
  from space 2048K, 100% used [0x00000000c5e00000, 0x00000000c6000000, 0x00000000c6000000)
  to   space 2048K,   0% used [0x00000000c5c00000, 0x00000000c5c00000, 0x00000000c5e00000)
 tenured generation   total 40960K, used 749K [0x00000000d8800000, 0x00000000db000000, 0x0000000100000000)
   the space 40960K,   1% used [0x00000000d8800000, 0x00000000d88bb738, 0x00000000d88bb800, 0x00000000db000000)
 Metaspace       used 10664K, committed 10880K, reserved 1064960K
  class space    used 1065K, committed 1152K, reserved 1048576K
}
Event: 15.307 GC heap after
{Heap after GC invocations=2 (full 0):
 def new generation   total 18432K, used 1268K [0x00000000c4c00000, 0x00000000c6000000, 0x00000000d8800000)
  eden space 16384K,   0% used [0x00000000c4c00000, 0x00000000c4c00000, 0x00000000c5c00000)
  from space 2048K,  61% used [0x00000000c5c00000, 0x00000000c5d3d280, 0x00000000c5e00000)
  to   space 2048K,   0% used [0x00000000c5e00000, 0x00000000c5e00000, 0x00000000c6000000)
 tenured generation   total 40960K, used 2778K [0x00000000d8800000, 0x00000000db000000, 0x0000000100000000)
   the space 40960K,   6% used [0x00000000d8800000, 0x00000000d8ab6bc0, 0x00000000d8ab6c00, 0x00000000db000000)
 Metaspace       used 10664K, committed 10880K, reserved 1064960K
  class space    used 1065K, committed 1152K, reserved 1048576K
}
Event: 300.579 GC heap before
{Heap before GC invocations=2 (full 0):
 def new generation   total 18432K, used 3967K [0x00000000c4c00000, 0x00000000c6000000, 0x00000000d8800000)
  eden space 16384K,  16% used [0x00000000c4c00000, 0x00000000c4ea2b40, 0x00000000c5c00000)
  from space 2048K,  61% used [0x00000000c5c00000, 0x00000000c5d3d280, 0x00000000c5e00000)
  to   space 2048K,   0% used [0x00000000c5e00000, 0x00000000c5e00000, 0x00000000c6000000)
 tenured generation   total 40960K, used 2778K [0x00000000d8800000, 0x00000000db000000, 0x0000000100000000)
   the space 40960K,   6% used [0x00000000d8800000, 0x00000000d8ab6bc0, 0x00000000d8ab6c00, 0x00000000db000000)
 Metaspace       used 11764K, committed 12032K, reserved 1064960K
  class space    used 1210K, committed 1344K, reserved 1048576K
}
Event: 300.611 GC heap after
{Heap after GC invocations=3 (full 1):
 def new generation   total 18496K, used 0K [0x00000000c4c00000, 0x00000000c6010000, 0x00000000d8800000)
  eden space 16448K,   0% used [0x00000000c4c00000, 0x00000000c4c00000, 0x00000000c5c10000)
  from space 2048K,   0% used [0x00000000c5c10000, 0x00000000c5c10000, 0x00000000c5e10000)
  to   space 2048K,   0% used [0x00000000c5e10000, 0x00000000c5e10000, 0x00000000c6010000)
 tenured generation   total 40960K, used 4237K [0x00000000d8800000, 0x00000000db000000, 0x0000000100000000)
   the space 40960K,  10% used [0x00000000d8800000, 0x00000000d8c23478, 0x00000000d8c23600, 0x00000000db000000)
 Metaspace       used 11764K, committed 12032K, reserved 1064960K
  class space    used 1210K, committed 1344K, reserved 1048576K
}

Deoptimization events (20 events):
Event: 14.459 Thread 0x00007f715412a9d0 DEOPT PACKING pc=0x00007f7164ea80fc sp=0x00007f71337fb3a0
Event: 14.459 Thread 0x00007f715412a9d0 DEOPT UNPACKING pc=0x00007f715d41311e sp=0x00007f71337fb350 mode 2
Event: 14.459 Thread 0x00007f715412a9d0 Uncommon trap: trap_request=0xffffff45 fr.pc=0x00007f7164eac068 relative=0x0000000000000048
Event: 14.459 Thread 0x00007f715412a9d0 Uncommon trap: reason=unstable_if action=reinterpret pc=0x00007f7164eac068 method=java.lang.CharacterData.of(I)Ljava/lang/CharacterData; @ 4 c2
Event: 14.459 Thread 0x00007f715412a9d0 DEOPT PACKING pc=0x00007f7164eac068 sp=0x00007f71337faec0
Event: 14.459 Thread 0x00007f715412a9d0 DEOPT UNPACKING pc=0x00007f715d41311e sp=0x00007f71337fae80 mode 2
Event: 14.861 Thread 0x00007f715412a9d0 Uncommon trap: trap_request=0xffffff45 fr.pc=0x00007f7164ecd0fc relative=0x000000000000005c
Event: 14.861 Thread 0x00007f715412a9d0 Uncommon trap: reason=unstable_if action=reinterpret pc=0x00007f7164ecd0fc method=java.lang.AbstractStringBuilder.isLatin1()Z @ 10 c2
Event: 14.861 Thread 0x00007f715412a9d0 DEOPT PACKING pc=0x00007f7164ecd0fc sp=0x00007f71337fa6c0
Event: 14.861 Thread 0x00007f715412a9d0 DEOPT UNPACKING pc=0x00007f715d41311e sp=0x00007f71337fa670 mode 2
Event: 15.033 Thread 0x00007f715412a9d0 DEOPT PACKING pc=0x00007f715da107a8 sp=0x00007f71337f69c0
Event: 15.033 Thread 0x00007f715412a9d0 DEOPT UNPACKING pc=0x00007f715d41389b sp=0x00007f71337f5ef8 mode 0
Event: 15.207 Thread 0x00007f715412a9d0 Uncommon trap: trap_request=0xffffffde fr.pc=0x00007f7164ed64f0 relative=0x0000000000000b50
Event: 15.207 Thread 0x00007f715412a9d0 Uncommon trap: reason=class_check action=maybe_recompile pc=0x00007f7164ed64f0 method=java.util.concurrent.ConcurrentHashMap.putVal(Ljava/lang/Object;Ljava/lang/Object;Z)Ljava/lang/Object; @ 159 c2
Event: 15.207 Thread 0x00007f715412a9d0 DEOPT PACKING pc=0x00007f7164ed64f0 sp=0x00007f71337fb490
Event: 15.207 Thread 0x00007f715412a9d0 DEOPT UNPACKING pc=0x00007f715d41311e sp=0x00007f71337fb410 mode 2
Event: 41.509 Thread 0x00007f715417f1b0 Uncommon trap: trap_request=0xffffff45 fr.pc=0x00007f7164ec3688 relative=0x00000000000008e8
Event: 41.509 Thread 0x00007f715417f1b0 Uncommon trap: reason=unstable_if action=reinterpret pc=0x00007f7164ec3688 method=java.util.HashMap.putVal(ILjava/lang/Object;Ljava/lang/Object;ZZ)Ljava/lang/Object; @ 236 c2
Event: 41.509 Thread 0x00007f715417f1b0 DEOPT PACKING pc=0x00007f7164ec3688 sp=0x00007f7132ffc5b0
Event: 41.509 Thread 0x00007f715417f1b0 DEOPT UNPACKING pc=0x00007f715d41311e sp=0x00007f7132ffc588 mode 2

Classes unloaded (0 events):
No events

Classes redefined (0 events):
No events

Internal exceptions (20 events):
Event: 13.401 Thread 0x00007f715401f070 Exception <a 'java/lang/NoSuchMethodError'{0x00000000c4f1ba08}: 'java.lang.Object java.lang.invoke.DirectMethodHandle$Holder.invokeStaticInit(java.lang.Object, java.lang.Object, int)'> (0x00000000c4f1ba08) 
thrown [open/src/hotspot/share/interpreter/linkResolver.cpp, line 789]
Event: 13.402 Thread 0x00007f715401f070 Exception <a 'java/lang/NoSuchMethodError'{0x00000000c4f228a8}: 'java.lang.Object java.lang.invoke.DirectMethodHandle$Holder.newInvokeSpecial(java.lang.Object, java.lang.Object, int)'> (0x00000000c4f228a8) 
thrown [open/src/hotspot/share/interpreter/linkResolver.cpp, line 789]
Event: 13.406 Thread 0x00007f715401f070 Exception <a 'java/lang/NoSuchMethodError'{0x00000000c4f33610}: 'int java.lang.invoke.DirectMethodHandle$Holder.invokeStaticInit(java.lang.Object, java.lang.Object, java.lang.Object)'> (0x00000000c4f33610) 
thrown [open/src/hotspot/share/interpreter/linkResolver.cpp, line 789]
Event: 13.412 Thread 0x00007f715401f070 Exception <a 'java/lang/NoSuchMethodError'{0x00000000c4f481b8}: 'int java.lang.invoke.DirectMethodHandle$Holder.invokeSpecial(java.lang.Object, java.lang.Object, java.lang.Object)'> (0x00000000c4f481b8) 
thrown [open/src/hotspot/share/interpreter/linkResolver.cpp, line 789]
Event: 13.413 Thread 0x00007f715401f070 Exception <a 'java/lang/NoSuchMethodError'{0x00000000c4f4e658}: 'int java.lang.invoke.DirectMethodHandle$Holder.invokeStaticInit(java.lang.Object, java.lang.Object)'> (0x00000000c4f4e658) 
thrown [open/src/hotspot/share/interpreter/linkResolver.cpp, line 789]
Event: 13.414 Thread 0x00007f715401f070 Exception <a 'java/lang/NoSuchMethodError'{0x00000000c4f54898}: 'int java.lang.invoke.DirectMethodHandle$Holder.invokeSpecialIFC(java.lang.Object, java.lang.Object, java.lang.Object)'> (0x00000000c4f54898) 
thrown [open/src/hotspot/share/interpreter/linkResolver.cpp, line 789]
Event: 13.434 Thread 0x00007f715401f070 Exception <a 'java/lang/NoSuchMethodError'{0x00000000c4f8e718}: 'void java.lang.invoke.DirectMethodHandle$Holder.invokeSpecial(java.lang.Object, java.lang.Object, java.lang.Object)'> (0x00000000c4f8e718) 
thrown [open/src/hotspot/share/interpreter/linkResolver.cpp, line 789]
Event: 13.563 Thread 0x00007f715401f070 Exception <a 'java/lang/NoSuchMethodError'{0x00000000c5133340}: 'int java.lang.invoke.DirectMethodHandle$Holder.invokeStaticInit(java.lang.Object, java.lang.Object, java.lang.Object, java.lang.Object)'> (0x00000000c5133340) 
thrown [open/src/hotspot/share/interpreter/linkResolver.cpp, line 789]
Event: 13.565 Thread 0x00007f715401f070 Exception <a 'java/lang/NoSuchMethodError'{0x00000000c513d398}: 'java.lang.Object java.lang.invoke.DirectMethodHandle$Holder.invokeInterface(java.lang.Object, java.lang.Object)'> (0x00000000c513d398) 
thrown [open/src/hotspot/share/interpreter/linkResolver.cpp, line 789]
Event: 13.574 Thread 0x00007f715401f070 Exception <a 'java/lang/IncompatibleClassChangeError'{0x00000000c5140d90}: Found class java.lang.Object, but interface was expected> (0x00000000c5140d90) 
thrown [open/src/hotspot/share/interpreter/linkResolver.cpp, line 857]
Event: 13.575 Thread 0x00007f715401f070 Exception <a 'java/lang/NoSuchMethodError'{0x00000000c51441c0}: 'void java.lang.invoke.DirectMethodHandle$Holder.invokeStatic(java.lang.Object, java.lang.Object)'> (0x00000000c51441c0) 
thrown [open/src/hotspot/share/interpreter/linkResolver.cpp, line 789]
Event: 13.575 Thread 0x00007f715401f070 Exception <a 'java/lang/NoSuchMethodError'{0x00000000c5147ce0}: 'void java.lang.invoke.DirectMethodHandle$Holder.invokeStaticInit(java.lang.Object, java.lang.Object)'> (0x00000000c5147ce0) 
thrown [open/src/hotspot/share/interpreter/linkResolver.cpp, line 789]
Event: 13.717 Thread 0x00007f715401f070 Exception <a 'java/lang/NoSuchMethodError'{0x00000000c534dda8}: 'java.lang.Object java.lang.invoke.DirectMethodHandle$Holder.invokeStatic(java.lang.Object)'> (0x00000000c534dda8) 
thrown [open/src/hotspot/share/interpreter/linkResolver.cpp, line 789]
Event: 13.726 Thread 0x00007f715401f070 Implicit null exception at 0x00007f7164eb35f5 to 0x00007f7164eb3b9c
Event: 13.894 Thread 0x00007f715401f070 Exception <a 'java/lang/NoSuchMethodError'{0x00000000c56f2a68}: 'java.lang.Object java.lang.invoke.DirectMethodHandle$Holder.invokeStaticInit(java.lang.Object)'> (0x00000000c56f2a68) 
thrown [open/src/hotspot/share/interpreter/linkResolver.cpp, line 789]
Event: 14.027 Thread 0x00007f715401f070 Exception <a 'java/lang/NoSuchMethodError'{0x00000000c5799f88}: 'java.lang.Object java.lang.invoke.DirectMethodHandle$Holder.newInvokeSpecial(java.lang.Object, java.lang.Object, java.lang.Object, java.lang.Object, java.lang.Object)'> (0x00000000c5799f88) 
thrown [open/src/hotspot/share/interpreter/linkResolver.cpp, line 789]
Event: 15.347 Thread 0x00007f715412a9d0 Exception <a 'java/lang/NoSuchMethodError'{0x00000000c4c4bc40}: 'java.lang.Object java.lang.invoke.DirectMethodHandle$Holder.invokeSpecial(java.lang.Object, java.lang.Object, java.lang.Object, java.lang.Object, int)'> (0x00000000c4c4bc40) 
thrown [open/src/hotspot/share/interpreter/linkResolver.cpp, line 789]
Event: 15.348 Thread 0x00007f715412a9d0 Exception <a 'java/lang/NoSuchMethodError'{0x00000000c4c4fa00}: 'java.lang.Object java.lang.invoke.Invokers$Holder.linkToTargetMethod(java.lang.Object, java.lang.Object, int, java.lang.Object)'> (0x00000000c4c4fa00) 
thrown [open/src/hotspot/share/interpreter/linkResolver.cpp, line 789]
Event: 15.394 Thread 0x00007f715412a9d0 Exception <a 'java/lang/NoSuchMethodError'{0x00000000c4cce360}: 'void java.lang.invoke.DirectMethodHandle$Holder.invokeSpecial(java.lang.Object, java.lang.Object, java.lang.Object, java.lang.Object, java.lang.Object)'> (0x00000000c4cce360) 
thrown [open/src/hotspot/share/interpreter/linkResolver.cpp, line 789]
Event: 15.439 Thread 0x00007f715417f1b0 Exception <a 'java/lang/NoSuchMethodError'{0x00000000c4d3ca78}: 'void java.lang.invoke.DirectMethodHandle$Holder.invokeStatic(java.lang.Object, java.lang.Object, int)'> (0x00000000c4d3ca78) 
thrown [open/src/hotspot/share/interpreter/linkResolver.cpp, line 789]

Events (20 events):
Event: 18.736 Thread 0x000055b9b480c070 Thread exited: 0x000055b9b480c070
Event: 19.140 Protecting memory [0x00007f7138035000,0x00007f7138039000] with protection modes 0
Event: 19.140 Thread 0x000055b9b480c070 Thread added: 0x000055b9b480c070
Event: 19.141 Thread 0x000055b9b480c070 Thread exited: 0x000055b9b480c070
Event: 41.513 loading class java/util/concurrent/CompletionException
Event: 41.514 loading class java/util/concurrent/CompletionException done
Event: 41.517 loading class java/util/concurrent/CancellationException
Event: 41.517 loading class java/util/concurrent/CancellationException done
Event: 41.517 Thread 0x00007f715412a9d0 Thread exited: 0x00007f715412a9d0
Event: 42.425 Executing  VM operation: Cleanup
Event: 42.425 Executing  VM operation: Cleanup done
Event: 75.496 Thread 0x00007f71500089d0 Thread exited: 0x00007f71500089d0
Event: 101.517 Thread 0x00007f7150009fa0 Thread exited: 0x00007f7150009fa0
Event: 294.586 Protecting memory [0x00007f7133000000,0x00007f7133004000] with protection modes 0
Event: 294.586 Thread 0x00007f715412a9d0 Thread added: 0x00007f715412a9d0
Event: 294.587 Thread 0x00007f715412a9d0 Thread exited: 0x00007f715412a9d0
Event: 295.525 Executing  VM operation: Cleanup
Event: 295.525 Executing  VM operation: Cleanup done
Event: 300.579 Executing  VM operation: GenCollectFull
Event: 300.611 Executing  VM operation: GenCollectFull done


Dynamic libraries:
c4c00000-c6010000 rw-p 00000000 00:00 0 
c6010000-d8800000 ---p 00000000 00:00 0 
d8800000-db000000 rw-p 00000000 00:00 0 
db000000-100000000 ---p 00000000 00:00 0 
800000000-800003000 rwxp 00001000 fd:00 25330829                         /root/jdk-16.0.2/lib/server/classes.jsa
800003000-800411000 rw-p 00004000 fd:00 25330829                         /root/jdk-16.0.2/lib/server/classes.jsa
800411000-800bc1000 r--p 00412000 fd:00 25330829                         /root/jdk-16.0.2/lib/server/classes.jsa
800bc1000-800c00000 ---p 00000000 00:00 0 
800c00000-800c40000 rw-p 00000000 00:00 0 
800c40000-800cb0000 rw-p 00000000 00:00 0 
800cb0000-800cc0000 ---p 00000000 00:00 0 
800cc0000-800d60000 rw-p 00000000 00:00 0 
800d60000-840c00000 ---p 00000000 00:00 0 
55b9b3a4a000-55b9b3a4b000 r-xp 00000000 fd:00 9328148                    /root/jdk-16.0.2/bin/java
55b9b3a4c000-55b9b3a4d000 r--p 00001000 fd:00 9328148                    /root/jdk-16.0.2/bin/java
55b9b3a4d000-55b9b3a4e000 rw-p 00002000 fd:00 9328148                    /root/jdk-16.0.2/bin/java
55b9b4441000-55b9b485a000 rw-p 00000000 00:00 0                          [heap]
7f7132400000-7f71326a0000 rw-p 00000000 00:00 0 
7f71326a0000-7f7132c00000 ---p 00000000 00:00 0 
7f7132cfb000-7f7132cff000 ---p 00000000 00:00 0 
7f7132cff000-7f7132dfc000 rw-p 00000000 00:00 0 
7f7132dfc000-7f7132e00000 ---p 00000000 00:00 0 
7f7132e00000-7f7132efd000 rw-p 00000000 00:00 0 
7f7132efd000-7f7132f01000 ---p 00000000 00:00 0 
7f7132f01000-7f7132ffe000 rw-p 00000000 00:00 0 
7f7132ffe000-7f7132fff000 ---p 00000000 00:00 0 
7f7132fff000-7f7133000000 rw-p 00000000 00:00 0 
7f7133000000-7f7133004000 ---p 00000000 00:00 0 
7f7133004000-7f71337ff000 rw-p 00000000 00:00 0 
7f71337ff000-7f7133800000 ---p 00000000 00:00 0 
7f7133800000-7f7134000000 rw-p 00000000 00:00 0 
7f7134000000-7f713424e000 rw-p 00000000 00:00 0 
7f713424e000-7f7138000000 ---p 00000000 00:00 0 
7f7138033000-7f7138034000 ---p 00000000 00:00 0 
7f7138034000-7f7138035000 rw-p 00000000 00:00 0 
7f7138035000-7f7138039000 ---p 00000000 00:00 0 
7f7138039000-7f7138834000 rw-p 00000000 00:00 0 
7f7138834000-7f7138843000 r-xp 00000000 fd:00 35267                      /usr/lib64/libbz2.so.1.0.6
7f7138843000-7f7138a42000 ---p 0000f000 fd:00 35267                      /usr/lib64/libbz2.so.1.0.6
7f7138a42000-7f7138a43000 r--p 0000e000 fd:00 35267                      /usr/lib64/libbz2.so.1.0.6
7f7138a43000-7f7138a44000 rw-p 0000f000 fd:00 35267                      /usr/lib64/libbz2.so.1.0.6
7f7138a44000-7f7138a69000 r-xp 00000000 fd:00 35259                      /usr/lib64/liblzma.so.5.2.2
7f7138a69000-7f7138c68000 ---p 00025000 fd:00 35259                      /usr/lib64/liblzma.so.5.2.2
7f7138c68000-7f7138c69000 r--p 00024000 fd:00 35259                      /usr/lib64/liblzma.so.5.2.2
7f7138c69000-7f7138c6a000 rw-p 00025000 fd:00 35259                      /usr/lib64/liblzma.so.5.2.2
7f7138c6a000-7f7138c81000 r-xp 00000000 fd:00 35296                      /usr/lib64/libelf-0.176.so
7f7138c81000-7f7138e80000 ---p 00017000 fd:00 35296                      /usr/lib64/libelf-0.176.so
7f7138e80000-7f7138e81000 r--p 00016000 fd:00 35296                      /usr/lib64/libelf-0.176.so
7f7138e81000-7f7138e82000 rw-p 00017000 fd:00 35296                      /usr/lib64/libelf-0.176.so
7f7138e82000-7f7138e86000 r-xp 00000000 fd:00 35302                      /usr/lib64/libattr.so.1.1.0
7f7138e86000-7f7139085000 ---p 00004000 fd:00 35302                      /usr/lib64/libattr.so.1.1.0
7f7139085000-7f7139086000 r--p 00003000 fd:00 35302                      /usr/lib64/libattr.so.1.1.0
7f7139086000-7f7139087000 rw-p 00004000 fd:00 35302                      /usr/lib64/libattr.so.1.1.0
7f7139087000-7f71390d5000 r-xp 00000000 fd:00 251082                     /usr/lib64/libdw-0.176.so
7f71390d5000-7f71392d5000 ---p 0004e000 fd:00 251082                     /usr/lib64/libdw-0.176.so
7f71392d5000-7f71392d7000 r--p 0004e000 fd:00 251082                     /usr/lib64/libdw-0.176.so
7f71392d7000-7f71392d8000 rw-p 00050000 fd:00 251082                     /usr/lib64/libdw-0.176.so
7f71392d8000-7f71392dc000 r-xp 00000000 fd:00 35306                      /usr/lib64/libcap.so.2.22
7f71392dc000-7f71394db000 ---p 00004000 fd:00 35306                      /usr/lib64/libcap.so.2.22
7f71394db000-7f71394dc000 r--p 00003000 fd:00 35306                      /usr/lib64/libcap.so.2.22
7f71394dc000-7f71394dd000 rw-p 00004000 fd:00 35306                      /usr/lib64/libcap.so.2.22
7f71394dd000-7f71394ef000 r-xp 00000000 fd:00 35167                      /usr/lib64/libnss_myhostname.so.2
7f71394ef000-7f71396ee000 ---p 00012000 fd:00 35167                      /usr/lib64/libnss_myhostname.so.2
7f71396ee000-7f71396f1000 r--p 00011000 fd:00 35167                      /usr/lib64/libnss_myhostname.so.2
7f71396f1000-7f71396f2000 rw-p 00014000 fd:00 35167                      /usr/lib64/libnss_myhostname.so.2
7f71396f2000-7f7139708000 r-xp 00000000 fd:00 17720                      /usr/lib64/libresolv-2.17.so
7f7139708000-7f7139908000 ---p 00016000 fd:00 17720                      /usr/lib64/libresolv-2.17.so
7f7139908000-7f7139909000 r--p 00016000 fd:00 17720                      /usr/lib64/libresolv-2.17.so
7f7139909000-7f713990a000 rw-p 00017000 fd:00 17720                      /usr/lib64/libresolv-2.17.so
7f713990a000-7f713990c000 rw-p 00000000 00:00 0 
7f713990c000-7f7139912000 r-xp 00000000 fd:00 2215193                    /usr/lib64/libnss_dns-2.17.so
7f7139912000-7f7139b11000 ---p 00006000 fd:00 2215193                    /usr/lib64/libnss_dns-2.17.so
7f7139b11000-7f7139b12000 r--p 00005000 fd:00 2215193                    /usr/lib64/libnss_dns-2.17.so
7f7139b12000-7f7139b13000 rw-p 00006000 fd:00 2215193                    /usr/lib64/libnss_dns-2.17.so
7f7139b13000-7f7139b28000 r-xp 00000000 fd:00 84                         /usr/lib64/libgcc_s-4.8.5-20150702.so.1
7f7139b28000-7f7139d27000 ---p 00015000 fd:00 84                         /usr/lib64/libgcc_s-4.8.5-20150702.so.1
7f7139d27000-7f7139d28000 r--p 00014000 fd:00 84                         /usr/lib64/libgcc_s-4.8.5-20150702.so.1
7f7139d28000-7f7139d29000 rw-p 00015000 fd:00 84                         /usr/lib64/libgcc_s-4.8.5-20150702.so.1
7f7139d29000-7f7139e21000 r-xp 00000000 fd:00 250858                     /usr/lib64/libasound.so.2.0.0
7f7139e21000-7f713a020000 ---p 000f8000 fd:00 250858                     /usr/lib64/libasound.so.2.0.0
7f713a020000-7f713a027000 r--p 000f7000 fd:00 250858                     /usr/lib64/libasound.so.2.0.0
7f713a027000-7f713a029000 rw-p 000fe000 fd:00 250858                     /usr/lib64/libasound.so.2.0.0
7f713a029000-7f713a02d000 r-xp 00000000 fd:00 35182                      /usr/lib64/libuuid.so.1.3.0
7f713a02d000-7f713a22c000 ---p 00004000 fd:00 35182                      /usr/lib64/libuuid.so.1.3.0
7f713a22c000-7f713a22d000 r--p 00003000 fd:00 35182                      /usr/lib64/libuuid.so.1.3.0
7f713a22d000-7f713a22e000 rw-p 00004000 fd:00 35182                      /usr/lib64/libuuid.so.1.3.0
7f713a22e000-7f713a252000 r-xp 00000000 fd:00 757835                     /usr/local/lib/libpj.so.2
7f713a252000-7f713a451000 ---p 00024000 fd:00 757835                     /usr/local/lib/libpj.so.2
7f713a451000-7f713a452000 r--p 00023000 fd:00 757835                     /usr/local/lib/libpj.so.2
7f713a452000-7f713a453000 rw-p 00024000 fd:00 757835                     /usr/local/lib/libpj.so.2
7f713a453000-7f713a454000 rw-p 00000000 00:00 0 
7f713a454000-7f713a47a000 r-xp 00000000 fd:00 757796                     /usr/local/lib/libwebrtc.so.2
7f713a47a000-7f713a679000 ---p 00026000 fd:00 757796                     /usr/local/lib/libwebrtc.so.2
7f713a679000-7f713a67a000 r--p 00025000 fd:00 757796                     /usr/local/lib/libwebrtc.so.2
7f713a67a000-7f713a67b000 rw-p 00026000 fd:00 757796                     /usr/local/lib/libwebrtc.so.2
7f713a67b000-7f713a6c2000 r-xp 00000000 fd:00 757734                     /usr/local/lib/libyuv.so.2
7f713a6c2000-7f713a8c2000 ---p 00047000 fd:00 757734                     /usr/local/lib/libyuv.so.2
7f713a8c2000-7f713a8c3000 r--p 00047000 fd:00 757734                     /usr/local/lib/libyuv.so.2
7f713a8c3000-7f713a8c4000 rw-p 00048000 fd:00 757734                     /usr/local/lib/libyuv.so.2
7f713a8c4000-7f713a8cd000 r-xp 00000000 fd:00 757731                     /usr/local/lib/libg7221codec.so.2
7f713a8cd000-7f713aacc000 ---p 00009000 fd:00 757731                     /usr/local/lib/libg7221codec.so.2
7f713aacc000-7f713aacd000 r--p 00008000 fd:00 757731                     /usr/local/lib/libg7221codec.so.2
7f713aacd000-7f713aad5000 rw-p 00009000 fd:00 757731                     /usr/local/lib/libg7221codec.so.2
7f713aad5000-7f713aae2000 r-xp 00000000 fd:00 657351                     /usr/local/lib/libilbccodec.so.2
7f713aae2000-7f713ace1000 ---p 0000d000 fd:00 657351                     /usr/local/lib/libilbccodec.so.2
7f713ace1000-7f713ace2000 r--p 0000c000 fd:00 657351                     /usr/local/lib/libilbccodec.so.2
7f713ace2000-7f713ace4000 rw-p 0000d000 fd:00 657351                     /usr/local/lib/libilbccodec.so.2
7f713ace4000-7f713ad0c000 r-xp 00000000 fd:00 657308                     /usr/local/lib/libspeex.so.2
7f713ad0c000-7f713af0c000 ---p 00028000 fd:00 657308                     /usr/local/lib/libspeex.so.2
7f713af0c000-7f713af0d000 r--p 00028000 fd:00 657308                     /usr/local/lib/libspeex.so.2
7f713af0d000-7f713af0e000 rw-p 00029000 fd:00 657308                     /usr/local/lib/libspeex.so.2
7f713af0e000-7f713af18000 r-xp 00000000 fd:00 654105                     /usr/local/lib/libgsmcodec.so.2
7f713af18000-7f713b117000 ---p 0000a000 fd:00 654105                     /usr/local/lib/libgsmcodec.so.2
7f713b117000-7f713b118000 r--p 00009000 fd:00 654105                     /usr/local/lib/libgsmcodec.so.2
7f713b118000-7f713b119000 rw-p 0000a000 fd:00 654105                     /usr/local/lib/libgsmcodec.so.2
7f713b119000-7f713b125000 r-xp 00000000 fd:00 654102                     /usr/local/lib/libresample.so.2
7f713b125000-7f713b324000 ---p 0000c000 fd:00 654102                     /usr/local/lib/libresample.so.2
7f713b324000-7f713b325000 r--p 0000b000 fd:00 654102                     /usr/local/lib/libresample.so.2
7f713b325000-7f713b326000 rw-p 0000c000 fd:00 654102                     /usr/local/lib/libresample.so.2
7f713b326000-7f713b33c000 r-xp 00000000 fd:00 654099                     /usr/local/lib/libsrtp.so.2
7f713b33c000-7f713b53b000 ---p 00016000 fd:00 654099                     /usr/local/lib/libsrtp.so.2
7f713b53b000-7f713b53c000 r--p 00015000 fd:00 654099                     /usr/local/lib/libsrtp.so.2
7f713b53c000-7f713b53d000 rw-p 00016000 fd:00 654099                     /usr/local/lib/libsrtp.so.2
7f713b53d000-7f713b563000 r-xp 00000000 fd:00 757831                     /usr/local/lib/libpjlib-util.so.2
7f713b563000-7f713b763000 ---p 00026000 fd:00 757831                     /usr/local/lib/libpjlib-util.so.2
7f713b763000-7f713b764000 r--p 00026000 fd:00 757831                     /usr/local/lib/libpjlib-util.so.2
7f713b764000-7f713b765000 rw-p 00027000 fd:00 757831                     /usr/local/lib/libpjlib-util.so.2
7f713b765000-7f713b78e000 r-xp 00000000 fd:00 757828                     /usr/local/lib/libpjnath.so.2
7f713b78e000-7f713b98d000 ---p 00029000 fd:00 757828                     /usr/local/lib/libpjnath.so.2
7f713b98d000-7f713b98e000 r--p 00028000 fd:00 757828                     /usr/local/lib/libpjnath.so.2
7f713b98e000-7f713b98f000 rw-p 00029000 fd:00 757828                     /usr/local/lib/libpjnath.so.2
7f713b98f000-7f713b995000 r-xp 00000000 fd:00 757825                     /usr/local/lib/libpjmedia-audiodev.so.2
7f713b995000-7f713bb94000 ---p 00006000 fd:00 757825                     /usr/local/lib/libpjmedia-audiodev.so.2
7f713bb94000-7f713bb95000 r--p 00005000 fd:00 757825                     /usr/local/lib/libpjmedia-audiodev.so.2
7f713bb95000-7f713bb96000 rw-p 00006000 fd:00 757825                     /usr/local/lib/libpjmedia-audiodev.so.2
7f713bb96000-7f713bbf0000 r-xp 00000000 fd:00 757822                     /usr/local/lib/libpjmedia.so.2
7f713bbf0000-7f713bdef000 ---p 0005a000 fd:00 757822                     /usr/local/lib/libpjmedia.so.2
7f713bdef000-7f713bdf0000 r--p 00059000 fd:00 757822                     /usr/local/lib/libpjmedia.so.2
7f713bdf0000-7f713bdf2000 rw-p 0005a000 fd:00 757822                     /usr/local/lib/libpjmedia.so.2
7f713bdf2000-7f713bdf3000 rw-p 00000000 00:00 0 
7f713bdf3000-7f713bdff000 r-xp 00000000 fd:00 757816                     /usr/local/lib/libpjmedia-codec.so.2
7f713bdff000-7f713bffe000 ---p 0000c000 fd:00 757816                     /usr/local/lib/libpjmedia-codec.so.2
7f713bffe000-7f713bfff000 r--p 0000b000 fd:00 757816                     /usr/local/lib/libpjmedia-codec.so.2
7f713bfff000-7f713c000000 rw-p 0000c000 fd:00 757816                     /usr/local/lib/libpjmedia-codec.so.2
7f713c000000-7f713c021000 rw-p 00000000 00:00 0 
7f713c021000-7f7140000000 ---p 00000000 00:00 0 
7f7140000000-7f7140021000 rw-p 00000000 00:00 0 
7f7140021000-7f7144000000 ---p 00000000 00:00 0 
7f7144000000-7f7144021000 rw-p 00000000 00:00 0 
7f7144021000-7f7148000000 ---p 00000000 00:00 0 
7f7148009000-7f714800a000 r-xp 00000000 fd:00 757819                     /usr/local/lib/libpjmedia-videodev.so.2
7f714800a000-7f7148209000 ---p 00001000 fd:00 757819                     /usr/local/lib/libpjmedia-videodev.so.2
7f7148209000-7f714820a000 r--p 00000000 fd:00 757819                     /usr/local/lib/libpjmedia-videodev.so.2
7f714820a000-7f714820b000 rw-p 00001000 fd:00 757819                     /usr/local/lib/libpjmedia-videodev.so.2
7f714820b000-7f714824f000 r-xp 00000000 fd:00 757813                     /usr/local/lib/libpjsip.so.2
7f714824f000-7f714844e000 ---p 00044000 fd:00 757813                     /usr/local/lib/libpjsip.so.2
7f714844e000-7f7148450000 r--p 00043000 fd:00 757813                     /usr/local/lib/libpjsip.so.2
7f7148450000-7f7148452000 rw-p 00045000 fd:00 757813                     /usr/local/lib/libpjsip.so.2
7f7148452000-7f7148457000 rw-p 00000000 00:00 0 
7f7148457000-7f714846a000 r-xp 00000000 fd:00 757810                     /usr/local/lib/libpjsip-simple.so.2
7f714846a000-7f714866a000 ---p 00013000 fd:00 757810                     /usr/local/lib/libpjsip-simple.so.2
7f714866a000-7f714866b000 r--p 00013000 fd:00 757810                     /usr/local/lib/libpjsip-simple.so.2
7f714866b000-7f714866c000 rw-p 00014000 fd:00 757810                     /usr/local/lib/libpjsip-simple.so.2
7f714866c000-7f7148685000 r-xp 00000000 fd:00 757807                     /usr/local/lib/libpjsip-ua.so.2
7f7148685000-7f7148885000 ---p 00019000 fd:00 757807                     /usr/local/lib/libpjsip-ua.so.2
7f7148885000-7f7148886000 r--p 00019000 fd:00 757807                     /usr/local/lib/libpjsip-ua.so.2
7f7148886000-7f7148887000 rw-p 0001a000 fd:00 757807                     /usr/local/lib/libpjsip-ua.so.2
7f7148887000-7f71488cb000 r-xp 00000000 fd:00 757804                     /usr/local/lib/libpjsua.so.2
7f71488cb000-7f7148aca000 ---p 00044000 fd:00 757804                     /usr/local/lib/libpjsua.so.2
7f7148aca000-7f7148acb000 r--p 00043000 fd:00 757804                     /usr/local/lib/libpjsua.so.2
7f7148acb000-7f7148acd000 rw-p 00044000 fd:00 757804                     /usr/local/lib/libpjsua.so.2
7f7148acd000-7f7148b50000 rw-p 00000000 00:00 0 
7f7148b50000-7f7148c39000 r-xp 00000000 fd:00 35208                      /usr/lib64/libstdc++.so.6.0.19
7f7148c39000-7f7148e39000 ---p 000e9000 fd:00 35208                      /usr/lib64/libstdc++.so.6.0.19
7f7148e39000-7f7148e41000 r--p 000e9000 fd:00 35208                      /usr/lib64/libstdc++.so.6.0.19
7f7148e41000-7f7148e43000 rw-p 000f1000 fd:00 35208                      /usr/lib64/libstdc++.so.6.0.19
7f7148e43000-7f7148e58000 rw-p 00000000 00:00 0 
7f7148e58000-7f7148ed6000 r-xp 00000000 fd:00 757801                     /usr/local/lib/libpjsua2.so.2
7f7148ed6000-7f71490d6000 ---p 0007e000 fd:00 757801                     /usr/local/lib/libpjsua2.so.2
7f71490d6000-7f71490d8000 r--p 0007e000 fd:00 757801                     /usr/local/lib/libpjsua2.so.2
7f71490d8000-7f71490da000 rw-p 00080000 fd:00 757801                     /usr/local/lib/libpjsua2.so.2
7f71490da000-7f71491b2000 r-xp 00000000 fd:00 16797788                   /root/gradle/as2/app/src/main/resources/libpjsua2.so
7f71491b2000-7f71493b2000 ---p 000d8000 fd:00 16797788                   /root/gradle/as2/app/src/main/resources/libpjsua2.so
7f71493b2000-7f71493b3000 r--p 000d8000 fd:00 16797788                   /root/gradle/as2/app/src/main/resources/libpjsua2.so
7f71493b3000-7f71493b5000 rw-p 000d9000 fd:00 16797788                   /root/gradle/as2/app/src/main/resources/libpjsua2.so
7f71493b5000-7f71493b9000 ---p 00000000 00:00 0 
7f71493b9000-7f71494b6000 rw-p 00000000 00:00 0 
7f71494b6000-7f71494b7000 ---p 00000000 00:00 0 
7f71494b7000-7f71495b8000 rw-p 00000000 00:00 0 
7f71495b8000-7f71495bc000 ---p 00000000 00:00 0 
7f71495bc000-7f71496b9000 rw-p 00000000 00:00 0 
7f71496b9000-7f71496bd000 ---p 00000000 00:00 0 
7f71496bd000-7f71497ba000 rw-p 00000000 00:00 0 
7f71497ba000-7f71497be000 ---p 00000000 00:00 0 
7f71497be000-7f71498bb000 rw-p 00000000 00:00 0 
7f71498bb000-7f71498bf000 ---p 00000000 00:00 0 
7f71498bf000-7f71499bc000 rw-p 00000000 00:00 0 
7f71499bc000-7f71499c0000 ---p 00000000 00:00 0 
7f71499c0000-7f7149abd000 rw-p 00000000 00:00 0 
7f7149abd000-7f7150000000 r--p 00000000 fd:00 25168325                   /usr/lib/locale/locale-archive
7f7150000000-7f7150021000 rw-p 00000000 00:00 0 
7f7150021000-7f7154000000 ---p 00000000 00:00 0 
7f7154000000-7f7154352000 rw-p 00000000 00:00 0 
7f7154352000-7f7158000000 ---p 00000000 00:00 0 
7f7158000000-7f7158021000 rw-p 00000000 00:00 0 
7f7158021000-7f715c000000 ---p 00000000 00:00 0 
7f715c0fd000-7f715c101000 ---p 00000000 00:00 0 
7f715c101000-7f715c1fe000 rw-p 00000000 00:00 0 
7f715c1fe000-7f715c202000 ---p 00000000 00:00 0 
7f715c202000-7f715c2ff000 rw-p 00000000 00:00 0 
7f715c2ff000-7f715c303000 ---p 00000000 00:00 0 
7f715c303000-7f715c800000 rw-p 00000000 00:00 0 
7f715c800000-7f715c980000 rw-p 00000000 00:00 0 
7f715c980000-7f715ca00000 rw-p 00000000 00:00 0 
7f715ca00000-7f715cb00000 rw-p 00000000 00:00 0 
7f715cb00000-7f715cbd0000 rw-p 00000000 00:00 0 
7f715cbd0000-7f715cc00000 ---p 00000000 00:00 0 
7f715cc23000-7f715cc54000 rw-p 00000000 00:00 0 
7f715cc54000-7f715cc58000 ---p 00000000 00:00 0 
7f715cc58000-7f715cd55000 rw-p 00000000 00:00 0 
7f715cd55000-7f715cd56000 ---p 00000000 00:00 0 
7f715cd56000-7f715ceed000 rw-p 00000000 00:00 0 
7f715ceed000-7f715d015000 ---p 00000000 00:00 0 
7f715d015000-7f715d020000 rw-p 00000000 00:00 0 
7f715d020000-7f715d0b3000 ---p 00000000 00:00 0 
7f715d0b3000-7f715d0c7000 rw-p 00000000 00:00 0 
7f715d0c7000-7f715d1ef000 ---p 00000000 00:00 0 
7f715d1ef000-7f715d1f5000 rw-p 00000000 00:00 0 
7f715d1f5000-7f715d2db000 ---p 00000000 00:00 0 
7f715d2db000-7f715d2e0000 rw-p 00000000 00:00 0 
7f715d2e0000-7f715d3c6000 ---p 00000000 00:00 0 
7f715d3c6000-7f715d636000 rwxp 00000000 00:00 0 
7f715d636000-7f715d955000 ---p 00000000 00:00 0 
7f715d955000-7f715dbc5000 rwxp 00000000 00:00 0 
7f715dbc5000-7f7164e8d000 ---p 00000000 00:00 0 
7f7164e8d000-7f71650fd000 rwxp 00000000 00:00 0 
7f71650fd000-7f716c3c6000 ---p 00000000 00:00 0 
7f716c3c6000-7f716c3d2000 r-xp 00000000 fd:00 2215195                    /usr/lib64/libnss_files-2.17.so
7f716c3d2000-7f716c5d1000 ---p 0000c000 fd:00 2215195                    /usr/lib64/libnss_files-2.17.so
7f716c5d1000-7f716c5d2000 r--p 0000b000 fd:00 2215195                    /usr/lib64/libnss_files-2.17.so
7f716c5d2000-7f716c5d3000 rw-p 0000c000 fd:00 2215195                    /usr/lib64/libnss_files-2.17.so
7f716c5d3000-7f716c5d9000 rw-p 00000000 00:00 0 
7f716c5d9000-7f7173df8000 r--s 00000000 fd:00 461541                     /root/jdk-16.0.2/lib/modules
7f7173df8000-7f7173dff000 r-xp 00000000 fd:00 17723                      /usr/lib64/librt-2.17.so
7f7173dff000-7f7173ffe000 ---p 00007000 fd:00 17723                      /usr/lib64/librt-2.17.so
7f7173ffe000-7f7173fff000 r--p 00006000 fd:00 17723                      /usr/lib64/librt-2.17.so
7f7173fff000-7f7174000000 rw-p 00007000 fd:00 17723                      /usr/lib64/librt-2.17.so
7f7174000000-7f71741b0000 rw-p 00000000 00:00 0 
7f71741b0000-7f7178000000 ---p 00000000 00:00 0 
7f7178010000-7f717806b000 rw-p 00000000 00:00 0 
7f717806b000-7f717816c000 r-xp 00000000 fd:00 2215185                    /usr/lib64/libm-2.17.so
7f717816c000-7f717836b000 ---p 00101000 fd:00 2215185                    /usr/lib64/libm-2.17.so
7f717836b000-7f717836c000 r--p 00100000 fd:00 2215185                    /usr/lib64/libm-2.17.so
7f717836c000-7f717836d000 rw-p 00101000 fd:00 2215185                    /usr/lib64/libm-2.17.so
7f717836d000-7f717947b000 r-xp 00000000 fd:00 25330832                   /root/jdk-16.0.2/lib/server/libjvm.so
7f717947b000-7f717947c000 ---p 0110e000 fd:00 25330832                   /root/jdk-16.0.2/lib/server/libjvm.so
7f717947c000-7f717952d000 r--p 0110e000 fd:00 25330832                   /root/jdk-16.0.2/lib/server/libjvm.so
7f717952d000-7f7179560000 rw-p 011bf000 fd:00 25330832                   /root/jdk-16.0.2/lib/server/libjvm.so
7f7179560000-7f71795bb000 rw-p 00000000 00:00 0 
7f71795bb000-7f717977f000 r-xp 00000000 fd:00 2215177                    /usr/lib64/libc-2.17.so
7f717977f000-7f717997e000 ---p 001c4000 fd:00 2215177                    /usr/lib64/libc-2.17.so
7f717997e000-7f7179982000 r--p 001c3000 fd:00 2215177                    /usr/lib64/libc-2.17.so
7f7179982000-7f7179984000 rw-p 001c7000 fd:00 2215177                    /usr/lib64/libc-2.17.so
7f7179984000-7f7179989000 rw-p 00000000 00:00 0 
7f7179989000-7f717998b000 r-xp 00000000 fd:00 2215183                    /usr/lib64/libdl-2.17.so
7f717998b000-7f7179b8b000 ---p 00002000 fd:00 2215183                    /usr/lib64/libdl-2.17.so
7f7179b8b000-7f7179b8c000 r--p 00002000 fd:00 2215183                    /usr/lib64/libdl-2.17.so
7f7179b8c000-7f7179b8d000 rw-p 00003000 fd:00 2215183                    /usr/lib64/libdl-2.17.so
7f7179b8d000-7f7179ba4000 r-xp 00000000 fd:00 17718                      /usr/lib64/libpthread-2.17.so
7f7179ba4000-7f7179da3000 ---p 00017000 fd:00 17718                      /usr/lib64/libpthread-2.17.so
7f7179da3000-7f7179da4000 r--p 00016000 fd:00 17718                      /usr/lib64/libpthread-2.17.so
7f7179da4000-7f7179da5000 rw-p 00017000 fd:00 17718                      /usr/lib64/libpthread-2.17.so
7f7179da5000-7f7179da9000 rw-p 00000000 00:00 0 
7f7179da9000-7f7179dbe000 r-xp 00000000 fd:00 35166                      /usr/lib64/libz.so.1.2.7
7f7179dbe000-7f7179fbd000 ---p 00015000 fd:00 35166                      /usr/lib64/libz.so.1.2.7
7f7179fbd000-7f7179fbe000 r--p 00014000 fd:00 35166                      /usr/lib64/libz.so.1.2.7
7f7179fbe000-7f7179fbf000 rw-p 00015000 fd:00 35166                      /usr/lib64/libz.so.1.2.7
7f7179fbf000-7f7179fe1000 r-xp 00000000 fd:00 2215170                    /usr/lib64/ld-2.17.so
7f7179fe7000-7f7179fee000 r--s 00000000 fd:00 35142                      /usr/lib64/gconv/gconv-modules.cache
7f7179fee000-7f7179ff0000 r-xp 00000000 fd:00 461383                     /root/jdk-16.0.2/lib/libextnet.so
7f7179ff0000-7f7179ff1000 r--p 00001000 fd:00 461383                     /root/jdk-16.0.2/lib/libextnet.so
7f7179ff1000-7f7179ff2000 rw-p 00002000 fd:00 461383                     /root/jdk-16.0.2/lib/libextnet.so
7f7179ff2000-7f7179ff9000 r-xp 00000000 fd:00 461538                     /root/jdk-16.0.2/lib/libzip.so
7f7179ff9000-7f7179ffa000 ---p 00007000 fd:00 461538                     /root/jdk-16.0.2/lib/libzip.so
7f7179ffa000-7f7179ffb000 r--p 00007000 fd:00 461538                     /root/jdk-16.0.2/lib/libzip.so
7f7179ffb000-7f7179ffc000 rw-p 00008000 fd:00 461538                     /root/jdk-16.0.2/lib/libzip.so
7f7179ffc000-7f717a011000 r-xp 00000000 fd:00 461434                     /root/jdk-16.0.2/lib/libnet.so
7f717a011000-7f717a012000 r--p 00014000 fd:00 461434                     /root/jdk-16.0.2/lib/libnet.so
7f717a012000-7f717a013000 rw-p 00015000 fd:00 461434                     /root/jdk-16.0.2/lib/libnet.so
7f717a013000-7f717a026000 r-xp 00000000 fd:00 461436                     /root/jdk-16.0.2/lib/libnio.so
7f717a026000-7f717a027000 r--p 00012000 fd:00 461436                     /root/jdk-16.0.2/lib/libnio.so
7f717a027000-7f717a028000 rw-p 00013000 fd:00 461436                     /root/jdk-16.0.2/lib/libnio.so
7f717a028000-7f717a06e000 rw-p 00000000 00:00 0 
7f717a06e000-7f717a075000 ---p 00000000 00:00 0 
7f717a075000-7f717a099000 r-xp 00000000 fd:00 461404                     /root/jdk-16.0.2/lib/libjava.so
7f717a099000-7f717a09a000 ---p 00024000 fd:00 461404                     /root/jdk-16.0.2/lib/libjava.so
7f717a09a000-7f717a09b000 r--p 00024000 fd:00 461404                     /root/jdk-16.0.2/lib/libjava.so
7f717a09b000-7f717a09c000 rw-p 00025000 fd:00 461404                     /root/jdk-16.0.2/lib/libjava.so
7f717a09c000-7f717a09d000 rw-p 00000000 00:00 0 
7f717a09d000-7f717a0b8000 r-xp 00000000 fd:00 461414                     /root/jdk-16.0.2/lib/libjimage.so
7f717a0b8000-7f717a0b9000 ---p 0001b000 fd:00 461414                     /root/jdk-16.0.2/lib/libjimage.so
7f717a0b9000-7f717a0bb000 r--p 0001b000 fd:00 461414                     /root/jdk-16.0.2/lib/libjimage.so
7f717a0bb000-7f717a0bc000 rw-p 0001d000 fd:00 461414                     /root/jdk-16.0.2/lib/libjimage.so
7f717a0bc000-7f717a0c0000 ---p 00000000 00:00 0 
7f717a0c0000-7f717a1c1000 rw-p 00000000 00:00 0 
7f717a1c1000-7f717a1d0000 r-xp 00000000 fd:00 461416                     /root/jdk-16.0.2/lib/libjli.so
7f717a1d0000-7f717a1d1000 r--p 0000e000 fd:00 461416                     /root/jdk-16.0.2/lib/libjli.so
7f717a1d1000-7f717a1d2000 rw-p 0000f000 fd:00 461416                     /root/jdk-16.0.2/lib/libjli.so
7f717a1d2000-7f717a1d4000 rw-p 00000000 00:00 0 
7f717a1d4000-7f717a1dc000 rw-s 00000000 fd:00 19076043                   /tmp/hsperfdata_root/30436
7f717a1dc000-7f717a1dd000 ---p 00000000 00:00 0 
7f717a1dd000-7f717a1de000 r--p 00000000 00:00 0 
7f717a1de000-7f717a1df000 ---p 00000000 00:00 0 
7f717a1df000-7f717a1e0000 rw-p 00000000 00:00 0 
7f717a1e0000-7f717a1e1000 r--p 00021000 fd:00 2215170                    /usr/lib64/ld-2.17.so
7f717a1e1000-7f717a1e2000 rw-p 00022000 fd:00 2215170                    /usr/lib64/ld-2.17.so
7f717a1e2000-7f717a1e3000 rw-p 00000000 00:00 0 
7fffcb8ea000-7fffcb90b000 rw-p 00000000 00:00 0                          [stack]
7fffcb98e000-7fffcb990000 r-xp 00000000 00:00 0                          [vdso]
ffffffffff600000-ffffffffff601000 r-xp 00000000 00:00 0                  [vsyscall]


VM Arguments:
jvm_args: -Djava.library.path=src/main/resources -Dfile.encoding=UTF-8 -Duser.country=AU -Duser.language=en -Duser.variant 
java_command: as2.app.Ivr
java_class_path (initial): /root/gradle/as2/app/build/classes/java/main:/root/gradle/as2/app/build/resources/main:/root/gradle/as2/utilities/build/libs/utilities.jar:/root/gradle/as2/list/build/libs/list.jar:/root/.gradle/caches/modules-2/files-2.1/org.apache.commons/commons-text/1.9/ba6ac8c2807490944a0a27f6f8e68fb5ed2e80e2/commons-text-1.9.jar:/root/.gradle/caches/modules-2/files-2.1/com.google.code.gson/gson/2.8.8/431fc3cbc0ff81abdbfde070062741089c3ba874/gson-2.8.8.jar:/root/.gradle/caches/modules-2/files-2.1/com.auth0/java-jwt/3.18.2/89c1da37cd738d9c3c7176fbf1e291ff2a8b988/java-jwt-3.18.2.jar:/root/.gradle/caches/modules-2/files-2.1/org.apache.commons/commons-lang3/3.11/68e9a6adf7cf8eb7e9d31bbc554c7c75eeaac568/commons-lang3-3.11.jar:/root/.gradle/caches/modules-2/files-2.1/com.fasterxml.jackson.core/jackson-databind/2.11.0/8f5aaf3878b0647ff3a16610af53b1a5c05d9f15/jackson-databind-2.11.0.jar:/root/.gradle/caches/modules-2/files-2.1/com.fasterxml.jackson.core/jackson-annotations/2.11.0/c626020ae55d19c690d25cb51c1532ba76e5890f/jackson-annotations-2.11.0.jar:/root/.gradle/caches/modules-2/files-2.1/com.fasterxml.jackson.core/jackson-core/2.11.0/f84302e14648f9f63c0c73951054aeb2ff0b810a/jackson-core-2.11.0.jar
Launcher Type: SUN_STANDARD

[Global flags]
     intx CICompilerCount                          = 2                                         {product} {ergonomic}
   size_t InitialHeapSize                          = 62914560                                  {product} {ergonomic}
   size_t MaxHeapSize                              = 994050048                                 {product} {ergonomic}
   size_t MaxNewSize                               = 331350016                                 {product} {ergonomic}
   size_t MinHeapDeltaBytes                        = 196608                                    {product} {ergonomic}
   size_t MinHeapSize                              = 8388608                                   {product} {ergonomic}
   size_t NewSize                                  = 20971520                                  {product} {ergonomic}
    uintx NonNMethodCodeHeapSize                   = 5826188                                {pd product} {ergonomic}
    uintx NonProfiledCodeHeapSize                  = 122916026                              {pd product} {ergonomic}
   size_t OldSize                                  = 41943040                                  {product} {ergonomic}
    uintx ProfiledCodeHeapSize                     = 122916026                              {pd product} {ergonomic}
    uintx ReservedCodeCacheSize                    = 251658240                              {pd product} {ergonomic}
     bool SegmentedCodeCache                       = true                                      {product} {ergonomic}
   size_t SoftMaxHeapSize                          = 994050048                              {manageable} {ergonomic}
     bool UseCompressedClassPointers               = true                           {product lp64_product} {ergonomic}
     bool UseCompressedOops                        = true                           {product lp64_product} {ergonomic}
     bool UseSerialGC                              = true                                      {product} {ergonomic}

Logging:
Log output configuration:
 #0: stdout all=warning uptime,level,tags
 #1: stderr all=off uptime,level,tags

Environment Variables:
JAVA_HOME=/root/jdk-16.0.2
PATH=/opt/gradle/gradle-7.2/bin:/bin:/usr/local/sbin:/usr/local/bin:/sbin:/bin:/usr/sbin:/usr/bin:/root/bin:/root/bin:/root/bin
SHELL=/bin/bash
LANG=en_AU.UTF-8

Signal Handlers:
SIGSEGV: [libjvm.so+0xdfeb90], sa_mask[0]=11100100010111111101111111111110, sa_flags=SA_RESTART|SA_SIGINFO
SIGBUS: [libjvm.so+0xdfeb90], sa_mask[0]=11100100010111111101111111111110, sa_flags=SA_RESTART|SA_SIGINFO
SIGFPE: [libjvm.so+0xdfeb90], sa_mask[0]=11100100010111111101111111111110, sa_flags=SA_RESTART|SA_SIGINFO
SIGPIPE: [libjvm.so+0xca84d0], sa_mask[0]=11100100010111111101111111111110, sa_flags=SA_RESTART|SA_SIGINFO
SIGXFSZ: [libjvm.so+0xca84d0], sa_mask[0]=11100100010111111101111111111110, sa_flags=SA_RESTART|SA_SIGINFO
SIGILL: [libjvm.so+0xdfeb90], sa_mask[0]=11100100010111111101111111111110, sa_flags=SA_RESTART|SA_SIGINFO
SIGUSR2: [libjvm.so+0xca7bc0], sa_mask[0]=00100000000000000000000000000000, sa_flags=SA_RESTART|SA_SIGINFO
SIGHUP: [libjvm.so+0xca7af0], sa_mask[0]=11100100010111111101111111111110, sa_flags=SA_RESTART|SA_SIGINFO
SIGINT: [libjvm.so+0xca7af0], sa_mask[0]=11100100010111111101111111111110, sa_flags=SA_RESTART|SA_SIGINFO
SIGTERM: [libjvm.so+0xca7af0], sa_mask[0]=11100100010111111101111111111110, sa_flags=SA_RESTART|SA_SIGINFO
SIGQUIT: [libjvm.so+0xca7af0], sa_mask[0]=11100100010111111101111111111110, sa_flags=SA_RESTART|SA_SIGINFO
SIGTRAP: [libjvm.so+0xdfeb90], sa_mask[0]=11100100010111111101111111111110, sa_flags=SA_RESTART|SA_SIGINFO


---------------  S Y S T E M  ---------------

OS:
CentOS Linux release 7.9.2009 (Core)
uname: Linux 3.10.0-1160.41.1.el7.x86_64 #1 SMP Tue Aug 31 14:52:47 UTC 2021 x86_64
OS uptime: 1 days 21:02 hours
libc: glibc 2.17 NPTL 2.17 
rlimit (soft/hard): STACK 8192k/infinity , CORE 0k/infinity , NPROC 15065/15065 , NOFILE 4096/4096 , AS infinity/infinity , CPU infinity/infinity , DATA infinity/infinity , FSIZE infinity/infinity , MEMLOCK 64k/64k
load average: 0.38 1.11 1.13

/proc/meminfo:
MemTotal:        3880392 kB
MemFree:         2142444 kB
MemAvailable:    3041440 kB
Buffers:            2132 kB
Cached:          1082288 kB
SwapCached:            0 kB
Active:          1333424 kB
Inactive:         230876 kB
Active(anon):     480180 kB
Inactive(anon):     8448 kB
Active(file):     853244 kB
Inactive(file):   222428 kB
Unevictable:           0 kB
Mlocked:               0 kB
SwapTotal:       1658876 kB
SwapFree:        1658876 kB
Dirty:               132 kB
Writeback:             0 kB
AnonPages:        477864 kB
Mapped:            52176 kB
Shmem:              8732 kB
Slab:              68636 kB
SReclaimable:      52036 kB
SUnreclaim:        16600 kB
KernelStack:        3152 kB
PageTables:         5840 kB
NFS_Unstable:          0 kB
Bounce:                0 kB
WritebackTmp:          0 kB
CommitLimit:     3599072 kB
Committed_AS:     987580 kB
VmallocTotal:   34359738367 kB
VmallocUsed:       32844 kB
VmallocChunk:   34359699624 kB
Percpu:              176 kB
HardwareCorrupted:     0 kB
AnonHugePages:    311296 kB
CmaTotal:              0 kB
CmaFree:               0 kB
HugePages_Total:       0
HugePages_Free:        0
HugePages_Rsvd:        0
HugePages_Surp:        0
Hugepagesize:       2048 kB
DirectMap4k:       61376 kB
DirectMap2M:     4132864 kB

/sys/kernel/mm/transparent_hugepage/enabled: [always] madvise never
/sys/kernel/mm/transparent_hugepage/defrag (defrag/compaction efforts parameter): [always] madvise never

Process Memory:
Virtual Size: 3210968K (peak: 3212960K)
Resident Set Size: 88632K (peak: 88632K) (anon: 64084K, file: 24548K, shmem: 0K)
Swapped out: 0K
C-Heap outstanding allocations: 5995K

/proc/sys/kernel/threads-max (system-wide limit on the number of threads): 30130
/proc/sys/vm/max_map_count (maximum number of memory map areas a process may have): 65530
/proc/sys/kernel/pid_max (system-wide limit on number of process identifiers): 32768

container (cgroup) information:
container_type: cgroupv1
cpu_cpuset_cpus: 0
cpu_memory_nodes: 0
active_processor_count: 1
cpu_quota: no quota
cpu_period: 100000
cpu_shares: no shares
memory_limit_in_bytes: unlimited
memory_and_swap_limit_in_bytes: unlimited
memory_soft_limit_in_bytes: unlimited
memory_usage_in_bytes: 1601896448
memory_max_usage_in_bytes: unlimited

KVM virtualization detected
Steal ticks since vm start: 0
Steal ticks percentage since vm start:  0.000

CPU: total 1 (initial active 1) (1 cores per cpu, 1 threads per core) family 6 model 142 stepping 12 microcode 0xffffffff, cx8, cmov, fxsr, mmx, sse, sse2, sse3, ssse3, sse4.1, sse4.2, tsc, tscinvbit, clflush, hv
CPU Model and flags from /proc/cpuinfo:
model name	: Intel(R) Core(TM) i7-8665U CPU @ 1.90GHz
flags		: fpu vme de pse tsc msr pae mce cx8 apic sep mtrr pge mca cmov pat pse36 clflush mmx fxsr sse sse2 ht syscall nx rdtscp lm constant_tsc rep_good nopl xtopology nonstop_tsc eagerfpu pni ssse3 pcid sse4_1 sse4_2 hypervisor lahf_lm invpcid_single ibrs_enhanced fsgsbase invpcid md_clear flush_l1d arch_capabilities

Online cpus: 0
Offline cpus: 
BIOS frequency limitation: <Not Available>
Frequency switch latency (ns): <Not Available>
Available cpu frequencies: <Not Available>
Current governor: <Not Available>
Core performance/turbo boost: <Not Available>

Memory: 4k page, physical 3880392k(2142320k free), swap 1658876k(1658876k free)

vm_info: OpenJDK 64-Bit Server VM (16.0.2+7-67) for linux-amd64 JRE (16.0.2+7-67), built on Jun  8 2021 22:13:23 by "mach5one" with gcc 10.2.0

END.
