#
# A fatal error has been detected by the Java Runtime Environment:
#
#  SIGSEGV (0xb) at pc=0x0000000000000a21, pid=20278, tid=20279
#
# JRE version: OpenJDK Runtime Environment (16.0.2+7) (build 16.0.2+7-67)
# Java VM: OpenJDK 64-Bit Server VM (16.0.2+7-67, mixed mode, sharing, tiered, compressed oops, compressed class ptrs, serial gc, linux-amd64)
# Problematic frame:
# C  0x0000000000000a21
#
# No core dump will be written. Core dumps have been disabled. To enable core dumping, try "ulimit -c unlimited" before starting Java again
#
# If you would like to submit a bug report, please visit:
#   https://bugreport.java.com/bugreport/crash.jsp
# The crash happened outside the Java Virtual Machine in native code.
# See problematic frame for where to report the bug.
#

---------------  S U M M A R Y ------------

Command Line: -Djava.library.path=src/main/resources -Dfile.encoding=UTF-8 -Duser.country=AU -Duser.language=en -Duser.variant as2.app.Ivr

Host: Intel(R) Core(TM) i7-8665U CPU @ 1.90GHz, 1 cores, 3G, CentOS Linux release 7.9.2009 (Core)
Time: Sat Oct  9 13:03:51 2021 AEDT elapsed time: 300.685180 seconds (0d 0h 5m 0s)

---------------  T H R E A D  ---------------

Current thread (0x00007f313c0226d0):  JavaThread "main" [_thread_in_native, id=20279, stack(0x00007f3142dcb000,0x00007f3142ecc000)]

Stack: [0x00007f3142dcb000,0x00007f3142ecc000],  sp=0x00007f3142eca758,  free space=1021k
Native frames: (J=compiled Java code, A=aot compiled Java code, j=interpreted, Vv=VM code, C=native code)
C  0x0000000000000a21

Java frames: (J=compiled Java code, j=interpreted, Vv=VM code)
j  org.pjsip.pjsua2.pjsua2JNI.Endpoint_libDestroy___SWIG_1(JLorg/pjsip/pjsua2/Endpoint;)V+0
j  org.pjsip.pjsua2.Endpoint.libDestroy_()V+5
j  org.pjsip.pjsua2.Endpoint.libDestroy()V+7
j  as2.app.Ivr.main([Ljava/lang/String;)V+197
v  ~StubRoutines::call_stub

siginfo: si_signo: 11 (SIGSEGV), si_code: 1 (SEGV_MAPERR), si_addr: 0x0000000000000a21

Register to memory mapping:

RAX=0x00007f311c013160 points into unknown readable memory: 0x0000000000000000 | 00 00 00 00 00 00 00 00
RBX=0x0 is NULL
RCX=0x00007f311c190720 points into unknown readable memory: 0x0000000000000000 | 00 00 00 00 00 00 00 00
RDX=0x00007f311c023cb0 points into unknown readable memory: 0x00007f311c190380 | 80 03 19 1c 31 7f 00 00
RSP=0x00007f3142eca758 is pointing into the stack for thread: 0x00007f313c0226d0
RBP=0x00007f313c132660 points into unknown readable memory: 0x00007f31245f6a70 | 70 6a 5f 24 31 7f 00 00
RSI=0x0 is NULL
RDI=0x00007f311c190380 points into unknown readable memory: 0x00007f311c013160 | 60 31 01 1c 31 7f 00 00
R8 =0x0000000000000001 is an unknown value
R9 =0x0000000000000002 is an unknown value
R10=0x00007f3142eca310 is pointing into the stack for thread: 0x00007f313c0226d0
R11=0x00007f31240f5d50: _ZN2pj5MediaD1Ev+0x0000000000000000 in /usr/local/lib/libpjsua2.so.2 at 0x00007f312409c000
R12=0x0 is NULL
R13=0x00007f312507b8c8 is pointing into metadata
R14=0x00007f3142eca8d8 is pointing into the stack for thread: 0x00007f313c0226d0
R15=0x00007f313c0226d0 is a thread


Registers:
RAX=0x00007f311c013160, RBX=0x0000000000000000, RCX=0x00007f311c190720, RDX=0x00007f311c023cb0
RSP=0x00007f3142eca758, RBP=0x00007f313c132660, RSI=0x0000000000000000, RDI=0x00007f311c190380
R8 =0x0000000000000001, R9 =0x0000000000000002, R10=0x00007f3142eca310, R11=0x00007f31240f5d50
R12=0x0000000000000000, R13=0x00007f312507b8c8, R14=0x00007f3142eca8d8, R15=0x00007f313c0226d0
RIP=0x0000000000000a21, EFLAGS=0x0000000000010202, CSGSFS=0x0000000000000033, ERR=0x0000000000000014
  TRAPNO=0x000000000000000e

Top of Stack: (sp=0x00007f3142eca758)
0x00007f3142eca758:   00007f31240d2086 3feffe66a73f719b
0x00007f3142eca768:   0000000000000000 3f943b8ec16c0423
0x00007f3142eca778:   0000000000000000 00007f3142eca7d0
0x00007f3142eca788:   00007f3141c15db7 0000000000000000 

Instructions: (pc=0x0000000000000a21)
0x0000000000000921:   ?? ?? ?? ?? ?? ?? ?? ?? ?? ?? ?? ?? ?? ?? ?? ??
0x0000000000000931:   ?? ?? ?? ?? ?? ?? ?? ?? ?? ?? ?? ?? ?? ?? ?? ??
0x0000000000000941:   ?? ?? ?? ?? ?? ?? ?? ?? ?? ?? ?? ?? ?? ?? ?? ??
0x0000000000000951:   ?? ?? ?? ?? ?? ?? ?? ?? ?? ?? ?? ?? ?? ?? ?? ??
0x0000000000000961:   ?? ?? ?? ?? ?? ?? ?? ?? ?? ?? ?? ?? ?? ?? ?? ??
0x0000000000000971:   ?? ?? ?? ?? ?? ?? ?? ?? ?? ?? ?? ?? ?? ?? ?? ??
0x0000000000000981:   ?? ?? ?? ?? ?? ?? ?? ?? ?? ?? ?? ?? ?? ?? ?? ??
0x0000000000000991:   ?? ?? ?? ?? ?? ?? ?? ?? ?? ?? ?? ?? ?? ?? ?? ??
0x00000000000009a1:   ?? ?? ?? ?? ?? ?? ?? ?? ?? ?? ?? ?? ?? ?? ?? ??
0x00000000000009b1:   ?? ?? ?? ?? ?? ?? ?? ?? ?? ?? ?? ?? ?? ?? ?? ??
0x00000000000009c1:   ?? ?? ?? ?? ?? ?? ?? ?? ?? ?? ?? ?? ?? ?? ?? ??
0x00000000000009d1:   ?? ?? ?? ?? ?? ?? ?? ?? ?? ?? ?? ?? ?? ?? ?? ??
0x00000000000009e1:   ?? ?? ?? ?? ?? ?? ?? ?? ?? ?? ?? ?? ?? ?? ?? ??
0x00000000000009f1:   ?? ?? ?? ?? ?? ?? ?? ?? ?? ?? ?? ?? ?? ?? ?? ??
0x0000000000000a01:   ?? ?? ?? ?? ?? ?? ?? ?? ?? ?? ?? ?? ?? ?? ?? ??
0x0000000000000a11:   ?? ?? ?? ?? ?? ?? ?? ?? ?? ?? ?? ?? ?? ?? ?? ??
0x0000000000000a21:   ?? ?? ?? ?? ?? ?? ?? ?? ?? ?? ?? ?? ?? ?? ?? ??
0x0000000000000a31:   ?? ?? ?? ?? ?? ?? ?? ?? ?? ?? ?? ?? ?? ?? ?? ??
0x0000000000000a41:   ?? ?? ?? ?? ?? ?? ?? ?? ?? ?? ?? ?? ?? ?? ?? ??
0x0000000000000a51:   ?? ?? ?? ?? ?? ?? ?? ?? ?? ?? ?? ?? ?? ?? ?? ??
0x0000000000000a61:   ?? ?? ?? ?? ?? ?? ?? ?? ?? ?? ?? ?? ?? ?? ?? ??
0x0000000000000a71:   ?? ?? ?? ?? ?? ?? ?? ?? ?? ?? ?? ?? ?? ?? ?? ??
0x0000000000000a81:   ?? ?? ?? ?? ?? ?? ?? ?? ?? ?? ?? ?? ?? ?? ?? ??
0x0000000000000a91:   ?? ?? ?? ?? ?? ?? ?? ?? ?? ?? ?? ?? ?? ?? ?? ??
0x0000000000000aa1:   ?? ?? ?? ?? ?? ?? ?? ?? ?? ?? ?? ?? ?? ?? ?? ??
0x0000000000000ab1:   ?? ?? ?? ?? ?? ?? ?? ?? ?? ?? ?? ?? ?? ?? ?? ??
0x0000000000000ac1:   ?? ?? ?? ?? ?? ?? ?? ?? ?? ?? ?? ?? ?? ?? ?? ??
0x0000000000000ad1:   ?? ?? ?? ?? ?? ?? ?? ?? ?? ?? ?? ?? ?? ?? ?? ??
0x0000000000000ae1:   ?? ?? ?? ?? ?? ?? ?? ?? ?? ?? ?? ?? ?? ?? ?? ??
0x0000000000000af1:   ?? ?? ?? ?? ?? ?? ?? ?? ?? ?? ?? ?? ?? ?? ?? ??
0x0000000000000b01:   ?? ?? ?? ?? ?? ?? ?? ?? ?? ?? ?? ?? ?? ?? ?? ??
0x0000000000000b11:   ?? ?? ?? ?? ?? ?? ?? ?? ?? ?? ?? ?? ?? ?? ?? ?? 


Stack slot to memory mapping:
stack at sp + 0 slots: 0x00007f31240d2086: _ZN2pj8Endpoint10libDestroyEj+0x0000000000000056 in /usr/local/lib/libpjsua2.so.2 at 0x00007f312409c000
stack at sp + 1 slots: 0x3feffe66a73f719b is an unknown value
stack at sp + 2 slots: 0x0 is NULL
stack at sp + 3 slots: 0x3f943b8ec16c0423 is an unknown value
stack at sp + 4 slots: 0x0 is NULL
stack at sp + 5 slots: 0x00007f3142eca7d0 is pointing into the stack for thread: 0x00007f313c0226d0
stack at sp + 6 slots: 0x00007f3141c15db7: <offset 0x0000000000b99db7> in /root/jdk-16.0.2/lib/server/libjvm.so at 0x00007f314107c000
stack at sp + 7 slots: 0x0 is NULL


---------------  P R O C E S S  ---------------

Threads class SMR info:
_java_thread_list=0x00007f311c2a5870, length=12, elements={
0x00007f313c0226d0, 0x00007f313c064550, 0x00007f313c065c20, 0x00007f313c06b780,
0x00007f313c06cda0, 0x00007f313c06e3b0, 0x00007f313c06ffa0, 0x00007f313c0716f0,
0x00007f313c072990, 0x00007f313c0ae440, 0x00007f313c0b28f0, 0x00007f311c17f5d0
}

Java Threads: ( => current thread )
=>0x00007f313c0226d0 JavaThread "main" [_thread_in_native, id=20279, stack(0x00007f3142dcb000,0x00007f3142ecc000)]
  0x00007f313c064550 JavaThread "Reference Handler" daemon [_thread_blocked, id=20285, stack(0x00007f3140192000,0x00007f3140293000)]
  0x00007f313c065c20 JavaThread "Finalizer" daemon [_thread_blocked, id=20286, stack(0x00007f3140091000,0x00007f3140192000)]
  0x00007f313c06b780 JavaThread "Signal Dispatcher" daemon [_thread_blocked, id=20287, stack(0x00007f31256e0000,0x00007f31257e1000)]
  0x00007f313c06cda0 JavaThread "Service Thread" daemon [_thread_blocked, id=20288, stack(0x00007f31255df000,0x00007f31256e0000)]
  0x00007f313c06e3b0 JavaThread "Monitor Deflation Thread" daemon [_thread_blocked, id=20289, stack(0x00007f31254de000,0x00007f31255df000)]
  0x00007f313c06ffa0 JavaThread "C2 CompilerThread0" daemon [_thread_blocked, id=20290, stack(0x00007f3124aff000,0x00007f3124c00000)]
  0x00007f313c0716f0 JavaThread "C1 CompilerThread0" daemon [_thread_blocked, id=20291, stack(0x00007f31249fe000,0x00007f3124aff000)]
  0x00007f313c072990 JavaThread "Sweeper thread" daemon [_thread_blocked, id=20292, stack(0x00007f31248fd000,0x00007f31249fe000)]
  0x00007f313c0ae440 JavaThread "Notification Thread" daemon [_thread_blocked, id=20293, stack(0x00007f31247fc000,0x00007f31248fd000)]
  0x00007f313c0b28f0 JavaThread "Common-Cleaner" daemon [_thread_blocked, id=20295, stack(0x00007f31245f9000,0x00007f31246fa000)]
  0x00007f311c17f5d0 JavaThread "HttpClient-1-SelectorManager" daemon [_thread_in_native, id=20377, stack(0x00007f31100aa000,0x00007f31101ab000)]

Other Threads:
  0x00007f313c060790 VMThread "VM Thread" [stack: 0x00007f3140295000,0x00007f3140395000] [id=20284]
  0x00007f313c0b0010 WatcherThread [stack: 0x00007f31246fc000,0x00007f31247fc000] [id=20294]

Threads with active compile tasks:

VM state: not at safepoint (normal execution)

VM Mutex/Monitor currently owned by a thread: None

Heap address: 0x00000000c4c00000, size: 948 MB, Compressed Oops mode: 32-bit

CDS archive(s) mapped at: [0x0000000800000000-0x0000000800bc1000-0x0000000800bc1000), size 12324864, SharedBaseAddress: 0x0000000800000000, ArchiveRelocationMode: 0.
Compressed class space mapped at: 0x0000000800c00000-0x0000000840c00000, reserved size: 1073741824
Narrow klass base: 0x0000000800000000, Narrow klass shift: 3, Narrow klass range: 0x100000000

GC Precious Log:
 CPUs: 1 total, 1 available
 Memory: 3789M
 Large Page Support: Disabled
 NUMA Support: Disabled
 Compressed Oops: Enabled (32-bit)
 Heap Min Capacity: 8M
 Heap Initial Capacity: 60M
 Heap Max Capacity: 948M
 Pre-touch: Disabled

Heap:
 def new generation   total 18496K, used 176K [0x00000000c4c00000, 0x00000000c6010000, 0x00000000d8800000)
  eden space 16448K,   1% used [0x00000000c4c00000, 0x00000000c4c2c1c0, 0x00000000c5c10000)
  from space 2048K,   0% used [0x00000000c5c10000, 0x00000000c5c10000, 0x00000000c5e10000)
  to   space 2048K,   0% used [0x00000000c5e10000, 0x00000000c5e10000, 0x00000000c6010000)
 tenured generation   total 40960K, used 4313K [0x00000000d8800000, 0x00000000db000000, 0x0000000100000000)
   the space 40960K,  10% used [0x00000000d8800000, 0x00000000d8c364f8, 0x00000000d8c36600, 0x00000000db000000)
 Metaspace       used 12026K, committed 12288K, reserved 1064960K
  class space    used 1249K, committed 1344K, reserved 1048576K

Card table byte_map: [0x00007f31405ae000,0x00007f3140789000] _byte_map_base: 0x00007f313ff88000

Polling page: 0x00007f3142eeb000

Metaspace:

Usage:
  Non-class:     10.52 MB used.
      Class:      1.22 MB used.
       Both:     11.74 MB used.

Virtual space:
  Non-class space:       16.00 MB reserved,      10.69 MB ( 67%) committed,  2 nodes.
      Class space:        1.00 GB reserved,       1.31 MB ( <1%) committed,  1 nodes.
              Both:        1.02 GB reserved,      12.00 MB (  1%) committed. 

Chunk freelists:
   Non-Class:  1.30 MB
       Class:  2.67 MB
        Both:  3.96 MB

MaxMetaspaceSize: 17179869184.00 GB
CompressedClassSpaceSize: 1.00 GB
 - commit_granule_bytes: 65536.
 - commit_granule_words: 8192.
 - virtual_space_node_default_size: 1048576.
 - enlarge_chunks_in_place: 1.
 - new_chunks_are_fully_committed: 0.
 - uncommit_free_chunks: 1.
 - use_allocation_guard: 0.
 - handle_deallocations: 1.


Internal statistics:

num_allocs_failed_limit: 0.
num_arena_births: 150.
num_arena_deaths: 0.
num_vsnodes_births: 3.
num_vsnodes_deaths: 0.
num_space_committed: 192.
num_space_uncommitted: 0.
num_chunks_returned_to_freelist: 0.
num_chunks_taken_from_freelist: 411.
num_chunk_merges: 0.
num_chunk_splits: 289.
num_chunks_enlarged: 227.
num_purges: 0.

CodeHeap 'non-profiled nmethods': size=120036Kb used=381Kb max_used=381Kb free=119654Kb
 bounds [0x00007f312d2a8000, 0x00007f312d518000, 0x00007f31347e1000]
CodeHeap 'profiled nmethods': size=120032Kb used=1751Kb max_used=1751Kb free=118280Kb
 bounds [0x00007f3125d70000, 0x00007f3125fe0000, 0x00007f312d2a8000]
CodeHeap 'non-nmethods': size=5692Kb used=1211Kb max_used=1225Kb free=4480Kb
 bounds [0x00007f31257e1000, 0x00007f3125a51000, 0x00007f3125d70000]
 total_blobs=1632 nmethods=1110 adapters=439
 compilation: enabled
              stopped_count=0, restarted_count=0
 full_count=0

Compilation events (20 events):
Event: 27.371 Thread 0x00007f313c0716f0 1110       3       jdk.internal.org.objectweb.asm.MethodWriter::visitLabel (328 bytes)
Event: 27.372 Thread 0x00007f313c0716f0 nmethod 1110 0x00007f3125f22510 code [0x00007f3125f22760, 0x00007f3125f23100]
Event: 27.372 Thread 0x00007f313c0716f0 1111       3       jdk.internal.org.objectweb.asm.MethodWriter::endCurrentBasicBlockWithNoSuccessor (94 bytes)
Event: 27.373 Thread 0x00007f313c0716f0 nmethod 1111 0x00007f3125f23390 code [0x00007f3125f23580, 0x00007f3125f23a80]
Event: 27.373 Thread 0x00007f313c0716f0 1113       3       java.lang.ref.WeakReference::<init> (6 bytes)
Event: 27.373 Thread 0x00007f313c0716f0 nmethod 1113 0x00007f3125f23c90 code [0x00007f3125f23e40, 0x00007f3125f240d0]
Event: 27.373 Thread 0x00007f313c0716f0 1108       3       java.lang.invoke.MethodHandleNatives::refKindHasReceiver (33 bytes)
Event: 27.373 Thread 0x00007f313c0716f0 nmethod 1108 0x00007f3125f24210 code [0x00007f3125f243a0, 0x00007f3125f244f0]
Event: 27.373 Thread 0x00007f313c0716f0 1107       3       jdk.internal.misc.VM::isSystemDomainLoader (17 bytes)
Event: 27.374 Thread 0x00007f313c0716f0 nmethod 1107 0x00007f3125f24590 code [0x00007f3125f247e0, 0x00007f3125f252d0]
Event: 27.374 Thread 0x00007f313c0716f0 1115       1       java.lang.AbstractStringBuilder::length (5 bytes)
Event: 27.374 Thread 0x00007f313c0716f0 nmethod 1115 0x00007f312d306990 code [0x00007f312d306b20, 0x00007f312d306bf0]
Event: 27.377 Thread 0x00007f313c06ffa0 1114       4       jdk.internal.org.objectweb.asm.SymbolTable::put (150 bytes)
Event: 27.379 Thread 0x00007f313c06ffa0 nmethod 1114 0x00007f312d306c90 code [0x00007f312d306e20, 0x00007f312d306f78]
Event: 150.722 Thread 0x00007f313c0716f0 1119       3       java.util.ArrayList::clear (43 bytes)
Event: 150.723 Thread 0x00007f313c0716f0 nmethod 1119 0x00007f3125f25610 code [0x00007f3125f257c0, 0x00007f3125f25b10]
Event: 168.767 Thread 0x00007f313c0716f0 1120       1       java.lang.Thread::isInterrupted (5 bytes)
Event: 168.767 Thread 0x00007f313c0716f0 nmethod 1120 0x00007f312d307110 code [0x00007f312d3072a0, 0x00007f312d307370]
Event: 186.825 Thread 0x00007f313c0716f0 1121       1       java.util.TreeMap::size (5 bytes)
Event: 186.825 Thread 0x00007f313c0716f0 nmethod 1121 0x00007f312d307410 code [0x00007f312d3075a0, 0x00007f312d307670]

GC Heap History (6 events):
Event: 25.452 GC heap before
{Heap before GC invocations=0 (full 0):
 def new generation   total 18432K, used 16384K [0x00000000c4c00000, 0x00000000c6000000, 0x00000000d8800000)
  eden space 16384K, 100% used [0x00000000c4c00000, 0x00000000c5c00000, 0x00000000c5c00000)
  from space 2048K,   0% used [0x00000000c5c00000, 0x00000000c5c00000, 0x00000000c5e00000)
  to   space 2048K,   0% used [0x00000000c5e00000, 0x00000000c5e00000, 0x00000000c6000000)
 tenured generation   total 40960K, used 0K [0x00000000d8800000, 0x00000000db000000, 0x0000000100000000)
   the space 40960K,   0% used [0x00000000d8800000, 0x00000000d8800000, 0x00000000d8800200, 0x00000000db000000)
 Metaspace       used 6249K, committed 6464K, reserved 1056768K
  class space    used 601K, committed 704K, reserved 1048576K
}
Event: 25.460 GC heap after
{Heap after GC invocations=1 (full 0):
 def new generation   total 18432K, used 2047K [0x00000000c4c00000, 0x00000000c6000000, 0x00000000d8800000)
  eden space 16384K,   0% used [0x00000000c4c00000, 0x00000000c4c00000, 0x00000000c5c00000)
  from space 2048K,  99% used [0x00000000c5e00000, 0x00000000c5fffff8, 0x00000000c6000000)
  to   space 2048K,   0% used [0x00000000c5c00000, 0x00000000c5c00000, 0x00000000c5e00000)
 tenured generation   total 40960K, used 746K [0x00000000d8800000, 0x00000000db000000, 0x0000000100000000)
   the space 40960K,   1% used [0x00000000d8800000, 0x00000000d88ba8b8, 0x00000000d88baa00, 0x00000000db000000)
 Metaspace       used 6249K, committed 6464K, reserved 1056768K
  class space    used 601K, committed 704K, reserved 1048576K
}
Event: 26.987 GC heap before
{Heap before GC invocations=1 (full 0):
 def new generation   total 18432K, used 18431K [0x00000000c4c00000, 0x00000000c6000000, 0x00000000d8800000)
  eden space 16384K, 100% used [0x00000000c4c00000, 0x00000000c5c00000, 0x00000000c5c00000)
  from space 2048K,  99% used [0x00000000c5e00000, 0x00000000c5fffff8, 0x00000000c6000000)
  to   space 2048K,   0% used [0x00000000c5c00000, 0x00000000c5c00000, 0x00000000c5e00000)
 tenured generation   total 40960K, used 746K [0x00000000d8800000, 0x00000000db000000, 0x0000000100000000)
   the space 40960K,   1% used [0x00000000d8800000, 0x00000000d88ba8b8, 0x00000000d88baa00, 0x00000000db000000)
 Metaspace       used 10659K, committed 10880K, reserved 1064960K
  class space    used 1059K, committed 1152K, reserved 1048576K
}
Event: 26.996 GC heap after
{Heap after GC invocations=2 (full 0):
 def new generation   total 18432K, used 1265K [0x00000000c4c00000, 0x00000000c6000000, 0x00000000d8800000)
  eden space 16384K,   0% used [0x00000000c4c00000, 0x00000000c4c00000, 0x00000000c5c00000)
  from space 2048K,  61% used [0x00000000c5c00000, 0x00000000c5d3c420, 0x00000000c5e00000)
  to   space 2048K,   0% used [0x00000000c5e00000, 0x00000000c5e00000, 0x00000000c6000000)
 tenured generation   total 40960K, used 2776K [0x00000000d8800000, 0x00000000db000000, 0x0000000100000000)
   the space 40960K,   6% used [0x00000000d8800000, 0x00000000d8ab6000, 0x00000000d8ab6000, 0x00000000db000000)
 Metaspace       used 10659K, committed 10880K, reserved 1064960K
  class space    used 1059K, committed 1152K, reserved 1048576K
}
Event: 300.671 GC heap before
{Heap before GC invocations=2 (full 0):
 def new generation   total 18432K, used 4783K [0x00000000c4c00000, 0x00000000c6000000, 0x00000000d8800000)
  eden space 16384K,  21% used [0x00000000c4c00000, 0x00000000c4f6fb38, 0x00000000c5c00000)
  from space 2048K,  61% used [0x00000000c5c00000, 0x00000000c5d3c420, 0x00000000c5e00000)
  to   space 2048K,   0% used [0x00000000c5e00000, 0x00000000c5e00000, 0x00000000c6000000)
 tenured generation   total 40960K, used 2776K [0x00000000d8800000, 0x00000000db000000, 0x0000000100000000)
   the space 40960K,   6% used [0x00000000d8800000, 0x00000000d8ab6000, 0x00000000d8ab6000, 0x00000000db000000)
 Metaspace       used 12026K, committed 12288K, reserved 1064960K
  class space    used 1249K, committed 1344K, reserved 1048576K
}
Event: 300.684 GC heap after
{Heap after GC invocations=3 (full 1):
 def new generation   total 18496K, used 0K [0x00000000c4c00000, 0x00000000c6010000, 0x00000000d8800000)
  eden space 16448K,   0% used [0x00000000c4c00000, 0x00000000c4c00000, 0x00000000c5c10000)
  from space 2048K,   0% used [0x00000000c5c10000, 0x00000000c5c10000, 0x00000000c5e10000)
  to   space 2048K,   0% used [0x00000000c5e10000, 0x00000000c5e10000, 0x00000000c6010000)
 tenured generation   total 40960K, used 4313K [0x00000000d8800000, 0x00000000db000000, 0x0000000100000000)
   the space 40960K,  10% used [0x00000000d8800000, 0x00000000d8c364f8, 0x00000000d8c36600, 0x00000000db000000)
 Metaspace       used 12026K, committed 12288K, reserved 1064960K
  class space    used 1249K, committed 1344K, reserved 1048576K
}

Deoptimization events (20 events):
Event: 25.893 Thread 0x00007f311c011b10 DEOPT PACKING pc=0x00007f312d2b5ffc sp=0x00007f30fbffc3a0
Event: 25.893 Thread 0x00007f311c011b10 DEOPT UNPACKING pc=0x00007f312582e11e sp=0x00007f30fbffc350 mode 2
Event: 25.893 Thread 0x00007f311c011b10 Uncommon trap: trap_request=0xffffff45 fr.pc=0x00007f312d2c6068 relative=0x0000000000000048
Event: 25.893 Thread 0x00007f311c011b10 Uncommon trap: reason=unstable_if action=reinterpret pc=0x00007f312d2c6068 method=java.lang.CharacterData.of(I)Ljava/lang/CharacterData; @ 4 c2
Event: 25.893 Thread 0x00007f311c011b10 DEOPT PACKING pc=0x00007f312d2c6068 sp=0x00007f30fbffbec0
Event: 25.893 Thread 0x00007f311c011b10 DEOPT UNPACKING pc=0x00007f312582e11e sp=0x00007f30fbffbe80 mode 2
Event: 26.811 Thread 0x00007f311c011b10 DEOPT PACKING pc=0x00007f3125e3e9a8 sp=0x00007f30fbff7ec0
Event: 26.811 Thread 0x00007f311c011b10 DEOPT UNPACKING pc=0x00007f312582e89b sp=0x00007f30fbff73f8 mode 0
Event: 26.923 Thread 0x00007f311c011b10 Uncommon trap: trap_request=0xffffffde fr.pc=0x00007f312d2f3f44 relative=0x0000000000000aa4
Event: 26.923 Thread 0x00007f311c011b10 Uncommon trap: reason=class_check action=maybe_recompile pc=0x00007f312d2f3f44 method=java.util.concurrent.ConcurrentHashMap.putVal(Ljava/lang/Object;Ljava/lang/Object;Z)Ljava/lang/Object; @ 159 c2
Event: 26.923 Thread 0x00007f311c011b10 DEOPT PACKING pc=0x00007f312d2f3f44 sp=0x00007f30fbffc490
Event: 26.923 Thread 0x00007f311c011b10 DEOPT UNPACKING pc=0x00007f312582e11e sp=0x00007f30fbffc410 mode 2
Event: 27.017 Thread 0x00007f311c011b10 Uncommon trap: trap_request=0xffffffde fr.pc=0x00007f312d2f3f44 relative=0x0000000000000aa4
Event: 27.017 Thread 0x00007f311c011b10 Uncommon trap: reason=class_check action=maybe_recompile pc=0x00007f312d2f3f44 method=java.util.concurrent.ConcurrentHashMap.putVal(Ljava/lang/Object;Ljava/lang/Object;Z)Ljava/lang/Object; @ 159 c2
Event: 27.017 Thread 0x00007f311c011b10 DEOPT PACKING pc=0x00007f312d2f3f44 sp=0x00007f30fbffbdf0
Event: 27.017 Thread 0x00007f311c011b10 DEOPT UNPACKING pc=0x00007f312582e11e sp=0x00007f30fbffbd70 mode 2
Event: 27.017 Thread 0x00007f311c011b10 Uncommon trap: trap_request=0xffffff45 fr.pc=0x00007f312d2e999c relative=0x000000000000027c
Event: 27.017 Thread 0x00007f311c011b10 Uncommon trap: reason=unstable_if action=reinterpret pc=0x00007f312d2e999c method=java.util.concurrent.ConcurrentHashMap.get(Ljava/lang/Object;)Ljava/lang/Object; @ 152 c2
Event: 27.017 Thread 0x00007f311c011b10 DEOPT PACKING pc=0x00007f312d2e999c sp=0x00007f30fbffc120
Event: 27.017 Thread 0x00007f311c011b10 DEOPT UNPACKING pc=0x00007f312582e11e sp=0x00007f30fbffc0a8 mode 2

Classes unloaded (0 events):
No events

Classes redefined (0 events):
No events

Internal exceptions (20 events):
Event: 24.134 Thread 0x00007f311c01f420 Exception <a 'java/lang/NoSuchMethodError'{0x00000000c4f33610}: 'int java.lang.invoke.DirectMethodHandle$Holder.invokeStaticInit(java.lang.Object, java.lang.Object, java.lang.Object)'> (0x00000000c4f33610) 
thrown [open/src/hotspot/share/interpreter/linkResolver.cpp, line 789]
Event: 24.141 Thread 0x00007f311c01f420 Exception <a 'java/lang/NoSuchMethodError'{0x00000000c4f48220}: 'int java.lang.invoke.DirectMethodHandle$Holder.invokeSpecial(java.lang.Object, java.lang.Object, java.lang.Object)'> (0x00000000c4f48220) 
thrown [open/src/hotspot/share/interpreter/linkResolver.cpp, line 789]
Event: 24.143 Thread 0x00007f311c01f420 Exception <a 'java/lang/NoSuchMethodError'{0x00000000c4f4e6c0}: 'int java.lang.invoke.DirectMethodHandle$Holder.invokeStaticInit(java.lang.Object, java.lang.Object)'> (0x00000000c4f4e6c0) 
thrown [open/src/hotspot/share/interpreter/linkResolver.cpp, line 789]
Event: 24.145 Thread 0x00007f311c01f420 Exception <a 'java/lang/NoSuchMethodError'{0x00000000c4f54900}: 'int java.lang.invoke.DirectMethodHandle$Holder.invokeSpecialIFC(java.lang.Object, java.lang.Object, java.lang.Object)'> (0x00000000c4f54900) 
thrown [open/src/hotspot/share/interpreter/linkResolver.cpp, line 789]
Event: 24.196 Thread 0x00007f311c01f420 Exception <a 'java/lang/NoSuchMethodError'{0x00000000c4f8e770}: 'void java.lang.invoke.DirectMethodHandle$Holder.invokeSpecial(java.lang.Object, java.lang.Object, java.lang.Object)'> (0x00000000c4f8e770) 
thrown [open/src/hotspot/share/interpreter/linkResolver.cpp, line 789]
Event: 24.550 Thread 0x00007f311c01f420 Exception <a 'java/lang/NoSuchMethodError'{0x00000000c5144460}: 'int java.lang.invoke.DirectMethodHandle$Holder.invokeStaticInit(java.lang.Object, java.lang.Object, java.lang.Object, java.lang.Object)'> (0x00000000c5144460) 
thrown [open/src/hotspot/share/interpreter/linkResolver.cpp, line 789]
Event: 24.552 Thread 0x00007f311c01f420 Exception <a 'java/lang/NoSuchMethodError'{0x00000000c514e4b8}: 'java.lang.Object java.lang.invoke.DirectMethodHandle$Holder.invokeInterface(java.lang.Object, java.lang.Object)'> (0x00000000c514e4b8) 
thrown [open/src/hotspot/share/interpreter/linkResolver.cpp, line 789]
Event: 24.553 Thread 0x00007f311c01f420 Exception <a 'java/lang/IncompatibleClassChangeError'{0x00000000c5151eb0}: Found class java.lang.Object, but interface was expected> (0x00000000c5151eb0) 
thrown [open/src/hotspot/share/interpreter/linkResolver.cpp, line 857]
Event: 24.553 Thread 0x00007f311c01f420 Exception <a 'java/lang/NoSuchMethodError'{0x00000000c51551a8}: 'void java.lang.invoke.DirectMethodHandle$Holder.invokeStatic(java.lang.Object, java.lang.Object)'> (0x00000000c51551a8) 
thrown [open/src/hotspot/share/interpreter/linkResolver.cpp, line 789]
Event: 24.554 Thread 0x00007f311c01f420 Exception <a 'java/lang/NoSuchMethodError'{0x00000000c5158cc8}: 'void java.lang.invoke.DirectMethodHandle$Holder.invokeStaticInit(java.lang.Object, java.lang.Object)'> (0x00000000c5158cc8) 
thrown [open/src/hotspot/share/interpreter/linkResolver.cpp, line 789]
Event: 24.815 Thread 0x00007f311c01f420 Exception <a 'java/lang/NoSuchMethodError'{0x00000000c535f580}: 'java.lang.Object java.lang.invoke.DirectMethodHandle$Holder.invokeStatic(java.lang.Object)'> (0x00000000c535f580) 
thrown [open/src/hotspot/share/interpreter/linkResolver.cpp, line 789]
Event: 24.889 Thread 0x00007f311c01f420 Implicit null exception at 0x00007f312d2cfe75 to 0x00007f312d2d0404
Event: 25.150 Thread 0x00007f311c01f420 Exception <a 'java/lang/NoSuchMethodError'{0x00000000c5703be0}: 'java.lang.Object java.lang.invoke.DirectMethodHandle$Holder.invokeStaticInit(java.lang.Object)'> (0x00000000c5703be0) 
thrown [open/src/hotspot/share/interpreter/linkResolver.cpp, line 789]
Event: 25.365 Thread 0x00007f311c01f420 Exception <a 'java/lang/NoSuchMethodError'{0x00000000c579aee0}: 'java.lang.Object java.lang.invoke.DirectMethodHandle$Holder.newInvokeSpecial(java.lang.Object, java.lang.Object, java.lang.Object, java.lang.Object, java.lang.Object)'> (0x00000000c579aee0) 
thrown [open/src/hotspot/share/interpreter/linkResolver.cpp, line 789]
Event: 27.045 Thread 0x00007f311c011b10 Exception <a 'java/lang/NoSuchMethodError'{0x00000000c4c73cd8}: 'java.lang.Object java.lang.invoke.DirectMethodHandle$Holder.invokeSpecial(java.lang.Object, java.lang.Object, java.lang.Object, java.lang.Object, int)'> (0x00000000c4c73cd8) 
thrown [open/src/hotspot/share/interpreter/linkResolver.cpp, line 789]
Event: 27.046 Thread 0x00007f311c011b10 Exception <a 'java/lang/NoSuchMethodError'{0x00000000c4c77a98}: 'java.lang.Object java.lang.invoke.Invokers$Holder.linkToTargetMethod(java.lang.Object, java.lang.Object, int, java.lang.Object)'> (0x00000000c4c77a98) 
thrown [open/src/hotspot/share/interpreter/linkResolver.cpp, line 789]
Event: 27.149 Thread 0x00007f311c011b10 Exception <a 'java/lang/NoSuchMethodError'{0x00000000c4cdb590}: 'void java.lang.invoke.DirectMethodHandle$Holder.invokeSpecial(java.lang.Object, java.lang.Object, java.lang.Object, java.lang.Object, java.lang.Object)'> (0x00000000c4cdb590) 
thrown [open/src/hotspot/share/interpreter/linkResolver.cpp, line 789]
Event: 27.196 Thread 0x00007f311c17f5d0 Exception <a 'java/lang/NoSuchMethodError'{0x00000000c4d736b0}: 'void java.lang.invoke.DirectMethodHandle$Holder.invokeStatic(java.lang.Object, java.lang.Object, int)'> (0x00000000c4d736b0) 
thrown [open/src/hotspot/share/interpreter/linkResolver.cpp, line 789]
Event: 27.328 Thread 0x00007f311800a210 Exception <a 'java/lang/NoSuchMethodError'{0x00000000c4e32c20}: 'void java.lang.invoke.DirectMethodHandle$Holder.invokeSpecial(java.lang.Object, java.lang.Object, java.lang.Object, java.lang.Object, java.lang.Object, java.lang.Object, java.lang.Object)'> (0x00000000c4e32c20) 
thrown [open/src/hotspot/share/interpreter/linkResolver.cpp, line 789]
Event: 27.331 Thread 0x00007f311800a210 Exception <a 'java/lang/NoSuchMethodError'{0x00000000c4e45228}: 'void java.lang.invoke.DirectMethodHandle$Holder.invokeStatic(java.lang.Object, java.lang.Object, java.lang.Object, java.lang.Object)'> (0x00000000c4e45228) 
thrown [open/src/hotspot/share/interpreter/linkResolver.cpp, line 789]

Events (20 events):
Event: 28.074 Thread 0x0000563f6db23230 Thread exited: 0x0000563f6db23230
Event: 28.477 Protecting memory [0x00007f3100af8000,0x00007f3100afc000] with protection modes 0
Event: 28.477 Thread 0x0000563f6db23ef0 Thread added: 0x0000563f6db23ef0
Event: 28.477 Thread 0x0000563f6db23ef0 Thread exited: 0x0000563f6db23ef0
Event: 28.881 Protecting memory [0x00007f3100af8000,0x00007f3100afc000] with protection modes 0
Event: 28.881 Thread 0x0000563f6db23ef0 Thread added: 0x0000563f6db23ef0
Event: 28.882 Thread 0x0000563f6db23ef0 Thread exited: 0x0000563f6db23ef0
Event: 29.796 Protecting memory [0x00007f3100af8000,0x00007f3100afc000] with protection modes 0
Event: 29.796 Thread 0x0000563f6db23ef0 Thread added: 0x0000563f6db23ef0
Event: 29.796 Thread 0x0000563f6db23ef0 Thread exited: 0x0000563f6db23ef0
Event: 30.200 Protecting memory [0x00007f3100af8000,0x00007f3100afc000] with protection modes 0
Event: 30.200 Thread 0x0000563f6db23ef0 Thread added: 0x0000563f6db23ef0
Event: 30.200 Thread 0x0000563f6db23ef0 Thread exited: 0x0000563f6db23ef0
Event: 87.247 Thread 0x00007f31180089d0 Thread exited: 0x00007f31180089d0
Event: 87.380 Thread 0x00007f311800a210 Thread exited: 0x00007f311800a210
Event: 294.663 Protecting memory [0x00007f30fb801000,0x00007f30fb805000] with protection modes 0
Event: 294.663 Thread 0x00007f311c320c10 Thread added: 0x00007f311c320c10
Event: 294.663 Thread 0x00007f311c320c10 Thread exited: 0x00007f311c320c10
Event: 300.671 Executing  VM operation: GenCollectFull
Event: 300.684 Executing  VM operation: GenCollectFull done


Dynamic libraries:
c4c00000-c6010000 rw-p 00000000 00:00 0 
c6010000-d8800000 ---p 00000000 00:00 0 
d8800000-db000000 rw-p 00000000 00:00 0 
db000000-100000000 ---p 00000000 00:00 0 
800000000-800003000 rwxp 00001000 fd:00 25330829                         /root/jdk-16.0.2/lib/server/classes.jsa
800003000-800411000 rw-p 00004000 fd:00 25330829                         /root/jdk-16.0.2/lib/server/classes.jsa
800411000-800bc1000 r--p 00412000 fd:00 25330829                         /root/jdk-16.0.2/lib/server/classes.jsa
800bc1000-800c00000 ---p 00000000 00:00 0 
800c00000-800c40000 rw-p 00000000 00:00 0 
800c40000-800cb0000 rw-p 00000000 00:00 0 
800cb0000-800cc0000 ---p 00000000 00:00 0 
800cc0000-800d60000 rw-p 00000000 00:00 0 
800d60000-840c00000 ---p 00000000 00:00 0 
563f6c560000-563f6c561000 r-xp 00000000 fd:00 9328148                    /root/jdk-16.0.2/bin/java
563f6c562000-563f6c563000 r--p 00001000 fd:00 9328148                    /root/jdk-16.0.2/bin/java
563f6c563000-563f6c564000 rw-p 00002000 fd:00 9328148                    /root/jdk-16.0.2/bin/java
563f6d6bd000-563f6dba6000 rw-p 00000000 00:00 0                          [heap]
7f30fac00000-7f30faec0000 rw-p 00000000 00:00 0 
7f30faec0000-7f30fb400000 ---p 00000000 00:00 0 
7f30fb7ff000-7f30fb800000 ---p 00000000 00:00 0 
7f30fb800000-7f30fb801000 rw-p 00000000 00:00 0 
7f30fb801000-7f30fb805000 ---p 00000000 00:00 0 
7f30fb805000-7f30fc000000 rw-p 00000000 00:00 0 
7f30fc000000-7f30fc167000 rw-p 00000000 00:00 0 
7f30fc167000-7f3100000000 ---p 00000000 00:00 0 
7f31000f3000-7f31000f7000 ---p 00000000 00:00 0 
7f31000f7000-7f31001f4000 rw-p 00000000 00:00 0 
7f31001f4000-7f31001f8000 ---p 00000000 00:00 0 
7f31001f8000-7f31002f5000 rw-p 00000000 00:00 0 
7f31002f5000-7f31002f6000 ---p 00000000 00:00 0 
7f31002f6000-7f3100af6000 rw-p 00000000 00:00 0 
7f3100af6000-7f3100af7000 ---p 00000000 00:00 0 
7f3100af7000-7f3100af8000 rw-p 00000000 00:00 0 
7f3100af8000-7f3100afc000 ---p 00000000 00:00 0 
7f3100afc000-7f31012f7000 rw-p 00000000 00:00 0 
7f31012f7000-7f3101306000 r-xp 00000000 fd:00 35267                      /usr/lib64/libbz2.so.1.0.6
7f3101306000-7f3101505000 ---p 0000f000 fd:00 35267                      /usr/lib64/libbz2.so.1.0.6
7f3101505000-7f3101506000 r--p 0000e000 fd:00 35267                      /usr/lib64/libbz2.so.1.0.6
7f3101506000-7f3101507000 rw-p 0000f000 fd:00 35267                      /usr/lib64/libbz2.so.1.0.6
7f3101507000-7f310152c000 r-xp 00000000 fd:00 35259                      /usr/lib64/liblzma.so.5.2.2
7f310152c000-7f310172b000 ---p 00025000 fd:00 35259                      /usr/lib64/liblzma.so.5.2.2
7f310172b000-7f310172c000 r--p 00024000 fd:00 35259                      /usr/lib64/liblzma.so.5.2.2
7f310172c000-7f310172d000 rw-p 00025000 fd:00 35259                      /usr/lib64/liblzma.so.5.2.2
7f310172d000-7f3101744000 r-xp 00000000 fd:00 35296                      /usr/lib64/libelf-0.176.so
7f3101744000-7f3101943000 ---p 00017000 fd:00 35296                      /usr/lib64/libelf-0.176.so
7f3101943000-7f3101944000 r--p 00016000 fd:00 35296                      /usr/lib64/libelf-0.176.so
7f3101944000-7f3101945000 rw-p 00017000 fd:00 35296                      /usr/lib64/libelf-0.176.so
7f3101945000-7f3101949000 r-xp 00000000 fd:00 35302                      /usr/lib64/libattr.so.1.1.0
7f3101949000-7f3101b48000 ---p 00004000 fd:00 35302                      /usr/lib64/libattr.so.1.1.0
7f3101b48000-7f3101b49000 r--p 00003000 fd:00 35302                      /usr/lib64/libattr.so.1.1.0
7f3101b49000-7f3101b4a000 rw-p 00004000 fd:00 35302                      /usr/lib64/libattr.so.1.1.0
7f3101b4a000-7f3101b98000 r-xp 00000000 fd:00 251082                     /usr/lib64/libdw-0.176.so
7f3101b98000-7f3101d98000 ---p 0004e000 fd:00 251082                     /usr/lib64/libdw-0.176.so
7f3101d98000-7f3101d9a000 r--p 0004e000 fd:00 251082                     /usr/lib64/libdw-0.176.so
7f3101d9a000-7f3101d9b000 rw-p 00050000 fd:00 251082                     /usr/lib64/libdw-0.176.so
7f3101d9b000-7f3101d9f000 r-xp 00000000 fd:00 35306                      /usr/lib64/libcap.so.2.22
7f3101d9f000-7f3101f9e000 ---p 00004000 fd:00 35306                      /usr/lib64/libcap.so.2.22
7f3101f9e000-7f3101f9f000 r--p 00003000 fd:00 35306                      /usr/lib64/libcap.so.2.22
7f3101f9f000-7f3101fa0000 rw-p 00004000 fd:00 35306                      /usr/lib64/libcap.so.2.22
7f3101fa0000-7f3101fb2000 r-xp 00000000 fd:00 35167                      /usr/lib64/libnss_myhostname.so.2
7f3101fb2000-7f31021b1000 ---p 00012000 fd:00 35167                      /usr/lib64/libnss_myhostname.so.2
7f31021b1000-7f31021b4000 r--p 00011000 fd:00 35167                      /usr/lib64/libnss_myhostname.so.2
7f31021b4000-7f31021b5000 rw-p 00014000 fd:00 35167                      /usr/lib64/libnss_myhostname.so.2
7f31021b5000-7f31021cb000 r-xp 00000000 fd:00 17720                      /usr/lib64/libresolv-2.17.so
7f31021cb000-7f31023cb000 ---p 00016000 fd:00 17720                      /usr/lib64/libresolv-2.17.so
7f31023cb000-7f31023cc000 r--p 00016000 fd:00 17720                      /usr/lib64/libresolv-2.17.so
7f31023cc000-7f31023cd000 rw-p 00017000 fd:00 17720                      /usr/lib64/libresolv-2.17.so
7f31023cd000-7f31023cf000 rw-p 00000000 00:00 0 
7f31023cf000-7f31023d5000 r-xp 00000000 fd:00 2215193                    /usr/lib64/libnss_dns-2.17.so
7f31023d5000-7f31025d4000 ---p 00006000 fd:00 2215193                    /usr/lib64/libnss_dns-2.17.so
7f31025d4000-7f31025d5000 r--p 00005000 fd:00 2215193                    /usr/lib64/libnss_dns-2.17.so
7f31025d5000-7f31025d6000 rw-p 00006000 fd:00 2215193                    /usr/lib64/libnss_dns-2.17.so
7f31025d6000-7f31025eb000 r-xp 00000000 fd:00 84                         /usr/lib64/libgcc_s-4.8.5-20150702.so.1
7f31025eb000-7f31027ea000 ---p 00015000 fd:00 84                         /usr/lib64/libgcc_s-4.8.5-20150702.so.1
7f31027ea000-7f31027eb000 r--p 00014000 fd:00 84                         /usr/lib64/libgcc_s-4.8.5-20150702.so.1
7f31027eb000-7f31027ec000 rw-p 00015000 fd:00 84                         /usr/lib64/libgcc_s-4.8.5-20150702.so.1
7f31027ec000-7f31028e4000 r-xp 00000000 fd:00 250858                     /usr/lib64/libasound.so.2.0.0
7f31028e4000-7f3102ae3000 ---p 000f8000 fd:00 250858                     /usr/lib64/libasound.so.2.0.0
7f3102ae3000-7f3102aea000 r--p 000f7000 fd:00 250858                     /usr/lib64/libasound.so.2.0.0
7f3102aea000-7f3102aec000 rw-p 000fe000 fd:00 250858                     /usr/lib64/libasound.so.2.0.0
7f3102aec000-7f3102af0000 r-xp 00000000 fd:00 35182                      /usr/lib64/libuuid.so.1.3.0
7f3102af0000-7f3102cef000 ---p 00004000 fd:00 35182                      /usr/lib64/libuuid.so.1.3.0
7f3102cef000-7f3102cf0000 r--p 00003000 fd:00 35182                      /usr/lib64/libuuid.so.1.3.0
7f3102cf0000-7f3102cf1000 rw-p 00004000 fd:00 35182                      /usr/lib64/libuuid.so.1.3.0
7f3102cf1000-7f3102d15000 r-xp 00000000 fd:00 757835                     /usr/local/lib/libpj.so.2
7f3102d15000-7f3102f14000 ---p 00024000 fd:00 757835                     /usr/local/lib/libpj.so.2
7f3102f14000-7f3102f15000 r--p 00023000 fd:00 757835                     /usr/local/lib/libpj.so.2
7f3102f15000-7f3102f16000 rw-p 00024000 fd:00 757835                     /usr/local/lib/libpj.so.2
7f3102f16000-7f3102f17000 rw-p 00000000 00:00 0 
7f3102f17000-7f3102f3d000 r-xp 00000000 fd:00 757796                     /usr/local/lib/libwebrtc.so.2
7f3102f3d000-7f310313c000 ---p 00026000 fd:00 757796                     /usr/local/lib/libwebrtc.so.2
7f310313c000-7f310313d000 r--p 00025000 fd:00 757796                     /usr/local/lib/libwebrtc.so.2
7f310313d000-7f310313e000 rw-p 00026000 fd:00 757796                     /usr/local/lib/libwebrtc.so.2
7f310313e000-7f3103185000 r-xp 00000000 fd:00 757734                     /usr/local/lib/libyuv.so.2
7f3103185000-7f3103385000 ---p 00047000 fd:00 757734                     /usr/local/lib/libyuv.so.2
7f3103385000-7f3103386000 r--p 00047000 fd:00 757734                     /usr/local/lib/libyuv.so.2
7f3103386000-7f3103387000 rw-p 00048000 fd:00 757734                     /usr/local/lib/libyuv.so.2
7f3103387000-7f3103390000 r-xp 00000000 fd:00 757731                     /usr/local/lib/libg7221codec.so.2
7f3103390000-7f310358f000 ---p 00009000 fd:00 757731                     /usr/local/lib/libg7221codec.so.2
7f310358f000-7f3103590000 r--p 00008000 fd:00 757731                     /usr/local/lib/libg7221codec.so.2
7f3103590000-7f3103598000 rw-p 00009000 fd:00 757731                     /usr/local/lib/libg7221codec.so.2
7f3103598000-7f31035a5000 r-xp 00000000 fd:00 657351                     /usr/local/lib/libilbccodec.so.2
7f31035a5000-7f31037a4000 ---p 0000d000 fd:00 657351                     /usr/local/lib/libilbccodec.so.2
7f31037a4000-7f31037a5000 r--p 0000c000 fd:00 657351                     /usr/local/lib/libilbccodec.so.2
7f31037a5000-7f31037a7000 rw-p 0000d000 fd:00 657351                     /usr/local/lib/libilbccodec.so.2
7f31037a7000-7f31037cf000 r-xp 00000000 fd:00 657308                     /usr/local/lib/libspeex.so.2
7f31037cf000-7f31039cf000 ---p 00028000 fd:00 657308                     /usr/local/lib/libspeex.so.2
7f31039cf000-7f31039d0000 r--p 00028000 fd:00 657308                     /usr/local/lib/libspeex.so.2
7f31039d0000-7f31039d1000 rw-p 00029000 fd:00 657308                     /usr/local/lib/libspeex.so.2
7f31039d1000-7f31039db000 r-xp 00000000 fd:00 654105                     /usr/local/lib/libgsmcodec.so.2
7f31039db000-7f3103bda000 ---p 0000a000 fd:00 654105                     /usr/local/lib/libgsmcodec.so.2
7f3103bda000-7f3103bdb000 r--p 00009000 fd:00 654105                     /usr/local/lib/libgsmcodec.so.2
7f3103bdb000-7f3103bdc000 rw-p 0000a000 fd:00 654105                     /usr/local/lib/libgsmcodec.so.2
7f3103bdc000-7f3103be8000 r-xp 00000000 fd:00 654102                     /usr/local/lib/libresample.so.2
7f3103be8000-7f3103de7000 ---p 0000c000 fd:00 654102                     /usr/local/lib/libresample.so.2
7f3103de7000-7f3103de8000 r--p 0000b000 fd:00 654102                     /usr/local/lib/libresample.so.2
7f3103de8000-7f3103de9000 rw-p 0000c000 fd:00 654102                     /usr/local/lib/libresample.so.2
7f3103de9000-7f3103dff000 r-xp 00000000 fd:00 654099                     /usr/local/lib/libsrtp.so.2
7f3103dff000-7f3103ffe000 ---p 00016000 fd:00 654099                     /usr/local/lib/libsrtp.so.2
7f3103ffe000-7f3103fff000 r--p 00015000 fd:00 654099                     /usr/local/lib/libsrtp.so.2
7f3103fff000-7f3104000000 rw-p 00016000 fd:00 654099                     /usr/local/lib/libsrtp.so.2
7f3104000000-7f3104021000 rw-p 00000000 00:00 0 
7f3104021000-7f3108000000 ---p 00000000 00:00 0 
7f3108000000-7f3108021000 rw-p 00000000 00:00 0 
7f3108021000-7f310c000000 ---p 00000000 00:00 0 
7f310c000000-7f310c021000 rw-p 00000000 00:00 0 
7f310c021000-7f3110000000 ---p 00000000 00:00 0 
7f31100aa000-7f31100ae000 ---p 00000000 00:00 0 
7f31100ae000-7f31101ab000 rw-p 00000000 00:00 0 
7f31101ab000-7f31101d1000 r-xp 00000000 fd:00 757831                     /usr/local/lib/libpjlib-util.so.2
7f31101d1000-7f31103d1000 ---p 00026000 fd:00 757831                     /usr/local/lib/libpjlib-util.so.2
7f31103d1000-7f31103d2000 r--p 00026000 fd:00 757831                     /usr/local/lib/libpjlib-util.so.2
7f31103d2000-7f31103d3000 rw-p 00027000 fd:00 757831                     /usr/local/lib/libpjlib-util.so.2
7f31103d3000-7f31103fc000 r-xp 00000000 fd:00 757828                     /usr/local/lib/libpjnath.so.2
7f31103fc000-7f31105fb000 ---p 00029000 fd:00 757828                     /usr/local/lib/libpjnath.so.2
7f31105fb000-7f31105fc000 r--p 00028000 fd:00 757828                     /usr/local/lib/libpjnath.so.2
7f31105fc000-7f31105fd000 rw-p 00029000 fd:00 757828                     /usr/local/lib/libpjnath.so.2
7f31105fd000-7f3110603000 r-xp 00000000 fd:00 757825                     /usr/local/lib/libpjmedia-audiodev.so.2
7f3110603000-7f3110802000 ---p 00006000 fd:00 757825                     /usr/local/lib/libpjmedia-audiodev.so.2
7f3110802000-7f3110803000 r--p 00005000 fd:00 757825                     /usr/local/lib/libpjmedia-audiodev.so.2
7f3110803000-7f3110804000 rw-p 00006000 fd:00 757825                     /usr/local/lib/libpjmedia-audiodev.so.2
7f3110804000-7f3110805000 r-xp 00000000 fd:00 757819                     /usr/local/lib/libpjmedia-videodev.so.2
7f3110805000-7f3110a04000 ---p 00001000 fd:00 757819                     /usr/local/lib/libpjmedia-videodev.so.2
7f3110a04000-7f3110a05000 r--p 00000000 fd:00 757819                     /usr/local/lib/libpjmedia-videodev.so.2
7f3110a05000-7f3110a06000 rw-p 00001000 fd:00 757819                     /usr/local/lib/libpjmedia-videodev.so.2
7f3110a06000-7f3110a60000 r-xp 00000000 fd:00 757822                     /usr/local/lib/libpjmedia.so.2
7f3110a60000-7f3110c5f000 ---p 0005a000 fd:00 757822                     /usr/local/lib/libpjmedia.so.2
7f3110c5f000-7f3110c60000 r--p 00059000 fd:00 757822                     /usr/local/lib/libpjmedia.so.2
7f3110c60000-7f3110c62000 rw-p 0005a000 fd:00 757822                     /usr/local/lib/libpjmedia.so.2
7f3110c62000-7f3110c63000 rw-p 00000000 00:00 0 
7f3110c63000-7f3110c6f000 r-xp 00000000 fd:00 757816                     /usr/local/lib/libpjmedia-codec.so.2
7f3110c6f000-7f3110e6e000 ---p 0000c000 fd:00 757816                     /usr/local/lib/libpjmedia-codec.so.2
7f3110e6e000-7f3110e6f000 r--p 0000b000 fd:00 757816                     /usr/local/lib/libpjmedia-codec.so.2
7f3110e6f000-7f3110e70000 rw-p 0000c000 fd:00 757816                     /usr/local/lib/libpjmedia-codec.so.2
7f3110e70000-7f3110eb4000 r-xp 00000000 fd:00 757813                     /usr/local/lib/libpjsip.so.2
7f3110eb4000-7f31110b3000 ---p 00044000 fd:00 757813                     /usr/local/lib/libpjsip.so.2
7f31110b3000-7f31110b5000 r--p 00043000 fd:00 757813                     /usr/local/lib/libpjsip.so.2
7f31110b5000-7f31110b7000 rw-p 00045000 fd:00 757813                     /usr/local/lib/libpjsip.so.2
7f31110b7000-7f31110bc000 rw-p 00000000 00:00 0 
7f31110bc000-7f31110cf000 r-xp 00000000 fd:00 757810                     /usr/local/lib/libpjsip-simple.so.2
7f31110cf000-7f31112cf000 ---p 00013000 fd:00 757810                     /usr/local/lib/libpjsip-simple.so.2
7f31112cf000-7f31112d0000 r--p 00013000 fd:00 757810                     /usr/local/lib/libpjsip-simple.so.2
7f31112d0000-7f31112d1000 rw-p 00014000 fd:00 757810                     /usr/local/lib/libpjsip-simple.so.2
7f31112d1000-7f31112ea000 r-xp 00000000 fd:00 757807                     /usr/local/lib/libpjsip-ua.so.2
7f31112ea000-7f31114ea000 ---p 00019000 fd:00 757807                     /usr/local/lib/libpjsip-ua.so.2
7f31114ea000-7f31114eb000 r--p 00019000 fd:00 757807                     /usr/local/lib/libpjsip-ua.so.2
7f31114eb000-7f31114ec000 rw-p 0001a000 fd:00 757807                     /usr/local/lib/libpjsip-ua.so.2
7f31114ec000-7f3111530000 r-xp 00000000 fd:00 757804                     /usr/local/lib/libpjsua.so.2
7f3111530000-7f311172f000 ---p 00044000 fd:00 757804                     /usr/local/lib/libpjsua.so.2
7f311172f000-7f3111730000 r--p 00043000 fd:00 757804                     /usr/local/lib/libpjsua.so.2
7f3111730000-7f3111732000 rw-p 00044000 fd:00 757804                     /usr/local/lib/libpjsua.so.2
7f3111732000-7f31117b5000 rw-p 00000000 00:00 0 
7f31117b5000-7f311189e000 r-xp 00000000 fd:00 35208                      /usr/lib64/libstdc++.so.6.0.19
7f311189e000-7f3111a9e000 ---p 000e9000 fd:00 35208                      /usr/lib64/libstdc++.so.6.0.19
7f3111a9e000-7f3111aa6000 r--p 000e9000 fd:00 35208                      /usr/lib64/libstdc++.so.6.0.19
7f3111aa6000-7f3111aa8000 rw-p 000f1000 fd:00 35208                      /usr/lib64/libstdc++.so.6.0.19
7f3111aa8000-7f3111abd000 rw-p 00000000 00:00 0 
7f3111abd000-7f3118000000 r--p 00000000 fd:00 25168325                   /usr/lib/locale/locale-archive
7f3118000000-7f3118021000 rw-p 00000000 00:00 0 
7f3118021000-7f311c000000 ---p 00000000 00:00 0 
7f311c000000-7f311c355000 rw-p 00000000 00:00 0 
7f311c355000-7f3120000000 ---p 00000000 00:00 0 
7f3120000000-7f3120021000 rw-p 00000000 00:00 0 
7f3120021000-7f3124000000 ---p 00000000 00:00 0 
7f312409c000-7f312411a000 r-xp 00000000 fd:00 757801                     /usr/local/lib/libpjsua2.so.2
7f312411a000-7f312431a000 ---p 0007e000 fd:00 757801                     /usr/local/lib/libpjsua2.so.2
7f312431a000-7f312431c000 r--p 0007e000 fd:00 757801                     /usr/local/lib/libpjsua2.so.2
7f312431c000-7f312431e000 rw-p 00080000 fd:00 757801                     /usr/local/lib/libpjsua2.so.2
7f312431e000-7f31243f6000 r-xp 00000000 fd:00 16797788                   /root/gradle/as2/app/src/main/resources/libpjsua2.so
7f31243f6000-7f31245f6000 ---p 000d8000 fd:00 16797788                   /root/gradle/as2/app/src/main/resources/libpjsua2.so
7f31245f6000-7f31245f7000 r--p 000d8000 fd:00 16797788                   /root/gradle/as2/app/src/main/resources/libpjsua2.so
7f31245f7000-7f31245f9000 rw-p 000d9000 fd:00 16797788                   /root/gradle/as2/app/src/main/resources/libpjsua2.so
7f31245f9000-7f31245fd000 ---p 00000000 00:00 0 
7f31245fd000-7f31246fa000 rw-p 00000000 00:00 0 
7f31246fa000-7f31246fb000 ---p 00000000 00:00 0 
7f31246fb000-7f31247fc000 rw-p 00000000 00:00 0 
7f31247fc000-7f3124800000 ---p 00000000 00:00 0 
7f3124800000-7f31248fd000 rw-p 00000000 00:00 0 
7f31248fd000-7f3124901000 ---p 00000000 00:00 0 
7f3124901000-7f31249fe000 rw-p 00000000 00:00 0 
7f31249fe000-7f3124a02000 ---p 00000000 00:00 0 
7f3124a02000-7f3124aff000 rw-p 00000000 00:00 0 
7f3124aff000-7f3124b03000 ---p 00000000 00:00 0 
7f3124b03000-7f3125000000 rw-p 00000000 00:00 0 
7f3125000000-7f3125180000 rw-p 00000000 00:00 0 
7f3125180000-7f3125200000 rw-p 00000000 00:00 0 
7f3125200000-7f3125300000 rw-p 00000000 00:00 0 
7f3125300000-7f31253f0000 rw-p 00000000 00:00 0 
7f31253f0000-7f3125400000 ---p 00000000 00:00 0 
7f31254de000-7f31254e2000 ---p 00000000 00:00 0 
7f31254e2000-7f31255df000 rw-p 00000000 00:00 0 
7f31255df000-7f31255e3000 ---p 00000000 00:00 0 
7f31255e3000-7f31256e0000 rw-p 00000000 00:00 0 
7f31256e0000-7f31256e4000 ---p 00000000 00:00 0 
7f31256e4000-7f31257e1000 rw-p 00000000 00:00 0 
7f31257e1000-7f3125a51000 rwxp 00000000 00:00 0 
7f3125a51000-7f3125d70000 ---p 00000000 00:00 0 
7f3125d70000-7f3125fe0000 rwxp 00000000 00:00 0 
7f3125fe0000-7f312d2a8000 ---p 00000000 00:00 0 
7f312d2a8000-7f312d518000 rwxp 00000000 00:00 0 
7f312d518000-7f31347e1000 ---p 00000000 00:00 0 
7f31347e1000-7f313c000000 r--s 00000000 fd:00 461541                     /root/jdk-16.0.2/lib/modules
7f313c000000-7f313c1b3000 rw-p 00000000 00:00 0 
7f313c1b3000-7f3140000000 ---p 00000000 00:00 0 
7f3140060000-7f3140091000 rw-p 00000000 00:00 0 
7f3140091000-7f3140095000 ---p 00000000 00:00 0 
7f3140095000-7f3140192000 rw-p 00000000 00:00 0 
7f3140192000-7f3140196000 ---p 00000000 00:00 0 
7f3140196000-7f3140293000 rw-p 00000000 00:00 0 
7f3140293000-7f3140294000 ---p 00000000 00:00 0 
7f3140294000-7f3140486000 rw-p 00000000 00:00 0 
7f3140486000-7f31405ae000 ---p 00000000 00:00 0 
7f31405ae000-7f31405b9000 rw-p 00000000 00:00 0 
7f31405b9000-7f314064c000 ---p 00000000 00:00 0 
7f314064c000-7f3140660000 rw-p 00000000 00:00 0 
7f3140660000-7f3140788000 ---p 00000000 00:00 0 
7f3140788000-7f314078e000 rw-p 00000000 00:00 0 
7f314078e000-7f3140874000 ---p 00000000 00:00 0 
7f3140874000-7f3140879000 rw-p 00000000 00:00 0 
7f3140879000-7f314095f000 ---p 00000000 00:00 0 
7f314095f000-7f314096b000 r-xp 00000000 fd:00 2215195                    /usr/lib64/libnss_files-2.17.so
7f314096b000-7f3140b6a000 ---p 0000c000 fd:00 2215195                    /usr/lib64/libnss_files-2.17.so
7f3140b6a000-7f3140b6b000 r--p 0000b000 fd:00 2215195                    /usr/lib64/libnss_files-2.17.so
7f3140b6b000-7f3140b6c000 rw-p 0000c000 fd:00 2215195                    /usr/lib64/libnss_files-2.17.so
7f3140b6c000-7f3140b72000 rw-p 00000000 00:00 0 
7f3140b72000-7f3140b79000 r-xp 00000000 fd:00 17723                      /usr/lib64/librt-2.17.so
7f3140b79000-7f3140d78000 ---p 00007000 fd:00 17723                      /usr/lib64/librt-2.17.so
7f3140d78000-7f3140d79000 r--p 00006000 fd:00 17723                      /usr/lib64/librt-2.17.so
7f3140d79000-7f3140d7a000 rw-p 00007000 fd:00 17723                      /usr/lib64/librt-2.17.so
7f3140d7a000-7f3140e7b000 r-xp 00000000 fd:00 2215185                    /usr/lib64/libm-2.17.so
7f3140e7b000-7f314107a000 ---p 00101000 fd:00 2215185                    /usr/lib64/libm-2.17.so
7f314107a000-7f314107b000 r--p 00100000 fd:00 2215185                    /usr/lib64/libm-2.17.so
7f314107b000-7f314107c000 rw-p 00101000 fd:00 2215185                    /usr/lib64/libm-2.17.so
7f314107c000-7f314218a000 r-xp 00000000 fd:00 25330832                   /root/jdk-16.0.2/lib/server/libjvm.so
7f314218a000-7f314218b000 ---p 0110e000 fd:00 25330832                   /root/jdk-16.0.2/lib/server/libjvm.so
7f314218b000-7f314223c000 r--p 0110e000 fd:00 25330832                   /root/jdk-16.0.2/lib/server/libjvm.so
7f314223c000-7f314226f000 rw-p 011bf000 fd:00 25330832                   /root/jdk-16.0.2/lib/server/libjvm.so
7f314226f000-7f31422ca000 rw-p 00000000 00:00 0 
7f31422ca000-7f314248e000 r-xp 00000000 fd:00 2215177                    /usr/lib64/libc-2.17.so
7f314248e000-7f314268d000 ---p 001c4000 fd:00 2215177                    /usr/lib64/libc-2.17.so
7f314268d000-7f3142691000 r--p 001c3000 fd:00 2215177                    /usr/lib64/libc-2.17.so
7f3142691000-7f3142693000 rw-p 001c7000 fd:00 2215177                    /usr/lib64/libc-2.17.so
7f3142693000-7f3142698000 rw-p 00000000 00:00 0 
7f3142698000-7f314269a000 r-xp 00000000 fd:00 2215183                    /usr/lib64/libdl-2.17.so
7f314269a000-7f314289a000 ---p 00002000 fd:00 2215183                    /usr/lib64/libdl-2.17.so
7f314289a000-7f314289b000 r--p 00002000 fd:00 2215183                    /usr/lib64/libdl-2.17.so
7f314289b000-7f314289c000 rw-p 00003000 fd:00 2215183                    /usr/lib64/libdl-2.17.so
7f314289c000-7f31428b3000 r-xp 00000000 fd:00 17718                      /usr/lib64/libpthread-2.17.so
7f31428b3000-7f3142ab2000 ---p 00017000 fd:00 17718                      /usr/lib64/libpthread-2.17.so
7f3142ab2000-7f3142ab3000 r--p 00016000 fd:00 17718                      /usr/lib64/libpthread-2.17.so
7f3142ab3000-7f3142ab4000 rw-p 00017000 fd:00 17718                      /usr/lib64/libpthread-2.17.so
7f3142ab4000-7f3142ab8000 rw-p 00000000 00:00 0 
7f3142ab8000-7f3142acd000 r-xp 00000000 fd:00 35166                      /usr/lib64/libz.so.1.2.7
7f3142acd000-7f3142ccc000 ---p 00015000 fd:00 35166                      /usr/lib64/libz.so.1.2.7
7f3142ccc000-7f3142ccd000 r--p 00014000 fd:00 35166                      /usr/lib64/libz.so.1.2.7
7f3142ccd000-7f3142cce000 rw-p 00015000 fd:00 35166                      /usr/lib64/libz.so.1.2.7
7f3142cce000-7f3142cf0000 r-xp 00000000 fd:00 2215170                    /usr/lib64/ld-2.17.so
7f3142cf6000-7f3142cfd000 r--s 00000000 fd:00 35142                      /usr/lib64/gconv/gconv-modules.cache
7f3142cfd000-7f3142cff000 r-xp 00000000 fd:00 461383                     /root/jdk-16.0.2/lib/libextnet.so
7f3142cff000-7f3142d00000 r--p 00001000 fd:00 461383                     /root/jdk-16.0.2/lib/libextnet.so
7f3142d00000-7f3142d01000 rw-p 00002000 fd:00 461383                     /root/jdk-16.0.2/lib/libextnet.so
7f3142d01000-7f3142d08000 r-xp 00000000 fd:00 461538                     /root/jdk-16.0.2/lib/libzip.so
7f3142d08000-7f3142d09000 ---p 00007000 fd:00 461538                     /root/jdk-16.0.2/lib/libzip.so
7f3142d09000-7f3142d0a000 r--p 00007000 fd:00 461538                     /root/jdk-16.0.2/lib/libzip.so
7f3142d0a000-7f3142d0b000 rw-p 00008000 fd:00 461538                     /root/jdk-16.0.2/lib/libzip.so
7f3142d0b000-7f3142d20000 r-xp 00000000 fd:00 461434                     /root/jdk-16.0.2/lib/libnet.so
7f3142d20000-7f3142d21000 r--p 00014000 fd:00 461434                     /root/jdk-16.0.2/lib/libnet.so
7f3142d21000-7f3142d22000 rw-p 00015000 fd:00 461434                     /root/jdk-16.0.2/lib/libnet.so
7f3142d22000-7f3142d35000 r-xp 00000000 fd:00 461436                     /root/jdk-16.0.2/lib/libnio.so
7f3142d35000-7f3142d36000 r--p 00012000 fd:00 461436                     /root/jdk-16.0.2/lib/libnio.so
7f3142d36000-7f3142d37000 rw-p 00013000 fd:00 461436                     /root/jdk-16.0.2/lib/libnio.so
7f3142d37000-7f3142d7d000 rw-p 00000000 00:00 0 
7f3142d7d000-7f3142d84000 ---p 00000000 00:00 0 
7f3142d84000-7f3142da8000 r-xp 00000000 fd:00 461404                     /root/jdk-16.0.2/lib/libjava.so
7f3142da8000-7f3142da9000 ---p 00024000 fd:00 461404                     /root/jdk-16.0.2/lib/libjava.so
7f3142da9000-7f3142daa000 r--p 00024000 fd:00 461404                     /root/jdk-16.0.2/lib/libjava.so
7f3142daa000-7f3142dab000 rw-p 00025000 fd:00 461404                     /root/jdk-16.0.2/lib/libjava.so
7f3142dab000-7f3142dac000 rw-p 00000000 00:00 0 
7f3142dac000-7f3142dc7000 r-xp 00000000 fd:00 461414                     /root/jdk-16.0.2/lib/libjimage.so
7f3142dc7000-7f3142dc8000 ---p 0001b000 fd:00 461414                     /root/jdk-16.0.2/lib/libjimage.so
7f3142dc8000-7f3142dca000 r--p 0001b000 fd:00 461414                     /root/jdk-16.0.2/lib/libjimage.so
7f3142dca000-7f3142dcb000 rw-p 0001d000 fd:00 461414                     /root/jdk-16.0.2/lib/libjimage.so
7f3142dcb000-7f3142dcf000 ---p 00000000 00:00 0 
7f3142dcf000-7f3142ed0000 rw-p 00000000 00:00 0 
7f3142ed0000-7f3142edf000 r-xp 00000000 fd:00 461416                     /root/jdk-16.0.2/lib/libjli.so
7f3142edf000-7f3142ee0000 r--p 0000e000 fd:00 461416                     /root/jdk-16.0.2/lib/libjli.so
7f3142ee0000-7f3142ee1000 rw-p 0000f000 fd:00 461416                     /root/jdk-16.0.2/lib/libjli.so
7f3142ee1000-7f3142ee3000 rw-p 00000000 00:00 0 
7f3142ee3000-7f3142eeb000 rw-s 00000000 fd:00 17209231                   /tmp/hsperfdata_root/20278
7f3142eeb000-7f3142eec000 ---p 00000000 00:00 0 
7f3142eec000-7f3142eed000 r--p 00000000 00:00 0 
7f3142eed000-7f3142eee000 ---p 00000000 00:00 0 
7f3142eee000-7f3142eef000 rw-p 00000000 00:00 0 
7f3142eef000-7f3142ef0000 r--p 00021000 fd:00 2215170                    /usr/lib64/ld-2.17.so
7f3142ef0000-7f3142ef1000 rw-p 00022000 fd:00 2215170                    /usr/lib64/ld-2.17.so
7f3142ef1000-7f3142ef2000 rw-p 00000000 00:00 0 
7ffece3cd000-7ffece3ee000 rw-p 00000000 00:00 0                          [stack]
7ffece3f6000-7ffece3f8000 r-xp 00000000 00:00 0                          [vdso]
ffffffffff600000-ffffffffff601000 r-xp 00000000 00:00 0                  [vsyscall]


VM Arguments:
jvm_args: -Djava.library.path=src/main/resources -Dfile.encoding=UTF-8 -Duser.country=AU -Duser.language=en -Duser.variant 
java_command: as2.app.Ivr
java_class_path (initial): /root/gradle/as2/app/build/classes/java/main:/root/gradle/as2/app/build/resources/main:/root/gradle/as2/utilities/build/libs/utilities.jar:/root/gradle/as2/list/build/libs/list.jar:/root/.gradle/caches/modules-2/files-2.1/org.apache.commons/commons-text/1.9/ba6ac8c2807490944a0a27f6f8e68fb5ed2e80e2/commons-text-1.9.jar:/root/.gradle/caches/modules-2/files-2.1/com.google.code.gson/gson/2.8.8/431fc3cbc0ff81abdbfde070062741089c3ba874/gson-2.8.8.jar:/root/.gradle/caches/modules-2/files-2.1/com.auth0/java-jwt/3.18.2/89c1da37cd738d9c3c7176fbf1e291ff2a8b988/java-jwt-3.18.2.jar:/root/.gradle/caches/modules-2/files-2.1/org.apache.commons/commons-lang3/3.11/68e9a6adf7cf8eb7e9d31bbc554c7c75eeaac568/commons-lang3-3.11.jar:/root/.gradle/caches/modules-2/files-2.1/com.fasterxml.jackson.core/jackson-databind/2.11.0/8f5aaf3878b0647ff3a16610af53b1a5c05d9f15/jackson-databind-2.11.0.jar:/root/.gradle/caches/modules-2/files-2.1/com.fasterxml.jackson.core/jackson-annotations/2.11.0/c626020ae55d19c690d25cb51c1532ba76e5890f/jackson-annotations-2.11.0.jar:/root/.gradle/caches/modules-2/files-2.1/com.fasterxml.jackson.core/jackson-core/2.11.0/f84302e14648f9f63c0c73951054aeb2ff0b810a/jackson-core-2.11.0.jar
Launcher Type: SUN_STANDARD

[Global flags]
     intx CICompilerCount                          = 2                                         {product} {ergonomic}
   size_t InitialHeapSize                          = 62914560                                  {product} {ergonomic}
   size_t MaxHeapSize                              = 994050048                                 {product} {ergonomic}
   size_t MaxNewSize                               = 331350016                                 {product} {ergonomic}
   size_t MinHeapDeltaBytes                        = 196608                                    {product} {ergonomic}
   size_t MinHeapSize                              = 8388608                                   {product} {ergonomic}
   size_t NewSize                                  = 20971520                                  {product} {ergonomic}
    uintx NonNMethodCodeHeapSize                   = 5826188                                {pd product} {ergonomic}
    uintx NonProfiledCodeHeapSize                  = 122916026                              {pd product} {ergonomic}
   size_t OldSize                                  = 41943040                                  {product} {ergonomic}
    uintx ProfiledCodeHeapSize                     = 122916026                              {pd product} {ergonomic}
    uintx ReservedCodeCacheSize                    = 251658240                              {pd product} {ergonomic}
     bool SegmentedCodeCache                       = true                                      {product} {ergonomic}
   size_t SoftMaxHeapSize                          = 994050048                              {manageable} {ergonomic}
     bool UseCompressedClassPointers               = true                           {product lp64_product} {ergonomic}
     bool UseCompressedOops                        = true                           {product lp64_product} {ergonomic}
     bool UseSerialGC                              = true                                      {product} {ergonomic}

Logging:
Log output configuration:
 #0: stdout all=warning uptime,level,tags
 #1: stderr all=off uptime,level,tags

Environment Variables:
JAVA_HOME=/root/jdk-16.0.2
PATH=/opt/gradle/gradle-7.2/bin:/bin:/usr/local/sbin:/usr/local/bin:/sbin:/bin:/usr/sbin:/usr/bin:/root/bin:/root/bin:/root/bin
SHELL=/bin/bash
LANG=en_AU.UTF-8

Signal Handlers:
SIGSEGV: [libjvm.so+0xdfeb90], sa_mask[0]=11100100010111111101111111111110, sa_flags=SA_RESTART|SA_SIGINFO
SIGBUS: [libjvm.so+0xdfeb90], sa_mask[0]=11100100010111111101111111111110, sa_flags=SA_RESTART|SA_SIGINFO
SIGFPE: [libjvm.so+0xdfeb90], sa_mask[0]=11100100010111111101111111111110, sa_flags=SA_RESTART|SA_SIGINFO
SIGPIPE: [libjvm.so+0xca84d0], sa_mask[0]=11100100010111111101111111111110, sa_flags=SA_RESTART|SA_SIGINFO
SIGXFSZ: [libjvm.so+0xca84d0], sa_mask[0]=11100100010111111101111111111110, sa_flags=SA_RESTART|SA_SIGINFO
SIGILL: [libjvm.so+0xdfeb90], sa_mask[0]=11100100010111111101111111111110, sa_flags=SA_RESTART|SA_SIGINFO
SIGUSR2: [libjvm.so+0xca7bc0], sa_mask[0]=00100000000000000000000000000000, sa_flags=SA_RESTART|SA_SIGINFO
SIGHUP: [libjvm.so+0xca7af0], sa_mask[0]=11100100010111111101111111111110, sa_flags=SA_RESTART|SA_SIGINFO
SIGINT: [libjvm.so+0xca7af0], sa_mask[0]=11100100010111111101111111111110, sa_flags=SA_RESTART|SA_SIGINFO
SIGTERM: [libjvm.so+0xca7af0], sa_mask[0]=11100100010111111101111111111110, sa_flags=SA_RESTART|SA_SIGINFO
SIGQUIT: [libjvm.so+0xca7af0], sa_mask[0]=11100100010111111101111111111110, sa_flags=SA_RESTART|SA_SIGINFO
SIGTRAP: [libjvm.so+0xdfeb90], sa_mask[0]=11100100010111111101111111111110, sa_flags=SA_RESTART|SA_SIGINFO


---------------  S Y S T E M  ---------------

OS:
CentOS Linux release 7.9.2009 (Core)
uname: Linux 3.10.0-1160.41.1.el7.x86_64 #1 SMP Tue Aug 31 14:52:47 UTC 2021 x86_64
OS uptime: 2 days 1:00 hours
libc: glibc 2.17 NPTL 2.17 
rlimit (soft/hard): STACK 8192k/infinity , CORE 0k/infinity , NPROC 15065/15065 , NOFILE 4096/4096 , AS infinity/infinity , CPU infinity/infinity , DATA infinity/infinity , FSIZE infinity/infinity , MEMLOCK 64k/64k
load average: 1.76 1.49 1.34

/proc/meminfo:
MemTotal:        3880392 kB
MemFree:         2110912 kB
MemAvailable:    3056856 kB
Buffers:            2132 kB
Cached:          1128580 kB
SwapCached:            0 kB
Active:          1363620 kB
Inactive:         230880 kB
Active(anon):     464096 kB
Inactive(anon):     8448 kB
Active(file):     899524 kB
Inactive(file):   222432 kB
Unevictable:           0 kB
Mlocked:               0 kB
SwapTotal:       1658876 kB
SwapFree:        1658876 kB
Dirty:               184 kB
Writeback:             0 kB
AnonPages:        461840 kB
Mapped:            52648 kB
Shmem:              8732 kB
Slab:              69984 kB
SReclaimable:      53368 kB
SUnreclaim:        16616 kB
KernelStack:        3136 kB
PageTables:         5784 kB
NFS_Unstable:          0 kB
Bounce:                0 kB
WritebackTmp:          0 kB
CommitLimit:     3599072 kB
Committed_AS:     969484 kB
VmallocTotal:   34359738367 kB
VmallocUsed:       32844 kB
VmallocChunk:   34359699624 kB
Percpu:              176 kB
HardwareCorrupted:     0 kB
AnonHugePages:    321536 kB
CmaTotal:              0 kB
CmaFree:               0 kB
HugePages_Total:       0
HugePages_Free:        0
HugePages_Rsvd:        0
HugePages_Surp:        0
Hugepagesize:       2048 kB
DirectMap4k:       61376 kB
DirectMap2M:     4132864 kB

/sys/kernel/mm/transparent_hugepage/enabled: [always] madvise never
/sys/kernel/mm/transparent_hugepage/defrag (defrag/compaction efforts parameter): [always] madvise never

Process Memory:
Virtual Size: 3211800K (peak: 3213792K)
Resident Set Size: 88564K (peak: 88564K) (anon: 63852K, file: 24712K, shmem: 0K)
Swapped out: 0K
C-Heap outstanding allocations: 6039K

/proc/sys/kernel/threads-max (system-wide limit on the number of threads): 30130
/proc/sys/vm/max_map_count (maximum number of memory map areas a process may have): 65530
/proc/sys/kernel/pid_max (system-wide limit on number of process identifiers): 32768

container (cgroup) information:
container_type: cgroupv1
cpu_cpuset_cpus: 0
cpu_memory_nodes: 0
active_processor_count: 1
cpu_quota: no quota
cpu_period: 100000
cpu_shares: no shares
memory_limit_in_bytes: unlimited
memory_and_swap_limit_in_bytes: unlimited
memory_soft_limit_in_bytes: unlimited
memory_usage_in_bytes: 1632841728
memory_max_usage_in_bytes: unlimited

KVM virtualization detected
Steal ticks since vm start: 0
Steal ticks percentage since vm start:  0.000

CPU: total 1 (initial active 1) (1 cores per cpu, 1 threads per core) family 6 model 142 stepping 12 microcode 0xffffffff, cx8, cmov, fxsr, mmx, sse, sse2, sse3, ssse3, sse4.1, sse4.2, tsc, tscinvbit, clflush, hv
CPU Model and flags from /proc/cpuinfo:
model name	: Intel(R) Core(TM) i7-8665U CPU @ 1.90GHz
flags		: fpu vme de pse tsc msr pae mce cx8 apic sep mtrr pge mca cmov pat pse36 clflush mmx fxsr sse sse2 ht syscall nx rdtscp lm constant_tsc rep_good nopl xtopology nonstop_tsc eagerfpu pni ssse3 pcid sse4_1 sse4_2 hypervisor lahf_lm invpcid_single ibrs_enhanced fsgsbase invpcid md_clear flush_l1d arch_capabilities

Online cpus: 0
Offline cpus: 
BIOS frequency limitation: <Not Available>
Frequency switch latency (ns): <Not Available>
Available cpu frequencies: <Not Available>
Current governor: <Not Available>
Core performance/turbo boost: <Not Available>

Memory: 4k page, physical 3880392k(2110788k free), swap 1658876k(1658876k free)

vm_info: OpenJDK 64-Bit Server VM (16.0.2+7-67) for linux-amd64 JRE (16.0.2+7-67), built on Jun  8 2021 22:13:23 by "mach5one" with gcc 10.2.0

END.
