#
# A fatal error has been detected by the Java Runtime Environment:
#
#  SIGSEGV (0xb) at pc=0x00000000000002b1, pid=12457, tid=12458
#
# JRE version: OpenJDK Runtime Environment (16.0.2+7) (build 16.0.2+7-67)
# Java VM: OpenJDK 64-Bit Server VM (16.0.2+7-67, mixed mode, sharing, tiered, compressed oops, compressed class ptrs, serial gc, linux-amd64)
# Problematic frame:
# C  0x00000000000002b1
#
# No core dump will be written. Core dumps have been disabled. To enable core dumping, try "ulimit -c unlimited" before starting Java again
#
# If you would like to submit a bug report, please visit:
#   https://bugreport.java.com/bugreport/crash.jsp
# The crash happened outside the Java Virtual Machine in native code.
# See problematic frame for where to report the bug.
#

---------------  S U M M A R Y ------------

Command Line: -Djava.library.path=src/main/resources -Dfile.encoding=UTF-8 -Duser.country=AU -Duser.language=en -Duser.variant as2.app.Ivr

Host: Intel(R) Core(TM) i7-8665U CPU @ 1.90GHz, 1 cores, 3G, CentOS Linux release 7.9.2009 (Core)
Time: Fri Oct  8 23:42:29 2021 AEDT elapsed time: 305.533269 seconds (0d 0h 5m 5s)

---------------  T H R E A D  ---------------

Current thread (0x00007f6e7c0226d0):  JavaThread "main" [_thread_in_native, id=12458, stack(0x00007f6e84487000,0x00007f6e84588000)]

Stack: [0x00007f6e84487000,0x00007f6e84588000],  sp=0x00007f6e84586758,  free space=1021k
Native frames: (J=compiled Java code, A=aot compiled Java code, j=interpreted, Vv=VM code, C=native code)
C  0x00000000000002b1

Java frames: (J=compiled Java code, j=interpreted, Vv=VM code)
j  org.pjsip.pjsua2.pjsua2JNI.Endpoint_libDestroy___SWIG_1(JLorg/pjsip/pjsua2/Endpoint;)V+0
j  org.pjsip.pjsua2.Endpoint.libDestroy_()V+5
j  org.pjsip.pjsua2.Endpoint.libDestroy()V+7
j  as2.app.Ivr.main([Ljava/lang/String;)V+197
v  ~StubRoutines::call_stub

siginfo: si_signo: 11 (SIGSEGV), si_code: 1 (SEGV_MAPERR), si_addr: 0x00000000000002b1

Register to memory mapping:

RAX=0x00007f6e5c24c4c0 points into unknown readable memory: 0x00007f6e00000000 | 00 00 00 00 6e 7f 00 00
RBX=0x0 is NULL
RCX=0x00007f6e5c190410 points into unknown readable memory: 0x0000000000000000 | 00 00 00 00 00 00 00 00
RDX=0x00007f6e5c163b30 points into unknown readable memory: 0x00007f6e5c190420 | 20 04 19 5c 6e 7f 00 00
RSP=0x00007f6e84586758 is pointing into the stack for thread: 0x00007f6e7c0226d0
RBP=0x00007f6e7c132b30 points into unknown readable memory: 0x00007f6e805f2a70 | 70 2a 5f 80 6e 7f 00 00
RSI=0x0 is NULL
RDI=0x00007f6e5c190420 points into unknown readable memory: 0x00007f6e5c24c4c0 | c0 c4 24 5c 6e 7f 00 00
R8 =0x0000000000000001 is an unknown value
R9 =0x0000000000000002 is an unknown value
R10=0x00007f6e84586310 is pointing into the stack for thread: 0x00007f6e7c0226d0
R11=0x00007f6e800f1d50: _ZN2pj5MediaD1Ev+0x0000000000000000 in /usr/local/lib/libpjsua2.so.2 at 0x00007f6e80098000
R12=0x0 is NULL
R13=0x00007f6e8147b8c8 is pointing into metadata
R14=0x00007f6e845868d8 is pointing into the stack for thread: 0x00007f6e7c0226d0
R15=0x00007f6e7c0226d0 is a thread


Registers:
RAX=0x00007f6e5c24c4c0, RBX=0x0000000000000000, RCX=0x00007f6e5c190410, RDX=0x00007f6e5c163b30
RSP=0x00007f6e84586758, RBP=0x00007f6e7c132b30, RSI=0x0000000000000000, RDI=0x00007f6e5c190420
R8 =0x0000000000000001, R9 =0x0000000000000002, R10=0x00007f6e84586310, R11=0x00007f6e800f1d50
R12=0x0000000000000000, R13=0x00007f6e8147b8c8, R14=0x00007f6e845868d8, R15=0x00007f6e7c0226d0
RIP=0x00000000000002b1, EFLAGS=0x0000000000010202, CSGSFS=0x0000000000000033, ERR=0x0000000000000014
  TRAPNO=0x000000000000000e

Top of Stack: (sp=0x00007f6e84586758)
0x00007f6e84586758:   00007f6e800ce086 3feffe66a73f719b
0x00007f6e84586768:   0000000000000000 3f943b8ec16c0423
0x00007f6e84586778:   0000000000000000 00007f6e845867d0
0x00007f6e84586788:   00007f6e832d1db7 0000000000000000 

Instructions: (pc=0x00000000000002b1)
0x00000000000001b1:   ?? ?? ?? ?? ?? ?? ?? ?? ?? ?? ?? ?? ?? ?? ?? ??
0x00000000000001c1:   ?? ?? ?? ?? ?? ?? ?? ?? ?? ?? ?? ?? ?? ?? ?? ??
0x00000000000001d1:   ?? ?? ?? ?? ?? ?? ?? ?? ?? ?? ?? ?? ?? ?? ?? ??
0x00000000000001e1:   ?? ?? ?? ?? ?? ?? ?? ?? ?? ?? ?? ?? ?? ?? ?? ??
0x00000000000001f1:   ?? ?? ?? ?? ?? ?? ?? ?? ?? ?? ?? ?? ?? ?? ?? ??
0x0000000000000201:   ?? ?? ?? ?? ?? ?? ?? ?? ?? ?? ?? ?? ?? ?? ?? ??
0x0000000000000211:   ?? ?? ?? ?? ?? ?? ?? ?? ?? ?? ?? ?? ?? ?? ?? ??
0x0000000000000221:   ?? ?? ?? ?? ?? ?? ?? ?? ?? ?? ?? ?? ?? ?? ?? ??
0x0000000000000231:   ?? ?? ?? ?? ?? ?? ?? ?? ?? ?? ?? ?? ?? ?? ?? ??
0x0000000000000241:   ?? ?? ?? ?? ?? ?? ?? ?? ?? ?? ?? ?? ?? ?? ?? ??
0x0000000000000251:   ?? ?? ?? ?? ?? ?? ?? ?? ?? ?? ?? ?? ?? ?? ?? ??
0x0000000000000261:   ?? ?? ?? ?? ?? ?? ?? ?? ?? ?? ?? ?? ?? ?? ?? ??
0x0000000000000271:   ?? ?? ?? ?? ?? ?? ?? ?? ?? ?? ?? ?? ?? ?? ?? ??
0x0000000000000281:   ?? ?? ?? ?? ?? ?? ?? ?? ?? ?? ?? ?? ?? ?? ?? ??
0x0000000000000291:   ?? ?? ?? ?? ?? ?? ?? ?? ?? ?? ?? ?? ?? ?? ?? ??
0x00000000000002a1:   ?? ?? ?? ?? ?? ?? ?? ?? ?? ?? ?? ?? ?? ?? ?? ??
0x00000000000002b1:   ?? ?? ?? ?? ?? ?? ?? ?? ?? ?? ?? ?? ?? ?? ?? ??
0x00000000000002c1:   ?? ?? ?? ?? ?? ?? ?? ?? ?? ?? ?? ?? ?? ?? ?? ??
0x00000000000002d1:   ?? ?? ?? ?? ?? ?? ?? ?? ?? ?? ?? ?? ?? ?? ?? ??
0x00000000000002e1:   ?? ?? ?? ?? ?? ?? ?? ?? ?? ?? ?? ?? ?? ?? ?? ??
0x00000000000002f1:   ?? ?? ?? ?? ?? ?? ?? ?? ?? ?? ?? ?? ?? ?? ?? ??
0x0000000000000301:   ?? ?? ?? ?? ?? ?? ?? ?? ?? ?? ?? ?? ?? ?? ?? ??
0x0000000000000311:   ?? ?? ?? ?? ?? ?? ?? ?? ?? ?? ?? ?? ?? ?? ?? ??
0x0000000000000321:   ?? ?? ?? ?? ?? ?? ?? ?? ?? ?? ?? ?? ?? ?? ?? ??
0x0000000000000331:   ?? ?? ?? ?? ?? ?? ?? ?? ?? ?? ?? ?? ?? ?? ?? ??
0x0000000000000341:   ?? ?? ?? ?? ?? ?? ?? ?? ?? ?? ?? ?? ?? ?? ?? ??
0x0000000000000351:   ?? ?? ?? ?? ?? ?? ?? ?? ?? ?? ?? ?? ?? ?? ?? ??
0x0000000000000361:   ?? ?? ?? ?? ?? ?? ?? ?? ?? ?? ?? ?? ?? ?? ?? ??
0x0000000000000371:   ?? ?? ?? ?? ?? ?? ?? ?? ?? ?? ?? ?? ?? ?? ?? ??
0x0000000000000381:   ?? ?? ?? ?? ?? ?? ?? ?? ?? ?? ?? ?? ?? ?? ?? ??
0x0000000000000391:   ?? ?? ?? ?? ?? ?? ?? ?? ?? ?? ?? ?? ?? ?? ?? ??
0x00000000000003a1:   ?? ?? ?? ?? ?? ?? ?? ?? ?? ?? ?? ?? ?? ?? ?? ?? 


Stack slot to memory mapping:
stack at sp + 0 slots: 0x00007f6e800ce086: _ZN2pj8Endpoint10libDestroyEj+0x0000000000000056 in /usr/local/lib/libpjsua2.so.2 at 0x00007f6e80098000
stack at sp + 1 slots: 0x3feffe66a73f719b is an unknown value
stack at sp + 2 slots: 0x0 is NULL
stack at sp + 3 slots: 0x3f943b8ec16c0423 is an unknown value
stack at sp + 4 slots: 0x0 is NULL
stack at sp + 5 slots: 0x00007f6e845867d0 is pointing into the stack for thread: 0x00007f6e7c0226d0
stack at sp + 6 slots: 0x00007f6e832d1db7: <offset 0x0000000000b99db7> in /root/jdk-16.0.2/lib/server/libjvm.so at 0x00007f6e82738000
stack at sp + 7 slots: 0x0 is NULL


---------------  P R O C E S S  ---------------

Threads class SMR info:
_java_thread_list=0x000055cbf33a0730, length=16, elements={
0x00007f6e7c0226d0, 0x00007f6e7c064550, 0x00007f6e7c065c20, 0x00007f6e7c06b780,
0x00007f6e7c06cda0, 0x00007f6e7c06e3b0, 0x00007f6e7c06ffa0, 0x00007f6e7c0716f0,
0x00007f6e7c072990, 0x00007f6e7c0ae950, 0x00007f6e7c0b2dc0, 0x00007f6e5c17fa60,
0x00007f6e5c257f70, 0x00007f6e5c24bc20, 0x00007f6e3c01bae0, 0x00007f6e3c01c270
}

Java Threads: ( => current thread )
=>0x00007f6e7c0226d0 JavaThread "main" [_thread_in_native, id=12458, stack(0x00007f6e84487000,0x00007f6e84588000)]
  0x00007f6e7c064550 JavaThread "Reference Handler" daemon [_thread_blocked, id=12464, stack(0x00007f6e8184e000,0x00007f6e8194f000)]
  0x00007f6e7c065c20 JavaThread "Finalizer" daemon [_thread_blocked, id=12465, stack(0x00007f6e80eff000,0x00007f6e81000000)]
  0x00007f6e7c06b780 JavaThread "Signal Dispatcher" daemon [_thread_blocked, id=12466, stack(0x00007f6e80dfe000,0x00007f6e80eff000)]
  0x00007f6e7c06cda0 JavaThread "Service Thread" daemon [_thread_blocked, id=12467, stack(0x00007f6e80cfd000,0x00007f6e80dfe000)]
  0x00007f6e7c06e3b0 JavaThread "Monitor Deflation Thread" daemon [_thread_blocked, id=12468, stack(0x00007f6e80bfc000,0x00007f6e80cfd000)]
  0x00007f6e7c06ffa0 JavaThread "C2 CompilerThread0" daemon [_thread_blocked, id=12469, stack(0x00007f6e80afb000,0x00007f6e80bfc000)]
  0x00007f6e7c0716f0 JavaThread "C1 CompilerThread0" daemon [_thread_blocked, id=12470, stack(0x00007f6e809fa000,0x00007f6e80afb000)]
  0x00007f6e7c072990 JavaThread "Sweeper thread" daemon [_thread_blocked, id=12471, stack(0x00007f6e808f9000,0x00007f6e809fa000)]
  0x00007f6e7c0ae950 JavaThread "Notification Thread" daemon [_thread_blocked, id=12472, stack(0x00007f6e807f8000,0x00007f6e808f9000)]
  0x00007f6e7c0b2dc0 JavaThread "Common-Cleaner" daemon [_thread_blocked, id=12474, stack(0x00007f6e805f5000,0x00007f6e806f6000)]
  0x00007f6e5c17fa60 JavaThread "HttpClient-1-SelectorManager" daemon [_thread_in_native, id=12520, stack(0x00007f6e41207000,0x00007f6e41308000)]
  0x00007f6e5c257f70 JavaThread "HttpClient-2-SelectorManager" daemon [_thread_in_native, id=13296, stack(0x00007f6e41106000,0x00007f6e41207000)]
  0x00007f6e5c24bc20 JavaThread "Thread-33" [_thread_blocked, id=12491, stack(0x00007f6e4130a000,0x00007f6e41b09000)]
  0x00007f6e3c01bae0 JavaThread "HttpClient-2-Worker-0" daemon [_thread_blocked, id=13297, stack(0x00007f6e41005000,0x00007f6e41106000)]
  0x00007f6e3c01c270 JavaThread "HttpClient-2-Worker-1" daemon [_thread_blocked, id=13298, stack(0x00007f6e406ff000,0x00007f6e40800000)]

Other Threads:
  0x00007f6e7c060790 VMThread "VM Thread" [stack: 0x00007f6e81951000,0x00007f6e81a51000] [id=12463]
  0x00007f6e7c0b0520 WatcherThread [stack: 0x00007f6e806f8000,0x00007f6e807f8000] [id=12473]

Threads with active compile tasks:

VM state: not at safepoint (normal execution)

VM Mutex/Monitor currently owned by a thread: None

Heap address: 0x00000000c4c00000, size: 948 MB, Compressed Oops mode: 32-bit

CDS archive(s) mapped at: [0x0000000800000000-0x0000000800bc1000-0x0000000800bc1000), size 12324864, SharedBaseAddress: 0x0000000800000000, ArchiveRelocationMode: 0.
Compressed class space mapped at: 0x0000000800c00000-0x0000000840c00000, reserved size: 1073741824
Narrow klass base: 0x0000000800000000, Narrow klass shift: 3, Narrow klass range: 0x100000000

GC Precious Log:
 CPUs: 1 total, 1 available
 Memory: 3789M
 Large Page Support: Disabled
 NUMA Support: Disabled
 Compressed Oops: Enabled (32-bit)
 Heap Min Capacity: 8M
 Heap Initial Capacity: 60M
 Heap Max Capacity: 948M
 Pre-touch: Disabled

Heap:
 def new generation   total 18496K, used 176K [0x00000000c4c00000, 0x00000000c6010000, 0x00000000d8800000)
  eden space 16448K,   1% used [0x00000000c4c00000, 0x00000000c4c2c1c0, 0x00000000c5c10000)
  from space 2048K,   0% used [0x00000000c5c10000, 0x00000000c5c10000, 0x00000000c5e10000)
  to   space 2048K,   0% used [0x00000000c5e10000, 0x00000000c5e10000, 0x00000000c6010000)
 tenured generation   total 40960K, used 4348K [0x00000000d8800000, 0x00000000db000000, 0x0000000100000000)
   the space 40960K,  10% used [0x00000000d8800000, 0x00000000d8c3f1d0, 0x00000000d8c3f200, 0x00000000db000000)
 Metaspace       used 12053K, committed 12288K, reserved 1064960K
  class space    used 1247K, committed 1344K, reserved 1048576K

Card table byte_map: [0x00007f6e81c6a000,0x00007f6e81e45000] _byte_map_base: 0x00007f6e81644000

Polling page: 0x00007f6e845a7000

Metaspace:

Usage:
  Non-class:     10.55 MB used.
      Class:      1.22 MB used.
       Both:     11.77 MB used.

Virtual space:
  Non-class space:       16.00 MB reserved,      10.69 MB ( 67%) committed,  2 nodes.
      Class space:        1.00 GB reserved,       1.31 MB ( <1%) committed,  1 nodes.
              Both:        1.02 GB reserved,      12.00 MB (  1%) committed. 

Chunk freelists:
   Non-Class:  1.30 MB
       Class:  2.67 MB
        Both:  3.96 MB

MaxMetaspaceSize: 17179869184.00 GB
CompressedClassSpaceSize: 1.00 GB
 - commit_granule_bytes: 65536.
 - commit_granule_words: 8192.
 - virtual_space_node_default_size: 1048576.
 - enlarge_chunks_in_place: 1.
 - new_chunks_are_fully_committed: 0.
 - uncommit_free_chunks: 1.
 - use_allocation_guard: 0.
 - handle_deallocations: 1.


Internal statistics:

num_allocs_failed_limit: 0.
num_arena_births: 150.
num_arena_deaths: 0.
num_vsnodes_births: 3.
num_vsnodes_deaths: 0.
num_space_committed: 192.
num_space_uncommitted: 0.
num_chunks_returned_to_freelist: 0.
num_chunks_taken_from_freelist: 407.
num_chunk_merges: 0.
num_chunk_splits: 289.
num_chunks_enlarged: 228.
num_purges: 0.

CodeHeap 'non-profiled nmethods': size=120036Kb used=374Kb max_used=374Kb free=119661Kb
 bounds [0x00007f6e6d2a8000, 0x00007f6e6d518000, 0x00007f6e747e1000]
CodeHeap 'profiled nmethods': size=120032Kb used=1767Kb max_used=1767Kb free=118264Kb
 bounds [0x00007f6e65d70000, 0x00007f6e65fe0000, 0x00007f6e6d2a8000]
CodeHeap 'non-nmethods': size=5692Kb used=1211Kb max_used=1229Kb free=4480Kb
 bounds [0x00007f6e657e1000, 0x00007f6e65a51000, 0x00007f6e65d70000]
 total_blobs=1637 nmethods=1115 adapters=439
 compilation: enabled
              stopped_count=0, restarted_count=0
 full_count=0

Compilation events (20 events):
Event: 253.043 Thread 0x00007f6e7c0716f0 1107       3       java.util.TreeMap$Entry::<init> (25 bytes)
Event: 253.043 Thread 0x00007f6e7c0716f0 nmethod 1107 0x00007f6e65f25a10 code [0x00007f6e65f25bc0, 0x00007f6e65f25d70]
Event: 253.043 Thread 0x00007f6e7c0716f0 1108       3       java.util.TreeMap::put (8 bytes)
Event: 253.043 Thread 0x00007f6e7c0716f0 nmethod 1108 0x00007f6e65f25e10 code [0x00007f6e65f25fc0, 0x00007f6e65f26100]
Event: 253.046 Thread 0x00007f6e7c0716f0 1111       3       java.lang.invoke.VarForm::getMemberName (21 bytes)
Event: 253.047 Thread 0x00007f6e7c0716f0 nmethod 1111 0x00007f6e65f26190 code [0x00007f6e65f26340, 0x00007f6e65f26580]
Event: 253.047 Thread 0x00007f6e7c0716f0 1110       3       java.lang.invoke.DirectMethodHandle$Holder::newInvokeSpecial (21 bytes)
Event: 253.047 Thread 0x00007f6e7c0716f0 nmethod 1110 0x00007f6e65f26690 code [0x00007f6e65f26880, 0x00007f6e65f27060]
Event: 274.111 Thread 0x00007f6e7c0716f0 1112       3       java.lang.Math::min (12 bytes)
Event: 274.112 Thread 0x00007f6e7c0716f0 nmethod 1112 0x00007f6e65f27210 code [0x00007f6e65f273a0, 0x00007f6e65f274d0]
Event: 279.739 Thread 0x00007f6e7c0716f0 1113       1       jdk.internal.net.http.ConnectionPool$ExpiryList::purgeMaybeRequired (5 bytes)
Event: 279.739 Thread 0x00007f6e7c0716f0 nmethod 1113 0x00007f6e6d305610 code [0x00007f6e6d3057a0, 0x00007f6e6d305870]
Event: 294.770 Thread 0x00007f6e7c0716f0 1114       3       java.nio.channels.spi.AbstractSelector::isOpen (13 bytes)
Event: 294.770 Thread 0x00007f6e7c0716f0 nmethod 1114 0x00007f6e65f27590 code [0x00007f6e65f27720, 0x00007f6e65f27890]
Event: 297.773 Thread 0x00007f6e7c0716f0 1115       3       sun.nio.ch.SelectorImpl::ensureOpen (16 bytes)
Event: 297.773 Thread 0x00007f6e7c0716f0 nmethod 1115 0x00007f6e65f27910 code [0x00007f6e65f27ac0, 0x00007f6e65f27d40]
Event: 304.192 Thread 0x00007f6e7c0716f0 1117   !   3       sun.nio.ch.SelectorImpl::processDeregisterQueue (145 bytes)
Event: 304.193 Thread 0x00007f6e7c0716f0 nmethod 1117 0x00007f6e65f27e10 code [0x00007f6e65f280c0, 0x00007f6e65f292a0]
Event: 304.193 Thread 0x00007f6e7c0716f0 1116       3       java.util.AbstractMap::isEmpty (13 bytes)
Event: 304.193 Thread 0x00007f6e7c0716f0 nmethod 1116 0x00007f6e65f29990 code [0x00007f6e65f29b40, 0x00007f6e65f29d60]

GC Heap History (6 events):
Event: 15.010 GC heap before
{Heap before GC invocations=0 (full 0):
 def new generation   total 18432K, used 16384K [0x00000000c4c00000, 0x00000000c6000000, 0x00000000d8800000)
  eden space 16384K, 100% used [0x00000000c4c00000, 0x00000000c5c00000, 0x00000000c5c00000)
  from space 2048K,   0% used [0x00000000c5c00000, 0x00000000c5c00000, 0x00000000c5e00000)
  to   space 2048K,   0% used [0x00000000c5e00000, 0x00000000c5e00000, 0x00000000c6000000)
 tenured generation   total 40960K, used 0K [0x00000000d8800000, 0x00000000db000000, 0x0000000100000000)
   the space 40960K,   0% used [0x00000000d8800000, 0x00000000d8800000, 0x00000000d8800200, 0x00000000db000000)
 Metaspace       used 6232K, committed 6400K, reserved 1056768K
  class space    used 601K, committed 704K, reserved 1048576K
}
Event: 15.019 GC heap after
{Heap after GC invocations=1 (full 0):
 def new generation   total 18432K, used 2048K [0x00000000c4c00000, 0x00000000c6000000, 0x00000000d8800000)
  eden space 16384K,   0% used [0x00000000c4c00000, 0x00000000c4c00000, 0x00000000c5c00000)
  from space 2048K, 100% used [0x00000000c5e00000, 0x00000000c6000000, 0x00000000c6000000)
  to   space 2048K,   0% used [0x00000000c5c00000, 0x00000000c5c00000, 0x00000000c5e00000)
 tenured generation   total 40960K, used 743K [0x00000000d8800000, 0x00000000db000000, 0x0000000100000000)
   the space 40960K,   1% used [0x00000000d8800000, 0x00000000d88b9e40, 0x00000000d88ba000, 0x00000000db000000)
 Metaspace       used 6232K, committed 6400K, reserved 1056768K
  class space    used 601K, committed 704K, reserved 1048576K
}
Event: 16.400 GC heap before
{Heap before GC invocations=1 (full 0):
 def new generation   total 18432K, used 18432K [0x00000000c4c00000, 0x00000000c6000000, 0x00000000d8800000)
  eden space 16384K, 100% used [0x00000000c4c00000, 0x00000000c5c00000, 0x00000000c5c00000)
  from space 2048K, 100% used [0x00000000c5e00000, 0x00000000c6000000, 0x00000000c6000000)
  to   space 2048K,   0% used [0x00000000c5c00000, 0x00000000c5c00000, 0x00000000c5e00000)
 tenured generation   total 40960K, used 743K [0x00000000d8800000, 0x00000000db000000, 0x0000000100000000)
   the space 40960K,   1% used [0x00000000d8800000, 0x00000000d88b9e40, 0x00000000d88ba000, 0x00000000db000000)
 Metaspace       used 10642K, committed 10816K, reserved 1064960K
  class space    used 1055K, committed 1088K, reserved 1048576K
}
Event: 16.408 GC heap after
{Heap after GC invocations=2 (full 0):
 def new generation   total 18432K, used 1267K [0x00000000c4c00000, 0x00000000c6000000, 0x00000000d8800000)
  eden space 16384K,   0% used [0x00000000c4c00000, 0x00000000c4c00000, 0x00000000c5c00000)
  from space 2048K,  61% used [0x00000000c5c00000, 0x00000000c5d3cc00, 0x00000000c5e00000)
  to   space 2048K,   0% used [0x00000000c5e00000, 0x00000000c5e00000, 0x00000000c6000000)
 tenured generation   total 40960K, used 2773K [0x00000000d8800000, 0x00000000db000000, 0x0000000100000000)
   the space 40960K,   6% used [0x00000000d8800000, 0x00000000d8ab5698, 0x00000000d8ab5800, 0x00000000db000000)
 Metaspace       used 10642K, committed 10816K, reserved 1064960K
  class space    used 1055K, committed 1088K, reserved 1048576K
}
Event: 305.442 GC heap before
{Heap before GC invocations=2 (full 0):
 def new generation   total 18432K, used 7093K [0x00000000c4c00000, 0x00000000c6000000, 0x00000000d8800000)
  eden space 16384K,  35% used [0x00000000c4c00000, 0x00000000c51b08e0, 0x00000000c5c00000)
  from space 2048K,  61% used [0x00000000c5c00000, 0x00000000c5d3cc00, 0x00000000c5e00000)
  to   space 2048K,   0% used [0x00000000c5e00000, 0x00000000c5e00000, 0x00000000c6000000)
 tenured generation   total 40960K, used 2773K [0x00000000d8800000, 0x00000000db000000, 0x0000000100000000)
   the space 40960K,   6% used [0x00000000d8800000, 0x00000000d8ab5698, 0x00000000d8ab5800, 0x00000000db000000)
 Metaspace       used 12053K, committed 12288K, reserved 1064960K
  class space    used 1247K, committed 1344K, reserved 1048576K
}
Event: 305.532 GC heap after
{Heap after GC invocations=3 (full 1):
 def new generation   total 18496K, used 0K [0x00000000c4c00000, 0x00000000c6010000, 0x00000000d8800000)
  eden space 16448K,   0% used [0x00000000c4c00000, 0x00000000c4c00000, 0x00000000c5c10000)
  from space 2048K,   0% used [0x00000000c5c10000, 0x00000000c5c10000, 0x00000000c5e10000)
  to   space 2048K,   0% used [0x00000000c5e10000, 0x00000000c5e10000, 0x00000000c6010000)
 tenured generation   total 40960K, used 4348K [0x00000000d8800000, 0x00000000db000000, 0x0000000100000000)
   the space 40960K,  10% used [0x00000000d8800000, 0x00000000d8c3f1d0, 0x00000000d8c3f200, 0x00000000db000000)
 Metaspace       used 12053K, committed 12288K, reserved 1064960K
  class space    used 1247K, committed 1344K, reserved 1048576K
}

Deoptimization events (20 events):
Event: 15.069 Thread 0x00007f6e5c163620 DEOPT PACKING pc=0x00007f6e65d7a9ce sp=0x00007f6e41b01990
Event: 15.069 Thread 0x00007f6e5c163620 DEOPT UNPACKING pc=0x00007f6e6582e89b sp=0x00007f6e41b00e28 mode 0
Event: 15.075 Thread 0x00007f6e5c163620 DEOPT PACKING pc=0x00007f6e65d7a9ce sp=0x00007f6e41b01740
Event: 15.075 Thread 0x00007f6e5c163620 DEOPT UNPACKING pc=0x00007f6e6582e89b sp=0x00007f6e41b00bd8 mode 0
Event: 15.433 Thread 0x00007f6e5c163620 Uncommon trap: trap_request=0xffffff45 fr.pc=0x00007f6e6d2c5efc relative=0x000000000000005c
Event: 15.433 Thread 0x00007f6e5c163620 Uncommon trap: reason=unstable_if action=reinterpret pc=0x00007f6e6d2c5efc method=java.lang.String.isLatin1()Z @ 10 c2
Event: 15.433 Thread 0x00007f6e5c163620 DEOPT PACKING pc=0x00007f6e6d2c5efc sp=0x00007f6e41b053a0
Event: 15.433 Thread 0x00007f6e5c163620 DEOPT UNPACKING pc=0x00007f6e6582e11e sp=0x00007f6e41b05350 mode 2
Event: 15.433 Thread 0x00007f6e5c163620 Uncommon trap: trap_request=0xffffff45 fr.pc=0x00007f6e6d2c8168 relative=0x0000000000000048
Event: 15.433 Thread 0x00007f6e5c163620 Uncommon trap: reason=unstable_if action=reinterpret pc=0x00007f6e6d2c8168 method=java.lang.CharacterData.of(I)Ljava/lang/CharacterData; @ 4 c2
Event: 15.433 Thread 0x00007f6e5c163620 DEOPT PACKING pc=0x00007f6e6d2c8168 sp=0x00007f6e41b04ec0
Event: 15.433 Thread 0x00007f6e5c163620 DEOPT UNPACKING pc=0x00007f6e6582e11e sp=0x00007f6e41b04e80 mode 2
Event: 16.308 Thread 0x00007f6e5c163620 Uncommon trap: trap_request=0xffffffde fr.pc=0x00007f6e6d2ef324 relative=0x0000000000000b04
Event: 16.308 Thread 0x00007f6e5c163620 Uncommon trap: reason=class_check action=maybe_recompile pc=0x00007f6e6d2ef324 method=java.util.concurrent.ConcurrentHashMap.putVal(Ljava/lang/Object;Ljava/lang/Object;Z)Ljava/lang/Object; @ 159 c2
Event: 16.308 Thread 0x00007f6e5c163620 DEOPT PACKING pc=0x00007f6e6d2ef324 sp=0x00007f6e41b05490
Event: 16.308 Thread 0x00007f6e5c163620 DEOPT UNPACKING pc=0x00007f6e6582e11e sp=0x00007f6e41b05410 mode 2
Event: 16.432 Thread 0x00007f6e5c163620 Uncommon trap: trap_request=0xffffffde fr.pc=0x00007f6e6d2ef324 relative=0x0000000000000b04
Event: 16.432 Thread 0x00007f6e5c163620 Uncommon trap: reason=class_check action=maybe_recompile pc=0x00007f6e6d2ef324 method=java.util.concurrent.ConcurrentHashMap.putVal(Ljava/lang/Object;Ljava/lang/Object;Z)Ljava/lang/Object; @ 159 c2
Event: 16.432 Thread 0x00007f6e5c163620 DEOPT PACKING pc=0x00007f6e6d2ef324 sp=0x00007f6e41b04dd0
Event: 16.432 Thread 0x00007f6e5c163620 DEOPT UNPACKING pc=0x00007f6e6582e11e sp=0x00007f6e41b04d50 mode 2

Classes unloaded (0 events):
No events

Classes redefined (0 events):
No events

Internal exceptions (20 events):
Event: 13.961 Thread 0x00007f6e5c01f340 Exception <a 'java/lang/NoSuchMethodError'{0x00000000c4f33610}: 'int java.lang.invoke.DirectMethodHandle$Holder.invokeStaticInit(java.lang.Object, java.lang.Object, java.lang.Object)'> (0x00000000c4f33610) 
thrown [open/src/hotspot/share/interpreter/linkResolver.cpp, line 789]
Event: 13.993 Thread 0x00007f6e5c01f340 Exception <a 'java/lang/NoSuchMethodError'{0x00000000c4f48220}: 'int java.lang.invoke.DirectMethodHandle$Holder.invokeSpecial(java.lang.Object, java.lang.Object, java.lang.Object)'> (0x00000000c4f48220) 
thrown [open/src/hotspot/share/interpreter/linkResolver.cpp, line 789]
Event: 13.994 Thread 0x00007f6e5c01f340 Exception <a 'java/lang/NoSuchMethodError'{0x00000000c4f4e6c0}: 'int java.lang.invoke.DirectMethodHandle$Holder.invokeStaticInit(java.lang.Object, java.lang.Object)'> (0x00000000c4f4e6c0) 
thrown [open/src/hotspot/share/interpreter/linkResolver.cpp, line 789]
Event: 13.995 Thread 0x00007f6e5c01f340 Exception <a 'java/lang/NoSuchMethodError'{0x00000000c4f54900}: 'int java.lang.invoke.DirectMethodHandle$Holder.invokeSpecialIFC(java.lang.Object, java.lang.Object, java.lang.Object)'> (0x00000000c4f54900) 
thrown [open/src/hotspot/share/interpreter/linkResolver.cpp, line 789]
Event: 14.020 Thread 0x00007f6e5c01f340 Exception <a 'java/lang/NoSuchMethodError'{0x00000000c4f8e770}: 'void java.lang.invoke.DirectMethodHandle$Holder.invokeSpecial(java.lang.Object, java.lang.Object, java.lang.Object)'> (0x00000000c4f8e770) 
thrown [open/src/hotspot/share/interpreter/linkResolver.cpp, line 789]
Event: 14.261 Thread 0x00007f6e5c01f340 Exception <a 'java/lang/NoSuchMethodError'{0x00000000c5144420}: 'int java.lang.invoke.DirectMethodHandle$Holder.invokeStaticInit(java.lang.Object, java.lang.Object, java.lang.Object, java.lang.Object)'> (0x00000000c5144420) 
thrown [open/src/hotspot/share/interpreter/linkResolver.cpp, line 789]
Event: 14.263 Thread 0x00007f6e5c01f340 Exception <a 'java/lang/NoSuchMethodError'{0x00000000c514e478}: 'java.lang.Object java.lang.invoke.DirectMethodHandle$Holder.invokeInterface(java.lang.Object, java.lang.Object)'> (0x00000000c514e478) 
thrown [open/src/hotspot/share/interpreter/linkResolver.cpp, line 789]
Event: 14.264 Thread 0x00007f6e5c01f340 Exception <a 'java/lang/IncompatibleClassChangeError'{0x00000000c5151e70}: Found class java.lang.Object, but interface was expected> (0x00000000c5151e70) 
thrown [open/src/hotspot/share/interpreter/linkResolver.cpp, line 857]
Event: 14.264 Thread 0x00007f6e5c01f340 Exception <a 'java/lang/NoSuchMethodError'{0x00000000c5155168}: 'void java.lang.invoke.DirectMethodHandle$Holder.invokeStatic(java.lang.Object, java.lang.Object)'> (0x00000000c5155168) 
thrown [open/src/hotspot/share/interpreter/linkResolver.cpp, line 789]
Event: 14.264 Thread 0x00007f6e5c01f340 Exception <a 'java/lang/NoSuchMethodError'{0x00000000c5158c88}: 'void java.lang.invoke.DirectMethodHandle$Holder.invokeStaticInit(java.lang.Object, java.lang.Object)'> (0x00000000c5158c88) 
thrown [open/src/hotspot/share/interpreter/linkResolver.cpp, line 789]
Event: 14.474 Thread 0x00007f6e5c01f340 Exception <a 'java/lang/NoSuchMethodError'{0x00000000c535f0a0}: 'java.lang.Object java.lang.invoke.DirectMethodHandle$Holder.invokeStatic(java.lang.Object)'> (0x00000000c535f0a0) 
thrown [open/src/hotspot/share/interpreter/linkResolver.cpp, line 789]
Event: 14.541 Thread 0x00007f6e5c01f340 Implicit null exception at 0x00007f6e6d2cf6f5 to 0x00007f6e6d2cfc9c
Event: 14.757 Thread 0x00007f6e5c01f340 Exception <a 'java/lang/NoSuchMethodError'{0x00000000c5703258}: 'java.lang.Object java.lang.invoke.DirectMethodHandle$Holder.invokeStaticInit(java.lang.Object)'> (0x00000000c5703258) 
thrown [open/src/hotspot/share/interpreter/linkResolver.cpp, line 789]
Event: 14.925 Thread 0x00007f6e5c01f340 Exception <a 'java/lang/NoSuchMethodError'{0x00000000c579ab38}: 'java.lang.Object java.lang.invoke.DirectMethodHandle$Holder.newInvokeSpecial(java.lang.Object, java.lang.Object, java.lang.Object, java.lang.Object, java.lang.Object)'> (0x00000000c579ab38) 
thrown [open/src/hotspot/share/interpreter/linkResolver.cpp, line 789]
Event: 16.483 Thread 0x00007f6e5c163620 Exception <a 'java/lang/NoSuchMethodError'{0x00000000c4c5b5d0}: 'java.lang.Object java.lang.invoke.DirectMethodHandle$Holder.invokeSpecial(java.lang.Object, java.lang.Object, java.lang.Object, java.lang.Object, int)'> (0x00000000c4c5b5d0) 
thrown [open/src/hotspot/share/interpreter/linkResolver.cpp, line 789]
Event: 16.484 Thread 0x00007f6e5c163620 Exception <a 'java/lang/NoSuchMethodError'{0x00000000c4c5f390}: 'java.lang.Object java.lang.invoke.Invokers$Holder.linkToTargetMethod(java.lang.Object, java.lang.Object, int, java.lang.Object)'> (0x00000000c4c5f390) 
thrown [open/src/hotspot/share/interpreter/linkResolver.cpp, line 789]
Event: 16.549 Thread 0x00007f6e5c163620 Exception <a 'java/lang/NoSuchMethodError'{0x00000000c4cdd818}: 'void java.lang.invoke.DirectMethodHandle$Holder.invokeSpecial(java.lang.Object, java.lang.Object, java.lang.Object, java.lang.Object, java.lang.Object)'> (0x00000000c4cdd818) 
thrown [open/src/hotspot/share/interpreter/linkResolver.cpp, line 789]
Event: 16.607 Thread 0x00007f6e5c17fa60 Exception <a 'java/lang/NoSuchMethodError'{0x00000000c4d73318}: 'void java.lang.invoke.DirectMethodHandle$Holder.invokeStatic(java.lang.Object, java.lang.Object, int)'> (0x00000000c4d73318) 
thrown [open/src/hotspot/share/interpreter/linkResolver.cpp, line 789]
Event: 16.738 Thread 0x00007f6e58008870 Exception <a 'java/lang/NoSuchMethodError'{0x00000000c4e463c8}: 'void java.lang.invoke.DirectMethodHandle$Holder.invokeSpecial(java.lang.Object, java.lang.Object, java.lang.Object, java.lang.Object, java.lang.Object, java.lang.Object, java.lang.Object)'> (0x00000000c4e463c8) 
thrown [open/src/hotspot/share/interpreter/linkResolver.cpp, line 789]
Event: 16.739 Thread 0x00007f6e58008870 Exception <a 'java/lang/NoSuchMethodError'{0x00000000c4e58780}: 'void java.lang.invoke.DirectMethodHandle$Holder.invokeStatic(java.lang.Object, java.lang.Object, java.lang.Object, java.lang.Object)'> (0x00000000c4e58780) 
thrown [open/src/hotspot/share/interpreter/linkResolver.cpp, line 789]

Events (20 events):
Event: 253.043 Protecting memory [0x00007f6e406ff000,0x00007f6e40703000] with protection modes 0
Event: 253.584 Executing  VM operation: Cleanup
Event: 253.584 Executing  VM operation: Cleanup done
Event: 256.752 Protecting memory [0x00007f6e4230c000,0x00007f6e42310000] with protection modes 0
Event: 256.752 Thread 0x000055cbf339fd90 Thread added: 0x000055cbf339fd90
Event: 256.752 Thread 0x000055cbf339fd90 Thread exited: 0x000055cbf339fd90
Event: 257.597 Protecting memory [0x00007f6e4230c000,0x00007f6e42310000] with protection modes 0
Event: 257.597 Thread 0x000055cbf339fd90 Thread added: 0x000055cbf339fd90
Event: 257.597 Thread 0x000055cbf339fd90 Thread exited: 0x000055cbf339fd90
Event: 258.001 Protecting memory [0x00007f6e4230c000,0x00007f6e42310000] with protection modes 0
Event: 258.001 Thread 0x000055cbf339fd90 Thread added: 0x000055cbf339fd90
Event: 258.001 Thread 0x000055cbf339fd90 Thread exited: 0x000055cbf339fd90
Event: 258.406 Protecting memory [0x00007f6e4230c000,0x00007f6e42310000] with protection modes 0
Event: 258.406 Thread 0x000055cbf339fd90 Thread added: 0x000055cbf339fd90
Event: 258.406 Thread 0x000055cbf339fd90 Thread exited: 0x000055cbf339fd90
Event: 258.812 Protecting memory [0x00007f6e4230c000,0x00007f6e42310000] with protection modes 0
Event: 258.812 Thread 0x000055cbf339fd90 Thread added: 0x000055cbf339fd90
Event: 258.812 Thread 0x000055cbf339fd90 Thread exited: 0x000055cbf339fd90
Event: 305.442 Executing  VM operation: GenCollectFull
Event: 305.532 Executing  VM operation: GenCollectFull done


Dynamic libraries:
c4c00000-c6010000 rw-p 00000000 00:00 0 
c6010000-d8800000 ---p 00000000 00:00 0 
d8800000-db000000 rw-p 00000000 00:00 0 
db000000-100000000 ---p 00000000 00:00 0 
800000000-800003000 rwxp 00001000 fd:00 25330829                         /root/jdk-16.0.2/lib/server/classes.jsa
800003000-800411000 rw-p 00004000 fd:00 25330829                         /root/jdk-16.0.2/lib/server/classes.jsa
800411000-800bc1000 r--p 00412000 fd:00 25330829                         /root/jdk-16.0.2/lib/server/classes.jsa
800bc1000-800c00000 ---p 00000000 00:00 0 
800c00000-800c40000 rw-p 00000000 00:00 0 
800c40000-800cb0000 rw-p 00000000 00:00 0 
800cb0000-800cc0000 ---p 00000000 00:00 0 
800cc0000-800d60000 rw-p 00000000 00:00 0 
800d60000-840c00000 ---p 00000000 00:00 0 
55cbf2856000-55cbf2857000 r-xp 00000000 fd:00 9328148                    /root/jdk-16.0.2/bin/java
55cbf2858000-55cbf2859000 r--p 00001000 fd:00 9328148                    /root/jdk-16.0.2/bin/java
55cbf2859000-55cbf285a000 rw-p 00002000 fd:00 9328148                    /root/jdk-16.0.2/bin/java
55cbf328f000-55cbf3757000 rw-p 00000000 00:00 0                          [heap]
7f6e3c000000-7f6e3c1b4000 rw-p 00000000 00:00 0 
7f6e3c1b4000-7f6e40000000 ---p 00000000 00:00 0 
7f6e406ff000-7f6e40703000 ---p 00000000 00:00 0 
7f6e40703000-7f6e40ac0000 rw-p 00000000 00:00 0 
7f6e40ac0000-7f6e41000000 ---p 00000000 00:00 0 
7f6e41005000-7f6e41009000 ---p 00000000 00:00 0 
7f6e41009000-7f6e41106000 rw-p 00000000 00:00 0 
7f6e41106000-7f6e4110a000 ---p 00000000 00:00 0 
7f6e4110a000-7f6e41207000 rw-p 00000000 00:00 0 
7f6e41207000-7f6e4120b000 ---p 00000000 00:00 0 
7f6e4120b000-7f6e41308000 rw-p 00000000 00:00 0 
7f6e41308000-7f6e41309000 ---p 00000000 00:00 0 
7f6e41309000-7f6e4130a000 rw-p 00000000 00:00 0 
7f6e4130a000-7f6e4130e000 ---p 00000000 00:00 0 
7f6e4130e000-7f6e41b09000 rw-p 00000000 00:00 0 
7f6e41b09000-7f6e41b0a000 ---p 00000000 00:00 0 
7f6e41b0a000-7f6e4230a000 rw-p 00000000 00:00 0 
7f6e4230a000-7f6e4230b000 ---p 00000000 00:00 0 
7f6e4230b000-7f6e4230c000 rw-p 00000000 00:00 0 
7f6e4230c000-7f6e42310000 ---p 00000000 00:00 0 
7f6e42310000-7f6e42b0b000 rw-p 00000000 00:00 0 
7f6e42b0b000-7f6e42b1a000 r-xp 00000000 fd:00 35267                      /usr/lib64/libbz2.so.1.0.6
7f6e42b1a000-7f6e42d19000 ---p 0000f000 fd:00 35267                      /usr/lib64/libbz2.so.1.0.6
7f6e42d19000-7f6e42d1a000 r--p 0000e000 fd:00 35267                      /usr/lib64/libbz2.so.1.0.6
7f6e42d1a000-7f6e42d1b000 rw-p 0000f000 fd:00 35267                      /usr/lib64/libbz2.so.1.0.6
7f6e42d1b000-7f6e42d40000 r-xp 00000000 fd:00 35259                      /usr/lib64/liblzma.so.5.2.2
7f6e42d40000-7f6e42f3f000 ---p 00025000 fd:00 35259                      /usr/lib64/liblzma.so.5.2.2
7f6e42f3f000-7f6e42f40000 r--p 00024000 fd:00 35259                      /usr/lib64/liblzma.so.5.2.2
7f6e42f40000-7f6e42f41000 rw-p 00025000 fd:00 35259                      /usr/lib64/liblzma.so.5.2.2
7f6e42f41000-7f6e42f58000 r-xp 00000000 fd:00 35296                      /usr/lib64/libelf-0.176.so
7f6e42f58000-7f6e43157000 ---p 00017000 fd:00 35296                      /usr/lib64/libelf-0.176.so
7f6e43157000-7f6e43158000 r--p 00016000 fd:00 35296                      /usr/lib64/libelf-0.176.so
7f6e43158000-7f6e43159000 rw-p 00017000 fd:00 35296                      /usr/lib64/libelf-0.176.so
7f6e43159000-7f6e4315d000 r-xp 00000000 fd:00 35302                      /usr/lib64/libattr.so.1.1.0
7f6e4315d000-7f6e4335c000 ---p 00004000 fd:00 35302                      /usr/lib64/libattr.so.1.1.0
7f6e4335c000-7f6e4335d000 r--p 00003000 fd:00 35302                      /usr/lib64/libattr.so.1.1.0
7f6e4335d000-7f6e4335e000 rw-p 00004000 fd:00 35302                      /usr/lib64/libattr.so.1.1.0
7f6e4335e000-7f6e433ac000 r-xp 00000000 fd:00 251082                     /usr/lib64/libdw-0.176.so
7f6e433ac000-7f6e435ac000 ---p 0004e000 fd:00 251082                     /usr/lib64/libdw-0.176.so
7f6e435ac000-7f6e435ae000 r--p 0004e000 fd:00 251082                     /usr/lib64/libdw-0.176.so
7f6e435ae000-7f6e435af000 rw-p 00050000 fd:00 251082                     /usr/lib64/libdw-0.176.so
7f6e435af000-7f6e435b3000 r-xp 00000000 fd:00 35306                      /usr/lib64/libcap.so.2.22
7f6e435b3000-7f6e437b2000 ---p 00004000 fd:00 35306                      /usr/lib64/libcap.so.2.22
7f6e437b2000-7f6e437b3000 r--p 00003000 fd:00 35306                      /usr/lib64/libcap.so.2.22
7f6e437b3000-7f6e437b4000 rw-p 00004000 fd:00 35306                      /usr/lib64/libcap.so.2.22
7f6e437b4000-7f6e437c6000 r-xp 00000000 fd:00 35167                      /usr/lib64/libnss_myhostname.so.2
7f6e437c6000-7f6e439c5000 ---p 00012000 fd:00 35167                      /usr/lib64/libnss_myhostname.so.2
7f6e439c5000-7f6e439c8000 r--p 00011000 fd:00 35167                      /usr/lib64/libnss_myhostname.so.2
7f6e439c8000-7f6e439c9000 rw-p 00014000 fd:00 35167                      /usr/lib64/libnss_myhostname.so.2
7f6e439c9000-7f6e439df000 r-xp 00000000 fd:00 17720                      /usr/lib64/libresolv-2.17.so
7f6e439df000-7f6e43bdf000 ---p 00016000 fd:00 17720                      /usr/lib64/libresolv-2.17.so
7f6e43bdf000-7f6e43be0000 r--p 00016000 fd:00 17720                      /usr/lib64/libresolv-2.17.so
7f6e43be0000-7f6e43be1000 rw-p 00017000 fd:00 17720                      /usr/lib64/libresolv-2.17.so
7f6e43be1000-7f6e43be3000 rw-p 00000000 00:00 0 
7f6e43be3000-7f6e43be9000 r-xp 00000000 fd:00 2215193                    /usr/lib64/libnss_dns-2.17.so
7f6e43be9000-7f6e43de8000 ---p 00006000 fd:00 2215193                    /usr/lib64/libnss_dns-2.17.so
7f6e43de8000-7f6e43de9000 r--p 00005000 fd:00 2215193                    /usr/lib64/libnss_dns-2.17.so
7f6e43de9000-7f6e43dea000 rw-p 00006000 fd:00 2215193                    /usr/lib64/libnss_dns-2.17.so
7f6e43dea000-7f6e43dff000 r-xp 00000000 fd:00 84                         /usr/lib64/libgcc_s-4.8.5-20150702.so.1
7f6e43dff000-7f6e43ffe000 ---p 00015000 fd:00 84                         /usr/lib64/libgcc_s-4.8.5-20150702.so.1
7f6e43ffe000-7f6e43fff000 r--p 00014000 fd:00 84                         /usr/lib64/libgcc_s-4.8.5-20150702.so.1
7f6e43fff000-7f6e44000000 rw-p 00015000 fd:00 84                         /usr/lib64/libgcc_s-4.8.5-20150702.so.1
7f6e44000000-7f6e44021000 rw-p 00000000 00:00 0 
7f6e44021000-7f6e48000000 ---p 00000000 00:00 0 
7f6e48000000-7f6e48021000 rw-p 00000000 00:00 0 
7f6e48021000-7f6e4c000000 ---p 00000000 00:00 0 
7f6e4c000000-7f6e4c021000 rw-p 00000000 00:00 0 
7f6e4c021000-7f6e50000000 ---p 00000000 00:00 0 
7f6e50081000-7f6e50179000 r-xp 00000000 fd:00 250858                     /usr/lib64/libasound.so.2.0.0
7f6e50179000-7f6e50378000 ---p 000f8000 fd:00 250858                     /usr/lib64/libasound.so.2.0.0
7f6e50378000-7f6e5037f000 r--p 000f7000 fd:00 250858                     /usr/lib64/libasound.so.2.0.0
7f6e5037f000-7f6e50381000 rw-p 000fe000 fd:00 250858                     /usr/lib64/libasound.so.2.0.0
7f6e50381000-7f6e50385000 r-xp 00000000 fd:00 35182                      /usr/lib64/libuuid.so.1.3.0
7f6e50385000-7f6e50584000 ---p 00004000 fd:00 35182                      /usr/lib64/libuuid.so.1.3.0
7f6e50584000-7f6e50585000 r--p 00003000 fd:00 35182                      /usr/lib64/libuuid.so.1.3.0
7f6e50585000-7f6e50586000 rw-p 00004000 fd:00 35182                      /usr/lib64/libuuid.so.1.3.0
7f6e50586000-7f6e505aa000 r-xp 00000000 fd:00 757835                     /usr/local/lib/libpj.so.2
7f6e505aa000-7f6e507a9000 ---p 00024000 fd:00 757835                     /usr/local/lib/libpj.so.2
7f6e507a9000-7f6e507aa000 r--p 00023000 fd:00 757835                     /usr/local/lib/libpj.so.2
7f6e507aa000-7f6e507ab000 rw-p 00024000 fd:00 757835                     /usr/local/lib/libpj.so.2
7f6e507ab000-7f6e507ac000 rw-p 00000000 00:00 0 
7f6e507ac000-7f6e507d2000 r-xp 00000000 fd:00 757796                     /usr/local/lib/libwebrtc.so.2
7f6e507d2000-7f6e509d1000 ---p 00026000 fd:00 757796                     /usr/local/lib/libwebrtc.so.2
7f6e509d1000-7f6e509d2000 r--p 00025000 fd:00 757796                     /usr/local/lib/libwebrtc.so.2
7f6e509d2000-7f6e509d3000 rw-p 00026000 fd:00 757796                     /usr/local/lib/libwebrtc.so.2
7f6e509d3000-7f6e50a1a000 r-xp 00000000 fd:00 757734                     /usr/local/lib/libyuv.so.2
7f6e50a1a000-7f6e50c1a000 ---p 00047000 fd:00 757734                     /usr/local/lib/libyuv.so.2
7f6e50c1a000-7f6e50c1b000 r--p 00047000 fd:00 757734                     /usr/local/lib/libyuv.so.2
7f6e50c1b000-7f6e50c1c000 rw-p 00048000 fd:00 757734                     /usr/local/lib/libyuv.so.2
7f6e50c1c000-7f6e50c25000 r-xp 00000000 fd:00 757731                     /usr/local/lib/libg7221codec.so.2
7f6e50c25000-7f6e50e24000 ---p 00009000 fd:00 757731                     /usr/local/lib/libg7221codec.so.2
7f6e50e24000-7f6e50e25000 r--p 00008000 fd:00 757731                     /usr/local/lib/libg7221codec.so.2
7f6e50e25000-7f6e50e2d000 rw-p 00009000 fd:00 757731                     /usr/local/lib/libg7221codec.so.2
7f6e50e2d000-7f6e50e3a000 r-xp 00000000 fd:00 657351                     /usr/local/lib/libilbccodec.so.2
7f6e50e3a000-7f6e51039000 ---p 0000d000 fd:00 657351                     /usr/local/lib/libilbccodec.so.2
7f6e51039000-7f6e5103a000 r--p 0000c000 fd:00 657351                     /usr/local/lib/libilbccodec.so.2
7f6e5103a000-7f6e5103c000 rw-p 0000d000 fd:00 657351                     /usr/local/lib/libilbccodec.so.2
7f6e5103c000-7f6e51064000 r-xp 00000000 fd:00 657308                     /usr/local/lib/libspeex.so.2
7f6e51064000-7f6e51264000 ---p 00028000 fd:00 657308                     /usr/local/lib/libspeex.so.2
7f6e51264000-7f6e51265000 r--p 00028000 fd:00 657308                     /usr/local/lib/libspeex.so.2
7f6e51265000-7f6e51266000 rw-p 00029000 fd:00 657308                     /usr/local/lib/libspeex.so.2
7f6e51266000-7f6e51270000 r-xp 00000000 fd:00 654105                     /usr/local/lib/libgsmcodec.so.2
7f6e51270000-7f6e5146f000 ---p 0000a000 fd:00 654105                     /usr/local/lib/libgsmcodec.so.2
7f6e5146f000-7f6e51470000 r--p 00009000 fd:00 654105                     /usr/local/lib/libgsmcodec.so.2
7f6e51470000-7f6e51471000 rw-p 0000a000 fd:00 654105                     /usr/local/lib/libgsmcodec.so.2
7f6e51471000-7f6e5147d000 r-xp 00000000 fd:00 654102                     /usr/local/lib/libresample.so.2
7f6e5147d000-7f6e5167c000 ---p 0000c000 fd:00 654102                     /usr/local/lib/libresample.so.2
7f6e5167c000-7f6e5167d000 r--p 0000b000 fd:00 654102                     /usr/local/lib/libresample.so.2
7f6e5167d000-7f6e5167e000 rw-p 0000c000 fd:00 654102                     /usr/local/lib/libresample.so.2
7f6e5167e000-7f6e51694000 r-xp 00000000 fd:00 654099                     /usr/local/lib/libsrtp.so.2
7f6e51694000-7f6e51893000 ---p 00016000 fd:00 654099                     /usr/local/lib/libsrtp.so.2
7f6e51893000-7f6e51894000 r--p 00015000 fd:00 654099                     /usr/local/lib/libsrtp.so.2
7f6e51894000-7f6e51895000 rw-p 00016000 fd:00 654099                     /usr/local/lib/libsrtp.so.2
7f6e51895000-7f6e518bb000 r-xp 00000000 fd:00 757831                     /usr/local/lib/libpjlib-util.so.2
7f6e518bb000-7f6e51abb000 ---p 00026000 fd:00 757831                     /usr/local/lib/libpjlib-util.so.2
7f6e51abb000-7f6e51abc000 r--p 00026000 fd:00 757831                     /usr/local/lib/libpjlib-util.so.2
7f6e51abc000-7f6e51abd000 rw-p 00027000 fd:00 757831                     /usr/local/lib/libpjlib-util.so.2
7f6e51abd000-7f6e58000000 r--p 00000000 fd:00 25168325                   /usr/lib/locale/locale-archive
7f6e58000000-7f6e58021000 rw-p 00000000 00:00 0 
7f6e58021000-7f6e5c000000 ---p 00000000 00:00 0 
7f6e5c000000-7f6e5c369000 rw-p 00000000 00:00 0 
7f6e5c369000-7f6e60000000 ---p 00000000 00:00 0 
7f6e60000000-7f6e60024000 rw-p 00000000 00:00 0 
7f6e60024000-7f6e64000000 ---p 00000000 00:00 0 
7f6e640f7000-7f6e64120000 r-xp 00000000 fd:00 757828                     /usr/local/lib/libpjnath.so.2
7f6e64120000-7f6e6431f000 ---p 00029000 fd:00 757828                     /usr/local/lib/libpjnath.so.2
7f6e6431f000-7f6e64320000 r--p 00028000 fd:00 757828                     /usr/local/lib/libpjnath.so.2
7f6e64320000-7f6e64321000 rw-p 00029000 fd:00 757828                     /usr/local/lib/libpjnath.so.2
7f6e64321000-7f6e64327000 r-xp 00000000 fd:00 757825                     /usr/local/lib/libpjmedia-audiodev.so.2
7f6e64327000-7f6e64526000 ---p 00006000 fd:00 757825                     /usr/local/lib/libpjmedia-audiodev.so.2
7f6e64526000-7f6e64527000 r--p 00005000 fd:00 757825                     /usr/local/lib/libpjmedia-audiodev.so.2
7f6e64527000-7f6e64528000 rw-p 00006000 fd:00 757825                     /usr/local/lib/libpjmedia-audiodev.so.2
7f6e64528000-7f6e64529000 r-xp 00000000 fd:00 757819                     /usr/local/lib/libpjmedia-videodev.so.2
7f6e64529000-7f6e64728000 ---p 00001000 fd:00 757819                     /usr/local/lib/libpjmedia-videodev.so.2
7f6e64728000-7f6e64729000 r--p 00000000 fd:00 757819                     /usr/local/lib/libpjmedia-videodev.so.2
7f6e64729000-7f6e6472a000 rw-p 00001000 fd:00 757819                     /usr/local/lib/libpjmedia-videodev.so.2
7f6e6472a000-7f6e64784000 r-xp 00000000 fd:00 757822                     /usr/local/lib/libpjmedia.so.2
7f6e64784000-7f6e64983000 ---p 0005a000 fd:00 757822                     /usr/local/lib/libpjmedia.so.2
7f6e64983000-7f6e64984000 r--p 00059000 fd:00 757822                     /usr/local/lib/libpjmedia.so.2
7f6e64984000-7f6e64986000 rw-p 0005a000 fd:00 757822                     /usr/local/lib/libpjmedia.so.2
7f6e64986000-7f6e64987000 rw-p 00000000 00:00 0 
7f6e64987000-7f6e64993000 r-xp 00000000 fd:00 757816                     /usr/local/lib/libpjmedia-codec.so.2
7f6e64993000-7f6e64b92000 ---p 0000c000 fd:00 757816                     /usr/local/lib/libpjmedia-codec.so.2
7f6e64b92000-7f6e64b93000 r--p 0000b000 fd:00 757816                     /usr/local/lib/libpjmedia-codec.so.2
7f6e64b93000-7f6e64b94000 rw-p 0000c000 fd:00 757816                     /usr/local/lib/libpjmedia-codec.so.2
7f6e64b94000-7f6e64bd8000 r-xp 00000000 fd:00 757813                     /usr/local/lib/libpjsip.so.2
7f6e64bd8000-7f6e64dd7000 ---p 00044000 fd:00 757813                     /usr/local/lib/libpjsip.so.2
7f6e64dd7000-7f6e64dd9000 r--p 00043000 fd:00 757813                     /usr/local/lib/libpjsip.so.2
7f6e64dd9000-7f6e64ddb000 rw-p 00045000 fd:00 757813                     /usr/local/lib/libpjsip.so.2
7f6e64ddb000-7f6e64de0000 rw-p 00000000 00:00 0 
7f6e64de0000-7f6e64df3000 r-xp 00000000 fd:00 757810                     /usr/local/lib/libpjsip-simple.so.2
7f6e64df3000-7f6e64ff3000 ---p 00013000 fd:00 757810                     /usr/local/lib/libpjsip-simple.so.2
7f6e64ff3000-7f6e64ff4000 r--p 00013000 fd:00 757810                     /usr/local/lib/libpjsip-simple.so.2
7f6e64ff4000-7f6e64ff5000 rw-p 00014000 fd:00 757810                     /usr/local/lib/libpjsip-simple.so.2
7f6e64ff5000-7f6e6500e000 r-xp 00000000 fd:00 757807                     /usr/local/lib/libpjsip-ua.so.2
7f6e6500e000-7f6e6520e000 ---p 00019000 fd:00 757807                     /usr/local/lib/libpjsip-ua.so.2
7f6e6520e000-7f6e6520f000 r--p 00019000 fd:00 757807                     /usr/local/lib/libpjsip-ua.so.2
7f6e6520f000-7f6e65210000 rw-p 0001a000 fd:00 757807                     /usr/local/lib/libpjsip-ua.so.2
7f6e65210000-7f6e65254000 r-xp 00000000 fd:00 757804                     /usr/local/lib/libpjsua.so.2
7f6e65254000-7f6e65453000 ---p 00044000 fd:00 757804                     /usr/local/lib/libpjsua.so.2
7f6e65453000-7f6e65454000 r--p 00043000 fd:00 757804                     /usr/local/lib/libpjsua.so.2
7f6e65454000-7f6e65456000 rw-p 00044000 fd:00 757804                     /usr/local/lib/libpjsua.so.2
7f6e65456000-7f6e654d9000 rw-p 00000000 00:00 0 
7f6e654d9000-7f6e655c2000 r-xp 00000000 fd:00 35208                      /usr/lib64/libstdc++.so.6.0.19
7f6e655c2000-7f6e657c2000 ---p 000e9000 fd:00 35208                      /usr/lib64/libstdc++.so.6.0.19
7f6e657c2000-7f6e657ca000 r--p 000e9000 fd:00 35208                      /usr/lib64/libstdc++.so.6.0.19
7f6e657ca000-7f6e657cc000 rw-p 000f1000 fd:00 35208                      /usr/lib64/libstdc++.so.6.0.19
7f6e657cc000-7f6e657e1000 rw-p 00000000 00:00 0 
7f6e657e1000-7f6e65a51000 rwxp 00000000 00:00 0 
7f6e65a51000-7f6e65d70000 ---p 00000000 00:00 0 
7f6e65d70000-7f6e65fe0000 rwxp 00000000 00:00 0 
7f6e65fe0000-7f6e6d2a8000 ---p 00000000 00:00 0 
7f6e6d2a8000-7f6e6d518000 rwxp 00000000 00:00 0 
7f6e6d518000-7f6e747e1000 ---p 00000000 00:00 0 
7f6e747e1000-7f6e7c000000 r--s 00000000 fd:00 461541                     /root/jdk-16.0.2/lib/modules
7f6e7c000000-7f6e7c1b0000 rw-p 00000000 00:00 0 
7f6e7c1b0000-7f6e80000000 ---p 00000000 00:00 0 
7f6e80098000-7f6e80116000 r-xp 00000000 fd:00 757801                     /usr/local/lib/libpjsua2.so.2
7f6e80116000-7f6e80316000 ---p 0007e000 fd:00 757801                     /usr/local/lib/libpjsua2.so.2
7f6e80316000-7f6e80318000 r--p 0007e000 fd:00 757801                     /usr/local/lib/libpjsua2.so.2
7f6e80318000-7f6e8031a000 rw-p 00080000 fd:00 757801                     /usr/local/lib/libpjsua2.so.2
7f6e8031a000-7f6e803f2000 r-xp 00000000 fd:00 16797788                   /root/gradle/as2/app/src/main/resources/libpjsua2.so
7f6e803f2000-7f6e805f2000 ---p 000d8000 fd:00 16797788                   /root/gradle/as2/app/src/main/resources/libpjsua2.so
7f6e805f2000-7f6e805f3000 r--p 000d8000 fd:00 16797788                   /root/gradle/as2/app/src/main/resources/libpjsua2.so
7f6e805f3000-7f6e805f5000 rw-p 000d9000 fd:00 16797788                   /root/gradle/as2/app/src/main/resources/libpjsua2.so
7f6e805f5000-7f6e805f9000 ---p 00000000 00:00 0 
7f6e805f9000-7f6e806f6000 rw-p 00000000 00:00 0 
7f6e806f6000-7f6e806f7000 ---p 00000000 00:00 0 
7f6e806f7000-7f6e807f8000 rw-p 00000000 00:00 0 
7f6e807f8000-7f6e807fc000 ---p 00000000 00:00 0 
7f6e807fc000-7f6e808f9000 rw-p 00000000 00:00 0 
7f6e808f9000-7f6e808fd000 ---p 00000000 00:00 0 
7f6e808fd000-7f6e809fa000 rw-p 00000000 00:00 0 
7f6e809fa000-7f6e809fe000 ---p 00000000 00:00 0 
7f6e809fe000-7f6e80afb000 rw-p 00000000 00:00 0 
7f6e80afb000-7f6e80aff000 ---p 00000000 00:00 0 
7f6e80aff000-7f6e80bfc000 rw-p 00000000 00:00 0 
7f6e80bfc000-7f6e80c00000 ---p 00000000 00:00 0 
7f6e80c00000-7f6e80cfd000 rw-p 00000000 00:00 0 
7f6e80cfd000-7f6e80d01000 ---p 00000000 00:00 0 
7f6e80d01000-7f6e80dfe000 rw-p 00000000 00:00 0 
7f6e80dfe000-7f6e80e02000 ---p 00000000 00:00 0 
7f6e80e02000-7f6e80eff000 rw-p 00000000 00:00 0 
7f6e80eff000-7f6e80f03000 ---p 00000000 00:00 0 
7f6e80f03000-7f6e81400000 rw-p 00000000 00:00 0 
7f6e81400000-7f6e81580000 rw-p 00000000 00:00 0 
7f6e81580000-7f6e81600000 rw-p 00000000 00:00 0 
7f6e81600000-7f6e81700000 rw-p 00000000 00:00 0 
7f6e81700000-7f6e817f0000 rw-p 00000000 00:00 0 
7f6e817f0000-7f6e81800000 ---p 00000000 00:00 0 
7f6e8181d000-7f6e8184e000 rw-p 00000000 00:00 0 
7f6e8184e000-7f6e81852000 ---p 00000000 00:00 0 
7f6e81852000-7f6e8194f000 rw-p 00000000 00:00 0 
7f6e8194f000-7f6e81950000 ---p 00000000 00:00 0 
7f6e81950000-7f6e81b42000 rw-p 00000000 00:00 0 
7f6e81b42000-7f6e81c6a000 ---p 00000000 00:00 0 
7f6e81c6a000-7f6e81c75000 rw-p 00000000 00:00 0 
7f6e81c75000-7f6e81d08000 ---p 00000000 00:00 0 
7f6e81d08000-7f6e81d1c000 rw-p 00000000 00:00 0 
7f6e81d1c000-7f6e81e44000 ---p 00000000 00:00 0 
7f6e81e44000-7f6e81e4a000 rw-p 00000000 00:00 0 
7f6e81e4a000-7f6e81f30000 ---p 00000000 00:00 0 
7f6e81f30000-7f6e81f35000 rw-p 00000000 00:00 0 
7f6e81f35000-7f6e8201b000 ---p 00000000 00:00 0 
7f6e8201b000-7f6e82027000 r-xp 00000000 fd:00 2215195                    /usr/lib64/libnss_files-2.17.so
7f6e82027000-7f6e82226000 ---p 0000c000 fd:00 2215195                    /usr/lib64/libnss_files-2.17.so
7f6e82226000-7f6e82227000 r--p 0000b000 fd:00 2215195                    /usr/lib64/libnss_files-2.17.so
7f6e82227000-7f6e82228000 rw-p 0000c000 fd:00 2215195                    /usr/lib64/libnss_files-2.17.so
7f6e82228000-7f6e8222e000 rw-p 00000000 00:00 0 
7f6e8222e000-7f6e82235000 r-xp 00000000 fd:00 17723                      /usr/lib64/librt-2.17.so
7f6e82235000-7f6e82434000 ---p 00007000 fd:00 17723                      /usr/lib64/librt-2.17.so
7f6e82434000-7f6e82435000 r--p 00006000 fd:00 17723                      /usr/lib64/librt-2.17.so
7f6e82435000-7f6e82436000 rw-p 00007000 fd:00 17723                      /usr/lib64/librt-2.17.so
7f6e82436000-7f6e82537000 r-xp 00000000 fd:00 2215185                    /usr/lib64/libm-2.17.so
7f6e82537000-7f6e82736000 ---p 00101000 fd:00 2215185                    /usr/lib64/libm-2.17.so
7f6e82736000-7f6e82737000 r--p 00100000 fd:00 2215185                    /usr/lib64/libm-2.17.so
7f6e82737000-7f6e82738000 rw-p 00101000 fd:00 2215185                    /usr/lib64/libm-2.17.so
7f6e82738000-7f6e83846000 r-xp 00000000 fd:00 25330832                   /root/jdk-16.0.2/lib/server/libjvm.so
7f6e83846000-7f6e83847000 ---p 0110e000 fd:00 25330832                   /root/jdk-16.0.2/lib/server/libjvm.so
7f6e83847000-7f6e838f8000 r--p 0110e000 fd:00 25330832                   /root/jdk-16.0.2/lib/server/libjvm.so
7f6e838f8000-7f6e8392b000 rw-p 011bf000 fd:00 25330832                   /root/jdk-16.0.2/lib/server/libjvm.so
7f6e8392b000-7f6e83986000 rw-p 00000000 00:00 0 
7f6e83986000-7f6e83b4a000 r-xp 00000000 fd:00 2215177                    /usr/lib64/libc-2.17.so
7f6e83b4a000-7f6e83d49000 ---p 001c4000 fd:00 2215177                    /usr/lib64/libc-2.17.so
7f6e83d49000-7f6e83d4d000 r--p 001c3000 fd:00 2215177                    /usr/lib64/libc-2.17.so
7f6e83d4d000-7f6e83d4f000 rw-p 001c7000 fd:00 2215177                    /usr/lib64/libc-2.17.so
7f6e83d4f000-7f6e83d54000 rw-p 00000000 00:00 0 
7f6e83d54000-7f6e83d56000 r-xp 00000000 fd:00 2215183                    /usr/lib64/libdl-2.17.so
7f6e83d56000-7f6e83f56000 ---p 00002000 fd:00 2215183                    /usr/lib64/libdl-2.17.so
7f6e83f56000-7f6e83f57000 r--p 00002000 fd:00 2215183                    /usr/lib64/libdl-2.17.so
7f6e83f57000-7f6e83f58000 rw-p 00003000 fd:00 2215183                    /usr/lib64/libdl-2.17.so
7f6e83f58000-7f6e83f6f000 r-xp 00000000 fd:00 17718                      /usr/lib64/libpthread-2.17.so
7f6e83f6f000-7f6e8416e000 ---p 00017000 fd:00 17718                      /usr/lib64/libpthread-2.17.so
7f6e8416e000-7f6e8416f000 r--p 00016000 fd:00 17718                      /usr/lib64/libpthread-2.17.so
7f6e8416f000-7f6e84170000 rw-p 00017000 fd:00 17718                      /usr/lib64/libpthread-2.17.so
7f6e84170000-7f6e84174000 rw-p 00000000 00:00 0 
7f6e84174000-7f6e84189000 r-xp 00000000 fd:00 35166                      /usr/lib64/libz.so.1.2.7
7f6e84189000-7f6e84388000 ---p 00015000 fd:00 35166                      /usr/lib64/libz.so.1.2.7
7f6e84388000-7f6e84389000 r--p 00014000 fd:00 35166                      /usr/lib64/libz.so.1.2.7
7f6e84389000-7f6e8438a000 rw-p 00015000 fd:00 35166                      /usr/lib64/libz.so.1.2.7
7f6e8438a000-7f6e843ac000 r-xp 00000000 fd:00 2215170                    /usr/lib64/ld-2.17.so
7f6e843b2000-7f6e843b9000 r--s 00000000 fd:00 35142                      /usr/lib64/gconv/gconv-modules.cache
7f6e843b9000-7f6e843bb000 r-xp 00000000 fd:00 461383                     /root/jdk-16.0.2/lib/libextnet.so
7f6e843bb000-7f6e843bc000 r--p 00001000 fd:00 461383                     /root/jdk-16.0.2/lib/libextnet.so
7f6e843bc000-7f6e843bd000 rw-p 00002000 fd:00 461383                     /root/jdk-16.0.2/lib/libextnet.so
7f6e843bd000-7f6e843c4000 r-xp 00000000 fd:00 461538                     /root/jdk-16.0.2/lib/libzip.so
7f6e843c4000-7f6e843c5000 ---p 00007000 fd:00 461538                     /root/jdk-16.0.2/lib/libzip.so
7f6e843c5000-7f6e843c6000 r--p 00007000 fd:00 461538                     /root/jdk-16.0.2/lib/libzip.so
7f6e843c6000-7f6e843c7000 rw-p 00008000 fd:00 461538                     /root/jdk-16.0.2/lib/libzip.so
7f6e843c7000-7f6e843dc000 r-xp 00000000 fd:00 461434                     /root/jdk-16.0.2/lib/libnet.so
7f6e843dc000-7f6e843dd000 r--p 00014000 fd:00 461434                     /root/jdk-16.0.2/lib/libnet.so
7f6e843dd000-7f6e843de000 rw-p 00015000 fd:00 461434                     /root/jdk-16.0.2/lib/libnet.so
7f6e843de000-7f6e843f1000 r-xp 00000000 fd:00 461436                     /root/jdk-16.0.2/lib/libnio.so
7f6e843f1000-7f6e843f2000 r--p 00012000 fd:00 461436                     /root/jdk-16.0.2/lib/libnio.so
7f6e843f2000-7f6e843f3000 rw-p 00013000 fd:00 461436                     /root/jdk-16.0.2/lib/libnio.so
7f6e843f3000-7f6e84439000 rw-p 00000000 00:00 0 
7f6e84439000-7f6e84440000 ---p 00000000 00:00 0 
7f6e84440000-7f6e84464000 r-xp 00000000 fd:00 461404                     /root/jdk-16.0.2/lib/libjava.so
7f6e84464000-7f6e84465000 ---p 00024000 fd:00 461404                     /root/jdk-16.0.2/lib/libjava.so
7f6e84465000-7f6e84466000 r--p 00024000 fd:00 461404                     /root/jdk-16.0.2/lib/libjava.so
7f6e84466000-7f6e84467000 rw-p 00025000 fd:00 461404                     /root/jdk-16.0.2/lib/libjava.so
7f6e84467000-7f6e84468000 rw-p 00000000 00:00 0 
7f6e84468000-7f6e84483000 r-xp 00000000 fd:00 461414                     /root/jdk-16.0.2/lib/libjimage.so
7f6e84483000-7f6e84484000 ---p 0001b000 fd:00 461414                     /root/jdk-16.0.2/lib/libjimage.so
7f6e84484000-7f6e84486000 r--p 0001b000 fd:00 461414                     /root/jdk-16.0.2/lib/libjimage.so
7f6e84486000-7f6e84487000 rw-p 0001d000 fd:00 461414                     /root/jdk-16.0.2/lib/libjimage.so
7f6e84487000-7f6e8448b000 ---p 00000000 00:00 0 
7f6e8448b000-7f6e8458c000 rw-p 00000000 00:00 0 
7f6e8458c000-7f6e8459b000 r-xp 00000000 fd:00 461416                     /root/jdk-16.0.2/lib/libjli.so
7f6e8459b000-7f6e8459c000 r--p 0000e000 fd:00 461416                     /root/jdk-16.0.2/lib/libjli.so
7f6e8459c000-7f6e8459d000 rw-p 0000f000 fd:00 461416                     /root/jdk-16.0.2/lib/libjli.so
7f6e8459d000-7f6e8459f000 rw-p 00000000 00:00 0 
7f6e8459f000-7f6e845a7000 rw-s 00000000 fd:00 18635900                   /tmp/hsperfdata_root/12457
7f6e845a7000-7f6e845a8000 ---p 00000000 00:00 0 
7f6e845a8000-7f6e845a9000 r--p 00000000 00:00 0 
7f6e845a9000-7f6e845aa000 ---p 00000000 00:00 0 
7f6e845aa000-7f6e845ab000 rw-p 00000000 00:00 0 
7f6e845ab000-7f6e845ac000 r--p 00021000 fd:00 2215170                    /usr/lib64/ld-2.17.so
7f6e845ac000-7f6e845ad000 rw-p 00022000 fd:00 2215170                    /usr/lib64/ld-2.17.so
7f6e845ad000-7f6e845ae000 rw-p 00000000 00:00 0 
7fffb2e68000-7fffb2e89000 rw-p 00000000 00:00 0                          [stack]
7fffb2f90000-7fffb2f92000 r-xp 00000000 00:00 0                          [vdso]
ffffffffff600000-ffffffffff601000 r-xp 00000000 00:00 0                  [vsyscall]


VM Arguments:
jvm_args: -Djava.library.path=src/main/resources -Dfile.encoding=UTF-8 -Duser.country=AU -Duser.language=en -Duser.variant 
java_command: as2.app.Ivr
java_class_path (initial): /root/gradle/as2/app/build/classes/java/main:/root/gradle/as2/app/build/resources/main:/root/gradle/as2/utilities/build/libs/utilities.jar:/root/gradle/as2/list/build/libs/list.jar:/root/.gradle/caches/modules-2/files-2.1/org.apache.commons/commons-text/1.9/ba6ac8c2807490944a0a27f6f8e68fb5ed2e80e2/commons-text-1.9.jar:/root/.gradle/caches/modules-2/files-2.1/com.google.code.gson/gson/2.8.8/431fc3cbc0ff81abdbfde070062741089c3ba874/gson-2.8.8.jar:/root/.gradle/caches/modules-2/files-2.1/com.auth0/java-jwt/3.18.2/89c1da37cd738d9c3c7176fbf1e291ff2a8b988/java-jwt-3.18.2.jar:/root/.gradle/caches/modules-2/files-2.1/org.apache.commons/commons-lang3/3.11/68e9a6adf7cf8eb7e9d31bbc554c7c75eeaac568/commons-lang3-3.11.jar:/root/.gradle/caches/modules-2/files-2.1/com.fasterxml.jackson.core/jackson-databind/2.11.0/8f5aaf3878b0647ff3a16610af53b1a5c05d9f15/jackson-databind-2.11.0.jar:/root/.gradle/caches/modules-2/files-2.1/com.fasterxml.jackson.core/jackson-annotations/2.11.0/c626020ae55d19c690d25cb51c1532ba76e5890f/jackson-annotations-2.11.0.jar:/root/.gradle/caches/modules-2/files-2.1/com.fasterxml.jackson.core/jackson-core/2.11.0/f84302e14648f9f63c0c73951054aeb2ff0b810a/jackson-core-2.11.0.jar
Launcher Type: SUN_STANDARD

[Global flags]
     intx CICompilerCount                          = 2                                         {product} {ergonomic}
   size_t InitialHeapSize                          = 62914560                                  {product} {ergonomic}
   size_t MaxHeapSize                              = 994050048                                 {product} {ergonomic}
   size_t MaxNewSize                               = 331350016                                 {product} {ergonomic}
   size_t MinHeapDeltaBytes                        = 196608                                    {product} {ergonomic}
   size_t MinHeapSize                              = 8388608                                   {product} {ergonomic}
   size_t NewSize                                  = 20971520                                  {product} {ergonomic}
    uintx NonNMethodCodeHeapSize                   = 5826188                                {pd product} {ergonomic}
    uintx NonProfiledCodeHeapSize                  = 122916026                              {pd product} {ergonomic}
   size_t OldSize                                  = 41943040                                  {product} {ergonomic}
    uintx ProfiledCodeHeapSize                     = 122916026                              {pd product} {ergonomic}
    uintx ReservedCodeCacheSize                    = 251658240                              {pd product} {ergonomic}
     bool SegmentedCodeCache                       = true                                      {product} {ergonomic}
   size_t SoftMaxHeapSize                          = 994050048                              {manageable} {ergonomic}
     bool UseCompressedClassPointers               = true                           {product lp64_product} {ergonomic}
     bool UseCompressedOops                        = true                           {product lp64_product} {ergonomic}
     bool UseSerialGC                              = true                                      {product} {ergonomic}

Logging:
Log output configuration:
 #0: stdout all=warning uptime,level,tags
 #1: stderr all=off uptime,level,tags

Environment Variables:
JAVA_HOME=/root/jdk-16.0.2
PATH=/opt/gradle/gradle-7.2/bin:/bin:/usr/local/sbin:/usr/local/bin:/sbin:/bin:/usr/sbin:/usr/bin:/root/bin:/root/bin:/root/bin
SHELL=/bin/bash
LANG=en_AU.UTF-8

Signal Handlers:
SIGSEGV: [libjvm.so+0xdfeb90], sa_mask[0]=11100100010111111101111111111110, sa_flags=SA_RESTART|SA_SIGINFO
SIGBUS: [libjvm.so+0xdfeb90], sa_mask[0]=11100100010111111101111111111110, sa_flags=SA_RESTART|SA_SIGINFO
SIGFPE: [libjvm.so+0xdfeb90], sa_mask[0]=11100100010111111101111111111110, sa_flags=SA_RESTART|SA_SIGINFO
SIGPIPE: [libjvm.so+0xca84d0], sa_mask[0]=11100100010111111101111111111110, sa_flags=SA_RESTART|SA_SIGINFO
SIGXFSZ: [libjvm.so+0xca84d0], sa_mask[0]=11100100010111111101111111111110, sa_flags=SA_RESTART|SA_SIGINFO
SIGILL: [libjvm.so+0xdfeb90], sa_mask[0]=11100100010111111101111111111110, sa_flags=SA_RESTART|SA_SIGINFO
SIGUSR2: [libjvm.so+0xca7bc0], sa_mask[0]=00100000000000000000000000000000, sa_flags=SA_RESTART|SA_SIGINFO
SIGHUP: [libjvm.so+0xca7af0], sa_mask[0]=11100100010111111101111111111110, sa_flags=SA_RESTART|SA_SIGINFO
SIGINT: [libjvm.so+0xca7af0], sa_mask[0]=11100100010111111101111111111110, sa_flags=SA_RESTART|SA_SIGINFO
SIGTERM: [libjvm.so+0xca7af0], sa_mask[0]=11100100010111111101111111111110, sa_flags=SA_RESTART|SA_SIGINFO
SIGQUIT: [libjvm.so+0xca7af0], sa_mask[0]=11100100010111111101111111111110, sa_flags=SA_RESTART|SA_SIGINFO
SIGTRAP: [libjvm.so+0xdfeb90], sa_mask[0]=11100100010111111101111111111110, sa_flags=SA_RESTART|SA_SIGINFO


---------------  S Y S T E M  ---------------

OS:
CentOS Linux release 7.9.2009 (Core)
uname: Linux 3.10.0-1160.41.1.el7.x86_64 #1 SMP Tue Aug 31 14:52:47 UTC 2021 x86_64
OS uptime: 1 days 11:39 hours
libc: glibc 2.17 NPTL 2.17 
rlimit (soft/hard): STACK 8192k/infinity , CORE 0k/infinity , NPROC 15065/15065 , NOFILE 4096/4096 , AS infinity/infinity , CPU infinity/infinity , DATA infinity/infinity , FSIZE infinity/infinity , MEMLOCK 64k/64k
load average: 0.91 1.20 1.30

/proc/meminfo:
MemTotal:        3880392 kB
MemFree:         2228492 kB
MemAvailable:    3030176 kB
Buffers:            2132 kB
Cached:           986348 kB
SwapCached:            0 kB
Active:          1243404 kB
Inactive:         237320 kB
Active(anon):     492556 kB
Inactive(anon):     8444 kB
Active(file):     750848 kB
Inactive(file):   228876 kB
Unevictable:           0 kB
Mlocked:               0 kB
SwapTotal:       1658876 kB
SwapFree:        1658876 kB
Dirty:               164 kB
Writeback:             0 kB
AnonPages:        490168 kB
Mapped:            50716 kB
Shmem:              8732 kB
Slab:              65932 kB
SReclaimable:      49312 kB
SUnreclaim:        16620 kB
KernelStack:        3200 kB
PageTables:         5628 kB
NFS_Unstable:          0 kB
Bounce:                0 kB
WritebackTmp:          0 kB
CommitLimit:     3599072 kB
Committed_AS:     976092 kB
VmallocTotal:   34359738367 kB
VmallocUsed:       32844 kB
VmallocChunk:   34359699624 kB
Percpu:              176 kB
HardwareCorrupted:     0 kB
AnonHugePages:    319488 kB
CmaTotal:              0 kB
CmaFree:               0 kB
HugePages_Total:       0
HugePages_Free:        0
HugePages_Rsvd:        0
HugePages_Surp:        0
Hugepagesize:       2048 kB
DirectMap4k:       61376 kB
DirectMap2M:     4132864 kB

/sys/kernel/mm/transparent_hugepage/enabled: [always] madvise never
/sys/kernel/mm/transparent_hugepage/defrag (defrag/compaction efforts parameter): [always] madvise never

Process Memory:
Virtual Size: 3212696K (peak: 3213660K)
Resident Set Size: 86676K (peak: 86676K) (anon: 61952K, file: 24724K, shmem: 0K)
Swapped out: 0K
C-Heap outstanding allocations: 6404K

/proc/sys/kernel/threads-max (system-wide limit on the number of threads): 30130
/proc/sys/vm/max_map_count (maximum number of memory map areas a process may have): 65530
/proc/sys/kernel/pid_max (system-wide limit on number of process identifiers): 32768

container (cgroup) information:
container_type: cgroupv1
cpu_cpuset_cpus: 0
cpu_memory_nodes: 0
active_processor_count: 1
cpu_quota: no quota
cpu_period: 100000
cpu_shares: no shares
memory_limit_in_bytes: unlimited
memory_and_swap_limit_in_bytes: unlimited
memory_soft_limit_in_bytes: unlimited
memory_usage_in_bytes: 1516277760
memory_max_usage_in_bytes: unlimited

KVM virtualization detected
Steal ticks since vm start: 0
Steal ticks percentage since vm start:  0.000

CPU: total 1 (initial active 1) (1 cores per cpu, 1 threads per core) family 6 model 142 stepping 12 microcode 0xffffffff, cx8, cmov, fxsr, mmx, sse, sse2, sse3, ssse3, sse4.1, sse4.2, tsc, tscinvbit, clflush, hv
CPU Model and flags from /proc/cpuinfo:
model name	: Intel(R) Core(TM) i7-8665U CPU @ 1.90GHz
flags		: fpu vme de pse tsc msr pae mce cx8 apic sep mtrr pge mca cmov pat pse36 clflush mmx fxsr sse sse2 ht syscall nx rdtscp lm constant_tsc rep_good nopl xtopology nonstop_tsc eagerfpu pni ssse3 pcid sse4_1 sse4_2 hypervisor lahf_lm invpcid_single ibrs_enhanced fsgsbase invpcid md_clear flush_l1d arch_capabilities

Online cpus: 0
Offline cpus: 
BIOS frequency limitation: <Not Available>
Frequency switch latency (ns): <Not Available>
Available cpu frequencies: <Not Available>
Current governor: <Not Available>
Core performance/turbo boost: <Not Available>

Memory: 4k page, physical 3880392k(2228368k free), swap 1658876k(1658876k free)

vm_info: OpenJDK 64-Bit Server VM (16.0.2+7-67) for linux-amd64 JRE (16.0.2+7-67), built on Jun  8 2021 22:13:23 by "mach5one" with gcc 10.2.0

END.
