#
# A fatal error has been detected by the Java Runtime Environment:
#
#  SIGSEGV (0xb) at pc=0x00000000000000a1, pid=32032, tid=32033
#
# JRE version: OpenJDK Runtime Environment (16.0.2+7) (build 16.0.2+7-67)
# Java VM: OpenJDK 64-Bit Server VM (16.0.2+7-67, mixed mode, sharing, tiered, compressed oops, compressed class ptrs, serial gc, linux-amd64)
# Problematic frame:
# C  0x00000000000000a1
#
# No core dump will be written. Core dumps have been disabled. To enable core dumping, try "ulimit -c unlimited" before starting Java again
#
# If you would like to submit a bug report, please visit:
#   https://bugreport.java.com/bugreport/crash.jsp
# The crash happened outside the Java Virtual Machine in native code.
# See problematic frame for where to report the bug.
#

---------------  S U M M A R Y ------------

Command Line: -Djava.library.path=src/main/resources -Dfile.encoding=UTF-8 -Duser.country=AU -Duser.language=en -Duser.variant as2.app.Ivr

Host: Intel(R) Core(TM) i7-8665U CPU @ 1.90GHz, 1 cores, 3G, CentOS Linux release 7.9.2009 (Core)
Time: Thu Oct  7 19:13:38 2021 AEDT elapsed time: 301.091928 seconds (0d 0h 5m 1s)

---------------  T H R E A D  ---------------

Current thread (0x00007f9b200226d0):  JavaThread "main" [_thread_in_native, id=32033, stack(0x00007f9b294a5000,0x00007f9b295a6000)]

Stack: [0x00007f9b294a5000,0x00007f9b295a6000],  sp=0x00007f9b295a4758,  free space=1021k
Native frames: (J=compiled Java code, A=aot compiled Java code, j=interpreted, Vv=VM code, C=native code)
C  0x00000000000000a1

Java frames: (J=compiled Java code, j=interpreted, Vv=VM code)
j  org.pjsip.pjsua2.pjsua2JNI.Endpoint_libDestroy___SWIG_1(JLorg/pjsip/pjsua2/Endpoint;)V+0
j  org.pjsip.pjsua2.Endpoint.libDestroy_()V+5
j  org.pjsip.pjsua2.Endpoint.libDestroy()V+7
j  as2.app.Ivr.main([Ljava/lang/String;)V+197
v  ~StubRoutines::call_stub

siginfo: si_signo: 11 (SIGSEGV), si_code: 1 (SEGV_MAPERR), si_addr: 0x00000000000000a1

Register to memory mapping:

RAX=0x00007f9b002f4a90 points into unknown readable memory: 0x0000000000000030 | 30 00 00 00 00 00 00 00
RBX=0x0 is NULL
RCX=0x00007f9b00190810 points into unknown readable memory: 0x0000000000000000 | 00 00 00 00 00 00 00 00
RDX=0x00007f9b00138970 points into unknown readable memory: 0x00007f9b00190820 | 20 08 19 00 9b 7f 00 00
RSP=0x00007f9b295a4758 is pointing into the stack for thread: 0x00007f9b200226d0
RBP=0x00007f9b20132230 points into unknown readable memory: 0x00007f9b255f2a70 | 70 2a 5f 25 9b 7f 00 00
RSI=0x0 is NULL
RDI=0x00007f9b00190820 points into unknown readable memory: 0x00007f9b000006a8 | a8 06 00 00 9b 7f 00 00
R8 =0x0000000000000001 is an unknown value
R9 =0x0000000000000002 is an unknown value
R10=0x00007f9b295a4310 is pointing into the stack for thread: 0x00007f9b200226d0
R11=0x00007f9b250f1d50: _ZN2pj5MediaD1Ev+0x0000000000000000 in /usr/local/lib/libpjsua2.so.2 at 0x00007f9b25098000
R12=0x0 is NULL
R13=0x00007f9b2647b8c8 is pointing into metadata
R14=0x00007f9b295a48d8 is pointing into the stack for thread: 0x00007f9b200226d0
R15=0x00007f9b200226d0 is a thread


Registers:
RAX=0x00007f9b002f4a90, RBX=0x0000000000000000, RCX=0x00007f9b00190810, RDX=0x00007f9b00138970
RSP=0x00007f9b295a4758, RBP=0x00007f9b20132230, RSI=0x0000000000000000, RDI=0x00007f9b00190820
R8 =0x0000000000000001, R9 =0x0000000000000002, R10=0x00007f9b295a4310, R11=0x00007f9b250f1d50
R12=0x0000000000000000, R13=0x00007f9b2647b8c8, R14=0x00007f9b295a48d8, R15=0x00007f9b200226d0
RIP=0x00000000000000a1, EFLAGS=0x0000000000010202, CSGSFS=0x0000000000000033, ERR=0x0000000000000014
  TRAPNO=0x000000000000000e

Top of Stack: (sp=0x00007f9b295a4758)
0x00007f9b295a4758:   00007f9b250ce086 3feffe66a73f719b
0x00007f9b295a4768:   0000000000000000 3f943b8ec16c0423
0x00007f9b295a4778:   0000000000000000 00007f9b295a47d0
0x00007f9b295a4788:   00007f9b282efdb7 0000000000000000 

Instructions: (pc=0x00000000000000a1)
0xffffffffffffffa1:   


Stack slot to memory mapping:
stack at sp + 0 slots: 0x00007f9b250ce086: _ZN2pj8Endpoint10libDestroyEj+0x0000000000000056 in /usr/local/lib/libpjsua2.so.2 at 0x00007f9b25098000
stack at sp + 1 slots: 0x3feffe66a73f719b is an unknown value
stack at sp + 2 slots: 0x0 is NULL
stack at sp + 3 slots: 0x3f943b8ec16c0423 is an unknown value
stack at sp + 4 slots: 0x0 is NULL
stack at sp + 5 slots: 0x00007f9b295a47d0 is pointing into the stack for thread: 0x00007f9b200226d0
stack at sp + 6 slots: 0x00007f9b282efdb7: <offset 0x0000000000b99db7> in /root/jdk-16.0.2/lib/server/libjvm.so at 0x00007f9b27756000
stack at sp + 7 slots: 0x0 is NULL


---------------  P R O C E S S  ---------------

Threads class SMR info:
_java_thread_list=0x00007f9b003216c0, length=12, elements={
0x00007f9b200226d0, 0x00007f9b20064550, 0x00007f9b20065c20, 0x00007f9b2006b780,
0x00007f9b2006cda0, 0x00007f9b2006e3b0, 0x00007f9b2006ffa0, 0x00007f9b200716f0,
0x00007f9b20072990, 0x00007f9b200adfe0, 0x00007f9b200b2450, 0x00007f9b0017fa50
}

Java Threads: ( => current thread )
=>0x00007f9b200226d0 JavaThread "main" [_thread_in_native, id=32033, stack(0x00007f9b294a5000,0x00007f9b295a6000)]
  0x00007f9b20064550 JavaThread "Reference Handler" daemon [_thread_blocked, id=32035, stack(0x00007f9b2686c000,0x00007f9b2696d000)]
  0x00007f9b20065c20 JavaThread "Finalizer" daemon [_thread_blocked, id=32036, stack(0x00007f9b25eff000,0x00007f9b26000000)]
  0x00007f9b2006b780 JavaThread "Signal Dispatcher" daemon [_thread_blocked, id=32037, stack(0x00007f9b25dfe000,0x00007f9b25eff000)]
  0x00007f9b2006cda0 JavaThread "Service Thread" daemon [_thread_blocked, id=32038, stack(0x00007f9b25cfd000,0x00007f9b25dfe000)]
  0x00007f9b2006e3b0 JavaThread "Monitor Deflation Thread" daemon [_thread_blocked, id=32039, stack(0x00007f9b25bfc000,0x00007f9b25cfd000)]
  0x00007f9b2006ffa0 JavaThread "C2 CompilerThread0" daemon [_thread_blocked, id=32040, stack(0x00007f9b25afb000,0x00007f9b25bfc000)]
  0x00007f9b200716f0 JavaThread "C1 CompilerThread0" daemon [_thread_blocked, id=32043, stack(0x00007f9b259fa000,0x00007f9b25afb000)]
  0x00007f9b20072990 JavaThread "Sweeper thread" daemon [_thread_blocked, id=32044, stack(0x00007f9b258f9000,0x00007f9b259fa000)]
  0x00007f9b200adfe0 JavaThread "Notification Thread" daemon [_thread_blocked, id=32045, stack(0x00007f9b257f8000,0x00007f9b258f9000)]
  0x00007f9b200b2450 JavaThread "Common-Cleaner" daemon [_thread_blocked, id=32047, stack(0x00007f9b255f5000,0x00007f9b256f6000)]
  0x00007f9b0017fa50 JavaThread "HttpClient-1-SelectorManager" daemon [_thread_in_native, id=32089, stack(0x00007f9ae62c6000,0x00007f9ae63c7000)]

Other Threads:
  0x00007f9b20060790 VMThread "VM Thread" [stack: 0x00007f9b2696f000,0x00007f9b26a6f000] [id=32034]
  0x00007f9b200afbb0 WatcherThread [stack: 0x00007f9b256f8000,0x00007f9b257f8000] [id=32046]

Threads with active compile tasks:

VM state: not at safepoint (normal execution)

VM Mutex/Monitor currently owned by a thread: None

Heap address: 0x00000000c4c00000, size: 948 MB, Compressed Oops mode: 32-bit

CDS archive(s) mapped at: [0x0000000800000000-0x0000000800bc1000-0x0000000800bc1000), size 12324864, SharedBaseAddress: 0x0000000800000000, ArchiveRelocationMode: 0.
Compressed class space mapped at: 0x0000000800c00000-0x0000000840c00000, reserved size: 1073741824
Narrow klass base: 0x0000000800000000, Narrow klass shift: 3, Narrow klass range: 0x100000000

GC Precious Log:
 CPUs: 1 total, 1 available
 Memory: 3789M
 Large Page Support: Disabled
 NUMA Support: Disabled
 Compressed Oops: Enabled (32-bit)
 Heap Min Capacity: 8M
 Heap Initial Capacity: 60M
 Heap Max Capacity: 948M
 Pre-touch: Disabled

Heap:
 def new generation   total 18496K, used 340K [0x00000000c4c00000, 0x00000000c6010000, 0x00000000d8800000)
  eden space 16448K,   2% used [0x00000000c4c00000, 0x00000000c4c553c0, 0x00000000c5c10000)
  from space 2048K,   0% used [0x00000000c5c10000, 0x00000000c5c10000, 0x00000000c5e10000)
  to   space 2048K,   0% used [0x00000000c5e10000, 0x00000000c5e10000, 0x00000000c6010000)
 tenured generation   total 40960K, used 4314K [0x00000000d8800000, 0x00000000db000000, 0x0000000100000000)
   the space 40960K,  10% used [0x00000000d8800000, 0x00000000d8c36970, 0x00000000d8c36a00, 0x00000000db000000)
 Metaspace       used 12042K, committed 12288K, reserved 1064960K
  class space    used 1248K, committed 1344K, reserved 1048576K

Card table byte_map: [0x00007f9b26c88000,0x00007f9b26e63000] _byte_map_base: 0x00007f9b26662000

Polling page: 0x00007f9b295c5000

Metaspace:

Usage:
  Non-class:     10.54 MB used.
      Class:      1.22 MB used.
       Both:     11.76 MB used.

Virtual space:
  Non-class space:       16.00 MB reserved,      10.69 MB ( 67%) committed,  2 nodes.
      Class space:        1.00 GB reserved,       1.31 MB ( <1%) committed,  1 nodes.
              Both:        1.02 GB reserved,      12.00 MB (  1%) committed. 

Chunk freelists:
   Non-Class:  1.30 MB
       Class:  2.67 MB
        Both:  3.96 MB

MaxMetaspaceSize: 17179869184.00 GB
CompressedClassSpaceSize: 1.00 GB
 - commit_granule_bytes: 65536.
 - commit_granule_words: 8192.
 - virtual_space_node_default_size: 1048576.
 - enlarge_chunks_in_place: 1.
 - new_chunks_are_fully_committed: 0.
 - uncommit_free_chunks: 1.
 - use_allocation_guard: 0.
 - handle_deallocations: 1.


Internal statistics:

num_allocs_failed_limit: 0.
num_arena_births: 150.
num_arena_deaths: 0.
num_vsnodes_births: 3.
num_vsnodes_deaths: 0.
num_space_committed: 192.
num_space_uncommitted: 0.
num_chunks_returned_to_freelist: 0.
num_chunks_taken_from_freelist: 409.
num_chunk_merges: 0.
num_chunk_splits: 288.
num_chunks_enlarged: 228.
num_purges: 0.

CodeHeap 'non-profiled nmethods': size=120036Kb used=379Kb max_used=379Kb free=119656Kb
 bounds [0x00007f9b112a8000, 0x00007f9b11518000, 0x00007f9b187e1000]
CodeHeap 'profiled nmethods': size=120032Kb used=1894Kb max_used=1894Kb free=118137Kb
 bounds [0x00007f9b09d70000, 0x00007f9b09fe0000, 0x00007f9b112a8000]
CodeHeap 'non-nmethods': size=5692Kb used=1212Kb max_used=1230Kb free=4479Kb
 bounds [0x00007f9b097e1000, 0x00007f9b09a51000, 0x00007f9b09d70000]
 total_blobs=1680 nmethods=1158 adapters=439
 compilation: enabled
              stopped_count=0, restarted_count=0
 full_count=0

Compilation events (20 events):
Event: 22.589 Thread 0x00007f9b200716f0 nmethod 1167 0x00007f9b09f45f10 code [0x00007f9b09f460c0, 0x00007f9b09f463d0]
Event: 22.589 Thread 0x00007f9b200716f0 1163       3       jdk.internal.misc.VM::isSystemDomainLoader (17 bytes)
Event: 22.590 Thread 0x00007f9b200716f0 nmethod 1163 0x00007f9b09f46490 code [0x00007f9b09f466e0, 0x00007f9b09f471d0]
Event: 22.630 Thread 0x00007f9b200716f0 1168       3       java.lang.ref.WeakReference::<init> (6 bytes)
Event: 22.630 Thread 0x00007f9b200716f0 nmethod 1168 0x00007f9b09f47510 code [0x00007f9b09f476c0, 0x00007f9b09f47950]
Event: 22.630 Thread 0x00007f9b200716f0 1169       3       java.nio.Buffer::remaining (20 bytes)
Event: 22.630 Thread 0x00007f9b200716f0 nmethod 1169 0x00007f9b09f47a90 code [0x00007f9b09f47c40, 0x00007f9b09f47dd0]
Event: 22.645 Thread 0x00007f9b200716f0 1170       1       com.google.gson.reflect.TypeToken::getRawType (5 bytes)
Event: 22.645 Thread 0x00007f9b200716f0 nmethod 1170 0x00007f9b11304290 code [0x00007f9b11304420, 0x00007f9b113044f0]
Event: 22.645 Thread 0x00007f9b200716f0 1171       3       java.util.Collections::emptyIterator (4 bytes)
Event: 22.645 Thread 0x00007f9b200716f0 nmethod 1171 0x00007f9b09f47e90 code [0x00007f9b09f48020, 0x00007f9b09f48110]
Event: 22.645 Thread 0x00007f9b2006ffa0 nmethod 1159 0x00007f9b11304590 code [0x00007f9b11304760, 0x00007f9b113053c8]
Event: 22.645 Thread 0x00007f9b2006ffa0 1162       4       jdk.internal.org.objectweb.asm.SymbolTable$Entry::<init> (17 bytes)
Event: 22.646 Thread 0x00007f9b2006ffa0 nmethod 1162 0x00007f9b11305c90 code [0x00007f9b11305e00, 0x00007f9b11305eb8]
Event: 142.959 Thread 0x00007f9b200716f0 1172       3       java.util.ArrayList::clear (43 bytes)
Event: 142.959 Thread 0x00007f9b200716f0 nmethod 1172 0x00007f9b09f48190 code [0x00007f9b09f48340, 0x00007f9b09f48690]
Event: 161.007 Thread 0x00007f9b200716f0 1173       1       java.lang.Thread::isInterrupted (5 bytes)
Event: 161.007 Thread 0x00007f9b200716f0 nmethod 1173 0x00007f9b11305f90 code [0x00007f9b11306120, 0x00007f9b113061f0]
Event: 179.072 Thread 0x00007f9b200716f0 1174       1       java.util.TreeMap::size (5 bytes)
Event: 179.072 Thread 0x00007f9b200716f0 nmethod 1174 0x00007f9b11306290 code [0x00007f9b11306420, 0x00007f9b113064f0]

GC Heap History (6 events):
Event: 18.595 GC heap before
{Heap before GC invocations=0 (full 0):
 def new generation   total 18432K, used 16384K [0x00000000c4c00000, 0x00000000c6000000, 0x00000000d8800000)
  eden space 16384K, 100% used [0x00000000c4c00000, 0x00000000c5c00000, 0x00000000c5c00000)
  from space 2048K,   0% used [0x00000000c5c00000, 0x00000000c5c00000, 0x00000000c5e00000)
  to   space 2048K,   0% used [0x00000000c5e00000, 0x00000000c5e00000, 0x00000000c6000000)
 tenured generation   total 40960K, used 0K [0x00000000d8800000, 0x00000000db000000, 0x0000000100000000)
   the space 40960K,   0% used [0x00000000d8800000, 0x00000000d8800000, 0x00000000d8800200, 0x00000000db000000)
 Metaspace       used 6249K, committed 6464K, reserved 1056768K
  class space    used 599K, committed 704K, reserved 1048576K
}
Event: 18.717 GC heap after
{Heap after GC invocations=1 (full 0):
 def new generation   total 18432K, used 2047K [0x00000000c4c00000, 0x00000000c6000000, 0x00000000d8800000)
  eden space 16384K,   0% used [0x00000000c4c00000, 0x00000000c4c00000, 0x00000000c5c00000)
  from space 2048K,  99% used [0x00000000c5e00000, 0x00000000c5fffff8, 0x00000000c6000000)
  to   space 2048K,   0% used [0x00000000c5c00000, 0x00000000c5c00000, 0x00000000c5e00000)
 tenured generation   total 40960K, used 747K [0x00000000d8800000, 0x00000000db000000, 0x0000000100000000)
   the space 40960K,   1% used [0x00000000d8800000, 0x00000000d88bad60, 0x00000000d88bae00, 0x00000000db000000)
 Metaspace       used 6249K, committed 6464K, reserved 1056768K
  class space    used 599K, committed 704K, reserved 1048576K
}
Event: 21.538 GC heap before
{Heap before GC invocations=1 (full 0):
 def new generation   total 18432K, used 18431K [0x00000000c4c00000, 0x00000000c6000000, 0x00000000d8800000)
  eden space 16384K, 100% used [0x00000000c4c00000, 0x00000000c5c00000, 0x00000000c5c00000)
  from space 2048K,  99% used [0x00000000c5e00000, 0x00000000c5fffff8, 0x00000000c6000000)
  to   space 2048K,   0% used [0x00000000c5c00000, 0x00000000c5c00000, 0x00000000c5e00000)
 tenured generation   total 40960K, used 747K [0x00000000d8800000, 0x00000000db000000, 0x0000000100000000)
   the space 40960K,   1% used [0x00000000d8800000, 0x00000000d88bad60, 0x00000000d88bae00, 0x00000000db000000)
 Metaspace       used 10379K, committed 10496K, reserved 1064960K
  class space    used 1034K, committed 1088K, reserved 1048576K
}
Event: 21.551 GC heap after
{Heap after GC invocations=2 (full 0):
 def new generation   total 18432K, used 1236K [0x00000000c4c00000, 0x00000000c6000000, 0x00000000d8800000)
  eden space 16384K,   0% used [0x00000000c4c00000, 0x00000000c4c00000, 0x00000000c5c00000)
  from space 2048K,  60% used [0x00000000c5c00000, 0x00000000c5d35208, 0x00000000c5e00000)
  to   space 2048K,   0% used [0x00000000c5e00000, 0x00000000c5e00000, 0x00000000c6000000)
 tenured generation   total 40960K, used 2775K [0x00000000d8800000, 0x00000000db000000, 0x0000000100000000)
   the space 40960K,   6% used [0x00000000d8800000, 0x00000000d8ab5d58, 0x00000000d8ab5e00, 0x00000000db000000)
 Metaspace       used 10379K, committed 10496K, reserved 1064960K
  class space    used 1034K, committed 1088K, reserved 1048576K
}
Event: 300.942 GC heap before
{Heap before GC invocations=2 (full 0):
 def new generation   total 18432K, used 4770K [0x00000000c4c00000, 0x00000000c6000000, 0x00000000d8800000)
  eden space 16384K,  21% used [0x00000000c4c00000, 0x00000000c4f73828, 0x00000000c5c00000)
  from space 2048K,  60% used [0x00000000c5c00000, 0x00000000c5d35208, 0x00000000c5e00000)
  to   space 2048K,   0% used [0x00000000c5e00000, 0x00000000c5e00000, 0x00000000c6000000)
 tenured generation   total 40960K, used 2775K [0x00000000d8800000, 0x00000000db000000, 0x0000000100000000)
   the space 40960K,   6% used [0x00000000d8800000, 0x00000000d8ab5d58, 0x00000000d8ab5e00, 0x00000000db000000)
 Metaspace       used 12041K, committed 12288K, reserved 1064960K
  class space    used 1248K, committed 1344K, reserved 1048576K
}
Event: 301.088 GC heap after
{Heap after GC invocations=3 (full 1):
 def new generation   total 18496K, used 0K [0x00000000c4c00000, 0x00000000c6010000, 0x00000000d8800000)
  eden space 16448K,   0% used [0x00000000c4c00000, 0x00000000c4c00000, 0x00000000c5c10000)
  from space 2048K,   0% used [0x00000000c5c10000, 0x00000000c5c10000, 0x00000000c5e10000)
  to   space 2048K,   0% used [0x00000000c5e10000, 0x00000000c5e10000, 0x00000000c6010000)
 tenured generation   total 40960K, used 4314K [0x00000000d8800000, 0x00000000db000000, 0x0000000100000000)
   the space 40960K,  10% used [0x00000000d8800000, 0x00000000d8c36970, 0x00000000d8c36a00, 0x00000000db000000)
 Metaspace       used 12041K, committed 12288K, reserved 1064960K
  class space    used 1248K, committed 1344K, reserved 1048576K
}

Deoptimization events (20 events):
Event: 18.245 Thread 0x00007f9b0001f420 DEOPT PACKING pc=0x00007f9b09e09e3e sp=0x00007f9ae6bc3600
Event: 18.245 Thread 0x00007f9b0001f420 DEOPT UNPACKING pc=0x00007f9b0982e89b sp=0x00007f9ae6bc2aa0 mode 0
Event: 18.522 Thread 0x00007f9b00137600 DEOPT PACKING pc=0x00007f9b09d8ac5a sp=0x00007f9ae6bc0f10
Event: 18.522 Thread 0x00007f9b00137600 DEOPT UNPACKING pc=0x00007f9b0982e89b sp=0x00007f9ae6bc0350 mode 0
Event: 19.426 Thread 0x00007f9b00137600 Uncommon trap: trap_request=0xffffff45 fr.pc=0x00007f9b112b9b7c relative=0x000000000000005c
Event: 19.426 Thread 0x00007f9b00137600 Uncommon trap: reason=unstable_if action=reinterpret pc=0x00007f9b112b9b7c method=java.lang.String.isLatin1()Z @ 10 c2
Event: 19.426 Thread 0x00007f9b00137600 DEOPT PACKING pc=0x00007f9b112b9b7c sp=0x00007f9ae6bc43a0
Event: 19.426 Thread 0x00007f9b00137600 DEOPT UNPACKING pc=0x00007f9b0982e11e sp=0x00007f9ae6bc4350 mode 2
Event: 19.426 Thread 0x00007f9b00137600 Uncommon trap: trap_request=0xffffff45 fr.pc=0x00007f9b112c8368 relative=0x0000000000000048
Event: 19.426 Thread 0x00007f9b00137600 Uncommon trap: reason=unstable_if action=reinterpret pc=0x00007f9b112c8368 method=java.lang.CharacterData.of(I)Ljava/lang/CharacterData; @ 4 c2
Event: 19.426 Thread 0x00007f9b00137600 DEOPT PACKING pc=0x00007f9b112c8368 sp=0x00007f9ae6bc3ec0
Event: 19.426 Thread 0x00007f9b00137600 DEOPT UNPACKING pc=0x00007f9b0982e11e sp=0x00007f9ae6bc3e80 mode 2
Event: 21.422 Thread 0x00007f9b00137600 Uncommon trap: trap_request=0xffffffde fr.pc=0x00007f9b112f2090 relative=0x0000000000000af0
Event: 21.422 Thread 0x00007f9b00137600 Uncommon trap: reason=class_check action=maybe_recompile pc=0x00007f9b112f2090 method=java.util.concurrent.ConcurrentHashMap.putVal(Ljava/lang/Object;Ljava/lang/Object;Z)Ljava/lang/Object; @ 159 c2
Event: 21.422 Thread 0x00007f9b00137600 DEOPT PACKING pc=0x00007f9b112f2090 sp=0x00007f9ae6bc4490
Event: 21.422 Thread 0x00007f9b00137600 DEOPT UNPACKING pc=0x00007f9b0982e11e sp=0x00007f9ae6bc4410 mode 2
Event: 22.470 Thread 0x00007f9b0017fa50 Uncommon trap: trap_request=0xffffff45 fr.pc=0x00007f9b112d7000 relative=0x00000000000008e0
Event: 22.470 Thread 0x00007f9b0017fa50 Uncommon trap: reason=unstable_if action=reinterpret pc=0x00007f9b112d7000 method=java.util.HashMap.putVal(ILjava/lang/Object;Ljava/lang/Object;ZZ)Ljava/lang/Object; @ 236 c2
Event: 22.470 Thread 0x00007f9b0017fa50 DEOPT PACKING pc=0x00007f9b112d7000 sp=0x00007f9ae63c55b0
Event: 22.470 Thread 0x00007f9b0017fa50 DEOPT UNPACKING pc=0x00007f9b0982e11e sp=0x00007f9ae63c5588 mode 2

Classes unloaded (0 events):
No events

Classes redefined (0 events):
No events

Internal exceptions (20 events):
Event: 16.994 Thread 0x00007f9b0001f420 Exception <a 'java/lang/NoSuchMethodError'{0x00000000c4f2b610}: 'int java.lang.invoke.DirectMethodHandle$Holder.invokeStaticInit(java.lang.Object, java.lang.Object, java.lang.Object)'> (0x00000000c4f2b610) 
thrown [open/src/hotspot/share/interpreter/linkResolver.cpp, line 789]
Event: 17.025 Thread 0x00007f9b0001f420 Exception <a 'java/lang/NoSuchMethodError'{0x00000000c4f40220}: 'int java.lang.invoke.DirectMethodHandle$Holder.invokeSpecial(java.lang.Object, java.lang.Object, java.lang.Object)'> (0x00000000c4f40220) 
thrown [open/src/hotspot/share/interpreter/linkResolver.cpp, line 789]
Event: 17.027 Thread 0x00007f9b0001f420 Exception <a 'java/lang/NoSuchMethodError'{0x00000000c4f466c0}: 'int java.lang.invoke.DirectMethodHandle$Holder.invokeStaticInit(java.lang.Object, java.lang.Object)'> (0x00000000c4f466c0) 
thrown [open/src/hotspot/share/interpreter/linkResolver.cpp, line 789]
Event: 17.028 Thread 0x00007f9b0001f420 Exception <a 'java/lang/NoSuchMethodError'{0x00000000c4f4c900}: 'int java.lang.invoke.DirectMethodHandle$Holder.invokeSpecialIFC(java.lang.Object, java.lang.Object, java.lang.Object)'> (0x00000000c4f4c900) 
thrown [open/src/hotspot/share/interpreter/linkResolver.cpp, line 789]
Event: 17.109 Thread 0x00007f9b0001f420 Exception <a 'java/lang/NoSuchMethodError'{0x00000000c4f86968}: 'void java.lang.invoke.DirectMethodHandle$Holder.invokeSpecial(java.lang.Object, java.lang.Object, java.lang.Object)'> (0x00000000c4f86968) 
thrown [open/src/hotspot/share/interpreter/linkResolver.cpp, line 789]
Event: 17.630 Thread 0x00007f9b0001f420 Exception <a 'java/lang/NoSuchMethodError'{0x00000000c513f6f0}: 'int java.lang.invoke.DirectMethodHandle$Holder.invokeStaticInit(java.lang.Object, java.lang.Object, java.lang.Object, java.lang.Object)'> (0x00000000c513f6f0) 
thrown [open/src/hotspot/share/interpreter/linkResolver.cpp, line 789]
Event: 17.632 Thread 0x00007f9b0001f420 Exception <a 'java/lang/NoSuchMethodError'{0x00000000c5149748}: 'java.lang.Object java.lang.invoke.DirectMethodHandle$Holder.invokeInterface(java.lang.Object, java.lang.Object)'> (0x00000000c5149748) 
thrown [open/src/hotspot/share/interpreter/linkResolver.cpp, line 789]
Event: 17.634 Thread 0x00007f9b0001f420 Exception <a 'java/lang/IncompatibleClassChangeError'{0x00000000c514d140}: Found class java.lang.Object, but interface was expected> (0x00000000c514d140) 
thrown [open/src/hotspot/share/interpreter/linkResolver.cpp, line 857]
Event: 17.648 Thread 0x00007f9b0001f420 Exception <a 'java/lang/NoSuchMethodError'{0x00000000c5150438}: 'void java.lang.invoke.DirectMethodHandle$Holder.invokeStatic(java.lang.Object, java.lang.Object)'> (0x00000000c5150438) 
thrown [open/src/hotspot/share/interpreter/linkResolver.cpp, line 789]
Event: 17.651 Thread 0x00007f9b0001f420 Exception <a 'java/lang/NoSuchMethodError'{0x00000000c5153f58}: 'void java.lang.invoke.DirectMethodHandle$Holder.invokeStaticInit(java.lang.Object, java.lang.Object)'> (0x00000000c5153f58) 
thrown [open/src/hotspot/share/interpreter/linkResolver.cpp, line 789]
Event: 18.012 Thread 0x00007f9b0001f420 Exception <a 'java/lang/NoSuchMethodError'{0x00000000c535a298}: 'java.lang.Object java.lang.invoke.DirectMethodHandle$Holder.invokeStatic(java.lang.Object)'> (0x00000000c535a298) 
thrown [open/src/hotspot/share/interpreter/linkResolver.cpp, line 789]
Event: 18.044 Thread 0x00007f9b0001f420 Implicit null exception at 0x00007f9b112d0ef5 to 0x00007f9b112d149c
Event: 18.298 Thread 0x00007f9b0001f420 Exception <a 'java/lang/NoSuchMethodError'{0x00000000c56fe9c0}: 'java.lang.Object java.lang.invoke.DirectMethodHandle$Holder.invokeStaticInit(java.lang.Object)'> (0x00000000c56fe9c0) 
thrown [open/src/hotspot/share/interpreter/linkResolver.cpp, line 789]
Event: 18.481 Thread 0x00007f9b0001f420 Exception <a 'java/lang/NoSuchMethodError'{0x00000000c57965e8}: 'java.lang.Object java.lang.invoke.DirectMethodHandle$Holder.newInvokeSpecial(java.lang.Object, java.lang.Object, java.lang.Object, java.lang.Object, java.lang.Object)'> (0x00000000c57965e8) 
thrown [open/src/hotspot/share/interpreter/linkResolver.cpp, line 789]
Event: 21.960 Thread 0x00007f9b00137600 Exception <a 'java/lang/NoSuchMethodError'{0x00000000c4ce7448}: 'java.lang.Object java.lang.invoke.DirectMethodHandle$Holder.invokeSpecial(java.lang.Object, java.lang.Object, java.lang.Object, java.lang.Object, int)'> (0x00000000c4ce7448) 
thrown [open/src/hotspot/share/interpreter/linkResolver.cpp, line 789]
Event: 21.961 Thread 0x00007f9b00137600 Exception <a 'java/lang/NoSuchMethodError'{0x00000000c4ceb208}: 'java.lang.Object java.lang.invoke.Invokers$Holder.linkToTargetMethod(java.lang.Object, java.lang.Object, int, java.lang.Object)'> (0x00000000c4ceb208) 
thrown [open/src/hotspot/share/interpreter/linkResolver.cpp, line 789]
Event: 22.131 Thread 0x00007f9b00137600 Exception <a 'java/lang/NoSuchMethodError'{0x00000000c4d6a6b8}: 'void java.lang.invoke.DirectMethodHandle$Holder.invokeSpecial(java.lang.Object, java.lang.Object, java.lang.Object, java.lang.Object, java.lang.Object)'> (0x00000000c4d6a6b8) 
thrown [open/src/hotspot/share/interpreter/linkResolver.cpp, line 789]
Event: 22.242 Thread 0x00007f9b0017fa50 Exception <a 'java/lang/NoSuchMethodError'{0x00000000c4c67390}: 'void java.lang.invoke.DirectMethodHandle$Holder.invokeStatic(java.lang.Object, java.lang.Object, int)'> (0x00000000c4c67390) 
thrown [open/src/hotspot/share/interpreter/linkResolver.cpp, line 789]
Event: 22.514 Thread 0x00007f9afc00a1d0 Exception <a 'java/lang/NoSuchMethodError'{0x00000000c4ea3c68}: 'void java.lang.invoke.DirectMethodHandle$Holder.invokeSpecial(java.lang.Object, java.lang.Object, java.lang.Object, java.lang.Object, java.lang.Object, java.lang.Object, java.lang.Object)'> (0x00000000c4ea3c68) 
thrown [open/src/hotspot/share/interpreter/linkResolver.cpp, line 789]
Event: 22.578 Thread 0x00007f9afc00a1d0 Exception <a 'java/lang/NoSuchMethodError'{0x00000000c4eb62a0}: 'void java.lang.invoke.DirectMethodHandle$Holder.invokeStatic(java.lang.Object, java.lang.Object, java.lang.Object, java.lang.Object)'> (0x00000000c4eb62a0) 
thrown [open/src/hotspot/share/interpreter/linkResolver.cpp, line 789]

Events (20 events):
Event: 22.508 loading class java/util/stream/ReferencePipeline$5$1 done
Event: 22.593 loading class java/time/Instant$1
Event: 22.593 loading class java/time/Instant$1 done
Event: 22.641 loading class java/lang/reflect/InvocationTargetException
Event: 22.641 loading class java/lang/reflect/InvocationTargetException done
Event: 22.642 loading class sun/reflect/generics/repository/FieldRepository
Event: 22.642 loading class sun/reflect/generics/repository/FieldRepository done
Event: 22.644 Thread 0x00007f9b00137600 Thread exited: 0x00007f9b00137600
Event: 22.712 Protecting memory [0x00007f9ae73cb000,0x00007f9ae73cf000] with protection modes 0
Event: 22.712 Thread 0x00007f9b040053a0 Thread added: 0x00007f9b040053a0
Event: 22.713 Thread 0x00007f9b040053a0 Thread exited: 0x00007f9b040053a0
Event: 22.995 Executing  VM operation: Cleanup
Event: 22.995 Executing  VM operation: Cleanup done
Event: 82.616 Thread 0x00007f9afc008d70 Thread exited: 0x00007f9afc008d70
Event: 82.634 Thread 0x00007f9afc00a1d0 Thread exited: 0x00007f9afc00a1d0
Event: 294.973 Protecting memory [0x00007f9ae63c9000,0x00007f9ae63cd000] with protection modes 0
Event: 294.973 Thread 0x00007f9b00188bf0 Thread added: 0x00007f9b00188bf0
Event: 294.973 Thread 0x00007f9b00188bf0 Thread exited: 0x00007f9b00188bf0
Event: 300.942 Executing  VM operation: GenCollectFull
Event: 301.088 Executing  VM operation: GenCollectFull done


Dynamic libraries:
c4c00000-c6010000 rw-p 00000000 00:00 0 
c6010000-d8800000 ---p 00000000 00:00 0 
d8800000-db000000 rw-p 00000000 00:00 0 
db000000-100000000 ---p 00000000 00:00 0 
800000000-800003000 rwxp 00001000 fd:00 25330829                         /root/jdk-16.0.2/lib/server/classes.jsa
800003000-800411000 rw-p 00004000 fd:00 25330829                         /root/jdk-16.0.2/lib/server/classes.jsa
800411000-800bc1000 r--p 00412000 fd:00 25330829                         /root/jdk-16.0.2/lib/server/classes.jsa
800bc1000-800c00000 ---p 00000000 00:00 0 
800c00000-800c40000 rw-p 00000000 00:00 0 
800c40000-800cb0000 rw-p 00000000 00:00 0 
800cb0000-800cc0000 ---p 00000000 00:00 0 
800cc0000-800d60000 rw-p 00000000 00:00 0 
800d60000-840c00000 ---p 00000000 00:00 0 
556a4a339000-556a4a33a000 r-xp 00000000 fd:00 9328148                    /root/jdk-16.0.2/bin/java
556a4a33b000-556a4a33c000 r--p 00001000 fd:00 9328148                    /root/jdk-16.0.2/bin/java
556a4a33c000-556a4a33d000 rw-p 00002000 fd:00 9328148                    /root/jdk-16.0.2/bin/java
556a4ae02000-556a4b2b9000 rw-p 00000000 00:00 0                          [heap]
7f9ae0000000-7f9ae01bf000 rw-p 00000000 00:00 0 
7f9ae01bf000-7f9ae4000000 ---p 00000000 00:00 0 
7f9ae5800000-7f9ae5ac0000 rw-p 00000000 00:00 0 
7f9ae5ac0000-7f9ae6000000 ---p 00000000 00:00 0 
7f9ae60c4000-7f9ae60c8000 ---p 00000000 00:00 0 
7f9ae60c8000-7f9ae61c5000 rw-p 00000000 00:00 0 
7f9ae61c5000-7f9ae61c9000 ---p 00000000 00:00 0 
7f9ae61c9000-7f9ae62c6000 rw-p 00000000 00:00 0 
7f9ae62c6000-7f9ae62ca000 ---p 00000000 00:00 0 
7f9ae62ca000-7f9ae63c7000 rw-p 00000000 00:00 0 
7f9ae63c7000-7f9ae63c8000 ---p 00000000 00:00 0 
7f9ae63c8000-7f9ae63c9000 rw-p 00000000 00:00 0 
7f9ae63c9000-7f9ae63cd000 ---p 00000000 00:00 0 
7f9ae63cd000-7f9ae6bc8000 rw-p 00000000 00:00 0 
7f9ae6bc8000-7f9ae6bc9000 ---p 00000000 00:00 0 
7f9ae6bc9000-7f9ae73c9000 rw-p 00000000 00:00 0 
7f9ae73c9000-7f9ae73ca000 ---p 00000000 00:00 0 
7f9ae73ca000-7f9ae73cb000 rw-p 00000000 00:00 0 
7f9ae73cb000-7f9ae73cf000 ---p 00000000 00:00 0 
7f9ae73cf000-7f9ae7bca000 rw-p 00000000 00:00 0 
7f9ae7bca000-7f9ae7bd9000 r-xp 00000000 fd:00 35267                      /usr/lib64/libbz2.so.1.0.6
7f9ae7bd9000-7f9ae7dd8000 ---p 0000f000 fd:00 35267                      /usr/lib64/libbz2.so.1.0.6
7f9ae7dd8000-7f9ae7dd9000 r--p 0000e000 fd:00 35267                      /usr/lib64/libbz2.so.1.0.6
7f9ae7dd9000-7f9ae7dda000 rw-p 0000f000 fd:00 35267                      /usr/lib64/libbz2.so.1.0.6
7f9ae7dda000-7f9ae7dff000 r-xp 00000000 fd:00 35259                      /usr/lib64/liblzma.so.5.2.2
7f9ae7dff000-7f9ae7ffe000 ---p 00025000 fd:00 35259                      /usr/lib64/liblzma.so.5.2.2
7f9ae7ffe000-7f9ae7fff000 r--p 00024000 fd:00 35259                      /usr/lib64/liblzma.so.5.2.2
7f9ae7fff000-7f9ae8000000 rw-p 00025000 fd:00 35259                      /usr/lib64/liblzma.so.5.2.2
7f9ae8000000-7f9ae8021000 rw-p 00000000 00:00 0 
7f9ae8021000-7f9aec000000 ---p 00000000 00:00 0 
7f9aec000000-7f9aec021000 rw-p 00000000 00:00 0 
7f9aec021000-7f9af0000000 ---p 00000000 00:00 0 
7f9af0000000-7f9af0021000 rw-p 00000000 00:00 0 
7f9af0021000-7f9af4000000 ---p 00000000 00:00 0 
7f9af40ac000-7f9af40c3000 r-xp 00000000 fd:00 35296                      /usr/lib64/libelf-0.176.so
7f9af40c3000-7f9af42c2000 ---p 00017000 fd:00 35296                      /usr/lib64/libelf-0.176.so
7f9af42c2000-7f9af42c3000 r--p 00016000 fd:00 35296                      /usr/lib64/libelf-0.176.so
7f9af42c3000-7f9af42c4000 rw-p 00017000 fd:00 35296                      /usr/lib64/libelf-0.176.so
7f9af42c4000-7f9af42c8000 r-xp 00000000 fd:00 35302                      /usr/lib64/libattr.so.1.1.0
7f9af42c8000-7f9af44c7000 ---p 00004000 fd:00 35302                      /usr/lib64/libattr.so.1.1.0
7f9af44c7000-7f9af44c8000 r--p 00003000 fd:00 35302                      /usr/lib64/libattr.so.1.1.0
7f9af44c8000-7f9af44c9000 rw-p 00004000 fd:00 35302                      /usr/lib64/libattr.so.1.1.0
7f9af44c9000-7f9af4517000 r-xp 00000000 fd:00 251082                     /usr/lib64/libdw-0.176.so
7f9af4517000-7f9af4717000 ---p 0004e000 fd:00 251082                     /usr/lib64/libdw-0.176.so
7f9af4717000-7f9af4719000 r--p 0004e000 fd:00 251082                     /usr/lib64/libdw-0.176.so
7f9af4719000-7f9af471a000 rw-p 00050000 fd:00 251082                     /usr/lib64/libdw-0.176.so
7f9af471a000-7f9af471e000 r-xp 00000000 fd:00 35306                      /usr/lib64/libcap.so.2.22
7f9af471e000-7f9af491d000 ---p 00004000 fd:00 35306                      /usr/lib64/libcap.so.2.22
7f9af491d000-7f9af491e000 r--p 00003000 fd:00 35306                      /usr/lib64/libcap.so.2.22
7f9af491e000-7f9af491f000 rw-p 00004000 fd:00 35306                      /usr/lib64/libcap.so.2.22
7f9af491f000-7f9af4931000 r-xp 00000000 fd:00 35167                      /usr/lib64/libnss_myhostname.so.2
7f9af4931000-7f9af4b30000 ---p 00012000 fd:00 35167                      /usr/lib64/libnss_myhostname.so.2
7f9af4b30000-7f9af4b33000 r--p 00011000 fd:00 35167                      /usr/lib64/libnss_myhostname.so.2
7f9af4b33000-7f9af4b34000 rw-p 00014000 fd:00 35167                      /usr/lib64/libnss_myhostname.so.2
7f9af4b34000-7f9af4b4a000 r-xp 00000000 fd:00 17720                      /usr/lib64/libresolv-2.17.so
7f9af4b4a000-7f9af4d4a000 ---p 00016000 fd:00 17720                      /usr/lib64/libresolv-2.17.so
7f9af4d4a000-7f9af4d4b000 r--p 00016000 fd:00 17720                      /usr/lib64/libresolv-2.17.so
7f9af4d4b000-7f9af4d4c000 rw-p 00017000 fd:00 17720                      /usr/lib64/libresolv-2.17.so
7f9af4d4c000-7f9af4d4e000 rw-p 00000000 00:00 0 
7f9af4d4e000-7f9af4d54000 r-xp 00000000 fd:00 2215193                    /usr/lib64/libnss_dns-2.17.so
7f9af4d54000-7f9af4f53000 ---p 00006000 fd:00 2215193                    /usr/lib64/libnss_dns-2.17.so
7f9af4f53000-7f9af4f54000 r--p 00005000 fd:00 2215193                    /usr/lib64/libnss_dns-2.17.so
7f9af4f54000-7f9af4f55000 rw-p 00006000 fd:00 2215193                    /usr/lib64/libnss_dns-2.17.so
7f9af4f55000-7f9af4f6a000 r-xp 00000000 fd:00 84                         /usr/lib64/libgcc_s-4.8.5-20150702.so.1
7f9af4f6a000-7f9af5169000 ---p 00015000 fd:00 84                         /usr/lib64/libgcc_s-4.8.5-20150702.so.1
7f9af5169000-7f9af516a000 r--p 00014000 fd:00 84                         /usr/lib64/libgcc_s-4.8.5-20150702.so.1
7f9af516a000-7f9af516b000 rw-p 00015000 fd:00 84                         /usr/lib64/libgcc_s-4.8.5-20150702.so.1
7f9af516b000-7f9af5263000 r-xp 00000000 fd:00 250858                     /usr/lib64/libasound.so.2.0.0
7f9af5263000-7f9af5462000 ---p 000f8000 fd:00 250858                     /usr/lib64/libasound.so.2.0.0
7f9af5462000-7f9af5469000 r--p 000f7000 fd:00 250858                     /usr/lib64/libasound.so.2.0.0
7f9af5469000-7f9af546b000 rw-p 000fe000 fd:00 250858                     /usr/lib64/libasound.so.2.0.0
7f9af546b000-7f9af546f000 r-xp 00000000 fd:00 35182                      /usr/lib64/libuuid.so.1.3.0
7f9af546f000-7f9af566e000 ---p 00004000 fd:00 35182                      /usr/lib64/libuuid.so.1.3.0
7f9af566e000-7f9af566f000 r--p 00003000 fd:00 35182                      /usr/lib64/libuuid.so.1.3.0
7f9af566f000-7f9af5670000 rw-p 00004000 fd:00 35182                      /usr/lib64/libuuid.so.1.3.0
7f9af5670000-7f9af5694000 r-xp 00000000 fd:00 757835                     /usr/local/lib/libpj.so.2
7f9af5694000-7f9af5893000 ---p 00024000 fd:00 757835                     /usr/local/lib/libpj.so.2
7f9af5893000-7f9af5894000 r--p 00023000 fd:00 757835                     /usr/local/lib/libpj.so.2
7f9af5894000-7f9af5895000 rw-p 00024000 fd:00 757835                     /usr/local/lib/libpj.so.2
7f9af5895000-7f9af5896000 rw-p 00000000 00:00 0 
7f9af5896000-7f9af58bc000 r-xp 00000000 fd:00 757796                     /usr/local/lib/libwebrtc.so.2
7f9af58bc000-7f9af5abb000 ---p 00026000 fd:00 757796                     /usr/local/lib/libwebrtc.so.2
7f9af5abb000-7f9af5abc000 r--p 00025000 fd:00 757796                     /usr/local/lib/libwebrtc.so.2
7f9af5abc000-7f9af5abd000 rw-p 00026000 fd:00 757796                     /usr/local/lib/libwebrtc.so.2
7f9af5abd000-7f9afc000000 r--p 00000000 fd:00 25168325                   /usr/lib/locale/locale-archive
7f9afc000000-7f9afc021000 rw-p 00000000 00:00 0 
7f9afc021000-7f9b00000000 ---p 00000000 00:00 0 
7f9b00000000-7f9b0034d000 rw-p 00000000 00:00 0 
7f9b0034d000-7f9b04000000 ---p 00000000 00:00 0 
7f9b04000000-7f9b04021000 rw-p 00000000 00:00 0 
7f9b04021000-7f9b08000000 ---p 00000000 00:00 0 
7f9b08069000-7f9b080b0000 r-xp 00000000 fd:00 757734                     /usr/local/lib/libyuv.so.2
7f9b080b0000-7f9b082b0000 ---p 00047000 fd:00 757734                     /usr/local/lib/libyuv.so.2
7f9b082b0000-7f9b082b1000 r--p 00047000 fd:00 757734                     /usr/local/lib/libyuv.so.2
7f9b082b1000-7f9b082b2000 rw-p 00048000 fd:00 757734                     /usr/local/lib/libyuv.so.2
7f9b082b2000-7f9b082bb000 r-xp 00000000 fd:00 757731                     /usr/local/lib/libg7221codec.so.2
7f9b082bb000-7f9b084ba000 ---p 00009000 fd:00 757731                     /usr/local/lib/libg7221codec.so.2
7f9b084ba000-7f9b084bb000 r--p 00008000 fd:00 757731                     /usr/local/lib/libg7221codec.so.2
7f9b084bb000-7f9b084c3000 rw-p 00009000 fd:00 757731                     /usr/local/lib/libg7221codec.so.2
7f9b084c3000-7f9b084d0000 r-xp 00000000 fd:00 657351                     /usr/local/lib/libilbccodec.so.2
7f9b084d0000-7f9b086cf000 ---p 0000d000 fd:00 657351                     /usr/local/lib/libilbccodec.so.2
7f9b086cf000-7f9b086d0000 r--p 0000c000 fd:00 657351                     /usr/local/lib/libilbccodec.so.2
7f9b086d0000-7f9b086d2000 rw-p 0000d000 fd:00 657351                     /usr/local/lib/libilbccodec.so.2
7f9b086d2000-7f9b086fa000 r-xp 00000000 fd:00 657308                     /usr/local/lib/libspeex.so.2
7f9b086fa000-7f9b088fa000 ---p 00028000 fd:00 657308                     /usr/local/lib/libspeex.so.2
7f9b088fa000-7f9b088fb000 r--p 00028000 fd:00 657308                     /usr/local/lib/libspeex.so.2
7f9b088fb000-7f9b088fc000 rw-p 00029000 fd:00 657308                     /usr/local/lib/libspeex.so.2
7f9b088fc000-7f9b08906000 r-xp 00000000 fd:00 654105                     /usr/local/lib/libgsmcodec.so.2
7f9b08906000-7f9b08b05000 ---p 0000a000 fd:00 654105                     /usr/local/lib/libgsmcodec.so.2
7f9b08b05000-7f9b08b06000 r--p 00009000 fd:00 654105                     /usr/local/lib/libgsmcodec.so.2
7f9b08b06000-7f9b08b07000 rw-p 0000a000 fd:00 654105                     /usr/local/lib/libgsmcodec.so.2
7f9b08b07000-7f9b08b13000 r-xp 00000000 fd:00 654102                     /usr/local/lib/libresample.so.2
7f9b08b13000-7f9b08d12000 ---p 0000c000 fd:00 654102                     /usr/local/lib/libresample.so.2
7f9b08d12000-7f9b08d13000 r--p 0000b000 fd:00 654102                     /usr/local/lib/libresample.so.2
7f9b08d13000-7f9b08d14000 rw-p 0000c000 fd:00 654102                     /usr/local/lib/libresample.so.2
7f9b08d14000-7f9b08d2a000 r-xp 00000000 fd:00 654099                     /usr/local/lib/libsrtp.so.2
7f9b08d2a000-7f9b08f29000 ---p 00016000 fd:00 654099                     /usr/local/lib/libsrtp.so.2
7f9b08f29000-7f9b08f2a000 r--p 00015000 fd:00 654099                     /usr/local/lib/libsrtp.so.2
7f9b08f2a000-7f9b08f2b000 rw-p 00016000 fd:00 654099                     /usr/local/lib/libsrtp.so.2
7f9b08f2b000-7f9b08f51000 r-xp 00000000 fd:00 757831                     /usr/local/lib/libpjlib-util.so.2
7f9b08f51000-7f9b09151000 ---p 00026000 fd:00 757831                     /usr/local/lib/libpjlib-util.so.2
7f9b09151000-7f9b09152000 r--p 00026000 fd:00 757831                     /usr/local/lib/libpjlib-util.so.2
7f9b09152000-7f9b09153000 rw-p 00027000 fd:00 757831                     /usr/local/lib/libpjlib-util.so.2
7f9b09153000-7f9b0917c000 r-xp 00000000 fd:00 757828                     /usr/local/lib/libpjnath.so.2
7f9b0917c000-7f9b0937b000 ---p 00029000 fd:00 757828                     /usr/local/lib/libpjnath.so.2
7f9b0937b000-7f9b0937c000 r--p 00028000 fd:00 757828                     /usr/local/lib/libpjnath.so.2
7f9b0937c000-7f9b0937d000 rw-p 00029000 fd:00 757828                     /usr/local/lib/libpjnath.so.2
7f9b0937d000-7f9b09383000 r-xp 00000000 fd:00 757825                     /usr/local/lib/libpjmedia-audiodev.so.2
7f9b09383000-7f9b09582000 ---p 00006000 fd:00 757825                     /usr/local/lib/libpjmedia-audiodev.so.2
7f9b09582000-7f9b09583000 r--p 00005000 fd:00 757825                     /usr/local/lib/libpjmedia-audiodev.so.2
7f9b09583000-7f9b09584000 rw-p 00006000 fd:00 757825                     /usr/local/lib/libpjmedia-audiodev.so.2
7f9b09584000-7f9b095de000 r-xp 00000000 fd:00 757822                     /usr/local/lib/libpjmedia.so.2
7f9b095de000-7f9b097dd000 ---p 0005a000 fd:00 757822                     /usr/local/lib/libpjmedia.so.2
7f9b097dd000-7f9b097de000 r--p 00059000 fd:00 757822                     /usr/local/lib/libpjmedia.so.2
7f9b097de000-7f9b097e0000 rw-p 0005a000 fd:00 757822                     /usr/local/lib/libpjmedia.so.2
7f9b097e0000-7f9b097e1000 rw-p 00000000 00:00 0 
7f9b097e1000-7f9b09a51000 rwxp 00000000 00:00 0 
7f9b09a51000-7f9b09d70000 ---p 00000000 00:00 0 
7f9b09d70000-7f9b09fe0000 rwxp 00000000 00:00 0 
7f9b09fe0000-7f9b112a8000 ---p 00000000 00:00 0 
7f9b112a8000-7f9b11518000 rwxp 00000000 00:00 0 
7f9b11518000-7f9b187e1000 ---p 00000000 00:00 0 
7f9b187e1000-7f9b20000000 r--s 00000000 fd:00 461541                     /root/jdk-16.0.2/lib/modules
7f9b20000000-7f9b201b0000 rw-p 00000000 00:00 0 
7f9b201b0000-7f9b24000000 ---p 00000000 00:00 0 
7f9b2403c000-7f9b2403d000 r-xp 00000000 fd:00 757819                     /usr/local/lib/libpjmedia-videodev.so.2
7f9b2403d000-7f9b2423c000 ---p 00001000 fd:00 757819                     /usr/local/lib/libpjmedia-videodev.so.2
7f9b2423c000-7f9b2423d000 r--p 00000000 fd:00 757819                     /usr/local/lib/libpjmedia-videodev.so.2
7f9b2423d000-7f9b2423e000 rw-p 00001000 fd:00 757819                     /usr/local/lib/libpjmedia-videodev.so.2
7f9b2423e000-7f9b2424a000 r-xp 00000000 fd:00 757816                     /usr/local/lib/libpjmedia-codec.so.2
7f9b2424a000-7f9b24449000 ---p 0000c000 fd:00 757816                     /usr/local/lib/libpjmedia-codec.so.2
7f9b24449000-7f9b2444a000 r--p 0000b000 fd:00 757816                     /usr/local/lib/libpjmedia-codec.so.2
7f9b2444a000-7f9b2444b000 rw-p 0000c000 fd:00 757816                     /usr/local/lib/libpjmedia-codec.so.2
7f9b2444b000-7f9b2448f000 r-xp 00000000 fd:00 757813                     /usr/local/lib/libpjsip.so.2
7f9b2448f000-7f9b2468e000 ---p 00044000 fd:00 757813                     /usr/local/lib/libpjsip.so.2
7f9b2468e000-7f9b24690000 r--p 00043000 fd:00 757813                     /usr/local/lib/libpjsip.so.2
7f9b24690000-7f9b24692000 rw-p 00045000 fd:00 757813                     /usr/local/lib/libpjsip.so.2
7f9b24692000-7f9b24697000 rw-p 00000000 00:00 0 
7f9b24697000-7f9b246aa000 r-xp 00000000 fd:00 757810                     /usr/local/lib/libpjsip-simple.so.2
7f9b246aa000-7f9b248aa000 ---p 00013000 fd:00 757810                     /usr/local/lib/libpjsip-simple.so.2
7f9b248aa000-7f9b248ab000 r--p 00013000 fd:00 757810                     /usr/local/lib/libpjsip-simple.so.2
7f9b248ab000-7f9b248ac000 rw-p 00014000 fd:00 757810                     /usr/local/lib/libpjsip-simple.so.2
7f9b248ac000-7f9b248c5000 r-xp 00000000 fd:00 757807                     /usr/local/lib/libpjsip-ua.so.2
7f9b248c5000-7f9b24ac5000 ---p 00019000 fd:00 757807                     /usr/local/lib/libpjsip-ua.so.2
7f9b24ac5000-7f9b24ac6000 r--p 00019000 fd:00 757807                     /usr/local/lib/libpjsip-ua.so.2
7f9b24ac6000-7f9b24ac7000 rw-p 0001a000 fd:00 757807                     /usr/local/lib/libpjsip-ua.so.2
7f9b24ac7000-7f9b24b0b000 r-xp 00000000 fd:00 757804                     /usr/local/lib/libpjsua.so.2
7f9b24b0b000-7f9b24d0a000 ---p 00044000 fd:00 757804                     /usr/local/lib/libpjsua.so.2
7f9b24d0a000-7f9b24d0b000 r--p 00043000 fd:00 757804                     /usr/local/lib/libpjsua.so.2
7f9b24d0b000-7f9b24d0d000 rw-p 00044000 fd:00 757804                     /usr/local/lib/libpjsua.so.2
7f9b24d0d000-7f9b24d90000 rw-p 00000000 00:00 0 
7f9b24d90000-7f9b24e79000 r-xp 00000000 fd:00 35208                      /usr/lib64/libstdc++.so.6.0.19
7f9b24e79000-7f9b25079000 ---p 000e9000 fd:00 35208                      /usr/lib64/libstdc++.so.6.0.19
7f9b25079000-7f9b25081000 r--p 000e9000 fd:00 35208                      /usr/lib64/libstdc++.so.6.0.19
7f9b25081000-7f9b25083000 rw-p 000f1000 fd:00 35208                      /usr/lib64/libstdc++.so.6.0.19
7f9b25083000-7f9b25098000 rw-p 00000000 00:00 0 
7f9b25098000-7f9b25116000 r-xp 00000000 fd:00 757801                     /usr/local/lib/libpjsua2.so.2
7f9b25116000-7f9b25316000 ---p 0007e000 fd:00 757801                     /usr/local/lib/libpjsua2.so.2
7f9b25316000-7f9b25318000 r--p 0007e000 fd:00 757801                     /usr/local/lib/libpjsua2.so.2
7f9b25318000-7f9b2531a000 rw-p 00080000 fd:00 757801                     /usr/local/lib/libpjsua2.so.2
7f9b2531a000-7f9b253f2000 r-xp 00000000 fd:00 16797788                   /root/gradle/as2/app/src/main/resources/libpjsua2.so
7f9b253f2000-7f9b255f2000 ---p 000d8000 fd:00 16797788                   /root/gradle/as2/app/src/main/resources/libpjsua2.so
7f9b255f2000-7f9b255f3000 r--p 000d8000 fd:00 16797788                   /root/gradle/as2/app/src/main/resources/libpjsua2.so
7f9b255f3000-7f9b255f5000 rw-p 000d9000 fd:00 16797788                   /root/gradle/as2/app/src/main/resources/libpjsua2.so
7f9b255f5000-7f9b255f9000 ---p 00000000 00:00 0 
7f9b255f9000-7f9b256f6000 rw-p 00000000 00:00 0 
7f9b256f6000-7f9b256f7000 ---p 00000000 00:00 0 
7f9b256f7000-7f9b257f8000 rw-p 00000000 00:00 0 
7f9b257f8000-7f9b257fc000 ---p 00000000 00:00 0 
7f9b257fc000-7f9b258f9000 rw-p 00000000 00:00 0 
7f9b258f9000-7f9b258fd000 ---p 00000000 00:00 0 
7f9b258fd000-7f9b259fa000 rw-p 00000000 00:00 0 
7f9b259fa000-7f9b259fe000 ---p 00000000 00:00 0 
7f9b259fe000-7f9b25afb000 rw-p 00000000 00:00 0 
7f9b25afb000-7f9b25aff000 ---p 00000000 00:00 0 
7f9b25aff000-7f9b25bfc000 rw-p 00000000 00:00 0 
7f9b25bfc000-7f9b25c00000 ---p 00000000 00:00 0 
7f9b25c00000-7f9b25cfd000 rw-p 00000000 00:00 0 
7f9b25cfd000-7f9b25d01000 ---p 00000000 00:00 0 
7f9b25d01000-7f9b25dfe000 rw-p 00000000 00:00 0 
7f9b25dfe000-7f9b25e02000 ---p 00000000 00:00 0 
7f9b25e02000-7f9b25eff000 rw-p 00000000 00:00 0 
7f9b25eff000-7f9b25f03000 ---p 00000000 00:00 0 
7f9b25f03000-7f9b26400000 rw-p 00000000 00:00 0 
7f9b26400000-7f9b26580000 rw-p 00000000 00:00 0 
7f9b26580000-7f9b26600000 rw-p 00000000 00:00 0 
7f9b26600000-7f9b26700000 rw-p 00000000 00:00 0 
7f9b26700000-7f9b267f0000 rw-p 00000000 00:00 0 
7f9b267f0000-7f9b26800000 ---p 00000000 00:00 0 
7f9b2683b000-7f9b2686c000 rw-p 00000000 00:00 0 
7f9b2686c000-7f9b26870000 ---p 00000000 00:00 0 
7f9b26870000-7f9b2696d000 rw-p 00000000 00:00 0 
7f9b2696d000-7f9b2696e000 ---p 00000000 00:00 0 
7f9b2696e000-7f9b26b60000 rw-p 00000000 00:00 0 
7f9b26b60000-7f9b26c88000 ---p 00000000 00:00 0 
7f9b26c88000-7f9b26c93000 rw-p 00000000 00:00 0 
7f9b26c93000-7f9b26d26000 ---p 00000000 00:00 0 
7f9b26d26000-7f9b26d3a000 rw-p 00000000 00:00 0 
7f9b26d3a000-7f9b26e62000 ---p 00000000 00:00 0 
7f9b26e62000-7f9b26e68000 rw-p 00000000 00:00 0 
7f9b26e68000-7f9b26f4e000 ---p 00000000 00:00 0 
7f9b26f4e000-7f9b26f53000 rw-p 00000000 00:00 0 
7f9b26f53000-7f9b27039000 ---p 00000000 00:00 0 
7f9b27039000-7f9b27045000 r-xp 00000000 fd:00 2215195                    /usr/lib64/libnss_files-2.17.so
7f9b27045000-7f9b27244000 ---p 0000c000 fd:00 2215195                    /usr/lib64/libnss_files-2.17.so
7f9b27244000-7f9b27245000 r--p 0000b000 fd:00 2215195                    /usr/lib64/libnss_files-2.17.so
7f9b27245000-7f9b27246000 rw-p 0000c000 fd:00 2215195                    /usr/lib64/libnss_files-2.17.so
7f9b27246000-7f9b2724c000 rw-p 00000000 00:00 0 
7f9b2724c000-7f9b27253000 r-xp 00000000 fd:00 17723                      /usr/lib64/librt-2.17.so
7f9b27253000-7f9b27452000 ---p 00007000 fd:00 17723                      /usr/lib64/librt-2.17.so
7f9b27452000-7f9b27453000 r--p 00006000 fd:00 17723                      /usr/lib64/librt-2.17.so
7f9b27453000-7f9b27454000 rw-p 00007000 fd:00 17723                      /usr/lib64/librt-2.17.so
7f9b27454000-7f9b27555000 r-xp 00000000 fd:00 2215185                    /usr/lib64/libm-2.17.so
7f9b27555000-7f9b27754000 ---p 00101000 fd:00 2215185                    /usr/lib64/libm-2.17.so
7f9b27754000-7f9b27755000 r--p 00100000 fd:00 2215185                    /usr/lib64/libm-2.17.so
7f9b27755000-7f9b27756000 rw-p 00101000 fd:00 2215185                    /usr/lib64/libm-2.17.so
7f9b27756000-7f9b28864000 r-xp 00000000 fd:00 25330832                   /root/jdk-16.0.2/lib/server/libjvm.so
7f9b28864000-7f9b28865000 ---p 0110e000 fd:00 25330832                   /root/jdk-16.0.2/lib/server/libjvm.so
7f9b28865000-7f9b28916000 r--p 0110e000 fd:00 25330832                   /root/jdk-16.0.2/lib/server/libjvm.so
7f9b28916000-7f9b28949000 rw-p 011bf000 fd:00 25330832                   /root/jdk-16.0.2/lib/server/libjvm.so
7f9b28949000-7f9b289a4000 rw-p 00000000 00:00 0 
7f9b289a4000-7f9b28b68000 r-xp 00000000 fd:00 2215177                    /usr/lib64/libc-2.17.so
7f9b28b68000-7f9b28d67000 ---p 001c4000 fd:00 2215177                    /usr/lib64/libc-2.17.so
7f9b28d67000-7f9b28d6b000 r--p 001c3000 fd:00 2215177                    /usr/lib64/libc-2.17.so
7f9b28d6b000-7f9b28d6d000 rw-p 001c7000 fd:00 2215177                    /usr/lib64/libc-2.17.so
7f9b28d6d000-7f9b28d72000 rw-p 00000000 00:00 0 
7f9b28d72000-7f9b28d74000 r-xp 00000000 fd:00 2215183                    /usr/lib64/libdl-2.17.so
7f9b28d74000-7f9b28f74000 ---p 00002000 fd:00 2215183                    /usr/lib64/libdl-2.17.so
7f9b28f74000-7f9b28f75000 r--p 00002000 fd:00 2215183                    /usr/lib64/libdl-2.17.so
7f9b28f75000-7f9b28f76000 rw-p 00003000 fd:00 2215183                    /usr/lib64/libdl-2.17.so
7f9b28f76000-7f9b28f8d000 r-xp 00000000 fd:00 17718                      /usr/lib64/libpthread-2.17.so
7f9b28f8d000-7f9b2918c000 ---p 00017000 fd:00 17718                      /usr/lib64/libpthread-2.17.so
7f9b2918c000-7f9b2918d000 r--p 00016000 fd:00 17718                      /usr/lib64/libpthread-2.17.so
7f9b2918d000-7f9b2918e000 rw-p 00017000 fd:00 17718                      /usr/lib64/libpthread-2.17.so
7f9b2918e000-7f9b29192000 rw-p 00000000 00:00 0 
7f9b29192000-7f9b291a7000 r-xp 00000000 fd:00 35166                      /usr/lib64/libz.so.1.2.7
7f9b291a7000-7f9b293a6000 ---p 00015000 fd:00 35166                      /usr/lib64/libz.so.1.2.7
7f9b293a6000-7f9b293a7000 r--p 00014000 fd:00 35166                      /usr/lib64/libz.so.1.2.7
7f9b293a7000-7f9b293a8000 rw-p 00015000 fd:00 35166                      /usr/lib64/libz.so.1.2.7
7f9b293a8000-7f9b293ca000 r-xp 00000000 fd:00 2215170                    /usr/lib64/ld-2.17.so
7f9b293d0000-7f9b293d7000 r--s 00000000 fd:00 35142                      /usr/lib64/gconv/gconv-modules.cache
7f9b293d7000-7f9b293d9000 r-xp 00000000 fd:00 461383                     /root/jdk-16.0.2/lib/libextnet.so
7f9b293d9000-7f9b293da000 r--p 00001000 fd:00 461383                     /root/jdk-16.0.2/lib/libextnet.so
7f9b293da000-7f9b293db000 rw-p 00002000 fd:00 461383                     /root/jdk-16.0.2/lib/libextnet.so
7f9b293db000-7f9b293e2000 r-xp 00000000 fd:00 461538                     /root/jdk-16.0.2/lib/libzip.so
7f9b293e2000-7f9b293e3000 ---p 00007000 fd:00 461538                     /root/jdk-16.0.2/lib/libzip.so
7f9b293e3000-7f9b293e4000 r--p 00007000 fd:00 461538                     /root/jdk-16.0.2/lib/libzip.so
7f9b293e4000-7f9b293e5000 rw-p 00008000 fd:00 461538                     /root/jdk-16.0.2/lib/libzip.so
7f9b293e5000-7f9b293fa000 r-xp 00000000 fd:00 461434                     /root/jdk-16.0.2/lib/libnet.so
7f9b293fa000-7f9b293fb000 r--p 00014000 fd:00 461434                     /root/jdk-16.0.2/lib/libnet.so
7f9b293fb000-7f9b293fc000 rw-p 00015000 fd:00 461434                     /root/jdk-16.0.2/lib/libnet.so
7f9b293fc000-7f9b2940f000 r-xp 00000000 fd:00 461436                     /root/jdk-16.0.2/lib/libnio.so
7f9b2940f000-7f9b29410000 r--p 00012000 fd:00 461436                     /root/jdk-16.0.2/lib/libnio.so
7f9b29410000-7f9b29411000 rw-p 00013000 fd:00 461436                     /root/jdk-16.0.2/lib/libnio.so
7f9b29411000-7f9b29457000 rw-p 00000000 00:00 0 
7f9b29457000-7f9b2945e000 ---p 00000000 00:00 0 
7f9b2945e000-7f9b29482000 r-xp 00000000 fd:00 461404                     /root/jdk-16.0.2/lib/libjava.so
7f9b29482000-7f9b29483000 ---p 00024000 fd:00 461404                     /root/jdk-16.0.2/lib/libjava.so
7f9b29483000-7f9b29484000 r--p 00024000 fd:00 461404                     /root/jdk-16.0.2/lib/libjava.so
7f9b29484000-7f9b29485000 rw-p 00025000 fd:00 461404                     /root/jdk-16.0.2/lib/libjava.so
7f9b29485000-7f9b29486000 rw-p 00000000 00:00 0 
7f9b29486000-7f9b294a1000 r-xp 00000000 fd:00 461414                     /root/jdk-16.0.2/lib/libjimage.so
7f9b294a1000-7f9b294a2000 ---p 0001b000 fd:00 461414                     /root/jdk-16.0.2/lib/libjimage.so
7f9b294a2000-7f9b294a4000 r--p 0001b000 fd:00 461414                     /root/jdk-16.0.2/lib/libjimage.so
7f9b294a4000-7f9b294a5000 rw-p 0001d000 fd:00 461414                     /root/jdk-16.0.2/lib/libjimage.so
7f9b294a5000-7f9b294a9000 ---p 00000000 00:00 0 
7f9b294a9000-7f9b295aa000 rw-p 00000000 00:00 0 
7f9b295aa000-7f9b295b9000 r-xp 00000000 fd:00 461416                     /root/jdk-16.0.2/lib/libjli.so
7f9b295b9000-7f9b295ba000 r--p 0000e000 fd:00 461416                     /root/jdk-16.0.2/lib/libjli.so
7f9b295ba000-7f9b295bb000 rw-p 0000f000 fd:00 461416                     /root/jdk-16.0.2/lib/libjli.so
7f9b295bb000-7f9b295bd000 rw-p 00000000 00:00 0 
7f9b295bd000-7f9b295c5000 rw-s 00000000 fd:00 19076045                   /tmp/hsperfdata_root/32032
7f9b295c5000-7f9b295c6000 ---p 00000000 00:00 0 
7f9b295c6000-7f9b295c7000 r--p 00000000 00:00 0 
7f9b295c7000-7f9b295c8000 ---p 00000000 00:00 0 
7f9b295c8000-7f9b295c9000 rw-p 00000000 00:00 0 
7f9b295c9000-7f9b295ca000 r--p 00021000 fd:00 2215170                    /usr/lib64/ld-2.17.so
7f9b295ca000-7f9b295cb000 rw-p 00022000 fd:00 2215170                    /usr/lib64/ld-2.17.so
7f9b295cb000-7f9b295cc000 rw-p 00000000 00:00 0 
7ffea6d55000-7ffea6d76000 rw-p 00000000 00:00 0                          [stack]
7ffea6dce000-7ffea6dd0000 r-xp 00000000 00:00 0                          [vdso]
ffffffffff600000-ffffffffff601000 r-xp 00000000 00:00 0                  [vsyscall]


VM Arguments:
jvm_args: -Djava.library.path=src/main/resources -Dfile.encoding=UTF-8 -Duser.country=AU -Duser.language=en -Duser.variant 
java_command: as2.app.Ivr
java_class_path (initial): /root/gradle/as2/app/build/classes/java/main:/root/gradle/as2/app/build/resources/main:/root/gradle/as2/utilities/build/libs/utilities.jar:/root/gradle/as2/list/build/libs/list.jar:/root/.gradle/caches/modules-2/files-2.1/org.apache.commons/commons-text/1.9/ba6ac8c2807490944a0a27f6f8e68fb5ed2e80e2/commons-text-1.9.jar:/root/.gradle/caches/modules-2/files-2.1/com.google.code.gson/gson/2.8.8/431fc3cbc0ff81abdbfde070062741089c3ba874/gson-2.8.8.jar:/root/.gradle/caches/modules-2/files-2.1/com.auth0/java-jwt/3.18.2/89c1da37cd738d9c3c7176fbf1e291ff2a8b988/java-jwt-3.18.2.jar:/root/.gradle/caches/modules-2/files-2.1/org.apache.commons/commons-lang3/3.11/68e9a6adf7cf8eb7e9d31bbc554c7c75eeaac568/commons-lang3-3.11.jar:/root/.gradle/caches/modules-2/files-2.1/com.fasterxml.jackson.core/jackson-databind/2.11.0/8f5aaf3878b0647ff3a16610af53b1a5c05d9f15/jackson-databind-2.11.0.jar:/root/.gradle/caches/modules-2/files-2.1/com.fasterxml.jackson.core/jackson-annotations/2.11.0/c626020ae55d19c690d25cb51c1532ba76e5890f/jackson-annotations-2.11.0.jar:/root/.gradle/caches/modules-2/files-2.1/com.fasterxml.jackson.core/jackson-core/2.11.0/f84302e14648f9f63c0c73951054aeb2ff0b810a/jackson-core-2.11.0.jar
Launcher Type: SUN_STANDARD

[Global flags]
     intx CICompilerCount                          = 2                                         {product} {ergonomic}
   size_t InitialHeapSize                          = 62914560                                  {product} {ergonomic}
   size_t MaxHeapSize                              = 994050048                                 {product} {ergonomic}
   size_t MaxNewSize                               = 331350016                                 {product} {ergonomic}
   size_t MinHeapDeltaBytes                        = 196608                                    {product} {ergonomic}
   size_t MinHeapSize                              = 8388608                                   {product} {ergonomic}
   size_t NewSize                                  = 20971520                                  {product} {ergonomic}
    uintx NonNMethodCodeHeapSize                   = 5826188                                {pd product} {ergonomic}
    uintx NonProfiledCodeHeapSize                  = 122916026                              {pd product} {ergonomic}
   size_t OldSize                                  = 41943040                                  {product} {ergonomic}
    uintx ProfiledCodeHeapSize                     = 122916026                              {pd product} {ergonomic}
    uintx ReservedCodeCacheSize                    = 251658240                              {pd product} {ergonomic}
     bool SegmentedCodeCache                       = true                                      {product} {ergonomic}
   size_t SoftMaxHeapSize                          = 994050048                              {manageable} {ergonomic}
     bool UseCompressedClassPointers               = true                           {product lp64_product} {ergonomic}
     bool UseCompressedOops                        = true                           {product lp64_product} {ergonomic}
     bool UseSerialGC                              = true                                      {product} {ergonomic}

Logging:
Log output configuration:
 #0: stdout all=warning uptime,level,tags
 #1: stderr all=off uptime,level,tags

Environment Variables:
JAVA_HOME=/root/jdk-16.0.2
PATH=/opt/gradle/gradle-7.2/bin:/bin:/usr/local/sbin:/usr/local/bin:/sbin:/bin:/usr/sbin:/usr/bin:/root/bin:/root/bin:/root/bin
SHELL=/bin/bash
LANG=en_AU.UTF-8

Signal Handlers:
SIGSEGV: [libjvm.so+0xdfeb90], sa_mask[0]=11100100010111111101111111111110, sa_flags=SA_RESTART|SA_SIGINFO
SIGBUS: [libjvm.so+0xdfeb90], sa_mask[0]=11100100010111111101111111111110, sa_flags=SA_RESTART|SA_SIGINFO
SIGFPE: [libjvm.so+0xdfeb90], sa_mask[0]=11100100010111111101111111111110, sa_flags=SA_RESTART|SA_SIGINFO
SIGPIPE: [libjvm.so+0xca84d0], sa_mask[0]=11100100010111111101111111111110, sa_flags=SA_RESTART|SA_SIGINFO
SIGXFSZ: [libjvm.so+0xca84d0], sa_mask[0]=11100100010111111101111111111110, sa_flags=SA_RESTART|SA_SIGINFO
SIGILL: [libjvm.so+0xdfeb90], sa_mask[0]=11100100010111111101111111111110, sa_flags=SA_RESTART|SA_SIGINFO
SIGUSR2: [libjvm.so+0xca7bc0], sa_mask[0]=00100000000000000000000000000000, sa_flags=SA_RESTART|SA_SIGINFO
SIGHUP: [libjvm.so+0xca7af0], sa_mask[0]=11100100010111111101111111111110, sa_flags=SA_RESTART|SA_SIGINFO
SIGINT: [libjvm.so+0xca7af0], sa_mask[0]=11100100010111111101111111111110, sa_flags=SA_RESTART|SA_SIGINFO
SIGTERM: [libjvm.so+0xca7af0], sa_mask[0]=11100100010111111101111111111110, sa_flags=SA_RESTART|SA_SIGINFO
SIGQUIT: [libjvm.so+0xca7af0], sa_mask[0]=11100100010111111101111111111110, sa_flags=SA_RESTART|SA_SIGINFO
SIGTRAP: [libjvm.so+0xdfeb90], sa_mask[0]=11100100010111111101111111111110, sa_flags=SA_RESTART|SA_SIGINFO


---------------  S Y S T E M  ---------------

OS:
CentOS Linux release 7.9.2009 (Core)
uname: Linux 3.10.0-1160.41.1.el7.x86_64 #1 SMP Tue Aug 31 14:52:47 UTC 2021 x86_64
OS uptime: 0 days 7:10 hours
libc: glibc 2.17 NPTL 2.17 
rlimit (soft/hard): STACK 8192k/infinity , CORE 0k/infinity , NPROC 15065/15065 , NOFILE 4096/4096 , AS infinity/infinity , CPU infinity/infinity , DATA infinity/infinity , FSIZE infinity/infinity , MEMLOCK 64k/64k
load average: 3.03 2.85 2.40

/proc/meminfo:
MemTotal:        3880392 kB
MemFree:         2243008 kB
MemAvailable:    2787712 kB
Buffers:            2132 kB
Cached:           733032 kB
SwapCached:            0 kB
Active:          1231252 kB
Inactive:         243484 kB
Active(anon):     739880 kB
Inactive(anon):     8448 kB
Active(file):     491372 kB
Inactive(file):   235036 kB
Unevictable:           0 kB
Mlocked:               0 kB
SwapTotal:       1658876 kB
SwapFree:        1658876 kB
Dirty:               188 kB
Writeback:             0 kB
AnonPages:        737528 kB
Mapped:            56992 kB
Shmem:              8732 kB
Slab:              58644 kB
SReclaimable:      41980 kB
SUnreclaim:        16664 kB
KernelStack:        3152 kB
PageTables:         6168 kB
NFS_Unstable:          0 kB
Bounce:                0 kB
WritebackTmp:          0 kB
CommitLimit:     3599072 kB
Committed_AS:    1090720 kB
VmallocTotal:   34359738367 kB
VmallocUsed:       32844 kB
VmallocChunk:   34359699624 kB
Percpu:              176 kB
HardwareCorrupted:     0 kB
AnonHugePages:    569344 kB
CmaTotal:              0 kB
CmaFree:               0 kB
HugePages_Total:       0
HugePages_Free:        0
HugePages_Rsvd:        0
HugePages_Surp:        0
Hugepagesize:       2048 kB
DirectMap4k:       61376 kB
DirectMap2M:     4132864 kB

/sys/kernel/mm/transparent_hugepage/enabled: [always] madvise never
/sys/kernel/mm/transparent_hugepage/defrag (defrag/compaction efforts parameter): [always] madvise never

Process Memory:
Virtual Size: 3211600K (peak: 3213592K)
Resident Set Size: 87224K (peak: 87224K) (anon: 62500K, file: 24724K, shmem: 0K)
Swapped out: 0K
C-Heap outstanding allocations: 6131K

/proc/sys/kernel/threads-max (system-wide limit on the number of threads): 30130
/proc/sys/vm/max_map_count (maximum number of memory map areas a process may have): 65530
/proc/sys/kernel/pid_max (system-wide limit on number of process identifiers): 32768

container (cgroup) information:
container_type: cgroupv1
cpu_cpuset_cpus: 0
cpu_memory_nodes: 0
active_processor_count: 1
cpu_quota: no quota
cpu_period: 100000
cpu_shares: no shares
memory_limit_in_bytes: unlimited
memory_and_swap_limit_in_bytes: unlimited
memory_soft_limit_in_bytes: unlimited
memory_usage_in_bytes: 1510162432
memory_max_usage_in_bytes: unlimited

KVM virtualization detected
Steal ticks since vm start: 0
Steal ticks percentage since vm start:  0.000

CPU: total 1 (initial active 1) (1 cores per cpu, 1 threads per core) family 6 model 142 stepping 12 microcode 0xffffffff, cx8, cmov, fxsr, mmx, sse, sse2, sse3, ssse3, sse4.1, sse4.2, tsc, tscinvbit, clflush, hv
CPU Model and flags from /proc/cpuinfo:
model name	: Intel(R) Core(TM) i7-8665U CPU @ 1.90GHz
flags		: fpu vme de pse tsc msr pae mce cx8 apic sep mtrr pge mca cmov pat pse36 clflush mmx fxsr sse sse2 ht syscall nx rdtscp lm constant_tsc rep_good nopl xtopology nonstop_tsc eagerfpu pni ssse3 pcid sse4_1 sse4_2 hypervisor lahf_lm invpcid_single ibrs_enhanced fsgsbase invpcid md_clear flush_l1d arch_capabilities

Online cpus: 0
Offline cpus: 
BIOS frequency limitation: <Not Available>
Frequency switch latency (ns): <Not Available>
Available cpu frequencies: <Not Available>
Current governor: <Not Available>
Core performance/turbo boost: <Not Available>

Memory: 4k page, physical 3880392k(2242884k free), swap 1658876k(1658876k free)

vm_info: OpenJDK 64-Bit Server VM (16.0.2+7-67) for linux-amd64 JRE (16.0.2+7-67), built on Jun  8 2021 22:13:23 by "mach5one" with gcc 10.2.0

END.
